[30.297s] Invoking command in '/home/newtonrattapong/jaka_ws/build/jaka_coop_monitor': PYTHONPATH=/home/newtonrattapong/jaka_ws/build/jaka_coop_monitor/prefix_override:/usr/lib/python3/dist-packages/colcon_core/task/python/colcon_distutils_commands:/home/newtonrattapong/jaka_ws/install/jaka_coop_monitor/lib/python3.10/site-packages:${PYTHONPATH} /usr/bin/python3 -W ignore:setup.py install is deprecated -W ignore:easy_install command is deprecated setup.py develop --editable --build-directory /home/newtonrattapong/jaka_ws/build/jaka_coop_monitor/build --no-deps symlink_data
[30.480s] running develop
[30.575s] running egg_info
[30.575s] writing jaka_coop_monitor.egg-info/PKG-INFO
[30.575s] writing dependency_links to jaka_coop_monitor.egg-info/dependency_links.txt
[30.575s] writing entry points to jaka_coop_monitor.egg-info/entry_points.txt
[30.576s] writing requirements to jaka_coop_monitor.egg-info/requires.txt
[30.576s] writing top-level names to jaka_coop_monitor.egg-info/top_level.txt
[30.577s] reading manifest file 'jaka_coop_monitor.egg-info/SOURCES.txt'
[30.577s] writing manifest file 'jaka_coop_monitor.egg-info/SOURCES.txt'
[30.578s] running build_ext
[30.578s] Creating /home/newtonrattapong/jaka_ws/install/jaka_coop_monitor/lib/python3.10/site-packages/jaka-coop-monitor.egg-link (link to .)
[30.579s] Installing dual_interactive_object_demo script to /home/newtonrattapong/jaka_ws/install/jaka_coop_monitor/lib/jaka_coop_monitor
[30.579s] Installing dual_jacobian_monitor script to /home/newtonrattapong/jaka_ws/install/jaka_coop_monitor/lib/jaka_coop_monitor
[30.579s] Installing dual_jacobian_velocity_logger script to /home/newtonrattapong/jaka_ws/install/jaka_coop_monitor/lib/jaka_coop_monitor
[30.580s] Installing dual_jacobian_velocity_monitor script to /home/newtonrattapong/jaka_ws/install/jaka_coop_monitor/lib/jaka_coop_monitor
[30.580s] Installing dual_object_trajectory_demo script to /home/newtonrattapong/jaka_ws/install/jaka_coop_monitor/lib/jaka_coop_monitor
[30.580s] Installing dual_relative_jacobian_logger script to /home/newtonrattapong/jaka_ws/install/jaka_coop_monitor/lib/jaka_coop_monitor
[30.580s] Installing dual_relative_jacobian_monitor script to /home/newtonrattapong/jaka_ws/install/jaka_coop_monitor/lib/jaka_coop_monitor
[30.580s] Installing dual_relative_motion_demo script to /home/newtonrattapong/jaka_ws/install/jaka_coop_monitor/lib/jaka_coop_monitor
[30.580s] Installing dual_relative_pose_logger script to /home/newtonrattapong/jaka_ws/install/jaka_coop_monitor/lib/jaka_coop_monitor
[30.580s] Installing dual_relative_pose_monitor script to /home/newtonrattapong/jaka_ws/install/jaka_coop_monitor/lib/jaka_coop_monitor
[30.580s] Installing dual_safety_posture_demo script to /home/newtonrattapong/jaka_ws/install/jaka_coop_monitor/lib/jaka_coop_monitor
[30.580s] Installing dual_task_priority_joint_limit_demo script to /home/newtonrattapong/jaka_ws/install/jaka_coop_monitor/lib/jaka_coop_monitor
[30.580s] Installing dual_task_priority_object_demo script to /home/newtonrattapong/jaka_ws/install/jaka_coop_monitor/lib/jaka_coop_monitor
[30.580s] Installing ee_pose_monitor script to /home/newtonrattapong/jaka_ws/install/jaka_coop_monitor/lib/jaka_coop_monitor
[30.580s] Installing joint_limit_logger script to /home/newtonrattapong/jaka_ws/install/jaka_coop_monitor/lib/jaka_coop_monitor
[30.580s] Installing joint_limit_monitor script to /home/newtonrattapong/jaka_ws/install/jaka_coop_monitor/lib/jaka_coop_monitor
[30.580s] Installing object_grasp_error_logger script to /home/newtonrattapong/jaka_ws/install/jaka_coop_monitor/lib/jaka_coop_monitor
[30.580s] Installing object_grasp_error_monitor script to /home/newtonrattapong/jaka_ws/install/jaka_coop_monitor/lib/jaka_coop_monitor
[30.580s] Installing object_grasp_frame_publisher script to /home/newtonrattapong/jaka_ws/install/jaka_coop_monitor/lib/jaka_coop_monitor
[30.580s] Installing pose_error_logger script to /home/newtonrattapong/jaka_ws/install/jaka_coop_monitor/lib/jaka_coop_monitor
[30.580s] Installing pose_error_monitor script to /home/newtonrattapong/jaka_ws/install/jaka_coop_monitor/lib/jaka_coop_monitor
[30.580s] Installing virtual_object_frame_publisher script to /home/newtonrattapong/jaka_ws/install/jaka_coop_monitor/lib/jaka_coop_monitor
[30.581s] 
[30.581s] Installed /home/newtonrattapong/jaka_ws/build/jaka_coop_monitor
[30.581s] running symlink_data
[30.601s] Invoked command in '/home/newtonrattapong/jaka_ws/build/jaka_coop_monitor' returned '0': PYTHONPATH=/home/newtonrattapong/jaka_ws/build/jaka_coop_monitor/prefix_override:/usr/lib/python3/dist-packages/colcon_core/task/python/colcon_distutils_commands:/home/newtonrattapong/jaka_ws/install/jaka_coop_monitor/lib/python3.10/site-packages:${PYTHONPATH} /usr/bin/python3 -W ignore:setup.py install is deprecated -W ignore:easy_install command is deprecated setup.py develop --editable --build-directory /home/newtonrattapong/jaka_ws/build/jaka_coop_monitor/build --no-deps symlink_data
