[0.107s] Invoking command in '/home/newtonrattapong/jaka_ws/build/jaka_zu30_moveit_config': AMENT_PREFIX_PATH=/home/newtonrattapong/jaka_ws/install/jaka_description:${AMENT_PREFIX_PATH} CMAKE_PREFIX_PATH=/home/newtonrattapong/jaka_ws/install/jaka_description:/opt/ros/humble /usr/bin/cmake /home/newtonrattapong/jaka_ws/src/jaka_ros2/src/jaka_zu30_moveit_config -DAMENT_CMAKE_SYMLINK_INSTALL=1 -DCMAKE_INSTALL_PREFIX=/home/newtonrattapong/jaka_ws/install/jaka_zu30_moveit_config
[0.163s] -- The C compiler identification is GNU 11.4.0
[0.212s] -- The CXX compiler identification is GNU 11.4.0
[0.218s] -- Detecting C compiler ABI info
[0.272s] -- Detecting C compiler ABI info - done
[0.280s] -- Check for working C compiler: /usr/bin/cc - skipped
[0.280s] -- Detecting C compile features
[0.280s] -- Detecting C compile features - done
[0.283s] -- Detecting CXX compiler ABI info
[0.351s] -- Detecting CXX compiler ABI info - done
[0.357s] -- Check for working CXX compiler: /usr/bin/c++ - skipped
[0.357s] -- Detecting CXX compile features
[0.357s] -- Detecting CXX compile features - done
[0.359s] -- Found ament_cmake: 1.3.14 (/opt/ros/humble/share/ament_cmake/cmake)
[0.516s] -- Found Python3: /usr/bin/python3 (found version "3.10.12") found components: Interpreter 
[0.637s] -- Override CMake install command with custom implementation using symlinks instead of copying resources
[0.784s] -- Configuring done
[0.786s] -- Generating done
[0.792s] -- Build files have been written to: /home/newtonrattapong/jaka_ws/build/jaka_zu30_moveit_config
[0.805s] Invoked command in '/home/newtonrattapong/jaka_ws/build/jaka_zu30_moveit_config' returned '0': AMENT_PREFIX_PATH=/home/newtonrattapong/jaka_ws/install/jaka_description:${AMENT_PREFIX_PATH} CMAKE_PREFIX_PATH=/home/newtonrattapong/jaka_ws/install/jaka_description:/opt/ros/humble /usr/bin/cmake /home/newtonrattapong/jaka_ws/src/jaka_ros2/src/jaka_zu30_moveit_config -DAMENT_CMAKE_SYMLINK_INSTALL=1 -DCMAKE_INSTALL_PREFIX=/home/newtonrattapong/jaka_ws/install/jaka_zu30_moveit_config
[0.810s] Invoking command in '/home/newtonrattapong/jaka_ws/build/jaka_zu30_moveit_config': AMENT_PREFIX_PATH=/home/newtonrattapong/jaka_ws/install/jaka_description:${AMENT_PREFIX_PATH} CMAKE_PREFIX_PATH=/home/newtonrattapong/jaka_ws/install/jaka_description:/opt/ros/humble /usr/bin/cmake --build /home/newtonrattapong/jaka_ws/build/jaka_zu30_moveit_config -- -j16 -l16
[0.866s] Invoked command in '/home/newtonrattapong/jaka_ws/build/jaka_zu30_moveit_config' returned '0': AMENT_PREFIX_PATH=/home/newtonrattapong/jaka_ws/install/jaka_description:${AMENT_PREFIX_PATH} CMAKE_PREFIX_PATH=/home/newtonrattapong/jaka_ws/install/jaka_description:/opt/ros/humble /usr/bin/cmake --build /home/newtonrattapong/jaka_ws/build/jaka_zu30_moveit_config -- -j16 -l16
[0.868s] Invoking command in '/home/newtonrattapong/jaka_ws/build/jaka_zu30_moveit_config': AMENT_PREFIX_PATH=/home/newtonrattapong/jaka_ws/install/jaka_description:${AMENT_PREFIX_PATH} CMAKE_PREFIX_PATH=/home/newtonrattapong/jaka_ws/install/jaka_description:/opt/ros/humble /usr/bin/cmake --install /home/newtonrattapong/jaka_ws/build/jaka_zu30_moveit_config
[0.880s] -- Install configuration: ""
[0.881s] -- Execute custom install script
[0.881s] -- Symlinking: /home/newtonrattapong/jaka_ws/install/jaka_zu30_moveit_config/share/ament_index/resource_index/package_run_dependencies/jaka_zu30_moveit_config
[0.901s] -- Symlinking: /home/newtonrattapong/jaka_ws/install/jaka_zu30_moveit_config/share/ament_index/resource_index/parent_prefix_path/jaka_zu30_moveit_config
[0.910s] -- Symlinking: /home/newtonrattapong/jaka_ws/install/jaka_zu30_moveit_config/share/jaka_zu30_moveit_config/environment/ament_prefix_path.sh
[0.921s] -- Symlinking: /home/newtonrattapong/jaka_ws/install/jaka_zu30_moveit_config/share/jaka_zu30_moveit_config/environment/ament_prefix_path.dsv
[0.930s] -- Symlinking: /home/newtonrattapong/jaka_ws/install/jaka_zu30_moveit_config/share/jaka_zu30_moveit_config/environment/path.sh
[0.944s] -- Symlinking: /home/newtonrattapong/jaka_ws/install/jaka_zu30_moveit_config/share/jaka_zu30_moveit_config/environment/path.dsv
[0.959s] -- Symlinking: /home/newtonrattapong/jaka_ws/install/jaka_zu30_moveit_config/share/jaka_zu30_moveit_config/local_setup.bash
[0.961s] -- Symlinking: /home/newtonrattapong/jaka_ws/install/jaka_zu30_moveit_config/share/jaka_zu30_moveit_config/local_setup.sh
[0.974s] -- Symlinking: /home/newtonrattapong/jaka_ws/install/jaka_zu30_moveit_config/share/jaka_zu30_moveit_config/local_setup.zsh
[0.988s] -- Symlinking: /home/newtonrattapong/jaka_ws/install/jaka_zu30_moveit_config/share/jaka_zu30_moveit_config/local_setup.dsv
[1.000s] -- Symlinking: /home/newtonrattapong/jaka_ws/install/jaka_zu30_moveit_config/share/jaka_zu30_moveit_config/package.dsv
[1.017s] -- Symlinking: /home/newtonrattapong/jaka_ws/install/jaka_zu30_moveit_config/share/ament_index/resource_index/packages/jaka_zu30_moveit_config
[1.017s] -- Symlinking: /home/newtonrattapong/jaka_ws/install/jaka_zu30_moveit_config/share/jaka_zu30_moveit_config/cmake/jaka_zu30_moveit_configConfig.cmake
[1.024s] -- Symlinking: /home/newtonrattapong/jaka_ws/install/jaka_zu30_moveit_config/share/jaka_zu30_moveit_config/cmake/jaka_zu30_moveit_configConfig-version.cmake
[1.043s] -- Symlinking: /home/newtonrattapong/jaka_ws/install/jaka_zu30_moveit_config/share/jaka_zu30_moveit_config/package.xml
[1.061s] -- Symlinking: /home/newtonrattapong/jaka_ws/install/jaka_zu30_moveit_config/share/jaka_zu30_moveit_config/launch/demo.launch.py
[1.073s] -- Symlinking: /home/newtonrattapong/jaka_ws/install/jaka_zu30_moveit_config/share/jaka_zu30_moveit_config/launch/demo_gazebo.launch.py
[1.088s] -- Symlinking: /home/newtonrattapong/jaka_ws/install/jaka_zu30_moveit_config/share/jaka_zu30_moveit_config/launch/gazebo.launch.py
[1.109s] -- Symlinking: /home/newtonrattapong/jaka_ws/install/jaka_zu30_moveit_config/share/jaka_zu30_moveit_config/launch/move_group.launch.py
[1.129s] -- Symlinking: /home/newtonrattapong/jaka_ws/install/jaka_zu30_moveit_config/share/jaka_zu30_moveit_config/launch/moveit_rviz.launch.py
[1.153s] -- Symlinking: /home/newtonrattapong/jaka_ws/install/jaka_zu30_moveit_config/share/jaka_zu30_moveit_config/launch/rsp.launch.py
[1.161s] -- Symlinking: /home/newtonrattapong/jaka_ws/install/jaka_zu30_moveit_config/share/jaka_zu30_moveit_config/launch/setup_assistant.launch.py
[1.171s] -- Symlinking: /home/newtonrattapong/jaka_ws/install/jaka_zu30_moveit_config/share/jaka_zu30_moveit_config/launch/spawn_controllers.launch.py
[1.188s] -- Symlinking: /home/newtonrattapong/jaka_ws/install/jaka_zu30_moveit_config/share/jaka_zu30_moveit_config/launch/static_virtual_joint_tfs.launch.py
[1.206s] -- Symlinking: /home/newtonrattapong/jaka_ws/install/jaka_zu30_moveit_config/share/jaka_zu30_moveit_config/launch/warehouse_db.launch.py
[1.227s] -- Symlinking: /home/newtonrattapong/jaka_ws/install/jaka_zu30_moveit_config/share/jaka_zu30_moveit_config/config/initial_positions.yaml
[1.242s] -- Symlinking: /home/newtonrattapong/jaka_ws/install/jaka_zu30_moveit_config/share/jaka_zu30_moveit_config/config/jaka_zu30.ros2_control.xacro
[1.256s] -- Symlinking: /home/newtonrattapong/jaka_ws/install/jaka_zu30_moveit_config/share/jaka_zu30_moveit_config/config/jaka_zu30.srdf
[1.289s] -- Symlinking: /home/newtonrattapong/jaka_ws/install/jaka_zu30_moveit_config/share/jaka_zu30_moveit_config/config/jaka_zu30.urdf.xacro
[1.301s] -- Symlinking: /home/newtonrattapong/jaka_ws/install/jaka_zu30_moveit_config/share/jaka_zu30_moveit_config/config/joint_limits.yaml
[1.313s] -- Symlinking: /home/newtonrattapong/jaka_ws/install/jaka_zu30_moveit_config/share/jaka_zu30_moveit_config/config/kinematics.yaml
[1.320s] -- Symlinking: /home/newtonrattapong/jaka_ws/install/jaka_zu30_moveit_config/share/jaka_zu30_moveit_config/config/moveit.rviz
[1.328s] -- Symlinking: /home/newtonrattapong/jaka_ws/install/jaka_zu30_moveit_config/share/jaka_zu30_moveit_config/config/moveit_controllers.yaml
[1.335s] -- Symlinking: /home/newtonrattapong/jaka_ws/install/jaka_zu30_moveit_config/share/jaka_zu30_moveit_config/config/pilz_cartesian_limits.yaml
[1.350s] -- Symlinking: /home/newtonrattapong/jaka_ws/install/jaka_zu30_moveit_config/share/jaka_zu30_moveit_config/config/ros2_controllers.yaml
[1.357s] -- Symlinking: /home/newtonrattapong/jaka_ws/install/jaka_zu30_moveit_config/share/jaka_zu30_moveit_config/.setup_assistant
[1.377s] Invoked command in '/home/newtonrattapong/jaka_ws/build/jaka_zu30_moveit_config' returned '0': AMENT_PREFIX_PATH=/home/newtonrattapong/jaka_ws/install/jaka_description:${AMENT_PREFIX_PATH} CMAKE_PREFIX_PATH=/home/newtonrattapong/jaka_ws/install/jaka_description:/opt/ros/humble /usr/bin/cmake --install /home/newtonrattapong/jaka_ws/build/jaka_zu30_moveit_config
