[0.028s] Invoking command in '/home/newtonrattapong/jaka_ws/build/jaka_minicobo_moveit_config': AMENT_PREFIX_PATH=/home/newtonrattapong/jaka_ws/install/jaka_description:${AMENT_PREFIX_PATH} CMAKE_PREFIX_PATH=/home/newtonrattapong/jaka_ws/install/jaka_description:/opt/ros/humble /usr/bin/cmake /home/newtonrattapong/jaka_ws/src/jaka_ros2/src/jaka_minicobo_moveit_config -DAMENT_CMAKE_SYMLINK_INSTALL=1 -DCMAKE_INSTALL_PREFIX=/home/newtonrattapong/jaka_ws/install/jaka_minicobo_moveit_config
[0.080s] -- The C compiler identification is GNU 11.4.0
[0.143s] -- The CXX compiler identification is GNU 11.4.0
[0.155s] -- Detecting C compiler ABI info
[0.241s] -- Detecting C compiler ABI info - done
[0.252s] -- Check for working C compiler: /usr/bin/cc - skipped
[0.254s] -- Detecting C compile features
[0.254s] -- Detecting C compile features - done
[0.256s] -- Detecting CXX compiler ABI info
[0.338s] -- Detecting CXX compiler ABI info - done
[0.347s] -- Check for working CXX compiler: /usr/bin/c++ - skipped
[0.347s] -- Detecting CXX compile features
[0.347s] -- Detecting CXX compile features - done
[0.350s] -- Found ament_cmake: 1.3.14 (/opt/ros/humble/share/ament_cmake/cmake)
[0.490s] -- Found Python3: /usr/bin/python3 (found version "3.10.12") found components: Interpreter 
[0.551s] -- Override CMake install command with custom implementation using symlinks instead of copying resources
[0.635s] -- Configuring done
[0.637s] -- Generating done
[0.638s] -- Build files have been written to: /home/newtonrattapong/jaka_ws/build/jaka_minicobo_moveit_config
[0.654s] Invoked command in '/home/newtonrattapong/jaka_ws/build/jaka_minicobo_moveit_config' returned '0': AMENT_PREFIX_PATH=/home/newtonrattapong/jaka_ws/install/jaka_description:${AMENT_PREFIX_PATH} CMAKE_PREFIX_PATH=/home/newtonrattapong/jaka_ws/install/jaka_description:/opt/ros/humble /usr/bin/cmake /home/newtonrattapong/jaka_ws/src/jaka_ros2/src/jaka_minicobo_moveit_config -DAMENT_CMAKE_SYMLINK_INSTALL=1 -DCMAKE_INSTALL_PREFIX=/home/newtonrattapong/jaka_ws/install/jaka_minicobo_moveit_config
[0.656s] Invoking command in '/home/newtonrattapong/jaka_ws/build/jaka_minicobo_moveit_config': AMENT_PREFIX_PATH=/home/newtonrattapong/jaka_ws/install/jaka_description:${AMENT_PREFIX_PATH} CMAKE_PREFIX_PATH=/home/newtonrattapong/jaka_ws/install/jaka_description:/opt/ros/humble /usr/bin/cmake --build /home/newtonrattapong/jaka_ws/build/jaka_minicobo_moveit_config -- -j16 -l16
[0.687s] Invoked command in '/home/newtonrattapong/jaka_ws/build/jaka_minicobo_moveit_config' returned '0': AMENT_PREFIX_PATH=/home/newtonrattapong/jaka_ws/install/jaka_description:${AMENT_PREFIX_PATH} CMAKE_PREFIX_PATH=/home/newtonrattapong/jaka_ws/install/jaka_description:/opt/ros/humble /usr/bin/cmake --build /home/newtonrattapong/jaka_ws/build/jaka_minicobo_moveit_config -- -j16 -l16
[0.693s] Invoking command in '/home/newtonrattapong/jaka_ws/build/jaka_minicobo_moveit_config': AMENT_PREFIX_PATH=/home/newtonrattapong/jaka_ws/install/jaka_description:${AMENT_PREFIX_PATH} CMAKE_PREFIX_PATH=/home/newtonrattapong/jaka_ws/install/jaka_description:/opt/ros/humble /usr/bin/cmake --install /home/newtonrattapong/jaka_ws/build/jaka_minicobo_moveit_config
[0.745s] -- Install configuration: ""
[0.745s] -- Execute custom install script
[0.745s] -- Symlinking: /home/newtonrattapong/jaka_ws/install/jaka_minicobo_moveit_config/share/ament_index/resource_index/package_run_dependencies/jaka_minicobo_moveit_config
[0.745s] -- Symlinking: /home/newtonrattapong/jaka_ws/install/jaka_minicobo_moveit_config/share/ament_index/resource_index/parent_prefix_path/jaka_minicobo_moveit_config
[0.745s] -- Symlinking: /home/newtonrattapong/jaka_ws/install/jaka_minicobo_moveit_config/share/jaka_minicobo_moveit_config/environment/ament_prefix_path.sh
[0.745s] -- Symlinking: /home/newtonrattapong/jaka_ws/install/jaka_minicobo_moveit_config/share/jaka_minicobo_moveit_config/environment/ament_prefix_path.dsv
[0.745s] -- Symlinking: /home/newtonrattapong/jaka_ws/install/jaka_minicobo_moveit_config/share/jaka_minicobo_moveit_config/environment/path.sh
[0.745s] -- Symlinking: /home/newtonrattapong/jaka_ws/install/jaka_minicobo_moveit_config/share/jaka_minicobo_moveit_config/environment/path.dsv
[0.748s] -- Symlinking: /home/newtonrattapong/jaka_ws/install/jaka_minicobo_moveit_config/share/jaka_minicobo_moveit_config/local_setup.bash
[0.762s] -- Symlinking: /home/newtonrattapong/jaka_ws/install/jaka_minicobo_moveit_config/share/jaka_minicobo_moveit_config/local_setup.sh
[0.769s] -- Symlinking: /home/newtonrattapong/jaka_ws/install/jaka_minicobo_moveit_config/share/jaka_minicobo_moveit_config/local_setup.zsh
[0.776s] -- Symlinking: /home/newtonrattapong/jaka_ws/install/jaka_minicobo_moveit_config/share/jaka_minicobo_moveit_config/local_setup.dsv
[0.789s] -- Symlinking: /home/newtonrattapong/jaka_ws/install/jaka_minicobo_moveit_config/share/jaka_minicobo_moveit_config/package.dsv
[0.805s] -- Symlinking: /home/newtonrattapong/jaka_ws/install/jaka_minicobo_moveit_config/share/ament_index/resource_index/packages/jaka_minicobo_moveit_config
[0.812s] -- Symlinking: /home/newtonrattapong/jaka_ws/install/jaka_minicobo_moveit_config/share/jaka_minicobo_moveit_config/cmake/jaka_minicobo_moveit_configConfig.cmake
[0.825s] -- Symlinking: /home/newtonrattapong/jaka_ws/install/jaka_minicobo_moveit_config/share/jaka_minicobo_moveit_config/cmake/jaka_minicobo_moveit_configConfig-version.cmake
[0.827s] -- Symlinking: /home/newtonrattapong/jaka_ws/install/jaka_minicobo_moveit_config/share/jaka_minicobo_moveit_config/package.xml
[0.838s] -- Symlinking: /home/newtonrattapong/jaka_ws/install/jaka_minicobo_moveit_config/share/jaka_minicobo_moveit_config/launch/demo.launch.py
[0.847s] -- Symlinking: /home/newtonrattapong/jaka_ws/install/jaka_minicobo_moveit_config/share/jaka_minicobo_moveit_config/launch/demo_gazebo.launch.py
[0.854s] -- Symlinking: /home/newtonrattapong/jaka_ws/install/jaka_minicobo_moveit_config/share/jaka_minicobo_moveit_config/launch/gazebo.launch.py
[0.866s] -- Symlinking: /home/newtonrattapong/jaka_ws/install/jaka_minicobo_moveit_config/share/jaka_minicobo_moveit_config/launch/move_group.launch.py
[0.876s] -- Symlinking: /home/newtonrattapong/jaka_ws/install/jaka_minicobo_moveit_config/share/jaka_minicobo_moveit_config/launch/moveit_rviz.launch.py
[0.887s] -- Symlinking: /home/newtonrattapong/jaka_ws/install/jaka_minicobo_moveit_config/share/jaka_minicobo_moveit_config/launch/rsp.launch.py
[0.898s] -- Symlinking: /home/newtonrattapong/jaka_ws/install/jaka_minicobo_moveit_config/share/jaka_minicobo_moveit_config/launch/setup_assistant.launch.py
[0.911s] -- Symlinking: /home/newtonrattapong/jaka_ws/install/jaka_minicobo_moveit_config/share/jaka_minicobo_moveit_config/launch/spawn_controllers.launch.py
[0.933s] -- Symlinking: /home/newtonrattapong/jaka_ws/install/jaka_minicobo_moveit_config/share/jaka_minicobo_moveit_config/launch/static_virtual_joint_tfs.launch.py
[0.944s] -- Symlinking: /home/newtonrattapong/jaka_ws/install/jaka_minicobo_moveit_config/share/jaka_minicobo_moveit_config/launch/warehouse_db.launch.py
[0.947s] -- Symlinking: /home/newtonrattapong/jaka_ws/install/jaka_minicobo_moveit_config/share/jaka_minicobo_moveit_config/config/initial_positions.yaml
[0.954s] -- Symlinking: /home/newtonrattapong/jaka_ws/install/jaka_minicobo_moveit_config/share/jaka_minicobo_moveit_config/config/jaka_minicobo.ros2_control.xacro
[0.961s] -- Symlinking: /home/newtonrattapong/jaka_ws/install/jaka_minicobo_moveit_config/share/jaka_minicobo_moveit_config/config/jaka_minicobo.srdf
[0.966s] -- Symlinking: /home/newtonrattapong/jaka_ws/install/jaka_minicobo_moveit_config/share/jaka_minicobo_moveit_config/config/jaka_minicobo.urdf.xacro
[0.978s] -- Symlinking: /home/newtonrattapong/jaka_ws/install/jaka_minicobo_moveit_config/share/jaka_minicobo_moveit_config/config/joint_limits.yaml
[0.980s] -- Symlinking: /home/newtonrattapong/jaka_ws/install/jaka_minicobo_moveit_config/share/jaka_minicobo_moveit_config/config/kinematics.yaml
[0.985s] -- Symlinking: /home/newtonrattapong/jaka_ws/install/jaka_minicobo_moveit_config/share/jaka_minicobo_moveit_config/config/moveit.rviz
[0.993s] -- Symlinking: /home/newtonrattapong/jaka_ws/install/jaka_minicobo_moveit_config/share/jaka_minicobo_moveit_config/config/moveit_controllers.yaml
[1.003s] -- Symlinking: /home/newtonrattapong/jaka_ws/install/jaka_minicobo_moveit_config/share/jaka_minicobo_moveit_config/config/pilz_cartesian_limits.yaml
[1.006s] -- Symlinking: /home/newtonrattapong/jaka_ws/install/jaka_minicobo_moveit_config/share/jaka_minicobo_moveit_config/config/ros2_controllers.yaml
[1.010s] -- Symlinking: /home/newtonrattapong/jaka_ws/install/jaka_minicobo_moveit_config/share/jaka_minicobo_moveit_config/.setup_assistant
[1.095s] Invoked command in '/home/newtonrattapong/jaka_ws/build/jaka_minicobo_moveit_config' returned '0': AMENT_PREFIX_PATH=/home/newtonrattapong/jaka_ws/install/jaka_description:${AMENT_PREFIX_PATH} CMAKE_PREFIX_PATH=/home/newtonrattapong/jaka_ws/install/jaka_description:/opt/ros/humble /usr/bin/cmake --install /home/newtonrattapong/jaka_ws/build/jaka_minicobo_moveit_config
