[0.082s] Invoking command in '/home/newtonrattapong/jaka_ws/build/jaka_zu12_moveit_config': AMENT_PREFIX_PATH=/home/newtonrattapong/jaka_ws/install/jaka_description:${AMENT_PREFIX_PATH} CMAKE_PREFIX_PATH=/home/newtonrattapong/jaka_ws/install/jaka_description:/opt/ros/humble /usr/bin/cmake /home/newtonrattapong/jaka_ws/src/jaka_ros2/src/jaka_zu12_moveit_config -DAMENT_CMAKE_SYMLINK_INSTALL=1 -DCMAKE_INSTALL_PREFIX=/home/newtonrattapong/jaka_ws/install/jaka_zu12_moveit_config
[0.151s] -- The C compiler identification is GNU 11.4.0
[0.182s] -- The CXX compiler identification is GNU 11.4.0
[0.187s] -- Detecting C compiler ABI info
[0.259s] -- Detecting C compiler ABI info - done
[0.275s] -- Check for working C compiler: /usr/bin/cc - skipped
[0.278s] -- Detecting C compile features
[0.278s] -- Detecting C compile features - done
[0.281s] -- Detecting CXX compiler ABI info
[0.343s] -- Detecting CXX compiler ABI info - done
[0.351s] -- Check for working CXX compiler: /usr/bin/c++ - skipped
[0.351s] -- Detecting CXX compile features
[0.352s] -- Detecting CXX compile features - done
[0.354s] -- Found ament_cmake: 1.3.14 (/opt/ros/humble/share/ament_cmake/cmake)
[0.506s] -- Found Python3: /usr/bin/python3 (found version "3.10.12") found components: Interpreter 
[0.603s] -- Override CMake install command with custom implementation using symlinks instead of copying resources
[0.795s] -- Configuring done
[0.800s] -- Generating done
[0.800s] -- Build files have been written to: /home/newtonrattapong/jaka_ws/build/jaka_zu12_moveit_config
[0.808s] Invoked command in '/home/newtonrattapong/jaka_ws/build/jaka_zu12_moveit_config' returned '0': AMENT_PREFIX_PATH=/home/newtonrattapong/jaka_ws/install/jaka_description:${AMENT_PREFIX_PATH} CMAKE_PREFIX_PATH=/home/newtonrattapong/jaka_ws/install/jaka_description:/opt/ros/humble /usr/bin/cmake /home/newtonrattapong/jaka_ws/src/jaka_ros2/src/jaka_zu12_moveit_config -DAMENT_CMAKE_SYMLINK_INSTALL=1 -DCMAKE_INSTALL_PREFIX=/home/newtonrattapong/jaka_ws/install/jaka_zu12_moveit_config
[0.816s] Invoking command in '/home/newtonrattapong/jaka_ws/build/jaka_zu12_moveit_config': AMENT_PREFIX_PATH=/home/newtonrattapong/jaka_ws/install/jaka_description:${AMENT_PREFIX_PATH} CMAKE_PREFIX_PATH=/home/newtonrattapong/jaka_ws/install/jaka_description:/opt/ros/humble /usr/bin/cmake --build /home/newtonrattapong/jaka_ws/build/jaka_zu12_moveit_config -- -j16 -l16
[0.855s] Invoked command in '/home/newtonrattapong/jaka_ws/build/jaka_zu12_moveit_config' returned '0': AMENT_PREFIX_PATH=/home/newtonrattapong/jaka_ws/install/jaka_description:${AMENT_PREFIX_PATH} CMAKE_PREFIX_PATH=/home/newtonrattapong/jaka_ws/install/jaka_description:/opt/ros/humble /usr/bin/cmake --build /home/newtonrattapong/jaka_ws/build/jaka_zu12_moveit_config -- -j16 -l16
[0.856s] Invoking command in '/home/newtonrattapong/jaka_ws/build/jaka_zu12_moveit_config': AMENT_PREFIX_PATH=/home/newtonrattapong/jaka_ws/install/jaka_description:${AMENT_PREFIX_PATH} CMAKE_PREFIX_PATH=/home/newtonrattapong/jaka_ws/install/jaka_description:/opt/ros/humble /usr/bin/cmake --install /home/newtonrattapong/jaka_ws/build/jaka_zu12_moveit_config
[0.866s] -- Install configuration: ""
[0.866s] -- Execute custom install script
[0.867s] -- Symlinking: /home/newtonrattapong/jaka_ws/install/jaka_zu12_moveit_config/share/ament_index/resource_index/package_run_dependencies/jaka_zu12_moveit_config
[0.891s] -- Symlinking: /home/newtonrattapong/jaka_ws/install/jaka_zu12_moveit_config/share/ament_index/resource_index/parent_prefix_path/jaka_zu12_moveit_config
[0.895s] -- Symlinking: /home/newtonrattapong/jaka_ws/install/jaka_zu12_moveit_config/share/jaka_zu12_moveit_config/environment/ament_prefix_path.sh
[0.904s] -- Symlinking: /home/newtonrattapong/jaka_ws/install/jaka_zu12_moveit_config/share/jaka_zu12_moveit_config/environment/ament_prefix_path.dsv
[0.912s] -- Symlinking: /home/newtonrattapong/jaka_ws/install/jaka_zu12_moveit_config/share/jaka_zu12_moveit_config/environment/path.sh
[0.926s] -- Symlinking: /home/newtonrattapong/jaka_ws/install/jaka_zu12_moveit_config/share/jaka_zu12_moveit_config/environment/path.dsv
[0.950s] -- Symlinking: /home/newtonrattapong/jaka_ws/install/jaka_zu12_moveit_config/share/jaka_zu12_moveit_config/local_setup.bash
[0.962s] -- Symlinking: /home/newtonrattapong/jaka_ws/install/jaka_zu12_moveit_config/share/jaka_zu12_moveit_config/local_setup.sh
[0.971s] -- Symlinking: /home/newtonrattapong/jaka_ws/install/jaka_zu12_moveit_config/share/jaka_zu12_moveit_config/local_setup.zsh
[0.983s] -- Symlinking: /home/newtonrattapong/jaka_ws/install/jaka_zu12_moveit_config/share/jaka_zu12_moveit_config/local_setup.dsv
[0.989s] -- Symlinking: /home/newtonrattapong/jaka_ws/install/jaka_zu12_moveit_config/share/jaka_zu12_moveit_config/package.dsv
[1.007s] -- Symlinking: /home/newtonrattapong/jaka_ws/install/jaka_zu12_moveit_config/share/ament_index/resource_index/packages/jaka_zu12_moveit_config
[1.025s] -- Symlinking: /home/newtonrattapong/jaka_ws/install/jaka_zu12_moveit_config/share/jaka_zu12_moveit_config/cmake/jaka_zu12_moveit_configConfig.cmake
[1.037s] -- Symlinking: /home/newtonrattapong/jaka_ws/install/jaka_zu12_moveit_config/share/jaka_zu12_moveit_config/cmake/jaka_zu12_moveit_configConfig-version.cmake
[1.044s] -- Symlinking: /home/newtonrattapong/jaka_ws/install/jaka_zu12_moveit_config/share/jaka_zu12_moveit_config/package.xml
[1.054s] -- Symlinking: /home/newtonrattapong/jaka_ws/install/jaka_zu12_moveit_config/share/jaka_zu12_moveit_config/launch/demo.launch.py
[1.063s] -- Symlinking: /home/newtonrattapong/jaka_ws/install/jaka_zu12_moveit_config/share/jaka_zu12_moveit_config/launch/demo_gazebo.launch.py
[1.071s] -- Symlinking: /home/newtonrattapong/jaka_ws/install/jaka_zu12_moveit_config/share/jaka_zu12_moveit_config/launch/gazebo.launch.py
[1.093s] -- Symlinking: /home/newtonrattapong/jaka_ws/install/jaka_zu12_moveit_config/share/jaka_zu12_moveit_config/launch/move_group.launch.py
[1.104s] -- Symlinking: /home/newtonrattapong/jaka_ws/install/jaka_zu12_moveit_config/share/jaka_zu12_moveit_config/launch/moveit_rviz.launch.py
[1.115s] -- Symlinking: /home/newtonrattapong/jaka_ws/install/jaka_zu12_moveit_config/share/jaka_zu12_moveit_config/launch/rsp.launch.py
[1.131s] -- Symlinking: /home/newtonrattapong/jaka_ws/install/jaka_zu12_moveit_config/share/jaka_zu12_moveit_config/launch/setup_assistant.launch.py
[1.148s] -- Symlinking: /home/newtonrattapong/jaka_ws/install/jaka_zu12_moveit_config/share/jaka_zu12_moveit_config/launch/spawn_controllers.launch.py
[1.159s] -- Symlinking: /home/newtonrattapong/jaka_ws/install/jaka_zu12_moveit_config/share/jaka_zu12_moveit_config/launch/static_virtual_joint_tfs.launch.py
[1.167s] -- Symlinking: /home/newtonrattapong/jaka_ws/install/jaka_zu12_moveit_config/share/jaka_zu12_moveit_config/launch/warehouse_db.launch.py
[1.184s] -- Symlinking: /home/newtonrattapong/jaka_ws/install/jaka_zu12_moveit_config/share/jaka_zu12_moveit_config/config/initial_positions.yaml
[1.199s] -- Symlinking: /home/newtonrattapong/jaka_ws/install/jaka_zu12_moveit_config/share/jaka_zu12_moveit_config/config/jaka_zu12.ros2_control.xacro
[1.208s] -- Symlinking: /home/newtonrattapong/jaka_ws/install/jaka_zu12_moveit_config/share/jaka_zu12_moveit_config/config/jaka_zu12.srdf
[1.216s] -- Symlinking: /home/newtonrattapong/jaka_ws/install/jaka_zu12_moveit_config/share/jaka_zu12_moveit_config/config/jaka_zu12.urdf.xacro
[1.229s] -- Symlinking: /home/newtonrattapong/jaka_ws/install/jaka_zu12_moveit_config/share/jaka_zu12_moveit_config/config/joint_limits.yaml
[1.245s] -- Symlinking: /home/newtonrattapong/jaka_ws/install/jaka_zu12_moveit_config/share/jaka_zu12_moveit_config/config/kinematics.yaml
[1.262s] -- Symlinking: /home/newtonrattapong/jaka_ws/install/jaka_zu12_moveit_config/share/jaka_zu12_moveit_config/config/moveit.rviz
[1.277s] -- Symlinking: /home/newtonrattapong/jaka_ws/install/jaka_zu12_moveit_config/share/jaka_zu12_moveit_config/config/moveit_controllers.yaml
[1.288s] -- Symlinking: /home/newtonrattapong/jaka_ws/install/jaka_zu12_moveit_config/share/jaka_zu12_moveit_config/config/pilz_cartesian_limits.yaml
[1.311s] -- Symlinking: /home/newtonrattapong/jaka_ws/install/jaka_zu12_moveit_config/share/jaka_zu12_moveit_config/config/ros2_controllers.yaml
[1.325s] -- Symlinking: /home/newtonrattapong/jaka_ws/install/jaka_zu12_moveit_config/share/jaka_zu12_moveit_config/.setup_assistant
[1.351s] Invoked command in '/home/newtonrattapong/jaka_ws/build/jaka_zu12_moveit_config' returned '0': AMENT_PREFIX_PATH=/home/newtonrattapong/jaka_ws/install/jaka_description:${AMENT_PREFIX_PATH} CMAKE_PREFIX_PATH=/home/newtonrattapong/jaka_ws/install/jaka_description:/opt/ros/humble /usr/bin/cmake --install /home/newtonrattapong/jaka_ws/build/jaka_zu12_moveit_config
