[0.129s] Invoking command in '/home/newtonrattapong/jaka_ws/build/jaka_zu18_moveit_config': AMENT_PREFIX_PATH=/home/newtonrattapong/jaka_ws/install/jaka_description:${AMENT_PREFIX_PATH} CMAKE_PREFIX_PATH=/home/newtonrattapong/jaka_ws/install/jaka_description:/opt/ros/humble /usr/bin/cmake /home/newtonrattapong/jaka_ws/src/jaka_ros2/src/jaka_zu18_moveit_config -DAMENT_CMAKE_SYMLINK_INSTALL=1 -DCMAKE_INSTALL_PREFIX=/home/newtonrattapong/jaka_ws/install/jaka_zu18_moveit_config
[0.187s] -- The C compiler identification is GNU 11.4.0
[0.243s] -- The CXX compiler identification is GNU 11.4.0
[0.249s] -- Detecting C compiler ABI info
[0.304s] -- Detecting C compiler ABI info - done
[0.311s] -- Check for working C compiler: /usr/bin/cc - skipped
[0.312s] -- Detecting C compile features
[0.312s] -- Detecting C compile features - done
[0.315s] -- Detecting CXX compiler ABI info
[0.382s] -- Detecting CXX compiler ABI info - done
[0.388s] -- Check for working CXX compiler: /usr/bin/c++ - skipped
[0.388s] -- Detecting CXX compile features
[0.388s] -- Detecting CXX compile features - done
[0.390s] -- Found ament_cmake: 1.3.14 (/opt/ros/humble/share/ament_cmake/cmake)
[0.637s] -- Found Python3: /usr/bin/python3 (found version "3.10.12") found components: Interpreter 
[0.771s] -- Override CMake install command with custom implementation using symlinks instead of copying resources
[0.957s] -- Configuring done
[0.959s] -- Generating done
[0.968s] -- Build files have been written to: /home/newtonrattapong/jaka_ws/build/jaka_zu18_moveit_config
[0.974s] Invoked command in '/home/newtonrattapong/jaka_ws/build/jaka_zu18_moveit_config' returned '0': AMENT_PREFIX_PATH=/home/newtonrattapong/jaka_ws/install/jaka_description:${AMENT_PREFIX_PATH} CMAKE_PREFIX_PATH=/home/newtonrattapong/jaka_ws/install/jaka_description:/opt/ros/humble /usr/bin/cmake /home/newtonrattapong/jaka_ws/src/jaka_ros2/src/jaka_zu18_moveit_config -DAMENT_CMAKE_SYMLINK_INSTALL=1 -DCMAKE_INSTALL_PREFIX=/home/newtonrattapong/jaka_ws/install/jaka_zu18_moveit_config
[0.974s] Invoking command in '/home/newtonrattapong/jaka_ws/build/jaka_zu18_moveit_config': AMENT_PREFIX_PATH=/home/newtonrattapong/jaka_ws/install/jaka_description:${AMENT_PREFIX_PATH} CMAKE_PREFIX_PATH=/home/newtonrattapong/jaka_ws/install/jaka_description:/opt/ros/humble /usr/bin/cmake --build /home/newtonrattapong/jaka_ws/build/jaka_zu18_moveit_config -- -j16 -l16
[1.031s] Invoked command in '/home/newtonrattapong/jaka_ws/build/jaka_zu18_moveit_config' returned '0': AMENT_PREFIX_PATH=/home/newtonrattapong/jaka_ws/install/jaka_description:${AMENT_PREFIX_PATH} CMAKE_PREFIX_PATH=/home/newtonrattapong/jaka_ws/install/jaka_description:/opt/ros/humble /usr/bin/cmake --build /home/newtonrattapong/jaka_ws/build/jaka_zu18_moveit_config -- -j16 -l16
[1.035s] Invoking command in '/home/newtonrattapong/jaka_ws/build/jaka_zu18_moveit_config': AMENT_PREFIX_PATH=/home/newtonrattapong/jaka_ws/install/jaka_description:${AMENT_PREFIX_PATH} CMAKE_PREFIX_PATH=/home/newtonrattapong/jaka_ws/install/jaka_description:/opt/ros/humble /usr/bin/cmake --install /home/newtonrattapong/jaka_ws/build/jaka_zu18_moveit_config
[1.051s] -- Install configuration: ""
[1.052s] -- Execute custom install script
[1.052s] -- Symlinking: /home/newtonrattapong/jaka_ws/install/jaka_zu18_moveit_config/share/ament_index/resource_index/package_run_dependencies/jaka_zu18_moveit_config
[1.069s] -- Symlinking: /home/newtonrattapong/jaka_ws/install/jaka_zu18_moveit_config/share/ament_index/resource_index/parent_prefix_path/jaka_zu18_moveit_config
[1.076s] -- Symlinking: /home/newtonrattapong/jaka_ws/install/jaka_zu18_moveit_config/share/jaka_zu18_moveit_config/environment/ament_prefix_path.sh
[1.090s] -- Symlinking: /home/newtonrattapong/jaka_ws/install/jaka_zu18_moveit_config/share/jaka_zu18_moveit_config/environment/ament_prefix_path.dsv
[1.100s] -- Symlinking: /home/newtonrattapong/jaka_ws/install/jaka_zu18_moveit_config/share/jaka_zu18_moveit_config/environment/path.sh
[1.108s] -- Symlinking: /home/newtonrattapong/jaka_ws/install/jaka_zu18_moveit_config/share/jaka_zu18_moveit_config/environment/path.dsv
[1.122s] -- Symlinking: /home/newtonrattapong/jaka_ws/install/jaka_zu18_moveit_config/share/jaka_zu18_moveit_config/local_setup.bash
[1.140s] -- Symlinking: /home/newtonrattapong/jaka_ws/install/jaka_zu18_moveit_config/share/jaka_zu18_moveit_config/local_setup.sh
[1.157s] -- Symlinking: /home/newtonrattapong/jaka_ws/install/jaka_zu18_moveit_config/share/jaka_zu18_moveit_config/local_setup.zsh
[1.181s] -- Symlinking: /home/newtonrattapong/jaka_ws/install/jaka_zu18_moveit_config/share/jaka_zu18_moveit_config/local_setup.dsv
[1.198s] -- Symlinking: /home/newtonrattapong/jaka_ws/install/jaka_zu18_moveit_config/share/jaka_zu18_moveit_config/package.dsv
[1.212s] -- Symlinking: /home/newtonrattapong/jaka_ws/install/jaka_zu18_moveit_config/share/ament_index/resource_index/packages/jaka_zu18_moveit_config
[1.229s] -- Symlinking: /home/newtonrattapong/jaka_ws/install/jaka_zu18_moveit_config/share/jaka_zu18_moveit_config/cmake/jaka_zu18_moveit_configConfig.cmake
[1.248s] -- Symlinking: /home/newtonrattapong/jaka_ws/install/jaka_zu18_moveit_config/share/jaka_zu18_moveit_config/cmake/jaka_zu18_moveit_configConfig-version.cmake
[1.266s] -- Symlinking: /home/newtonrattapong/jaka_ws/install/jaka_zu18_moveit_config/share/jaka_zu18_moveit_config/package.xml
[1.281s] -- Symlinking: /home/newtonrattapong/jaka_ws/install/jaka_zu18_moveit_config/share/jaka_zu18_moveit_config/launch/demo.launch.py
[1.316s] -- Symlinking: /home/newtonrattapong/jaka_ws/install/jaka_zu18_moveit_config/share/jaka_zu18_moveit_config/launch/demo_gazebo.launch.py
[1.329s] -- Symlinking: /home/newtonrattapong/jaka_ws/install/jaka_zu18_moveit_config/share/jaka_zu18_moveit_config/launch/gazebo.launch.py
[1.342s] -- Symlinking: /home/newtonrattapong/jaka_ws/install/jaka_zu18_moveit_config/share/jaka_zu18_moveit_config/launch/move_group.launch.py
[1.356s] -- Symlinking: /home/newtonrattapong/jaka_ws/install/jaka_zu18_moveit_config/share/jaka_zu18_moveit_config/launch/moveit_rviz.launch.py
[1.375s] -- Symlinking: /home/newtonrattapong/jaka_ws/install/jaka_zu18_moveit_config/share/jaka_zu18_moveit_config/launch/rsp.launch.py
[1.385s] -- Symlinking: /home/newtonrattapong/jaka_ws/install/jaka_zu18_moveit_config/share/jaka_zu18_moveit_config/launch/setup_assistant.launch.py
[1.398s] -- Symlinking: /home/newtonrattapong/jaka_ws/install/jaka_zu18_moveit_config/share/jaka_zu18_moveit_config/launch/spawn_controllers.launch.py
[1.415s] -- Symlinking: /home/newtonrattapong/jaka_ws/install/jaka_zu18_moveit_config/share/jaka_zu18_moveit_config/launch/static_virtual_joint_tfs.launch.py
[1.420s] -- Symlinking: /home/newtonrattapong/jaka_ws/install/jaka_zu18_moveit_config/share/jaka_zu18_moveit_config/launch/warehouse_db.launch.py
[1.428s] -- Symlinking: /home/newtonrattapong/jaka_ws/install/jaka_zu18_moveit_config/share/jaka_zu18_moveit_config/config/initial_positions.yaml
[1.437s] -- Symlinking: /home/newtonrattapong/jaka_ws/install/jaka_zu18_moveit_config/share/jaka_zu18_moveit_config/config/jaka_zu18.ros2_control.xacro
[1.445s] -- Symlinking: /home/newtonrattapong/jaka_ws/install/jaka_zu18_moveit_config/share/jaka_zu18_moveit_config/config/jaka_zu18.srdf
[1.456s] -- Symlinking: /home/newtonrattapong/jaka_ws/install/jaka_zu18_moveit_config/share/jaka_zu18_moveit_config/config/jaka_zu18.urdf.xacro
[1.471s] -- Symlinking: /home/newtonrattapong/jaka_ws/install/jaka_zu18_moveit_config/share/jaka_zu18_moveit_config/config/joint_limits.yaml
[1.472s] -- Symlinking: /home/newtonrattapong/jaka_ws/install/jaka_zu18_moveit_config/share/jaka_zu18_moveit_config/config/kinematics.yaml
[1.482s] -- Symlinking: /home/newtonrattapong/jaka_ws/install/jaka_zu18_moveit_config/share/jaka_zu18_moveit_config/config/moveit.rviz
[1.497s] -- Symlinking: /home/newtonrattapong/jaka_ws/install/jaka_zu18_moveit_config/share/jaka_zu18_moveit_config/config/moveit_controllers.yaml
[1.514s] -- Symlinking: /home/newtonrattapong/jaka_ws/install/jaka_zu18_moveit_config/share/jaka_zu18_moveit_config/config/pilz_cartesian_limits.yaml
[1.530s] -- Symlinking: /home/newtonrattapong/jaka_ws/install/jaka_zu18_moveit_config/share/jaka_zu18_moveit_config/config/ros2_controllers.yaml
[1.540s] -- Symlinking: /home/newtonrattapong/jaka_ws/install/jaka_zu18_moveit_config/share/jaka_zu18_moveit_config/.setup_assistant
[1.555s] Invoked command in '/home/newtonrattapong/jaka_ws/build/jaka_zu18_moveit_config' returned '0': AMENT_PREFIX_PATH=/home/newtonrattapong/jaka_ws/install/jaka_description:${AMENT_PREFIX_PATH} CMAKE_PREFIX_PATH=/home/newtonrattapong/jaka_ws/install/jaka_description:/opt/ros/humble /usr/bin/cmake --install /home/newtonrattapong/jaka_ws/build/jaka_zu18_moveit_config
