running develop
running egg_info
creating jaka_coop_monitor.egg-info
writing jaka_coop_monitor.egg-info/PKG-INFO
writing dependency_links to jaka_coop_monitor.egg-info/dependency_links.txt
writing entry points to jaka_coop_monitor.egg-info/entry_points.txt
writing requirements to jaka_coop_monitor.egg-info/requires.txt
writing top-level names to jaka_coop_monitor.egg-info/top_level.txt
writing manifest file 'jaka_coop_monitor.egg-info/SOURCES.txt'
reading manifest file 'jaka_coop_monitor.egg-info/SOURCES.txt'
writing manifest file 'jaka_coop_monitor.egg-info/SOURCES.txt'
running build_ext
Creating /home/newtonrattapong/jaka_ws/install/jaka_coop_monitor/lib/python3.10/site-packages/jaka-coop-monitor.egg-link (link to .)
Installing ee_pose_monitor script to /home/newtonrattapong/jaka_ws/install/jaka_coop_monitor/lib/jaka_coop_monitor

Installed /home/newtonrattapong/jaka_ws/build/jaka_coop_monitor
running symlink_data
creating /home/newtonrattapong/jaka_ws/install/jaka_coop_monitor/share/ament_index
creating /home/newtonrattapong/jaka_ws/install/jaka_coop_monitor/share/ament_index/resource_index
creating /home/newtonrattapong/jaka_ws/install/jaka_coop_monitor/share/ament_index/resource_index/packages
symbolically linking /home/newtonrattapong/jaka_ws/build/jaka_coop_monitor/resource/jaka_coop_monitor -> /home/newtonrattapong/jaka_ws/install/jaka_coop_monitor/share/ament_index/resource_index/packages
symbolically linking /home/newtonrattapong/jaka_ws/build/jaka_coop_monitor/package.xml -> /home/newtonrattapong/jaka_ws/install/jaka_coop_monitor/share/jaka_coop_monitor
