[0.425s] Invoking command in '/home/newtonrattapong/jaka_ws/build/jaka_coop_monitor': PYTHONPATH=/home/newtonrattapong/jaka_ws/build/jaka_coop_monitor/prefix_override:/usr/lib/python3/dist-packages/colcon_core/task/python/colcon_distutils_commands:/home/newtonrattapong/jaka_ws/install/jaka_coop_monitor/lib/python3.10/site-packages:${PYTHONPATH} /usr/bin/python3 -W ignore:setup.py install is deprecated -W ignore:easy_install command is deprecated setup.py develop --editable --build-directory /home/newtonrattapong/jaka_ws/build/jaka_coop_monitor/build --no-deps symlink_data
[0.584s] running develop
[0.672s] running egg_info
[0.672s] creating jaka_coop_monitor.egg-info
[0.672s] writing jaka_coop_monitor.egg-info/PKG-INFO
[0.672s] writing dependency_links to jaka_coop_monitor.egg-info/dependency_links.txt
[0.672s] writing entry points to jaka_coop_monitor.egg-info/entry_points.txt
[0.672s] writing requirements to jaka_coop_monitor.egg-info/requires.txt
[0.672s] writing top-level names to jaka_coop_monitor.egg-info/top_level.txt
[0.672s] writing manifest file 'jaka_coop_monitor.egg-info/SOURCES.txt'
[0.673s] reading manifest file 'jaka_coop_monitor.egg-info/SOURCES.txt'
[0.674s] writing manifest file 'jaka_coop_monitor.egg-info/SOURCES.txt'
[0.675s] running build_ext
[0.675s] Creating /home/newtonrattapong/jaka_ws/install/jaka_coop_monitor/lib/python3.10/site-packages/jaka-coop-monitor.egg-link (link to .)
[0.675s] Installing ee_pose_monitor script to /home/newtonrattapong/jaka_ws/install/jaka_coop_monitor/lib/jaka_coop_monitor
[0.675s] 
[0.675s] Installed /home/newtonrattapong/jaka_ws/build/jaka_coop_monitor
[0.675s] running symlink_data
[0.675s] creating /home/newtonrattapong/jaka_ws/install/jaka_coop_monitor/share/ament_index
[0.675s] creating /home/newtonrattapong/jaka_ws/install/jaka_coop_monitor/share/ament_index/resource_index
[0.676s] creating /home/newtonrattapong/jaka_ws/install/jaka_coop_monitor/share/ament_index/resource_index/packages
[0.676s] symbolically linking /home/newtonrattapong/jaka_ws/build/jaka_coop_monitor/resource/jaka_coop_monitor -> /home/newtonrattapong/jaka_ws/install/jaka_coop_monitor/share/ament_index/resource_index/packages
[0.676s] symbolically linking /home/newtonrattapong/jaka_ws/build/jaka_coop_monitor/package.xml -> /home/newtonrattapong/jaka_ws/install/jaka_coop_monitor/share/jaka_coop_monitor
[0.693s] Invoked command in '/home/newtonrattapong/jaka_ws/build/jaka_coop_monitor' returned '0': PYTHONPATH=/home/newtonrattapong/jaka_ws/build/jaka_coop_monitor/prefix_override:/usr/lib/python3/dist-packages/colcon_core/task/python/colcon_distutils_commands:/home/newtonrattapong/jaka_ws/install/jaka_coop_monitor/lib/python3.10/site-packages:${PYTHONPATH} /usr/bin/python3 -W ignore:setup.py install is deprecated -W ignore:easy_install command is deprecated setup.py develop --editable --build-directory /home/newtonrattapong/jaka_ws/build/jaka_coop_monitor/build --no-deps symlink_data
