[0.035s] Invoking command in '/home/newtonrattapong/jaka_ws/build/jaka_zu7_moveit_config': AMENT_PREFIX_PATH=/home/newtonrattapong/jaka_ws/install/jaka_description:${AMENT_PREFIX_PATH} CMAKE_PREFIX_PATH=/home/newtonrattapong/jaka_ws/install/jaka_description:/opt/ros/humble /usr/bin/cmake /home/newtonrattapong/jaka_ws/src/jaka_ros2/src/jaka_zu7_moveit_config -DAMENT_CMAKE_SYMLINK_INSTALL=1 -DCMAKE_INSTALL_PREFIX=/home/newtonrattapong/jaka_ws/install/jaka_zu7_moveit_config
[0.141s] -- The C compiler identification is GNU 11.4.0
[0.141s] -- The CXX compiler identification is GNU 11.4.0
[0.148s] -- Detecting C compiler ABI info
[0.196s] -- Detecting C compiler ABI info - done
[0.207s] -- Check for working C compiler: /usr/bin/cc - skipped
[0.207s] -- Detecting C compile features
[0.207s] -- Detecting C compile features - done
[0.208s] -- Detecting CXX compiler ABI info
[0.277s] -- Detecting CXX compiler ABI info - done
[0.285s] -- Check for working CXX compiler: /usr/bin/c++ - skipped
[0.286s] -- Detecting CXX compile features
[0.286s] -- Detecting CXX compile features - done
[0.294s] -- Found ament_cmake: 1.3.14 (/opt/ros/humble/share/ament_cmake/cmake)
[0.463s] -- Found Python3: /usr/bin/python3 (found version "3.10.12") found components: Interpreter 
[0.580s] -- Override CMake install command with custom implementation using symlinks instead of copying resources
[0.757s] -- Configuring done
[0.761s] -- Generating done
[0.766s] -- Build files have been written to: /home/newtonrattapong/jaka_ws/build/jaka_zu7_moveit_config
[0.774s] Invoked command in '/home/newtonrattapong/jaka_ws/build/jaka_zu7_moveit_config' returned '0': AMENT_PREFIX_PATH=/home/newtonrattapong/jaka_ws/install/jaka_description:${AMENT_PREFIX_PATH} CMAKE_PREFIX_PATH=/home/newtonrattapong/jaka_ws/install/jaka_description:/opt/ros/humble /usr/bin/cmake /home/newtonrattapong/jaka_ws/src/jaka_ros2/src/jaka_zu7_moveit_config -DAMENT_CMAKE_SYMLINK_INSTALL=1 -DCMAKE_INSTALL_PREFIX=/home/newtonrattapong/jaka_ws/install/jaka_zu7_moveit_config
[0.775s] Invoking command in '/home/newtonrattapong/jaka_ws/build/jaka_zu7_moveit_config': AMENT_PREFIX_PATH=/home/newtonrattapong/jaka_ws/install/jaka_description:${AMENT_PREFIX_PATH} CMAKE_PREFIX_PATH=/home/newtonrattapong/jaka_ws/install/jaka_description:/opt/ros/humble /usr/bin/cmake --build /home/newtonrattapong/jaka_ws/build/jaka_zu7_moveit_config -- -j16 -l16
[0.835s] Invoked command in '/home/newtonrattapong/jaka_ws/build/jaka_zu7_moveit_config' returned '0': AMENT_PREFIX_PATH=/home/newtonrattapong/jaka_ws/install/jaka_description:${AMENT_PREFIX_PATH} CMAKE_PREFIX_PATH=/home/newtonrattapong/jaka_ws/install/jaka_description:/opt/ros/humble /usr/bin/cmake --build /home/newtonrattapong/jaka_ws/build/jaka_zu7_moveit_config -- -j16 -l16
[0.835s] Invoking command in '/home/newtonrattapong/jaka_ws/build/jaka_zu7_moveit_config': AMENT_PREFIX_PATH=/home/newtonrattapong/jaka_ws/install/jaka_description:${AMENT_PREFIX_PATH} CMAKE_PREFIX_PATH=/home/newtonrattapong/jaka_ws/install/jaka_description:/opt/ros/humble /usr/bin/cmake --install /home/newtonrattapong/jaka_ws/build/jaka_zu7_moveit_config
[0.839s] -- Install configuration: ""
[0.840s] -- Execute custom install script
[0.840s] -- Symlinking: /home/newtonrattapong/jaka_ws/install/jaka_zu7_moveit_config/share/ament_index/resource_index/package_run_dependencies/jaka_zu7_moveit_config
[0.852s] -- Symlinking: /home/newtonrattapong/jaka_ws/install/jaka_zu7_moveit_config/share/ament_index/resource_index/parent_prefix_path/jaka_zu7_moveit_config
[0.865s] -- Symlinking: /home/newtonrattapong/jaka_ws/install/jaka_zu7_moveit_config/share/jaka_zu7_moveit_config/environment/ament_prefix_path.sh
[0.884s] -- Symlinking: /home/newtonrattapong/jaka_ws/install/jaka_zu7_moveit_config/share/jaka_zu7_moveit_config/environment/ament_prefix_path.dsv
[0.900s] -- Symlinking: /home/newtonrattapong/jaka_ws/install/jaka_zu7_moveit_config/share/jaka_zu7_moveit_config/environment/path.sh
[0.913s] -- Symlinking: /home/newtonrattapong/jaka_ws/install/jaka_zu7_moveit_config/share/jaka_zu7_moveit_config/environment/path.dsv
[0.934s] -- Symlinking: /home/newtonrattapong/jaka_ws/install/jaka_zu7_moveit_config/share/jaka_zu7_moveit_config/local_setup.bash
[0.942s] -- Symlinking: /home/newtonrattapong/jaka_ws/install/jaka_zu7_moveit_config/share/jaka_zu7_moveit_config/local_setup.sh
[0.950s] -- Symlinking: /home/newtonrattapong/jaka_ws/install/jaka_zu7_moveit_config/share/jaka_zu7_moveit_config/local_setup.zsh
[0.958s] -- Symlinking: /home/newtonrattapong/jaka_ws/install/jaka_zu7_moveit_config/share/jaka_zu7_moveit_config/local_setup.dsv
[0.972s] -- Symlinking: /home/newtonrattapong/jaka_ws/install/jaka_zu7_moveit_config/share/jaka_zu7_moveit_config/package.dsv
[0.989s] -- Symlinking: /home/newtonrattapong/jaka_ws/install/jaka_zu7_moveit_config/share/ament_index/resource_index/packages/jaka_zu7_moveit_config
[1.002s] -- Symlinking: /home/newtonrattapong/jaka_ws/install/jaka_zu7_moveit_config/share/jaka_zu7_moveit_config/cmake/jaka_zu7_moveit_configConfig.cmake
[1.024s] -- Symlinking: /home/newtonrattapong/jaka_ws/install/jaka_zu7_moveit_config/share/jaka_zu7_moveit_config/cmake/jaka_zu7_moveit_configConfig-version.cmake
[1.043s] -- Symlinking: /home/newtonrattapong/jaka_ws/install/jaka_zu7_moveit_config/share/jaka_zu7_moveit_config/package.xml
[1.065s] -- Symlinking: /home/newtonrattapong/jaka_ws/install/jaka_zu7_moveit_config/share/jaka_zu7_moveit_config/launch/demo.launch.py
[1.081s] -- Symlinking: /home/newtonrattapong/jaka_ws/install/jaka_zu7_moveit_config/share/jaka_zu7_moveit_config/launch/demo_gazebo.launch.py
[1.095s] -- Symlinking: /home/newtonrattapong/jaka_ws/install/jaka_zu7_moveit_config/share/jaka_zu7_moveit_config/launch/gazebo.launch.py
[1.111s] -- Symlinking: /home/newtonrattapong/jaka_ws/install/jaka_zu7_moveit_config/share/jaka_zu7_moveit_config/launch/move_group.launch.py
[1.126s] -- Symlinking: /home/newtonrattapong/jaka_ws/install/jaka_zu7_moveit_config/share/jaka_zu7_moveit_config/launch/moveit_rviz.launch.py
[1.141s] -- Symlinking: /home/newtonrattapong/jaka_ws/install/jaka_zu7_moveit_config/share/jaka_zu7_moveit_config/launch/rsp.launch.py
[1.163s] -- Symlinking: /home/newtonrattapong/jaka_ws/install/jaka_zu7_moveit_config/share/jaka_zu7_moveit_config/launch/setup_assistant.launch.py
[1.174s] -- Symlinking: /home/newtonrattapong/jaka_ws/install/jaka_zu7_moveit_config/share/jaka_zu7_moveit_config/launch/spawn_controllers.launch.py
[1.183s] -- Symlinking: /home/newtonrattapong/jaka_ws/install/jaka_zu7_moveit_config/share/jaka_zu7_moveit_config/launch/static_virtual_joint_tfs.launch.py
[1.204s] -- Symlinking: /home/newtonrattapong/jaka_ws/install/jaka_zu7_moveit_config/share/jaka_zu7_moveit_config/launch/warehouse_db.launch.py
[1.205s] -- Symlinking: /home/newtonrattapong/jaka_ws/install/jaka_zu7_moveit_config/share/jaka_zu7_moveit_config/config/initial_positions.yaml
[1.221s] -- Symlinking: /home/newtonrattapong/jaka_ws/install/jaka_zu7_moveit_config/share/jaka_zu7_moveit_config/config/jaka_zu7.ros2_control.xacro
[1.223s] -- Symlinking: /home/newtonrattapong/jaka_ws/install/jaka_zu7_moveit_config/share/jaka_zu7_moveit_config/config/jaka_zu7.srdf
[1.241s] -- Symlinking: /home/newtonrattapong/jaka_ws/install/jaka_zu7_moveit_config/share/jaka_zu7_moveit_config/config/jaka_zu7.urdf.xacro
[1.248s] -- Symlinking: /home/newtonrattapong/jaka_ws/install/jaka_zu7_moveit_config/share/jaka_zu7_moveit_config/config/joint_limits.yaml
[1.264s] -- Symlinking: /home/newtonrattapong/jaka_ws/install/jaka_zu7_moveit_config/share/jaka_zu7_moveit_config/config/kinematics.yaml
[1.264s] -- Symlinking: /home/newtonrattapong/jaka_ws/install/jaka_zu7_moveit_config/share/jaka_zu7_moveit_config/config/moveit.rviz
[1.272s] -- Symlinking: /home/newtonrattapong/jaka_ws/install/jaka_zu7_moveit_config/share/jaka_zu7_moveit_config/config/moveit_controllers.yaml
[1.286s] -- Symlinking: /home/newtonrattapong/jaka_ws/install/jaka_zu7_moveit_config/share/jaka_zu7_moveit_config/config/pilz_cartesian_limits.yaml
[1.303s] -- Symlinking: /home/newtonrattapong/jaka_ws/install/jaka_zu7_moveit_config/share/jaka_zu7_moveit_config/config/ros2_controllers.yaml
[1.315s] -- Symlinking: /home/newtonrattapong/jaka_ws/install/jaka_zu7_moveit_config/share/jaka_zu7_moveit_config/.setup_assistant
[1.334s] Invoked command in '/home/newtonrattapong/jaka_ws/build/jaka_zu7_moveit_config' returned '0': AMENT_PREFIX_PATH=/home/newtonrattapong/jaka_ws/install/jaka_description:${AMENT_PREFIX_PATH} CMAKE_PREFIX_PATH=/home/newtonrattapong/jaka_ws/install/jaka_description:/opt/ros/humble /usr/bin/cmake --install /home/newtonrattapong/jaka_ws/build/jaka_zu7_moveit_config
