-- Found ament_cmake: 1.3.14 (/opt/ros/humble/share/ament_cmake/cmake)
-- Override CMake install command with custom implementation using symlinks instead of copying resources
-- Found rclcpp: 16.0.19 (/opt/ros/humble/share/rclcpp/cmake)
-- Found rosidl_generator_c: 3.1.8 (/opt/ros/humble/share/rosidl_generator_c/cmake)
-- Found rosidl_adapter: 3.1.8 (/opt/ros/humble/share/rosidl_adapter/cmake)
-- Found rosidl_generator_cpp: 3.1.8 (/opt/ros/humble/share/rosidl_generator_cpp/cmake)
-- Using all available rosidl_typesupport_c: rosidl_typesupport_fastrtps_c;rosidl_typesupport_introspection_c
-- Using all available rosidl_typesupport_cpp: rosidl_typesupport_fastrtps_cpp;rosidl_typesupport_introspection_cpp
-- Found rmw_implementation_cmake: 6.1.2 (/opt/ros/humble/share/rmw_implementation_cmake/cmake)
-- Found rmw_fastrtps_cpp: 6.2.10 (/opt/ros/humble/share/rmw_fastrtps_cpp/cmake)
-- Using RMW implementation 'rmw_fastrtps_cpp' as default
-- Found rclpy: 3.3.21 (/opt/ros/humble/share/rclpy/cmake)
-- Found geometry_msgs: 4.9.1 (/opt/ros/humble/share/geometry_msgs/cmake)
-- Found sensor_msgs: 4.9.1 (/opt/ros/humble/share/sensor_msgs/cmake)
-- Found jaka_msgs: 0.0.0 (/home/newtonrattapong/jaka_ws/install/jaka_msgs/share/jaka_msgs/cmake)
-- Found moveit_msgs: 2.2.1 (/opt/ros/humble/share/moveit_msgs/cmake)
-- Found control_msgs: 4.9.0 (/opt/ros/humble/share/control_msgs/cmake)
-- Found moveit_ros_planning_interface: 2.5.9 (/opt/ros/humble/share/moveit_ros_planning_interface/cmake)
-- Found Boost: /usr/lib/x86_64-linux-gnu/cmake/Boost-1.74.0/BoostConfig.cmake (found version "1.74.0") found components: date_time filesystem program_options system thread 
-- Found Boost: /usr/lib/x86_64-linux-gnu/cmake/Boost-1.74.0/BoostConfig.cmake (found version "1.74.0") found components: chrono date_time filesystem iostreams program_options regex serialization system thread 
-- Found parameter_traits: 0.7.1 (/opt/ros/humble/share/parameter_traits/cmake)
-- Found rclcpp_lifecycle: 16.0.19 (/opt/ros/humble/share/rclcpp_lifecycle/cmake)
-- Found Boost: /usr/lib/x86_64-linux-gnu/cmake/Boost-1.74.0/BoostConfig.cmake (found version "1.74.0") found components: filesystem 
-- library: /usr/lib/x86_64-linux-gnu/libcurl.so
-- Ensuring Eigen3 include directory is part of orocos-kdl CMake target
-- Found Boost: /usr/lib/x86_64-linux-gnu/cmake/Boost-1.74.0/BoostConfig.cmake (found version "1.74.0") found components: system filesystem date_time program_options thread chrono 
-- Found Boost: /usr/lib/x86_64-linux-gnu/cmake/Boost-1.74.0/BoostConfig.cmake (found version "1.74.0") found components: thread system filesystem regex date_time program_options 
-- Found Boost: /usr/lib/x86_64-linux-gnu/cmake/Boost-1.74.0/BoostConfig.cmake (found version "1.74.0") found components: system filesystem date_time program_options thread 
-- Found moveit_visual_tools: 4.1.2 (/opt/ros/humble/share/moveit_visual_tools/cmake)
-- Setting assimp_DIR to: '/opt/ros/humble/share/rviz_assimp_vendor/cmake/../../../opt/rviz_assimp_vendor/lib/cmake/assimp-4.1'
-- Setting OGRE_DIR to: '/opt/ros/humble/share/rviz_ogre_vendor/cmake/../../../opt/rviz_ogre_vendor/lib/OGRE/cmake'
-- Found OGRE
--   static     : OFF
--   components : HLMS;MeshLodGenerator;Overlay;Paging;Property;RTShaderSystem;Terrain;Volume
--   plugins    : Plugin_BSPSceneManager;Plugin_OctreeSceneManager;Plugin_PCZSceneManager;Plugin_ParticleFX;RenderSystem_GL;RenderSystem_GL3Plus;Codec_STBI
--   media      : /opt/ros/humble/opt/rviz_ogre_vendor/share/OGRE/Media
-- OGRE_LIBRARIES: OgreHLMS;OgreMeshLodGenerator;OgreOverlay;OgrePaging;OgreProperty;OgreRTShaderSystem;OgreTerrain;OgreVolume;OgreMain
-- OGRE_LIBRARY_DIRS: /opt/ros/humble/opt/rviz_ogre_vendor/lib
-- OGRE_PLUGINS: Plugin_BSPSceneManager;Plugin_OctreeSceneManager;Plugin_PCZSceneManager;Plugin_ParticleFX;RenderSystem_GL;RenderSystem_GL3Plus;Codec_STBI
-- OGRE_PLUGIN_DIR: /opt/ros/humble/opt/rviz_ogre_vendor/lib/OGRE
-- rviz_ogre_vendor::OgreOverlay for IMPORTED_LOCATION_RELEASE: /opt/ros/humble/opt/rviz_ogre_vendor/lib/libOgreOverlay.so
-- rviz_ogre_vendor::OgreOverlay for IMPORTED_LOCATION_DEBUG: /opt/ros/humble/opt/rviz_ogre_vendor/lib/libOgreOverlay.so
-- rviz_ogre_vendor::OgreMain for IMPORTED_LOCATION_RELEASE: /opt/ros/humble/opt/rviz_ogre_vendor/lib/libOgreMain.so
-- rviz_ogre_vendor::OgreMain for IMPORTED_LOCATION_DEBUG: /opt/ros/humble/opt/rviz_ogre_vendor/lib/libOgreMain.so
-- Found ZLIB: /usr/lib/x86_64-linux-gnu/libz.so (found version "1.2.11") 
-- Found OpenGL: /usr/lib/x86_64-linux-gnu/libOpenGL.so   
-- Found X11: /usr/include   
-- Looking for XOpenDisplay in /usr/lib/x86_64-linux-gnu/libX11.so;/usr/lib/x86_64-linux-gnu/libXext.so
-- Looking for XOpenDisplay in /usr/lib/x86_64-linux-gnu/libX11.so;/usr/lib/x86_64-linux-gnu/libXext.so - found
-- Looking for gethostbyname
-- Looking for gethostbyname - found
-- Looking for connect
-- Looking for connect - found
-- Looking for remove
-- Looking for remove - found
-- Looking for shmat
-- Looking for shmat - found
-- Looking for IceConnectionNumber in ICE
-- Looking for IceConnectionNumber in ICE - found
-- Configuring done
-- Generating done
-- Build files have been written to: /home/newtonrattapong/jaka_ws/build/jaka_planner
[ 25%] [32mBuilding CXX object CMakeFiles/moveit_server.dir/src/moveit_server.cpp.o[0m
[ 50%] [32mBuilding CXX object CMakeFiles/moveit_test.dir/src/moveit_test.cpp.o[0m
[ 75%] [32m[1mLinking CXX executable moveit_server[0m
[ 75%] Built target moveit_server
[100%] [32m[1mLinking CXX executable moveit_test[0m
[100%] Built target moveit_test
-- Install configuration: "Debug"
-- Execute custom install script
-- Symlinking: /home/newtonrattapong/jaka_ws/install/jaka_planner/lib/jaka_planner/moveit_server
-- Symlinking: /home/newtonrattapong/jaka_ws/install/jaka_planner/lib/jaka_planner/moveit_test
-- Symlinking: /home/newtonrattapong/jaka_ws/install/jaka_planner/share/jaka_planner/launch/moveit_server.launch.py
-- Symlinking: /home/newtonrattapong/jaka_ws/install/jaka_planner/share/ament_index/resource_index/package_run_dependencies/jaka_planner
-- Symlinking: /home/newtonrattapong/jaka_ws/install/jaka_planner/share/ament_index/resource_index/parent_prefix_path/jaka_planner
-- Symlinking: /home/newtonrattapong/jaka_ws/install/jaka_planner/share/jaka_planner/environment/ament_prefix_path.sh
-- Symlinking: /home/newtonrattapong/jaka_ws/install/jaka_planner/share/jaka_planner/environment/ament_prefix_path.dsv
-- Symlinking: /home/newtonrattapong/jaka_ws/install/jaka_planner/share/jaka_planner/environment/path.sh
-- Symlinking: /home/newtonrattapong/jaka_ws/install/jaka_planner/share/jaka_planner/environment/path.dsv
-- Symlinking: /home/newtonrattapong/jaka_ws/install/jaka_planner/share/jaka_planner/local_setup.bash
-- Symlinking: /home/newtonrattapong/jaka_ws/install/jaka_planner/share/jaka_planner/local_setup.sh
-- Symlinking: /home/newtonrattapong/jaka_ws/install/jaka_planner/share/jaka_planner/local_setup.zsh
-- Symlinking: /home/newtonrattapong/jaka_ws/install/jaka_planner/share/jaka_planner/local_setup.dsv
-- Symlinking: /home/newtonrattapong/jaka_ws/install/jaka_planner/share/jaka_planner/package.dsv
-- Symlinking: /home/newtonrattapong/jaka_ws/install/jaka_planner/share/ament_index/resource_index/packages/jaka_planner
-- Symlinking: /home/newtonrattapong/jaka_ws/install/jaka_planner/share/jaka_planner/cmake/jaka_plannerConfig.cmake
-- Symlinking: /home/newtonrattapong/jaka_ws/install/jaka_planner/share/jaka_planner/cmake/jaka_plannerConfig-version.cmake
-- Symlinking: /home/newtonrattapong/jaka_ws/install/jaka_planner/share/jaka_planner/package.xml
