[0.011s] Invoking command in '/home/newtonrattapong/jaka_ws/build/jaka_planner': AMENT_PREFIX_PATH=/home/newtonrattapong/jaka_ws/install/jaka_msgs:${AMENT_PREFIX_PATH} CMAKE_PREFIX_PATH=/home/newtonrattapong/jaka_ws/install/jaka_msgs:/opt/ros/humble LD_LIBRARY_PATH=/home/newtonrattapong/jaka_ws/install/jaka_msgs/lib:${LD_LIBRARY_PATH} PYTHONPATH=/home/newtonrattapong/jaka_ws/install/jaka_msgs/local/lib/python3.10/dist-packages:${PYTHONPATH} /usr/bin/cmake /home/newtonrattapong/jaka_ws/src/jaka_ros2/src/jaka_planner -DAMENT_CMAKE_SYMLINK_INSTALL=1 -DCMAKE_INSTALL_PREFIX=/home/newtonrattapong/jaka_ws/install/jaka_planner
[0.021s] -- Found ament_cmake: 1.3.14 (/opt/ros/humble/share/ament_cmake/cmake)
[0.094s] -- Override CMake install command with custom implementation using symlinks instead of copying resources
[0.098s] -- Found rclcpp: 16.0.19 (/opt/ros/humble/share/rclcpp/cmake)
[0.114s] -- Found rosidl_generator_c: 3.1.8 (/opt/ros/humble/share/rosidl_generator_c/cmake)
[0.115s] -- Found rosidl_adapter: 3.1.8 (/opt/ros/humble/share/rosidl_adapter/cmake)
[0.119s] -- Found rosidl_generator_cpp: 3.1.8 (/opt/ros/humble/share/rosidl_generator_cpp/cmake)
[0.124s] -- Using all available rosidl_typesupport_c: rosidl_typesupport_fastrtps_c;rosidl_typesupport_introspection_c
[0.131s] -- Using all available rosidl_typesupport_cpp: rosidl_typesupport_fastrtps_cpp;rosidl_typesupport_introspection_cpp
[0.148s] -- Found rmw_implementation_cmake: 6.1.2 (/opt/ros/humble/share/rmw_implementation_cmake/cmake)
[0.149s] -- Found rmw_fastrtps_cpp: 6.2.10 (/opt/ros/humble/share/rmw_fastrtps_cpp/cmake)
[0.213s] -- Using RMW implementation 'rmw_fastrtps_cpp' as default
[0.240s] -- Found rclpy: 3.3.21 (/opt/ros/humble/share/rclpy/cmake)
[0.240s] -- Found geometry_msgs: 4.9.1 (/opt/ros/humble/share/geometry_msgs/cmake)
[0.246s] -- Found sensor_msgs: 4.9.1 (/opt/ros/humble/share/sensor_msgs/cmake)
[0.255s] -- Found jaka_msgs: 0.0.0 (/home/newtonrattapong/jaka_ws/install/jaka_msgs/share/jaka_msgs/cmake)
[0.265s] -- Found moveit_msgs: 2.2.1 (/opt/ros/humble/share/moveit_msgs/cmake)
[0.327s] -- Found control_msgs: 4.9.0 (/opt/ros/humble/share/control_msgs/cmake)
[0.340s] -- Found moveit_ros_planning_interface: 2.5.9 (/opt/ros/humble/share/moveit_ros_planning_interface/cmake)
[0.346s] -- Found Boost: /usr/lib/x86_64-linux-gnu/cmake/Boost-1.74.0/BoostConfig.cmake (found version "1.74.0") found components: date_time filesystem program_options system thread 
[0.353s] -- Found Boost: /usr/lib/x86_64-linux-gnu/cmake/Boost-1.74.0/BoostConfig.cmake (found version "1.74.0") found components: chrono date_time filesystem iostreams program_options regex serialization system thread 
[0.365s] -- Found parameter_traits: 0.7.1 (/opt/ros/humble/share/parameter_traits/cmake)
[0.369s] -- Found rclcpp_lifecycle: 16.0.19 (/opt/ros/humble/share/rclcpp_lifecycle/cmake)
[0.380s] -- Found Boost: /usr/lib/x86_64-linux-gnu/cmake/Boost-1.74.0/BoostConfig.cmake (found version "1.74.0") found components: filesystem 
[0.398s] -- library: /usr/lib/x86_64-linux-gnu/libcurl.so
[0.413s] -- Ensuring Eigen3 include directory is part of orocos-kdl CMake target
[0.471s] -- Found Boost: /usr/lib/x86_64-linux-gnu/cmake/Boost-1.74.0/BoostConfig.cmake (found version "1.74.0") found components: system filesystem date_time program_options thread chrono 
[0.488s] -- Found Boost: /usr/lib/x86_64-linux-gnu/cmake/Boost-1.74.0/BoostConfig.cmake (found version "1.74.0") found components: thread system filesystem regex date_time program_options 
[0.500s] -- Found Boost: /usr/lib/x86_64-linux-gnu/cmake/Boost-1.74.0/BoostConfig.cmake (found version "1.74.0") found components: system filesystem date_time program_options thread 
[0.512s] -- Found moveit_visual_tools: 4.1.2 (/opt/ros/humble/share/moveit_visual_tools/cmake)
[0.557s] -- Setting assimp_DIR to: '/opt/ros/humble/share/rviz_assimp_vendor/cmake/../../../opt/rviz_assimp_vendor/lib/cmake/assimp-4.1'
[0.562s] -- Setting OGRE_DIR to: '/opt/ros/humble/share/rviz_ogre_vendor/cmake/../../../opt/rviz_ogre_vendor/lib/OGRE/cmake'
[0.564s] -- Found OGRE
[0.564s] --   static     : OFF
[0.564s] --   components : HLMS;MeshLodGenerator;Overlay;Paging;Property;RTShaderSystem;Terrain;Volume
[0.564s] --   plugins    : Plugin_BSPSceneManager;Plugin_OctreeSceneManager;Plugin_PCZSceneManager;Plugin_ParticleFX;RenderSystem_GL;RenderSystem_GL3Plus;Codec_STBI
[0.564s] --   media      : /opt/ros/humble/opt/rviz_ogre_vendor/share/OGRE/Media
[0.564s] -- OGRE_LIBRARIES: OgreHLMS;OgreMeshLodGenerator;OgreOverlay;OgrePaging;OgreProperty;OgreRTShaderSystem;OgreTerrain;OgreVolume;OgreMain
[0.564s] -- OGRE_LIBRARY_DIRS: /opt/ros/humble/opt/rviz_ogre_vendor/lib
[0.564s] -- OGRE_PLUGINS: Plugin_BSPSceneManager;Plugin_OctreeSceneManager;Plugin_PCZSceneManager;Plugin_ParticleFX;RenderSystem_GL;RenderSystem_GL3Plus;Codec_STBI
[0.564s] -- OGRE_PLUGIN_DIR: /opt/ros/humble/opt/rviz_ogre_vendor/lib/OGRE
[0.564s] -- rviz_ogre_vendor::OgreOverlay for IMPORTED_LOCATION_RELEASE: /opt/ros/humble/opt/rviz_ogre_vendor/lib/libOgreOverlay.so
[0.564s] -- rviz_ogre_vendor::OgreOverlay for IMPORTED_LOCATION_DEBUG: /opt/ros/humble/opt/rviz_ogre_vendor/lib/libOgreOverlay.so
[0.564s] -- rviz_ogre_vendor::OgreMain for IMPORTED_LOCATION_RELEASE: /opt/ros/humble/opt/rviz_ogre_vendor/lib/libOgreMain.so
[0.564s] -- rviz_ogre_vendor::OgreMain for IMPORTED_LOCATION_DEBUG: /opt/ros/humble/opt/rviz_ogre_vendor/lib/libOgreMain.so
[0.578s] -- Found ZLIB: /usr/lib/x86_64-linux-gnu/libz.so (found version "1.2.11") 
[0.581s] -- Found OpenGL: /usr/lib/x86_64-linux-gnu/libOpenGL.so   
[0.646s] -- Found X11: /usr/include   
[0.646s] -- Looking for XOpenDisplay in /usr/lib/x86_64-linux-gnu/libX11.so;/usr/lib/x86_64-linux-gnu/libXext.so
[0.706s] -- Looking for XOpenDisplay in /usr/lib/x86_64-linux-gnu/libX11.so;/usr/lib/x86_64-linux-gnu/libXext.so - found
[0.706s] -- Looking for gethostbyname
[0.761s] -- Looking for gethostbyname - found
[0.762s] -- Looking for connect
[0.814s] -- Looking for connect - found
[0.814s] -- Looking for remove
[0.870s] -- Looking for remove - found
[0.870s] -- Looking for shmat
[0.921s] -- Looking for shmat - found
[0.921s] -- Looking for IceConnectionNumber in ICE
[0.976s] -- Looking for IceConnectionNumber in ICE - found
[1.108s] -- Configuring done
[1.353s] -- Generating done
[1.372s] -- Build files have been written to: /home/newtonrattapong/jaka_ws/build/jaka_planner
[1.382s] Invoked command in '/home/newtonrattapong/jaka_ws/build/jaka_planner' returned '0': AMENT_PREFIX_PATH=/home/newtonrattapong/jaka_ws/install/jaka_msgs:${AMENT_PREFIX_PATH} CMAKE_PREFIX_PATH=/home/newtonrattapong/jaka_ws/install/jaka_msgs:/opt/ros/humble LD_LIBRARY_PATH=/home/newtonrattapong/jaka_ws/install/jaka_msgs/lib:${LD_LIBRARY_PATH} PYTHONPATH=/home/newtonrattapong/jaka_ws/install/jaka_msgs/local/lib/python3.10/dist-packages:${PYTHONPATH} /usr/bin/cmake /home/newtonrattapong/jaka_ws/src/jaka_ros2/src/jaka_planner -DAMENT_CMAKE_SYMLINK_INSTALL=1 -DCMAKE_INSTALL_PREFIX=/home/newtonrattapong/jaka_ws/install/jaka_planner
[1.383s] Invoking command in '/home/newtonrattapong/jaka_ws/build/jaka_planner': AMENT_PREFIX_PATH=/home/newtonrattapong/jaka_ws/install/jaka_msgs:${AMENT_PREFIX_PATH} CMAKE_PREFIX_PATH=/home/newtonrattapong/jaka_ws/install/jaka_msgs:/opt/ros/humble LD_LIBRARY_PATH=/home/newtonrattapong/jaka_ws/install/jaka_msgs/lib:${LD_LIBRARY_PATH} PYTHONPATH=/home/newtonrattapong/jaka_ws/install/jaka_msgs/local/lib/python3.10/dist-packages:${PYTHONPATH} /usr/bin/cmake --build /home/newtonrattapong/jaka_ws/build/jaka_planner -- -j16 -l16
[1.420s] [ 25%] [32mBuilding CXX object CMakeFiles/moveit_server.dir/src/moveit_server.cpp.o[0m
[1.469s] [ 50%] [32mBuilding CXX object CMakeFiles/moveit_test.dir/src/moveit_test.cpp.o[0m
[4.864s] [ 75%] [32m[1mLinking CXX executable moveit_server[0m
[5.612s] [ 75%] Built target moveit_server
[8.199s] [100%] [32m[1mLinking CXX executable moveit_test[0m
[11.968s] [100%] Built target moveit_test
[11.977s] Invoked command in '/home/newtonrattapong/jaka_ws/build/jaka_planner' returned '0': AMENT_PREFIX_PATH=/home/newtonrattapong/jaka_ws/install/jaka_msgs:${AMENT_PREFIX_PATH} CMAKE_PREFIX_PATH=/home/newtonrattapong/jaka_ws/install/jaka_msgs:/opt/ros/humble LD_LIBRARY_PATH=/home/newtonrattapong/jaka_ws/install/jaka_msgs/lib:${LD_LIBRARY_PATH} PYTHONPATH=/home/newtonrattapong/jaka_ws/install/jaka_msgs/local/lib/python3.10/dist-packages:${PYTHONPATH} /usr/bin/cmake --build /home/newtonrattapong/jaka_ws/build/jaka_planner -- -j16 -l16
[11.978s] Invoking command in '/home/newtonrattapong/jaka_ws/build/jaka_planner': AMENT_PREFIX_PATH=/home/newtonrattapong/jaka_ws/install/jaka_msgs:${AMENT_PREFIX_PATH} CMAKE_PREFIX_PATH=/home/newtonrattapong/jaka_ws/install/jaka_msgs:/opt/ros/humble LD_LIBRARY_PATH=/home/newtonrattapong/jaka_ws/install/jaka_msgs/lib:${LD_LIBRARY_PATH} PYTHONPATH=/home/newtonrattapong/jaka_ws/install/jaka_msgs/local/lib/python3.10/dist-packages:${PYTHONPATH} /usr/bin/cmake --install /home/newtonrattapong/jaka_ws/build/jaka_planner
[11.983s] -- Install configuration: "Debug"
[11.983s] -- Execute custom install script
[11.983s] -- Symlinking: /home/newtonrattapong/jaka_ws/install/jaka_planner/lib/jaka_planner/moveit_server
[11.988s] -- Symlinking: /home/newtonrattapong/jaka_ws/install/jaka_planner/lib/jaka_planner/moveit_test
[11.994s] -- Symlinking: /home/newtonrattapong/jaka_ws/install/jaka_planner/share/jaka_planner/launch/moveit_server.launch.py
[12.000s] -- Symlinking: /home/newtonrattapong/jaka_ws/install/jaka_planner/share/ament_index/resource_index/package_run_dependencies/jaka_planner
[12.005s] -- Symlinking: /home/newtonrattapong/jaka_ws/install/jaka_planner/share/ament_index/resource_index/parent_prefix_path/jaka_planner
[12.013s] -- Symlinking: /home/newtonrattapong/jaka_ws/install/jaka_planner/share/jaka_planner/environment/ament_prefix_path.sh
[12.021s] -- Symlinking: /home/newtonrattapong/jaka_ws/install/jaka_planner/share/jaka_planner/environment/ament_prefix_path.dsv
[12.028s] -- Symlinking: /home/newtonrattapong/jaka_ws/install/jaka_planner/share/jaka_planner/environment/path.sh
[12.037s] -- Symlinking: /home/newtonrattapong/jaka_ws/install/jaka_planner/share/jaka_planner/environment/path.dsv
[12.045s] -- Symlinking: /home/newtonrattapong/jaka_ws/install/jaka_planner/share/jaka_planner/local_setup.bash
[12.053s] -- Symlinking: /home/newtonrattapong/jaka_ws/install/jaka_planner/share/jaka_planner/local_setup.sh
[12.063s] -- Symlinking: /home/newtonrattapong/jaka_ws/install/jaka_planner/share/jaka_planner/local_setup.zsh
[12.070s] -- Symlinking: /home/newtonrattapong/jaka_ws/install/jaka_planner/share/jaka_planner/local_setup.dsv
[12.078s] -- Symlinking: /home/newtonrattapong/jaka_ws/install/jaka_planner/share/jaka_planner/package.dsv
[12.085s] -- Symlinking: /home/newtonrattapong/jaka_ws/install/jaka_planner/share/ament_index/resource_index/packages/jaka_planner
[12.093s] -- Symlinking: /home/newtonrattapong/jaka_ws/install/jaka_planner/share/jaka_planner/cmake/jaka_plannerConfig.cmake
[12.100s] -- Symlinking: /home/newtonrattapong/jaka_ws/install/jaka_planner/share/jaka_planner/cmake/jaka_plannerConfig-version.cmake
[12.107s] -- Symlinking: /home/newtonrattapong/jaka_ws/install/jaka_planner/share/jaka_planner/package.xml
[12.114s] Invoked command in '/home/newtonrattapong/jaka_ws/build/jaka_planner' returned '0': AMENT_PREFIX_PATH=/home/newtonrattapong/jaka_ws/install/jaka_msgs:${AMENT_PREFIX_PATH} CMAKE_PREFIX_PATH=/home/newtonrattapong/jaka_ws/install/jaka_msgs:/opt/ros/humble LD_LIBRARY_PATH=/home/newtonrattapong/jaka_ws/install/jaka_msgs/lib:${LD_LIBRARY_PATH} PYTHONPATH=/home/newtonrattapong/jaka_ws/install/jaka_msgs/local/lib/python3.10/dist-packages:${PYTHONPATH} /usr/bin/cmake --install /home/newtonrattapong/jaka_ws/build/jaka_planner
