[0.006s] Invoking command in '/home/newtonrattapong/jaka_ws/build/jaka_planner': AMENT_PREFIX_PATH=/home/newtonrattapong/jaka_ws/install/jaka_msgs:${AMENT_PREFIX_PATH} CMAKE_PREFIX_PATH=/home/newtonrattapong/jaka_ws/install/jaka_msgs:/opt/ros/humble LD_LIBRARY_PATH=/home/newtonrattapong/jaka_ws/install/jaka_msgs/lib:${LD_LIBRARY_PATH} PYTHONPATH=/home/newtonrattapong/jaka_ws/install/jaka_msgs/local/lib/python3.10/dist-packages:${PYTHONPATH} /usr/bin/cmake /home/newtonrattapong/jaka_ws/src/jaka_ros2/src/jaka_planner -DAMENT_CMAKE_SYMLINK_INSTALL=1 -DCMAKE_INSTALL_PREFIX=/home/newtonrattapong/jaka_ws/install/jaka_planner
[0.044s] -- The C compiler identification is GNU 11.4.0
[0.078s] -- The CXX compiler identification is GNU 11.4.0
[0.082s] -- Detecting C compiler ABI info
[0.127s] -- Detecting C compiler ABI info - done
[0.133s] -- Check for working C compiler: /usr/bin/cc - skipped
[0.133s] -- Detecting C compile features
[0.133s] -- Detecting C compile features - done
[0.135s] -- Detecting CXX compiler ABI info
[0.183s] -- Detecting CXX compiler ABI info - done
[0.188s] -- Check for working CXX compiler: /usr/bin/c++ - skipped
[0.188s] -- Detecting CXX compile features
[0.188s] -- Detecting CXX compile features - done
[0.189s] -- Found ament_cmake: 1.3.14 (/opt/ros/humble/share/ament_cmake/cmake)
[0.281s] -- Found Python3: /usr/bin/python3 (found version "3.10.12") found components: Interpreter 
[0.319s] -- Override CMake install command with custom implementation using symlinks instead of copying resources
[0.335s] -- Found rclcpp: 16.0.19 (/opt/ros/humble/share/rclcpp/cmake)
[0.359s] -- Found rosidl_generator_c: 3.1.8 (/opt/ros/humble/share/rosidl_generator_c/cmake)
[0.363s] -- Found rosidl_adapter: 3.1.8 (/opt/ros/humble/share/rosidl_adapter/cmake)
[0.368s] -- Found rosidl_generator_cpp: 3.1.8 (/opt/ros/humble/share/rosidl_generator_cpp/cmake)
[0.375s] -- Using all available rosidl_typesupport_c: rosidl_typesupport_fastrtps_c;rosidl_typesupport_introspection_c
[0.384s] -- Using all available rosidl_typesupport_cpp: rosidl_typesupport_fastrtps_cpp;rosidl_typesupport_introspection_cpp
[0.408s] -- Found rmw_implementation_cmake: 6.1.2 (/opt/ros/humble/share/rmw_implementation_cmake/cmake)
[0.410s] -- Found rmw_fastrtps_cpp: 6.2.10 (/opt/ros/humble/share/rmw_fastrtps_cpp/cmake)
[0.464s] -- Found OpenSSL: /usr/lib/x86_64-linux-gnu/libcrypto.so (found version "3.0.2")  
[0.482s] -- Found FastRTPS: /opt/ros/humble/include  
[0.510s] -- Using RMW implementation 'rmw_fastrtps_cpp' as default
[0.517s] -- Looking for pthread.h
[0.567s] -- Looking for pthread.h - found
[0.567s] -- Performing Test CMAKE_HAVE_LIBC_PTHREAD
[0.616s] -- Performing Test CMAKE_HAVE_LIBC_PTHREAD - Success
[0.617s] -- Found Threads: TRUE  
[0.647s] -- Found rclpy: 3.3.21 (/opt/ros/humble/share/rclpy/cmake)
[0.648s] -- Found geometry_msgs: 4.9.1 (/opt/ros/humble/share/geometry_msgs/cmake)
[0.659s] -- Found sensor_msgs: 4.9.1 (/opt/ros/humble/share/sensor_msgs/cmake)
[0.670s] -- Found jaka_msgs: 0.0.0 (/home/newtonrattapong/jaka_ws/install/jaka_msgs/share/jaka_msgs/cmake)
[0.684s] -- Found moveit_msgs: 2.2.1 (/opt/ros/humble/share/moveit_msgs/cmake)
[0.769s] -- Found control_msgs: 4.9.0 (/opt/ros/humble/share/control_msgs/cmake)
[0.784s] -- Found moveit_ros_planning_interface: 2.5.9 (/opt/ros/humble/share/moveit_ros_planning_interface/cmake)
[0.803s] -- Found Boost: /usr/lib/x86_64-linux-gnu/cmake/Boost-1.74.0/BoostConfig.cmake (found version "1.74.0") found components: date_time filesystem program_options system thread 
[0.817s] -- Found Boost: /usr/lib/x86_64-linux-gnu/cmake/Boost-1.74.0/BoostConfig.cmake (found version "1.74.0") found components: chrono date_time filesystem iostreams program_options regex serialization system thread 
[0.848s] -- Found parameter_traits: 0.7.1 (/opt/ros/humble/share/parameter_traits/cmake)
[0.860s] -- Found rclcpp_lifecycle: 16.0.19 (/opt/ros/humble/share/rclcpp_lifecycle/cmake)
[0.879s] -- Found Boost: /usr/lib/x86_64-linux-gnu/cmake/Boost-1.74.0/BoostConfig.cmake (found version "1.74.0") found components: filesystem 
[0.940s] -- library: /usr/lib/x86_64-linux-gnu/libcurl.so
[0.968s] -- Found Eigen3: TRUE (found version "3.4.0") 
[0.968s] -- Ensuring Eigen3 include directory is part of orocos-kdl CMake target
[1.068s] -- Found Boost: /usr/lib/x86_64-linux-gnu/cmake/Boost-1.74.0/BoostConfig.cmake (found version "1.74.0") found components: system filesystem date_time program_options thread chrono 
[1.092s] -- Found Boost: /usr/lib/x86_64-linux-gnu/cmake/Boost-1.74.0/BoostConfig.cmake (found version "1.74.0") found components: thread system filesystem regex date_time program_options 
[1.110s] -- Found Boost: /usr/lib/x86_64-linux-gnu/cmake/Boost-1.74.0/BoostConfig.cmake (found version "1.74.0") found components: system filesystem date_time program_options thread 
[1.129s] [31mCMake Error at CMakeLists.txt:24 (find_package):
[1.129s]   By not providing "Findmoveit_visual_tools.cmake" in CMAKE_MODULE_PATH this
[1.129s]   project has asked CMake to find a package configuration file provided by
[1.129s]   "moveit_visual_tools", but CMake did not find one.
[1.129s] 
[1.129s]   Could not find a package configuration file provided by
[1.129s]   "moveit_visual_tools" with any of the following names:
[1.129s] 
[1.129s]     moveit_visual_toolsConfig.cmake
[1.129s]     moveit_visual_tools-config.cmake
[1.129s] 
[1.129s]   Add the installation prefix of "moveit_visual_tools" to CMAKE_PREFIX_PATH
[1.129s]   or set "moveit_visual_tools_DIR" to a directory containing one of the above
[1.129s]   files.  If "moveit_visual_tools" provides a separate development package or
[1.130s]   SDK, be sure it has been installed.
[1.130s] 
[1.130s] [0m
[1.130s] -- Configuring incomplete, errors occurred!
[1.130s] See also "/home/newtonrattapong/jaka_ws/build/jaka_planner/CMakeFiles/CMakeOutput.log".
[1.137s] Invoked command in '/home/newtonrattapong/jaka_ws/build/jaka_planner' returned '1': AMENT_PREFIX_PATH=/home/newtonrattapong/jaka_ws/install/jaka_msgs:${AMENT_PREFIX_PATH} CMAKE_PREFIX_PATH=/home/newtonrattapong/jaka_ws/install/jaka_msgs:/opt/ros/humble LD_LIBRARY_PATH=/home/newtonrattapong/jaka_ws/install/jaka_msgs/lib:${LD_LIBRARY_PATH} PYTHONPATH=/home/newtonrattapong/jaka_ws/install/jaka_msgs/local/lib/python3.10/dist-packages:${PYTHONPATH} /usr/bin/cmake /home/newtonrattapong/jaka_ws/src/jaka_ros2/src/jaka_planner -DAMENT_CMAKE_SYMLINK_INSTALL=1 -DCMAKE_INSTALL_PREFIX=/home/newtonrattapong/jaka_ws/install/jaka_planner
