[0.085s] DEBUG:colcon:Command line arguments: ['/usr/bin/colcon', 'build', '--symlink-install', '--packages-select', 'jaka_coop_monitor', 'jaka_a12_moveit_config']
[0.085s] DEBUG:colcon:Parsed command line arguments: Namespace(log_base=None, log_level=None, verb_name='build', build_base='build', install_base='install', merge_install=False, symlink_install=True, test_result_base=None, continue_on_error=False, executor='parallel', parallel_workers=16, event_handlers=None, ignore_user_meta=False, metas=['./colcon.meta'], base_paths=['.'], packages_ignore=None, packages_ignore_regex=None, paths=None, packages_up_to=None, packages_up_to_regex=None, packages_above=None, packages_above_and_dependencies=None, packages_above_depth=None, packages_select_by_dep=None, packages_skip_by_dep=None, packages_skip_up_to=None, packages_select_build_failed=False, packages_skip_build_finished=False, packages_select_test_failures=False, packages_skip_test_passed=False, packages_select=['jaka_coop_monitor', 'jaka_a12_moveit_config'], packages_skip=None, packages_select_regex=None, packages_skip_regex=None, packages_start=None, packages_end=None, allow_overriding=[], cmake_args=None, cmake_target=None, cmake_target_skip_unavailable=False, cmake_clean_cache=False, cmake_clean_first=False, cmake_force_configure=False, ament_cmake_args=None, catkin_cmake_args=None, catkin_skip_building_tests=False, verb_parser=<colcon_defaults.argument_parser.defaults.DefaultArgumentsDecorator object at 0x71a6b6cf9480>, verb_extension=<colcon_core.verb.build.BuildVerb object at 0x71a6b6ece170>, main=<bound method BuildVerb.main of <colcon_core.verb.build.BuildVerb object at 0x71a6b6ece170>>)
[0.205s] Level 1:colcon.colcon_core.package_discovery:discover_packages(colcon_meta) check parameters
[0.205s] Level 1:colcon.colcon_core.package_discovery:discover_packages(recursive) check parameters
[0.205s] Level 1:colcon.colcon_core.package_discovery:discover_packages(ignore) check parameters
[0.205s] Level 1:colcon.colcon_core.package_discovery:discover_packages(path) check parameters
[0.205s] Level 1:colcon.colcon_core.package_discovery:discover_packages(colcon_meta) discover
[0.205s] Level 1:colcon.colcon_core.package_discovery:discover_packages(recursive) discover
[0.205s] INFO:colcon.colcon_core.package_discovery:Crawling recursively for packages in '/home/newtonrattapong/jaka_ws'
[0.205s] Level 1:colcon.colcon_core.package_identification:_identify(.) by extensions ['ignore', 'ignore_ament_install']
[0.205s] Level 1:colcon.colcon_core.package_identification:_identify(.) by extension 'ignore'
[0.205s] Level 1:colcon.colcon_core.package_identification:_identify(.) by extension 'ignore_ament_install'
[0.205s] Level 1:colcon.colcon_core.package_identification:_identify(.) by extensions ['colcon_pkg']
[0.205s] Level 1:colcon.colcon_core.package_identification:_identify(.) by extension 'colcon_pkg'
[0.205s] Level 1:colcon.colcon_core.package_identification:_identify(.) by extensions ['colcon_meta']
[0.205s] Level 1:colcon.colcon_core.package_identification:_identify(.) by extension 'colcon_meta'
[0.205s] Level 1:colcon.colcon_core.package_identification:_identify(.) by extensions ['ros']
[0.205s] Level 1:colcon.colcon_core.package_identification:_identify(.) by extension 'ros'
[0.213s] Level 1:colcon.colcon_core.package_identification:_identify(.) by extensions ['cmake', 'python']
[0.213s] Level 1:colcon.colcon_core.package_identification:_identify(.) by extension 'cmake'
[0.213s] Level 1:colcon.colcon_core.package_identification:_identify(.) by extension 'python'
[0.213s] Level 1:colcon.colcon_core.package_identification:_identify(.) by extensions ['python_setup_py']
[0.213s] Level 1:colcon.colcon_core.package_identification:_identify(.) by extension 'python_setup_py'
[0.213s] Level 1:colcon.colcon_core.package_identification:_identify(build) by extensions ['ignore', 'ignore_ament_install']
[0.213s] Level 1:colcon.colcon_core.package_identification:_identify(build) by extension 'ignore'
[0.213s] Level 1:colcon.colcon_core.package_identification:_identify(build) ignored
[0.214s] Level 1:colcon.colcon_core.package_identification:_identify(install) by extensions ['ignore', 'ignore_ament_install']
[0.214s] Level 1:colcon.colcon_core.package_identification:_identify(install) by extension 'ignore'
[0.214s] Level 1:colcon.colcon_core.package_identification:_identify(install) ignored
[0.214s] Level 1:colcon.colcon_core.package_identification:_identify(log) by extensions ['ignore', 'ignore_ament_install']
[0.214s] Level 1:colcon.colcon_core.package_identification:_identify(log) by extension 'ignore'
[0.214s] Level 1:colcon.colcon_core.package_identification:_identify(log) ignored
[0.214s] Level 1:colcon.colcon_core.package_identification:_identify(logs) by extensions ['ignore', 'ignore_ament_install']
[0.214s] Level 1:colcon.colcon_core.package_identification:_identify(logs) by extension 'ignore'
[0.214s] Level 1:colcon.colcon_core.package_identification:_identify(logs) by extension 'ignore_ament_install'
[0.214s] Level 1:colcon.colcon_core.package_identification:_identify(logs) by extensions ['colcon_pkg']
[0.214s] Level 1:colcon.colcon_core.package_identification:_identify(logs) by extension 'colcon_pkg'
[0.214s] Level 1:colcon.colcon_core.package_identification:_identify(logs) by extensions ['colcon_meta']
[0.214s] Level 1:colcon.colcon_core.package_identification:_identify(logs) by extension 'colcon_meta'
[0.214s] Level 1:colcon.colcon_core.package_identification:_identify(logs) by extensions ['ros']
[0.214s] Level 1:colcon.colcon_core.package_identification:_identify(logs) by extension 'ros'
[0.214s] Level 1:colcon.colcon_core.package_identification:_identify(logs) by extensions ['cmake', 'python']
[0.214s] Level 1:colcon.colcon_core.package_identification:_identify(logs) by extension 'cmake'
[0.214s] Level 1:colcon.colcon_core.package_identification:_identify(logs) by extension 'python'
[0.214s] Level 1:colcon.colcon_core.package_identification:_identify(logs) by extensions ['python_setup_py']
[0.214s] Level 1:colcon.colcon_core.package_identification:_identify(logs) by extension 'python_setup_py'
[0.214s] Level 1:colcon.colcon_core.package_identification:_identify(src) by extensions ['ignore', 'ignore_ament_install']
[0.214s] Level 1:colcon.colcon_core.package_identification:_identify(src) by extension 'ignore'
[0.214s] Level 1:colcon.colcon_core.package_identification:_identify(src) by extension 'ignore_ament_install'
[0.214s] Level 1:colcon.colcon_core.package_identification:_identify(src) by extensions ['colcon_pkg']
[0.214s] Level 1:colcon.colcon_core.package_identification:_identify(src) by extension 'colcon_pkg'
[0.214s] Level 1:colcon.colcon_core.package_identification:_identify(src) by extensions ['colcon_meta']
[0.214s] Level 1:colcon.colcon_core.package_identification:_identify(src) by extension 'colcon_meta'
[0.214s] Level 1:colcon.colcon_core.package_identification:_identify(src) by extensions ['ros']
[0.214s] Level 1:colcon.colcon_core.package_identification:_identify(src) by extension 'ros'
[0.214s] Level 1:colcon.colcon_core.package_identification:_identify(src) by extensions ['cmake', 'python']
[0.214s] Level 1:colcon.colcon_core.package_identification:_identify(src) by extension 'cmake'
[0.215s] Level 1:colcon.colcon_core.package_identification:_identify(src) by extension 'python'
[0.215s] Level 1:colcon.colcon_core.package_identification:_identify(src) by extensions ['python_setup_py']
[0.215s] Level 1:colcon.colcon_core.package_identification:_identify(src) by extension 'python_setup_py'
[0.215s] Level 1:colcon.colcon_core.package_identification:_identify(src/jaka_coop_monitor) by extensions ['ignore', 'ignore_ament_install']
[0.215s] Level 1:colcon.colcon_core.package_identification:_identify(src/jaka_coop_monitor) by extension 'ignore'
[0.215s] Level 1:colcon.colcon_core.package_identification:_identify(src/jaka_coop_monitor) by extension 'ignore_ament_install'
[0.215s] Level 1:colcon.colcon_core.package_identification:_identify(src/jaka_coop_monitor) by extensions ['colcon_pkg']
[0.215s] Level 1:colcon.colcon_core.package_identification:_identify(src/jaka_coop_monitor) by extension 'colcon_pkg'
[0.215s] Level 1:colcon.colcon_core.package_identification:_identify(src/jaka_coop_monitor) by extensions ['colcon_meta']
[0.215s] Level 1:colcon.colcon_core.package_identification:_identify(src/jaka_coop_monitor) by extension 'colcon_meta'
[0.215s] Level 1:colcon.colcon_core.package_identification:_identify(src/jaka_coop_monitor) by extensions ['ros']
[0.215s] Level 1:colcon.colcon_core.package_identification:_identify(src/jaka_coop_monitor) by extension 'ros'
[0.217s] DEBUG:colcon.colcon_core.package_identification:Package 'src/jaka_coop_monitor' with type 'ros.ament_python' and name 'jaka_coop_monitor'
[0.217s] Level 1:colcon.colcon_core.package_identification:_identify(src/jaka_ros2) by extensions ['ignore', 'ignore_ament_install']
[0.217s] Level 1:colcon.colcon_core.package_identification:_identify(src/jaka_ros2) by extension 'ignore'
[0.217s] Level 1:colcon.colcon_core.package_identification:_identify(src/jaka_ros2) by extension 'ignore_ament_install'
[0.217s] Level 1:colcon.colcon_core.package_identification:_identify(src/jaka_ros2) by extensions ['colcon_pkg']
[0.217s] Level 1:colcon.colcon_core.package_identification:_identify(src/jaka_ros2) by extension 'colcon_pkg'
[0.217s] Level 1:colcon.colcon_core.package_identification:_identify(src/jaka_ros2) by extensions ['colcon_meta']
[0.217s] Level 1:colcon.colcon_core.package_identification:_identify(src/jaka_ros2) by extension 'colcon_meta'
[0.217s] Level 1:colcon.colcon_core.package_identification:_identify(src/jaka_ros2) by extensions ['ros']
[0.217s] Level 1:colcon.colcon_core.package_identification:_identify(src/jaka_ros2) by extension 'ros'
[0.217s] Level 1:colcon.colcon_core.package_identification:_identify(src/jaka_ros2) by extensions ['cmake', 'python']
[0.217s] Level 1:colcon.colcon_core.package_identification:_identify(src/jaka_ros2) by extension 'cmake'
[0.217s] Level 1:colcon.colcon_core.package_identification:_identify(src/jaka_ros2) by extension 'python'
[0.217s] Level 1:colcon.colcon_core.package_identification:_identify(src/jaka_ros2) by extensions ['python_setup_py']
[0.218s] Level 1:colcon.colcon_core.package_identification:_identify(src/jaka_ros2) by extension 'python_setup_py'
[0.218s] Level 1:colcon.colcon_core.package_identification:_identify(src/jaka_ros2/images) by extensions ['ignore', 'ignore_ament_install']
[0.218s] Level 1:colcon.colcon_core.package_identification:_identify(src/jaka_ros2/images) by extension 'ignore'
[0.218s] Level 1:colcon.colcon_core.package_identification:_identify(src/jaka_ros2/images) by extension 'ignore_ament_install'
[0.218s] Level 1:colcon.colcon_core.package_identification:_identify(src/jaka_ros2/images) by extensions ['colcon_pkg']
[0.218s] Level 1:colcon.colcon_core.package_identification:_identify(src/jaka_ros2/images) by extension 'colcon_pkg'
[0.218s] Level 1:colcon.colcon_core.package_identification:_identify(src/jaka_ros2/images) by extensions ['colcon_meta']
[0.218s] Level 1:colcon.colcon_core.package_identification:_identify(src/jaka_ros2/images) by extension 'colcon_meta'
[0.218s] Level 1:colcon.colcon_core.package_identification:_identify(src/jaka_ros2/images) by extensions ['ros']
[0.218s] Level 1:colcon.colcon_core.package_identification:_identify(src/jaka_ros2/images) by extension 'ros'
[0.218s] Level 1:colcon.colcon_core.package_identification:_identify(src/jaka_ros2/images) by extensions ['cmake', 'python']
[0.218s] Level 1:colcon.colcon_core.package_identification:_identify(src/jaka_ros2/images) by extension 'cmake'
[0.218s] Level 1:colcon.colcon_core.package_identification:_identify(src/jaka_ros2/images) by extension 'python'
[0.218s] Level 1:colcon.colcon_core.package_identification:_identify(src/jaka_ros2/images) by extensions ['python_setup_py']
[0.218s] Level 1:colcon.colcon_core.package_identification:_identify(src/jaka_ros2/images) by extension 'python_setup_py'
[0.218s] Level 1:colcon.colcon_core.package_identification:_identify(src/jaka_ros2/src) by extensions ['ignore', 'ignore_ament_install']
[0.218s] Level 1:colcon.colcon_core.package_identification:_identify(src/jaka_ros2/src) by extension 'ignore'
[0.218s] Level 1:colcon.colcon_core.package_identification:_identify(src/jaka_ros2/src) by extension 'ignore_ament_install'
[0.218s] Level 1:colcon.colcon_core.package_identification:_identify(src/jaka_ros2/src) by extensions ['colcon_pkg']
[0.218s] Level 1:colcon.colcon_core.package_identification:_identify(src/jaka_ros2/src) by extension 'colcon_pkg'
[0.218s] Level 1:colcon.colcon_core.package_identification:_identify(src/jaka_ros2/src) by extensions ['colcon_meta']
[0.218s] Level 1:colcon.colcon_core.package_identification:_identify(src/jaka_ros2/src) by extension 'colcon_meta'
[0.218s] Level 1:colcon.colcon_core.package_identification:_identify(src/jaka_ros2/src) by extensions ['ros']
[0.218s] Level 1:colcon.colcon_core.package_identification:_identify(src/jaka_ros2/src) by extension 'ros'
[0.218s] Level 1:colcon.colcon_core.package_identification:_identify(src/jaka_ros2/src) by extensions ['cmake', 'python']
[0.218s] Level 1:colcon.colcon_core.package_identification:_identify(src/jaka_ros2/src) by extension 'cmake'
[0.218s] Level 1:colcon.colcon_core.package_identification:_identify(src/jaka_ros2/src) by extension 'python'
[0.218s] Level 1:colcon.colcon_core.package_identification:_identify(src/jaka_ros2/src) by extensions ['python_setup_py']
[0.218s] Level 1:colcon.colcon_core.package_identification:_identify(src/jaka_ros2/src) by extension 'python_setup_py'
[0.218s] Level 1:colcon.colcon_core.package_identification:_identify(src/jaka_ros2/src/jaka_a12_moveit_config) by extensions ['ignore', 'ignore_ament_install']
[0.218s] Level 1:colcon.colcon_core.package_identification:_identify(src/jaka_ros2/src/jaka_a12_moveit_config) by extension 'ignore'
[0.218s] Level 1:colcon.colcon_core.package_identification:_identify(src/jaka_ros2/src/jaka_a12_moveit_config) by extension 'ignore_ament_install'
[0.219s] Level 1:colcon.colcon_core.package_identification:_identify(src/jaka_ros2/src/jaka_a12_moveit_config) by extensions ['colcon_pkg']
[0.219s] Level 1:colcon.colcon_core.package_identification:_identify(src/jaka_ros2/src/jaka_a12_moveit_config) by extension 'colcon_pkg'
[0.219s] Level 1:colcon.colcon_core.package_identification:_identify(src/jaka_ros2/src/jaka_a12_moveit_config) by extensions ['colcon_meta']
[0.219s] Level 1:colcon.colcon_core.package_identification:_identify(src/jaka_ros2/src/jaka_a12_moveit_config) by extension 'colcon_meta'
[0.219s] Level 1:colcon.colcon_core.package_identification:_identify(src/jaka_ros2/src/jaka_a12_moveit_config) by extensions ['ros']
[0.219s] Level 1:colcon.colcon_core.package_identification:_identify(src/jaka_ros2/src/jaka_a12_moveit_config) by extension 'ros'
[0.220s] DEBUG:colcon.colcon_core.package_identification:Package 'src/jaka_ros2/src/jaka_a12_moveit_config' with type 'ros.ament_cmake' and name 'jaka_a12_moveit_config'
[0.220s] Level 1:colcon.colcon_core.package_identification:_identify(src/jaka_ros2/src/jaka_a20_moveit_config) by extensions ['ignore', 'ignore_ament_install']
[0.220s] Level 1:colcon.colcon_core.package_identification:_identify(src/jaka_ros2/src/jaka_a20_moveit_config) by extension 'ignore'
[0.220s] Level 1:colcon.colcon_core.package_identification:_identify(src/jaka_ros2/src/jaka_a20_moveit_config) by extension 'ignore_ament_install'
[0.220s] Level 1:colcon.colcon_core.package_identification:_identify(src/jaka_ros2/src/jaka_a20_moveit_config) by extensions ['colcon_pkg']
[0.220s] Level 1:colcon.colcon_core.package_identification:_identify(src/jaka_ros2/src/jaka_a20_moveit_config) by extension 'colcon_pkg'
[0.220s] Level 1:colcon.colcon_core.package_identification:_identify(src/jaka_ros2/src/jaka_a20_moveit_config) by extensions ['colcon_meta']
[0.220s] Level 1:colcon.colcon_core.package_identification:_identify(src/jaka_ros2/src/jaka_a20_moveit_config) by extension 'colcon_meta'
[0.220s] Level 1:colcon.colcon_core.package_identification:_identify(src/jaka_ros2/src/jaka_a20_moveit_config) by extensions ['ros']
[0.220s] Level 1:colcon.colcon_core.package_identification:_identify(src/jaka_ros2/src/jaka_a20_moveit_config) by extension 'ros'
[0.221s] DEBUG:colcon.colcon_core.package_identification:Package 'src/jaka_ros2/src/jaka_a20_moveit_config' with type 'ros.ament_cmake' and name 'jaka_a20_moveit_config'
[0.221s] Level 1:colcon.colcon_core.package_identification:_identify(src/jaka_ros2/src/jaka_a5_moveit_config) by extensions ['ignore', 'ignore_ament_install']
[0.221s] Level 1:colcon.colcon_core.package_identification:_identify(src/jaka_ros2/src/jaka_a5_moveit_config) by extension 'ignore'
[0.221s] Level 1:colcon.colcon_core.package_identification:_identify(src/jaka_ros2/src/jaka_a5_moveit_config) by extension 'ignore_ament_install'
[0.221s] Level 1:colcon.colcon_core.package_identification:_identify(src/jaka_ros2/src/jaka_a5_moveit_config) by extensions ['colcon_pkg']
[0.221s] Level 1:colcon.colcon_core.package_identification:_identify(src/jaka_ros2/src/jaka_a5_moveit_config) by extension 'colcon_pkg'
[0.221s] Level 1:colcon.colcon_core.package_identification:_identify(src/jaka_ros2/src/jaka_a5_moveit_config) by extensions ['colcon_meta']
[0.221s] Level 1:colcon.colcon_core.package_identification:_identify(src/jaka_ros2/src/jaka_a5_moveit_config) by extension 'colcon_meta'
[0.221s] Level 1:colcon.colcon_core.package_identification:_identify(src/jaka_ros2/src/jaka_a5_moveit_config) by extensions ['ros']
[0.221s] Level 1:colcon.colcon_core.package_identification:_identify(src/jaka_ros2/src/jaka_a5_moveit_config) by extension 'ros'
[0.222s] DEBUG:colcon.colcon_core.package_identification:Package 'src/jaka_ros2/src/jaka_a5_moveit_config' with type 'ros.ament_cmake' and name 'jaka_a5_moveit_config'
[0.222s] Level 1:colcon.colcon_core.package_identification:_identify(src/jaka_ros2/src/jaka_c12_moveit_config) by extensions ['ignore', 'ignore_ament_install']
[0.222s] Level 1:colcon.colcon_core.package_identification:_identify(src/jaka_ros2/src/jaka_c12_moveit_config) by extension 'ignore'
[0.222s] Level 1:colcon.colcon_core.package_identification:_identify(src/jaka_ros2/src/jaka_c12_moveit_config) by extension 'ignore_ament_install'
[0.222s] Level 1:colcon.colcon_core.package_identification:_identify(src/jaka_ros2/src/jaka_c12_moveit_config) by extensions ['colcon_pkg']
[0.222s] Level 1:colcon.colcon_core.package_identification:_identify(src/jaka_ros2/src/jaka_c12_moveit_config) by extension 'colcon_pkg'
[0.222s] Level 1:colcon.colcon_core.package_identification:_identify(src/jaka_ros2/src/jaka_c12_moveit_config) by extensions ['colcon_meta']
[0.222s] Level 1:colcon.colcon_core.package_identification:_identify(src/jaka_ros2/src/jaka_c12_moveit_config) by extension 'colcon_meta'
[0.222s] Level 1:colcon.colcon_core.package_identification:_identify(src/jaka_ros2/src/jaka_c12_moveit_config) by extensions ['ros']
[0.222s] Level 1:colcon.colcon_core.package_identification:_identify(src/jaka_ros2/src/jaka_c12_moveit_config) by extension 'ros'
[0.223s] DEBUG:colcon.colcon_core.package_identification:Package 'src/jaka_ros2/src/jaka_c12_moveit_config' with type 'ros.ament_cmake' and name 'jaka_c12_moveit_config'
[0.223s] Level 1:colcon.colcon_core.package_identification:_identify(src/jaka_ros2/src/jaka_c5_moveit_config) by extensions ['ignore', 'ignore_ament_install']
[0.223s] Level 1:colcon.colcon_core.package_identification:_identify(src/jaka_ros2/src/jaka_c5_moveit_config) by extension 'ignore'
[0.223s] Level 1:colcon.colcon_core.package_identification:_identify(src/jaka_ros2/src/jaka_c5_moveit_config) by extension 'ignore_ament_install'
[0.223s] Level 1:colcon.colcon_core.package_identification:_identify(src/jaka_ros2/src/jaka_c5_moveit_config) by extensions ['colcon_pkg']
[0.223s] Level 1:colcon.colcon_core.package_identification:_identify(src/jaka_ros2/src/jaka_c5_moveit_config) by extension 'colcon_pkg'
[0.223s] Level 1:colcon.colcon_core.package_identification:_identify(src/jaka_ros2/src/jaka_c5_moveit_config) by extensions ['colcon_meta']
[0.223s] Level 1:colcon.colcon_core.package_identification:_identify(src/jaka_ros2/src/jaka_c5_moveit_config) by extension 'colcon_meta'
[0.223s] Level 1:colcon.colcon_core.package_identification:_identify(src/jaka_ros2/src/jaka_c5_moveit_config) by extensions ['ros']
[0.223s] Level 1:colcon.colcon_core.package_identification:_identify(src/jaka_ros2/src/jaka_c5_moveit_config) by extension 'ros'
[0.224s] DEBUG:colcon.colcon_core.package_identification:Package 'src/jaka_ros2/src/jaka_c5_moveit_config' with type 'ros.ament_cmake' and name 'jaka_c5_moveit_config'
[0.224s] Level 1:colcon.colcon_core.package_identification:_identify(src/jaka_ros2/src/jaka_c7_moveit_config) by extensions ['ignore', 'ignore_ament_install']
[0.224s] Level 1:colcon.colcon_core.package_identification:_identify(src/jaka_ros2/src/jaka_c7_moveit_config) by extension 'ignore'
[0.224s] Level 1:colcon.colcon_core.package_identification:_identify(src/jaka_ros2/src/jaka_c7_moveit_config) by extension 'ignore_ament_install'
[0.224s] Level 1:colcon.colcon_core.package_identification:_identify(src/jaka_ros2/src/jaka_c7_moveit_config) by extensions ['colcon_pkg']
[0.224s] Level 1:colcon.colcon_core.package_identification:_identify(src/jaka_ros2/src/jaka_c7_moveit_config) by extension 'colcon_pkg'
[0.224s] Level 1:colcon.colcon_core.package_identification:_identify(src/jaka_ros2/src/jaka_c7_moveit_config) by extensions ['colcon_meta']
[0.224s] Level 1:colcon.colcon_core.package_identification:_identify(src/jaka_ros2/src/jaka_c7_moveit_config) by extension 'colcon_meta'
[0.224s] Level 1:colcon.colcon_core.package_identification:_identify(src/jaka_ros2/src/jaka_c7_moveit_config) by extensions ['ros']
[0.224s] Level 1:colcon.colcon_core.package_identification:_identify(src/jaka_ros2/src/jaka_c7_moveit_config) by extension 'ros'
[0.225s] DEBUG:colcon.colcon_core.package_identification:Package 'src/jaka_ros2/src/jaka_c7_moveit_config' with type 'ros.ament_cmake' and name 'jaka_c7_moveit_config'
[0.225s] Level 1:colcon.colcon_core.package_identification:_identify(src/jaka_ros2/src/jaka_description) by extensions ['ignore', 'ignore_ament_install']
[0.225s] Level 1:colcon.colcon_core.package_identification:_identify(src/jaka_ros2/src/jaka_description) by extension 'ignore'
[0.225s] Level 1:colcon.colcon_core.package_identification:_identify(src/jaka_ros2/src/jaka_description) by extension 'ignore_ament_install'
[0.225s] Level 1:colcon.colcon_core.package_identification:_identify(src/jaka_ros2/src/jaka_description) by extensions ['colcon_pkg']
[0.225s] Level 1:colcon.colcon_core.package_identification:_identify(src/jaka_ros2/src/jaka_description) by extension 'colcon_pkg'
[0.225s] Level 1:colcon.colcon_core.package_identification:_identify(src/jaka_ros2/src/jaka_description) by extensions ['colcon_meta']
[0.225s] Level 1:colcon.colcon_core.package_identification:_identify(src/jaka_ros2/src/jaka_description) by extension 'colcon_meta'
[0.225s] Level 1:colcon.colcon_core.package_identification:_identify(src/jaka_ros2/src/jaka_description) by extensions ['ros']
[0.225s] Level 1:colcon.colcon_core.package_identification:_identify(src/jaka_ros2/src/jaka_description) by extension 'ros'
[0.225s] DEBUG:colcon.colcon_core.package_identification:Package 'src/jaka_ros2/src/jaka_description' with type 'ros.ament_cmake' and name 'jaka_description'
[0.226s] Level 1:colcon.colcon_core.package_identification:_identify(src/jaka_ros2/src/jaka_driver) by extensions ['ignore', 'ignore_ament_install']
[0.226s] Level 1:colcon.colcon_core.package_identification:_identify(src/jaka_ros2/src/jaka_driver) by extension 'ignore'
[0.226s] Level 1:colcon.colcon_core.package_identification:_identify(src/jaka_ros2/src/jaka_driver) by extension 'ignore_ament_install'
[0.226s] Level 1:colcon.colcon_core.package_identification:_identify(src/jaka_ros2/src/jaka_driver) by extensions ['colcon_pkg']
[0.226s] Level 1:colcon.colcon_core.package_identification:_identify(src/jaka_ros2/src/jaka_driver) by extension 'colcon_pkg'
[0.226s] Level 1:colcon.colcon_core.package_identification:_identify(src/jaka_ros2/src/jaka_driver) by extensions ['colcon_meta']
[0.226s] Level 1:colcon.colcon_core.package_identification:_identify(src/jaka_ros2/src/jaka_driver) by extension 'colcon_meta'
[0.226s] Level 1:colcon.colcon_core.package_identification:_identify(src/jaka_ros2/src/jaka_driver) by extensions ['ros']
[0.226s] Level 1:colcon.colcon_core.package_identification:_identify(src/jaka_ros2/src/jaka_driver) by extension 'ros'
[0.227s] DEBUG:colcon.colcon_core.package_identification:Package 'src/jaka_ros2/src/jaka_driver' with type 'ros.ament_cmake' and name 'jaka_driver'
[0.227s] Level 1:colcon.colcon_core.package_identification:_identify(src/jaka_ros2/src/jaka_minicobo_moveit_config) by extensions ['ignore', 'ignore_ament_install']
[0.227s] Level 1:colcon.colcon_core.package_identification:_identify(src/jaka_ros2/src/jaka_minicobo_moveit_config) by extension 'ignore'
[0.227s] Level 1:colcon.colcon_core.package_identification:_identify(src/jaka_ros2/src/jaka_minicobo_moveit_config) by extension 'ignore_ament_install'
[0.227s] Level 1:colcon.colcon_core.package_identification:_identify(src/jaka_ros2/src/jaka_minicobo_moveit_config) by extensions ['colcon_pkg']
[0.227s] Level 1:colcon.colcon_core.package_identification:_identify(src/jaka_ros2/src/jaka_minicobo_moveit_config) by extension 'colcon_pkg'
[0.227s] Level 1:colcon.colcon_core.package_identification:_identify(src/jaka_ros2/src/jaka_minicobo_moveit_config) by extensions ['colcon_meta']
[0.227s] Level 1:colcon.colcon_core.package_identification:_identify(src/jaka_ros2/src/jaka_minicobo_moveit_config) by extension 'colcon_meta'
[0.227s] Level 1:colcon.colcon_core.package_identification:_identify(src/jaka_ros2/src/jaka_minicobo_moveit_config) by extensions ['ros']
[0.227s] Level 1:colcon.colcon_core.package_identification:_identify(src/jaka_ros2/src/jaka_minicobo_moveit_config) by extension 'ros'
[0.228s] DEBUG:colcon.colcon_core.package_identification:Package 'src/jaka_ros2/src/jaka_minicobo_moveit_config' with type 'ros.ament_cmake' and name 'jaka_minicobo_moveit_config'
[0.228s] Level 1:colcon.colcon_core.package_identification:_identify(src/jaka_ros2/src/jaka_msgs) by extensions ['ignore', 'ignore_ament_install']
[0.228s] Level 1:colcon.colcon_core.package_identification:_identify(src/jaka_ros2/src/jaka_msgs) by extension 'ignore'
[0.228s] Level 1:colcon.colcon_core.package_identification:_identify(src/jaka_ros2/src/jaka_msgs) by extension 'ignore_ament_install'
[0.228s] Level 1:colcon.colcon_core.package_identification:_identify(src/jaka_ros2/src/jaka_msgs) by extensions ['colcon_pkg']
[0.228s] Level 1:colcon.colcon_core.package_identification:_identify(src/jaka_ros2/src/jaka_msgs) by extension 'colcon_pkg'
[0.228s] Level 1:colcon.colcon_core.package_identification:_identify(src/jaka_ros2/src/jaka_msgs) by extensions ['colcon_meta']
[0.228s] Level 1:colcon.colcon_core.package_identification:_identify(src/jaka_ros2/src/jaka_msgs) by extension 'colcon_meta'
[0.228s] Level 1:colcon.colcon_core.package_identification:_identify(src/jaka_ros2/src/jaka_msgs) by extensions ['ros']
[0.228s] Level 1:colcon.colcon_core.package_identification:_identify(src/jaka_ros2/src/jaka_msgs) by extension 'ros'
[0.229s] DEBUG:colcon.colcon_core.package_identification:Package 'src/jaka_ros2/src/jaka_msgs' with type 'ros.ament_cmake' and name 'jaka_msgs'
[0.229s] Level 1:colcon.colcon_core.package_identification:_identify(src/jaka_ros2/src/jaka_planner) by extensions ['ignore', 'ignore_ament_install']
[0.229s] Level 1:colcon.colcon_core.package_identification:_identify(src/jaka_ros2/src/jaka_planner) by extension 'ignore'
[0.229s] Level 1:colcon.colcon_core.package_identification:_identify(src/jaka_ros2/src/jaka_planner) by extension 'ignore_ament_install'
[0.229s] Level 1:colcon.colcon_core.package_identification:_identify(src/jaka_ros2/src/jaka_planner) by extensions ['colcon_pkg']
[0.229s] Level 1:colcon.colcon_core.package_identification:_identify(src/jaka_ros2/src/jaka_planner) by extension 'colcon_pkg'
[0.229s] Level 1:colcon.colcon_core.package_identification:_identify(src/jaka_ros2/src/jaka_planner) by extensions ['colcon_meta']
[0.229s] Level 1:colcon.colcon_core.package_identification:_identify(src/jaka_ros2/src/jaka_planner) by extension 'colcon_meta'
[0.229s] Level 1:colcon.colcon_core.package_identification:_identify(src/jaka_ros2/src/jaka_planner) by extensions ['ros']
[0.229s] Level 1:colcon.colcon_core.package_identification:_identify(src/jaka_ros2/src/jaka_planner) by extension 'ros'
[0.230s] DEBUG:colcon.colcon_core.package_identification:Package 'src/jaka_ros2/src/jaka_planner' with type 'ros.ament_cmake' and name 'jaka_planner'
[0.230s] Level 1:colcon.colcon_core.package_identification:_identify(src/jaka_ros2/src/jaka_pro12_moveit_config) by extensions ['ignore', 'ignore_ament_install']
[0.230s] Level 1:colcon.colcon_core.package_identification:_identify(src/jaka_ros2/src/jaka_pro12_moveit_config) by extension 'ignore'
[0.230s] Level 1:colcon.colcon_core.package_identification:_identify(src/jaka_ros2/src/jaka_pro12_moveit_config) by extension 'ignore_ament_install'
[0.230s] Level 1:colcon.colcon_core.package_identification:_identify(src/jaka_ros2/src/jaka_pro12_moveit_config) by extensions ['colcon_pkg']
[0.230s] Level 1:colcon.colcon_core.package_identification:_identify(src/jaka_ros2/src/jaka_pro12_moveit_config) by extension 'colcon_pkg'
[0.230s] Level 1:colcon.colcon_core.package_identification:_identify(src/jaka_ros2/src/jaka_pro12_moveit_config) by extensions ['colcon_meta']
[0.230s] Level 1:colcon.colcon_core.package_identification:_identify(src/jaka_ros2/src/jaka_pro12_moveit_config) by extension 'colcon_meta'
[0.230s] Level 1:colcon.colcon_core.package_identification:_identify(src/jaka_ros2/src/jaka_pro12_moveit_config) by extensions ['ros']
[0.230s] Level 1:colcon.colcon_core.package_identification:_identify(src/jaka_ros2/src/jaka_pro12_moveit_config) by extension 'ros'
[0.240s] DEBUG:colcon.colcon_core.package_identification:Package 'src/jaka_ros2/src/jaka_pro12_moveit_config' with type 'ros.ament_cmake' and name 'jaka_pro12_moveit_config'
[0.241s] Level 1:colcon.colcon_core.package_identification:_identify(src/jaka_ros2/src/jaka_pro16_moveit_config) by extensions ['ignore', 'ignore_ament_install']
[0.241s] Level 1:colcon.colcon_core.package_identification:_identify(src/jaka_ros2/src/jaka_pro16_moveit_config) by extension 'ignore'
[0.241s] Level 1:colcon.colcon_core.package_identification:_identify(src/jaka_ros2/src/jaka_pro16_moveit_config) by extension 'ignore_ament_install'
[0.241s] Level 1:colcon.colcon_core.package_identification:_identify(src/jaka_ros2/src/jaka_pro16_moveit_config) by extensions ['colcon_pkg']
[0.241s] Level 1:colcon.colcon_core.package_identification:_identify(src/jaka_ros2/src/jaka_pro16_moveit_config) by extension 'colcon_pkg'
[0.241s] Level 1:colcon.colcon_core.package_identification:_identify(src/jaka_ros2/src/jaka_pro16_moveit_config) by extensions ['colcon_meta']
[0.241s] Level 1:colcon.colcon_core.package_identification:_identify(src/jaka_ros2/src/jaka_pro16_moveit_config) by extension 'colcon_meta'
[0.241s] Level 1:colcon.colcon_core.package_identification:_identify(src/jaka_ros2/src/jaka_pro16_moveit_config) by extensions ['ros']
[0.241s] Level 1:colcon.colcon_core.package_identification:_identify(src/jaka_ros2/src/jaka_pro16_moveit_config) by extension 'ros'
[0.242s] DEBUG:colcon.colcon_core.package_identification:Package 'src/jaka_ros2/src/jaka_pro16_moveit_config' with type 'ros.ament_cmake' and name 'jaka_pro16_moveit_config'
[0.242s] Level 1:colcon.colcon_core.package_identification:_identify(src/jaka_ros2/src/jaka_pro18_moveit_config) by extensions ['ignore', 'ignore_ament_install']
[0.242s] Level 1:colcon.colcon_core.package_identification:_identify(src/jaka_ros2/src/jaka_pro18_moveit_config) by extension 'ignore'
[0.242s] Level 1:colcon.colcon_core.package_identification:_identify(src/jaka_ros2/src/jaka_pro18_moveit_config) by extension 'ignore_ament_install'
[0.242s] Level 1:colcon.colcon_core.package_identification:_identify(src/jaka_ros2/src/jaka_pro18_moveit_config) by extensions ['colcon_pkg']
[0.242s] Level 1:colcon.colcon_core.package_identification:_identify(src/jaka_ros2/src/jaka_pro18_moveit_config) by extension 'colcon_pkg'
[0.242s] Level 1:colcon.colcon_core.package_identification:_identify(src/jaka_ros2/src/jaka_pro18_moveit_config) by extensions ['colcon_meta']
[0.242s] Level 1:colcon.colcon_core.package_identification:_identify(src/jaka_ros2/src/jaka_pro18_moveit_config) by extension 'colcon_meta'
[0.242s] Level 1:colcon.colcon_core.package_identification:_identify(src/jaka_ros2/src/jaka_pro18_moveit_config) by extensions ['ros']
[0.242s] Level 1:colcon.colcon_core.package_identification:_identify(src/jaka_ros2/src/jaka_pro18_moveit_config) by extension 'ros'
[0.243s] DEBUG:colcon.colcon_core.package_identification:Package 'src/jaka_ros2/src/jaka_pro18_moveit_config' with type 'ros.ament_cmake' and name 'jaka_pro18_moveit_config'
[0.243s] Level 1:colcon.colcon_core.package_identification:_identify(src/jaka_ros2/src/jaka_pro5_moveit_config) by extensions ['ignore', 'ignore_ament_install']
[0.243s] Level 1:colcon.colcon_core.package_identification:_identify(src/jaka_ros2/src/jaka_pro5_moveit_config) by extension 'ignore'
[0.243s] Level 1:colcon.colcon_core.package_identification:_identify(src/jaka_ros2/src/jaka_pro5_moveit_config) by extension 'ignore_ament_install'
[0.243s] Level 1:colcon.colcon_core.package_identification:_identify(src/jaka_ros2/src/jaka_pro5_moveit_config) by extensions ['colcon_pkg']
[0.243s] Level 1:colcon.colcon_core.package_identification:_identify(src/jaka_ros2/src/jaka_pro5_moveit_config) by extension 'colcon_pkg'
[0.243s] Level 1:colcon.colcon_core.package_identification:_identify(src/jaka_ros2/src/jaka_pro5_moveit_config) by extensions ['colcon_meta']
[0.243s] Level 1:colcon.colcon_core.package_identification:_identify(src/jaka_ros2/src/jaka_pro5_moveit_config) by extension 'colcon_meta'
[0.243s] Level 1:colcon.colcon_core.package_identification:_identify(src/jaka_ros2/src/jaka_pro5_moveit_config) by extensions ['ros']
[0.243s] Level 1:colcon.colcon_core.package_identification:_identify(src/jaka_ros2/src/jaka_pro5_moveit_config) by extension 'ros'
[0.243s] DEBUG:colcon.colcon_core.package_identification:Package 'src/jaka_ros2/src/jaka_pro5_moveit_config' with type 'ros.ament_cmake' and name 'jaka_pro5_moveit_config'
[0.244s] Level 1:colcon.colcon_core.package_identification:_identify(src/jaka_ros2/src/jaka_pro7_moveit_config) by extensions ['ignore', 'ignore_ament_install']
[0.244s] Level 1:colcon.colcon_core.package_identification:_identify(src/jaka_ros2/src/jaka_pro7_moveit_config) by extension 'ignore'
[0.244s] Level 1:colcon.colcon_core.package_identification:_identify(src/jaka_ros2/src/jaka_pro7_moveit_config) by extension 'ignore_ament_install'
[0.244s] Level 1:colcon.colcon_core.package_identification:_identify(src/jaka_ros2/src/jaka_pro7_moveit_config) by extensions ['colcon_pkg']
[0.244s] Level 1:colcon.colcon_core.package_identification:_identify(src/jaka_ros2/src/jaka_pro7_moveit_config) by extension 'colcon_pkg'
[0.244s] Level 1:colcon.colcon_core.package_identification:_identify(src/jaka_ros2/src/jaka_pro7_moveit_config) by extensions ['colcon_meta']
[0.244s] Level 1:colcon.colcon_core.package_identification:_identify(src/jaka_ros2/src/jaka_pro7_moveit_config) by extension 'colcon_meta'
[0.244s] Level 1:colcon.colcon_core.package_identification:_identify(src/jaka_ros2/src/jaka_pro7_moveit_config) by extensions ['ros']
[0.244s] Level 1:colcon.colcon_core.package_identification:_identify(src/jaka_ros2/src/jaka_pro7_moveit_config) by extension 'ros'
[0.244s] DEBUG:colcon.colcon_core.package_identification:Package 'src/jaka_ros2/src/jaka_pro7_moveit_config' with type 'ros.ament_cmake' and name 'jaka_pro7_moveit_config'
[0.244s] Level 1:colcon.colcon_core.package_identification:_identify(src/jaka_ros2/src/jaka_s12_moveit_config) by extensions ['ignore', 'ignore_ament_install']
[0.244s] Level 1:colcon.colcon_core.package_identification:_identify(src/jaka_ros2/src/jaka_s12_moveit_config) by extension 'ignore'
[0.245s] Level 1:colcon.colcon_core.package_identification:_identify(src/jaka_ros2/src/jaka_s12_moveit_config) by extension 'ignore_ament_install'
[0.245s] Level 1:colcon.colcon_core.package_identification:_identify(src/jaka_ros2/src/jaka_s12_moveit_config) by extensions ['colcon_pkg']
[0.245s] Level 1:colcon.colcon_core.package_identification:_identify(src/jaka_ros2/src/jaka_s12_moveit_config) by extension 'colcon_pkg'
[0.245s] Level 1:colcon.colcon_core.package_identification:_identify(src/jaka_ros2/src/jaka_s12_moveit_config) by extensions ['colcon_meta']
[0.245s] Level 1:colcon.colcon_core.package_identification:_identify(src/jaka_ros2/src/jaka_s12_moveit_config) by extension 'colcon_meta'
[0.245s] Level 1:colcon.colcon_core.package_identification:_identify(src/jaka_ros2/src/jaka_s12_moveit_config) by extensions ['ros']
[0.245s] Level 1:colcon.colcon_core.package_identification:_identify(src/jaka_ros2/src/jaka_s12_moveit_config) by extension 'ros'
[0.245s] DEBUG:colcon.colcon_core.package_identification:Package 'src/jaka_ros2/src/jaka_s12_moveit_config' with type 'ros.ament_cmake' and name 'jaka_s12_moveit_config'
[0.245s] Level 1:colcon.colcon_core.package_identification:_identify(src/jaka_ros2/src/jaka_s5_moveit_config) by extensions ['ignore', 'ignore_ament_install']
[0.245s] Level 1:colcon.colcon_core.package_identification:_identify(src/jaka_ros2/src/jaka_s5_moveit_config) by extension 'ignore'
[0.245s] Level 1:colcon.colcon_core.package_identification:_identify(src/jaka_ros2/src/jaka_s5_moveit_config) by extension 'ignore_ament_install'
[0.245s] Level 1:colcon.colcon_core.package_identification:_identify(src/jaka_ros2/src/jaka_s5_moveit_config) by extensions ['colcon_pkg']
[0.245s] Level 1:colcon.colcon_core.package_identification:_identify(src/jaka_ros2/src/jaka_s5_moveit_config) by extension 'colcon_pkg'
[0.245s] Level 1:colcon.colcon_core.package_identification:_identify(src/jaka_ros2/src/jaka_s5_moveit_config) by extensions ['colcon_meta']
[0.245s] Level 1:colcon.colcon_core.package_identification:_identify(src/jaka_ros2/src/jaka_s5_moveit_config) by extension 'colcon_meta'
[0.245s] Level 1:colcon.colcon_core.package_identification:_identify(src/jaka_ros2/src/jaka_s5_moveit_config) by extensions ['ros']
[0.246s] Level 1:colcon.colcon_core.package_identification:_identify(src/jaka_ros2/src/jaka_s5_moveit_config) by extension 'ros'
[0.246s] DEBUG:colcon.colcon_core.package_identification:Package 'src/jaka_ros2/src/jaka_s5_moveit_config' with type 'ros.ament_cmake' and name 'jaka_s5_moveit_config'
[0.246s] Level 1:colcon.colcon_core.package_identification:_identify(src/jaka_ros2/src/jaka_s7_moveit_config) by extensions ['ignore', 'ignore_ament_install']
[0.246s] Level 1:colcon.colcon_core.package_identification:_identify(src/jaka_ros2/src/jaka_s7_moveit_config) by extension 'ignore'
[0.246s] Level 1:colcon.colcon_core.package_identification:_identify(src/jaka_ros2/src/jaka_s7_moveit_config) by extension 'ignore_ament_install'
[0.246s] Level 1:colcon.colcon_core.package_identification:_identify(src/jaka_ros2/src/jaka_s7_moveit_config) by extensions ['colcon_pkg']
[0.246s] Level 1:colcon.colcon_core.package_identification:_identify(src/jaka_ros2/src/jaka_s7_moveit_config) by extension 'colcon_pkg'
[0.246s] Level 1:colcon.colcon_core.package_identification:_identify(src/jaka_ros2/src/jaka_s7_moveit_config) by extensions ['colcon_meta']
[0.246s] Level 1:colcon.colcon_core.package_identification:_identify(src/jaka_ros2/src/jaka_s7_moveit_config) by extension 'colcon_meta'
[0.246s] Level 1:colcon.colcon_core.package_identification:_identify(src/jaka_ros2/src/jaka_s7_moveit_config) by extensions ['ros']
[0.246s] Level 1:colcon.colcon_core.package_identification:_identify(src/jaka_ros2/src/jaka_s7_moveit_config) by extension 'ros'
[0.247s] DEBUG:colcon.colcon_core.package_identification:Package 'src/jaka_ros2/src/jaka_s7_moveit_config' with type 'ros.ament_cmake' and name 'jaka_s7_moveit_config'
[0.247s] Level 1:colcon.colcon_core.package_identification:_identify(src/jaka_ros2/src/jaka_zu12_moveit_config) by extensions ['ignore', 'ignore_ament_install']
[0.247s] Level 1:colcon.colcon_core.package_identification:_identify(src/jaka_ros2/src/jaka_zu12_moveit_config) by extension 'ignore'
[0.247s] Level 1:colcon.colcon_core.package_identification:_identify(src/jaka_ros2/src/jaka_zu12_moveit_config) by extension 'ignore_ament_install'
[0.247s] Level 1:colcon.colcon_core.package_identification:_identify(src/jaka_ros2/src/jaka_zu12_moveit_config) by extensions ['colcon_pkg']
[0.247s] Level 1:colcon.colcon_core.package_identification:_identify(src/jaka_ros2/src/jaka_zu12_moveit_config) by extension 'colcon_pkg'
[0.247s] Level 1:colcon.colcon_core.package_identification:_identify(src/jaka_ros2/src/jaka_zu12_moveit_config) by extensions ['colcon_meta']
[0.247s] Level 1:colcon.colcon_core.package_identification:_identify(src/jaka_ros2/src/jaka_zu12_moveit_config) by extension 'colcon_meta'
[0.247s] Level 1:colcon.colcon_core.package_identification:_identify(src/jaka_ros2/src/jaka_zu12_moveit_config) by extensions ['ros']
[0.247s] Level 1:colcon.colcon_core.package_identification:_identify(src/jaka_ros2/src/jaka_zu12_moveit_config) by extension 'ros'
[0.248s] DEBUG:colcon.colcon_core.package_identification:Package 'src/jaka_ros2/src/jaka_zu12_moveit_config' with type 'ros.ament_cmake' and name 'jaka_zu12_moveit_config'
[0.249s] Level 1:colcon.colcon_core.package_identification:_identify(src/jaka_ros2/src/jaka_zu18_moveit_config) by extensions ['ignore', 'ignore_ament_install']
[0.249s] Level 1:colcon.colcon_core.package_identification:_identify(src/jaka_ros2/src/jaka_zu18_moveit_config) by extension 'ignore'
[0.249s] Level 1:colcon.colcon_core.package_identification:_identify(src/jaka_ros2/src/jaka_zu18_moveit_config) by extension 'ignore_ament_install'
[0.249s] Level 1:colcon.colcon_core.package_identification:_identify(src/jaka_ros2/src/jaka_zu18_moveit_config) by extensions ['colcon_pkg']
[0.249s] Level 1:colcon.colcon_core.package_identification:_identify(src/jaka_ros2/src/jaka_zu18_moveit_config) by extension 'colcon_pkg'
[0.249s] Level 1:colcon.colcon_core.package_identification:_identify(src/jaka_ros2/src/jaka_zu18_moveit_config) by extensions ['colcon_meta']
[0.249s] Level 1:colcon.colcon_core.package_identification:_identify(src/jaka_ros2/src/jaka_zu18_moveit_config) by extension 'colcon_meta'
[0.249s] Level 1:colcon.colcon_core.package_identification:_identify(src/jaka_ros2/src/jaka_zu18_moveit_config) by extensions ['ros']
[0.249s] Level 1:colcon.colcon_core.package_identification:_identify(src/jaka_ros2/src/jaka_zu18_moveit_config) by extension 'ros'
[0.249s] DEBUG:colcon.colcon_core.package_identification:Package 'src/jaka_ros2/src/jaka_zu18_moveit_config' with type 'ros.ament_cmake' and name 'jaka_zu18_moveit_config'
[0.250s] Level 1:colcon.colcon_core.package_identification:_identify(src/jaka_ros2/src/jaka_zu20_moveit_config) by extensions ['ignore', 'ignore_ament_install']
[0.250s] Level 1:colcon.colcon_core.package_identification:_identify(src/jaka_ros2/src/jaka_zu20_moveit_config) by extension 'ignore'
[0.250s] Level 1:colcon.colcon_core.package_identification:_identify(src/jaka_ros2/src/jaka_zu20_moveit_config) by extension 'ignore_ament_install'
[0.250s] Level 1:colcon.colcon_core.package_identification:_identify(src/jaka_ros2/src/jaka_zu20_moveit_config) by extensions ['colcon_pkg']
[0.250s] Level 1:colcon.colcon_core.package_identification:_identify(src/jaka_ros2/src/jaka_zu20_moveit_config) by extension 'colcon_pkg'
[0.250s] Level 1:colcon.colcon_core.package_identification:_identify(src/jaka_ros2/src/jaka_zu20_moveit_config) by extensions ['colcon_meta']
[0.250s] Level 1:colcon.colcon_core.package_identification:_identify(src/jaka_ros2/src/jaka_zu20_moveit_config) by extension 'colcon_meta'
[0.250s] Level 1:colcon.colcon_core.package_identification:_identify(src/jaka_ros2/src/jaka_zu20_moveit_config) by extensions ['ros']
[0.250s] Level 1:colcon.colcon_core.package_identification:_identify(src/jaka_ros2/src/jaka_zu20_moveit_config) by extension 'ros'
[0.250s] DEBUG:colcon.colcon_core.package_identification:Package 'src/jaka_ros2/src/jaka_zu20_moveit_config' with type 'ros.ament_cmake' and name 'jaka_zu20_moveit_config'
[0.250s] Level 1:colcon.colcon_core.package_identification:_identify(src/jaka_ros2/src/jaka_zu30_moveit_config) by extensions ['ignore', 'ignore_ament_install']
[0.250s] Level 1:colcon.colcon_core.package_identification:_identify(src/jaka_ros2/src/jaka_zu30_moveit_config) by extension 'ignore'
[0.250s] Level 1:colcon.colcon_core.package_identification:_identify(src/jaka_ros2/src/jaka_zu30_moveit_config) by extension 'ignore_ament_install'
[0.250s] Level 1:colcon.colcon_core.package_identification:_identify(src/jaka_ros2/src/jaka_zu30_moveit_config) by extensions ['colcon_pkg']
[0.251s] Level 1:colcon.colcon_core.package_identification:_identify(src/jaka_ros2/src/jaka_zu30_moveit_config) by extension 'colcon_pkg'
[0.251s] Level 1:colcon.colcon_core.package_identification:_identify(src/jaka_ros2/src/jaka_zu30_moveit_config) by extensions ['colcon_meta']
[0.251s] Level 1:colcon.colcon_core.package_identification:_identify(src/jaka_ros2/src/jaka_zu30_moveit_config) by extension 'colcon_meta'
[0.251s] Level 1:colcon.colcon_core.package_identification:_identify(src/jaka_ros2/src/jaka_zu30_moveit_config) by extensions ['ros']
[0.251s] Level 1:colcon.colcon_core.package_identification:_identify(src/jaka_ros2/src/jaka_zu30_moveit_config) by extension 'ros'
[0.251s] DEBUG:colcon.colcon_core.package_identification:Package 'src/jaka_ros2/src/jaka_zu30_moveit_config' with type 'ros.ament_cmake' and name 'jaka_zu30_moveit_config'
[0.251s] Level 1:colcon.colcon_core.package_identification:_identify(src/jaka_ros2/src/jaka_zu3_moveit_config) by extensions ['ignore', 'ignore_ament_install']
[0.251s] Level 1:colcon.colcon_core.package_identification:_identify(src/jaka_ros2/src/jaka_zu3_moveit_config) by extension 'ignore'
[0.252s] Level 1:colcon.colcon_core.package_identification:_identify(src/jaka_ros2/src/jaka_zu3_moveit_config) by extension 'ignore_ament_install'
[0.252s] Level 1:colcon.colcon_core.package_identification:_identify(src/jaka_ros2/src/jaka_zu3_moveit_config) by extensions ['colcon_pkg']
[0.252s] Level 1:colcon.colcon_core.package_identification:_identify(src/jaka_ros2/src/jaka_zu3_moveit_config) by extension 'colcon_pkg'
[0.252s] Level 1:colcon.colcon_core.package_identification:_identify(src/jaka_ros2/src/jaka_zu3_moveit_config) by extensions ['colcon_meta']
[0.252s] Level 1:colcon.colcon_core.package_identification:_identify(src/jaka_ros2/src/jaka_zu3_moveit_config) by extension 'colcon_meta'
[0.252s] Level 1:colcon.colcon_core.package_identification:_identify(src/jaka_ros2/src/jaka_zu3_moveit_config) by extensions ['ros']
[0.252s] Level 1:colcon.colcon_core.package_identification:_identify(src/jaka_ros2/src/jaka_zu3_moveit_config) by extension 'ros'
[0.253s] DEBUG:colcon.colcon_core.package_identification:Package 'src/jaka_ros2/src/jaka_zu3_moveit_config' with type 'ros.ament_cmake' and name 'jaka_zu3_moveit_config'
[0.253s] Level 1:colcon.colcon_core.package_identification:_identify(src/jaka_ros2/src/jaka_zu5_moveit_config) by extensions ['ignore', 'ignore_ament_install']
[0.253s] Level 1:colcon.colcon_core.package_identification:_identify(src/jaka_ros2/src/jaka_zu5_moveit_config) by extension 'ignore'
[0.253s] Level 1:colcon.colcon_core.package_identification:_identify(src/jaka_ros2/src/jaka_zu5_moveit_config) by extension 'ignore_ament_install'
[0.253s] Level 1:colcon.colcon_core.package_identification:_identify(src/jaka_ros2/src/jaka_zu5_moveit_config) by extensions ['colcon_pkg']
[0.253s] Level 1:colcon.colcon_core.package_identification:_identify(src/jaka_ros2/src/jaka_zu5_moveit_config) by extension 'colcon_pkg'
[0.253s] Level 1:colcon.colcon_core.package_identification:_identify(src/jaka_ros2/src/jaka_zu5_moveit_config) by extensions ['colcon_meta']
[0.253s] Level 1:colcon.colcon_core.package_identification:_identify(src/jaka_ros2/src/jaka_zu5_moveit_config) by extension 'colcon_meta'
[0.253s] Level 1:colcon.colcon_core.package_identification:_identify(src/jaka_ros2/src/jaka_zu5_moveit_config) by extensions ['ros']
[0.253s] Level 1:colcon.colcon_core.package_identification:_identify(src/jaka_ros2/src/jaka_zu5_moveit_config) by extension 'ros'
[0.254s] DEBUG:colcon.colcon_core.package_identification:Package 'src/jaka_ros2/src/jaka_zu5_moveit_config' with type 'ros.ament_cmake' and name 'jaka_zu5_moveit_config'
[0.254s] Level 1:colcon.colcon_core.package_identification:_identify(src/jaka_ros2/src/jaka_zu7_moveit_config) by extensions ['ignore', 'ignore_ament_install']
[0.254s] Level 1:colcon.colcon_core.package_identification:_identify(src/jaka_ros2/src/jaka_zu7_moveit_config) by extension 'ignore'
[0.254s] Level 1:colcon.colcon_core.package_identification:_identify(src/jaka_ros2/src/jaka_zu7_moveit_config) by extension 'ignore_ament_install'
[0.254s] Level 1:colcon.colcon_core.package_identification:_identify(src/jaka_ros2/src/jaka_zu7_moveit_config) by extensions ['colcon_pkg']
[0.254s] Level 1:colcon.colcon_core.package_identification:_identify(src/jaka_ros2/src/jaka_zu7_moveit_config) by extension 'colcon_pkg'
[0.254s] Level 1:colcon.colcon_core.package_identification:_identify(src/jaka_ros2/src/jaka_zu7_moveit_config) by extensions ['colcon_meta']
[0.254s] Level 1:colcon.colcon_core.package_identification:_identify(src/jaka_ros2/src/jaka_zu7_moveit_config) by extension 'colcon_meta'
[0.254s] Level 1:colcon.colcon_core.package_identification:_identify(src/jaka_ros2/src/jaka_zu7_moveit_config) by extensions ['ros']
[0.254s] Level 1:colcon.colcon_core.package_identification:_identify(src/jaka_ros2/src/jaka_zu7_moveit_config) by extension 'ros'
[0.255s] DEBUG:colcon.colcon_core.package_identification:Package 'src/jaka_ros2/src/jaka_zu7_moveit_config' with type 'ros.ament_cmake' and name 'jaka_zu7_moveit_config'
[0.255s] Level 1:colcon.colcon_core.package_discovery:discover_packages(recursive) using defaults
[0.255s] Level 1:colcon.colcon_core.package_discovery:discover_packages(ignore) discover
[0.255s] Level 1:colcon.colcon_core.package_discovery:discover_packages(ignore) using defaults
[0.255s] Level 1:colcon.colcon_core.package_discovery:discover_packages(path) discover
[0.255s] Level 1:colcon.colcon_core.package_discovery:discover_packages(path) using defaults
[0.276s] INFO:colcon.colcon_core.package_selection:Skipping not selected package 'jaka_description' in 'src/jaka_ros2/src/jaka_description'
[0.276s] INFO:colcon.colcon_core.package_selection:Skipping not selected package 'jaka_msgs' in 'src/jaka_ros2/src/jaka_msgs'
[0.276s] INFO:colcon.colcon_core.package_selection:Skipping not selected package 'jaka_a20_moveit_config' in 'src/jaka_ros2/src/jaka_a20_moveit_config'
[0.276s] INFO:colcon.colcon_core.package_selection:Skipping not selected package 'jaka_a5_moveit_config' in 'src/jaka_ros2/src/jaka_a5_moveit_config'
[0.276s] INFO:colcon.colcon_core.package_selection:Skipping not selected package 'jaka_c12_moveit_config' in 'src/jaka_ros2/src/jaka_c12_moveit_config'
[0.276s] INFO:colcon.colcon_core.package_selection:Skipping not selected package 'jaka_c5_moveit_config' in 'src/jaka_ros2/src/jaka_c5_moveit_config'
[0.276s] INFO:colcon.colcon_core.package_selection:Skipping not selected package 'jaka_c7_moveit_config' in 'src/jaka_ros2/src/jaka_c7_moveit_config'
[0.276s] INFO:colcon.colcon_core.package_selection:Skipping not selected package 'jaka_driver' in 'src/jaka_ros2/src/jaka_driver'
[0.276s] INFO:colcon.colcon_core.package_selection:Skipping not selected package 'jaka_minicobo_moveit_config' in 'src/jaka_ros2/src/jaka_minicobo_moveit_config'
[0.276s] INFO:colcon.colcon_core.package_selection:Skipping not selected package 'jaka_planner' in 'src/jaka_ros2/src/jaka_planner'
[0.276s] INFO:colcon.colcon_core.package_selection:Skipping not selected package 'jaka_pro12_moveit_config' in 'src/jaka_ros2/src/jaka_pro12_moveit_config'
[0.276s] INFO:colcon.colcon_core.package_selection:Skipping not selected package 'jaka_pro16_moveit_config' in 'src/jaka_ros2/src/jaka_pro16_moveit_config'
[0.276s] INFO:colcon.colcon_core.package_selection:Skipping not selected package 'jaka_pro18_moveit_config' in 'src/jaka_ros2/src/jaka_pro18_moveit_config'
[0.276s] INFO:colcon.colcon_core.package_selection:Skipping not selected package 'jaka_pro5_moveit_config' in 'src/jaka_ros2/src/jaka_pro5_moveit_config'
[0.276s] INFO:colcon.colcon_core.package_selection:Skipping not selected package 'jaka_pro7_moveit_config' in 'src/jaka_ros2/src/jaka_pro7_moveit_config'
[0.276s] INFO:colcon.colcon_core.package_selection:Skipping not selected package 'jaka_s12_moveit_config' in 'src/jaka_ros2/src/jaka_s12_moveit_config'
[0.276s] INFO:colcon.colcon_core.package_selection:Skipping not selected package 'jaka_s5_moveit_config' in 'src/jaka_ros2/src/jaka_s5_moveit_config'
[0.276s] INFO:colcon.colcon_core.package_selection:Skipping not selected package 'jaka_s7_moveit_config' in 'src/jaka_ros2/src/jaka_s7_moveit_config'
[0.276s] INFO:colcon.colcon_core.package_selection:Skipping not selected package 'jaka_zu12_moveit_config' in 'src/jaka_ros2/src/jaka_zu12_moveit_config'
[0.276s] INFO:colcon.colcon_core.package_selection:Skipping not selected package 'jaka_zu18_moveit_config' in 'src/jaka_ros2/src/jaka_zu18_moveit_config'
[0.276s] INFO:colcon.colcon_core.package_selection:Skipping not selected package 'jaka_zu20_moveit_config' in 'src/jaka_ros2/src/jaka_zu20_moveit_config'
[0.276s] INFO:colcon.colcon_core.package_selection:Skipping not selected package 'jaka_zu30_moveit_config' in 'src/jaka_ros2/src/jaka_zu30_moveit_config'
[0.276s] INFO:colcon.colcon_core.package_selection:Skipping not selected package 'jaka_zu3_moveit_config' in 'src/jaka_ros2/src/jaka_zu3_moveit_config'
[0.276s] INFO:colcon.colcon_core.package_selection:Skipping not selected package 'jaka_zu5_moveit_config' in 'src/jaka_ros2/src/jaka_zu5_moveit_config'
[0.276s] INFO:colcon.colcon_core.package_selection:Skipping not selected package 'jaka_zu7_moveit_config' in 'src/jaka_ros2/src/jaka_zu7_moveit_config'
[0.277s] Level 1:colcon.colcon_core.package_discovery:discover_packages(prefix_path) check parameters
[0.277s] Level 1:colcon.colcon_core.package_discovery:discover_packages(prefix_path) discover
[0.279s] DEBUG:colcon.colcon_installed_package_information.package_discovery:Found 27 installed packages in /home/newtonrattapong/jaka_ws/install
[0.279s] DEBUG:colcon.colcon_installed_package_information.package_discovery:Found 0 installed packages in /home/newtonrattapong/ros2_ws/install
[0.280s] DEBUG:colcon.colcon_installed_package_information.package_discovery:Found 402 installed packages in /opt/ros/humble
[0.281s] Level 1:colcon.colcon_core.package_discovery:discover_packages(prefix_path) using defaults
[0.316s] Level 5:colcon.colcon_core.verb:set package 'jaka_coop_monitor' build argument 'cmake_args' from command line to 'None'
[0.316s] Level 5:colcon.colcon_core.verb:set package 'jaka_coop_monitor' build argument 'cmake_target' from command line to 'None'
[0.316s] Level 5:colcon.colcon_core.verb:set package 'jaka_coop_monitor' build argument 'cmake_target_skip_unavailable' from command line to 'False'
[0.316s] Level 5:colcon.colcon_core.verb:set package 'jaka_coop_monitor' build argument 'cmake_clean_cache' from command line to 'False'
[0.316s] Level 5:colcon.colcon_core.verb:set package 'jaka_coop_monitor' build argument 'cmake_clean_first' from command line to 'False'
[0.316s] Level 5:colcon.colcon_core.verb:set package 'jaka_coop_monitor' build argument 'cmake_force_configure' from command line to 'False'
[0.316s] Level 5:colcon.colcon_core.verb:set package 'jaka_coop_monitor' build argument 'ament_cmake_args' from command line to 'None'
[0.316s] Level 5:colcon.colcon_core.verb:set package 'jaka_coop_monitor' build argument 'catkin_cmake_args' from command line to 'None'
[0.316s] Level 5:colcon.colcon_core.verb:set package 'jaka_coop_monitor' build argument 'catkin_skip_building_tests' from command line to 'False'
[0.316s] DEBUG:colcon.colcon_core.verb:Building package 'jaka_coop_monitor' with the following arguments: {'ament_cmake_args': None, 'build_base': '/home/newtonrattapong/jaka_ws/build/jaka_coop_monitor', 'catkin_cmake_args': None, 'catkin_skip_building_tests': False, 'cmake_args': None, 'cmake_clean_cache': False, 'cmake_clean_first': False, 'cmake_force_configure': False, 'cmake_target': None, 'cmake_target_skip_unavailable': False, 'install_base': '/home/newtonrattapong/jaka_ws/install/jaka_coop_monitor', 'merge_install': False, 'path': '/home/newtonrattapong/jaka_ws/src/jaka_coop_monitor', 'symlink_install': True, 'test_result_base': None}
[0.316s] Level 5:colcon.colcon_core.verb:set package 'jaka_a12_moveit_config' build argument 'cmake_args' from command line to 'None'
[0.316s] Level 5:colcon.colcon_core.verb:set package 'jaka_a12_moveit_config' build argument 'cmake_target' from command line to 'None'
[0.316s] Level 5:colcon.colcon_core.verb:set package 'jaka_a12_moveit_config' build argument 'cmake_target_skip_unavailable' from command line to 'False'
[0.316s] Level 5:colcon.colcon_core.verb:set package 'jaka_a12_moveit_config' build argument 'cmake_clean_cache' from command line to 'False'
[0.317s] Level 5:colcon.colcon_core.verb:set package 'jaka_a12_moveit_config' build argument 'cmake_clean_first' from command line to 'False'
[0.317s] Level 5:colcon.colcon_core.verb:set package 'jaka_a12_moveit_config' build argument 'cmake_force_configure' from command line to 'False'
[0.317s] Level 5:colcon.colcon_core.verb:set package 'jaka_a12_moveit_config' build argument 'ament_cmake_args' from command line to 'None'
[0.317s] Level 5:colcon.colcon_core.verb:set package 'jaka_a12_moveit_config' build argument 'catkin_cmake_args' from command line to 'None'
[0.317s] Level 5:colcon.colcon_core.verb:set package 'jaka_a12_moveit_config' build argument 'catkin_skip_building_tests' from command line to 'False'
[0.317s] DEBUG:colcon.colcon_core.verb:Building package 'jaka_a12_moveit_config' with the following arguments: {'ament_cmake_args': None, 'build_base': '/home/newtonrattapong/jaka_ws/build/jaka_a12_moveit_config', 'catkin_cmake_args': None, 'catkin_skip_building_tests': False, 'cmake_args': None, 'cmake_clean_cache': False, 'cmake_clean_first': False, 'cmake_force_configure': False, 'cmake_target': None, 'cmake_target_skip_unavailable': False, 'install_base': '/home/newtonrattapong/jaka_ws/install/jaka_a12_moveit_config', 'merge_install': False, 'path': '/home/newtonrattapong/jaka_ws/src/jaka_ros2/src/jaka_a12_moveit_config', 'symlink_install': True, 'test_result_base': None}
[0.317s] INFO:colcon.colcon_core.executor:Executing jobs using 'parallel' executor
[0.317s] DEBUG:colcon.colcon_parallel_executor.executor.parallel:run_until_complete
[0.318s] INFO:colcon.colcon_ros.task.ament_python.build:Building ROS package in '/home/newtonrattapong/jaka_ws/src/jaka_coop_monitor' with build type 'ament_python'
[0.318s] Level 1:colcon.colcon_core.shell:create_environment_hook('jaka_coop_monitor', 'ament_prefix_path')
[0.320s] INFO:colcon.colcon_core.plugin_system:Skipping extension 'colcon_core.shell.bat': Not used on non-Windows systems
[0.320s] INFO:colcon.colcon_core.shell:Creating environment hook '/home/newtonrattapong/jaka_ws/install/jaka_coop_monitor/share/jaka_coop_monitor/hook/ament_prefix_path.ps1'
[0.320s] INFO:colcon.colcon_core.shell:Creating environment descriptor '/home/newtonrattapong/jaka_ws/install/jaka_coop_monitor/share/jaka_coop_monitor/hook/ament_prefix_path.dsv'
[0.321s] INFO:colcon.colcon_core.shell:Creating environment hook '/home/newtonrattapong/jaka_ws/install/jaka_coop_monitor/share/jaka_coop_monitor/hook/ament_prefix_path.sh'
[0.321s] INFO:colcon.colcon_core.shell:Skip shell extension 'powershell' for command environment: Not usable outside of PowerShell
[0.321s] DEBUG:colcon.colcon_core.shell:Skip shell extension 'dsv' for command environment
[0.325s] INFO:colcon.colcon_ros.task.ament_cmake.build:Building ROS package in '/home/newtonrattapong/jaka_ws/src/jaka_ros2/src/jaka_a12_moveit_config' with build type 'ament_cmake'
[0.326s] INFO:colcon.colcon_cmake.task.cmake.build:Building CMake package in '/home/newtonrattapong/jaka_ws/src/jaka_ros2/src/jaka_a12_moveit_config'
[0.326s] INFO:colcon.colcon_core.shell:Skip shell extension 'powershell' for command environment: Not usable outside of PowerShell
[0.326s] DEBUG:colcon.colcon_core.shell:Skip shell extension 'dsv' for command environment
[0.515s] INFO:colcon.colcon_core.task.python.build:Building Python package in '/home/newtonrattapong/jaka_ws/src/jaka_coop_monitor'
[0.516s] INFO:colcon.colcon_core.shell:Skip shell extension 'powershell' for command environment: Not usable outside of PowerShell
[0.516s] DEBUG:colcon.colcon_core.shell:Skip shell extension 'dsv' for command environment
[0.524s] DEBUG:colcon.colcon_core.event_handler.log_command:Invoking command in '/home/newtonrattapong/jaka_ws/build/jaka_a12_moveit_config': CMAKE_PREFIX_PATH=/home/newtonrattapong/jaka_ws/install/jaka_description:/home/newtonrattapong/jaka_ws/install/jaka_zu7_moveit_config:/home/newtonrattapong/jaka_ws/install/jaka_zu5_moveit_config:/home/newtonrattapong/jaka_ws/install/jaka_zu3_moveit_config:/home/newtonrattapong/jaka_ws/install/jaka_zu30_moveit_config:/home/newtonrattapong/jaka_ws/install/jaka_zu20_moveit_config:/home/newtonrattapong/jaka_ws/install/jaka_zu18_moveit_config:/home/newtonrattapong/jaka_ws/install/jaka_zu12_moveit_config:/home/newtonrattapong/jaka_ws/install/jaka_s7_moveit_config:/home/newtonrattapong/jaka_ws/install/jaka_s5_moveit_config:/home/newtonrattapong/jaka_ws/install/jaka_s12_moveit_config:/home/newtonrattapong/jaka_ws/install/jaka_pro7_moveit_config:/home/newtonrattapong/jaka_ws/install/jaka_pro5_moveit_config:/home/newtonrattapong/jaka_ws/install/jaka_pro18_moveit_config:/home/newtonrattapong/jaka_ws/install/jaka_pro16_moveit_config:/home/newtonrattapong/jaka_ws/install/jaka_pro12_moveit_config:/home/newtonrattapong/jaka_ws/install/jaka_planner:/home/newtonrattapong/jaka_ws/install/jaka_driver:/home/newtonrattapong/jaka_ws/install/jaka_msgs:/home/newtonrattapong/jaka_ws/install/jaka_minicobo_moveit_config:/home/newtonrattapong/jaka_ws/install/jaka_c7_moveit_config:/home/newtonrattapong/jaka_ws/install/jaka_c5_moveit_config:/home/newtonrattapong/jaka_ws/install/jaka_c12_moveit_config:/home/newtonrattapong/jaka_ws/install/jaka_a5_moveit_config:/home/newtonrattapong/jaka_ws/install/jaka_a20_moveit_config:/home/newtonrattapong/jaka_ws/install/jaka_a12_moveit_config:/opt/ros/humble /usr/bin/cmake --build /home/newtonrattapong/jaka_ws/build/jaka_a12_moveit_config -- -j16 -l16
[0.563s] DEBUG:colcon.colcon_core.event_handler.log_command:Invoked command in '/home/newtonrattapong/jaka_ws/build/jaka_a12_moveit_config' returned '0': CMAKE_PREFIX_PATH=/home/newtonrattapong/jaka_ws/install/jaka_description:/home/newtonrattapong/jaka_ws/install/jaka_zu7_moveit_config:/home/newtonrattapong/jaka_ws/install/jaka_zu5_moveit_config:/home/newtonrattapong/jaka_ws/install/jaka_zu3_moveit_config:/home/newtonrattapong/jaka_ws/install/jaka_zu30_moveit_config:/home/newtonrattapong/jaka_ws/install/jaka_zu20_moveit_config:/home/newtonrattapong/jaka_ws/install/jaka_zu18_moveit_config:/home/newtonrattapong/jaka_ws/install/jaka_zu12_moveit_config:/home/newtonrattapong/jaka_ws/install/jaka_s7_moveit_config:/home/newtonrattapong/jaka_ws/install/jaka_s5_moveit_config:/home/newtonrattapong/jaka_ws/install/jaka_s12_moveit_config:/home/newtonrattapong/jaka_ws/install/jaka_pro7_moveit_config:/home/newtonrattapong/jaka_ws/install/jaka_pro5_moveit_config:/home/newtonrattapong/jaka_ws/install/jaka_pro18_moveit_config:/home/newtonrattapong/jaka_ws/install/jaka_pro16_moveit_config:/home/newtonrattapong/jaka_ws/install/jaka_pro12_moveit_config:/home/newtonrattapong/jaka_ws/install/jaka_planner:/home/newtonrattapong/jaka_ws/install/jaka_driver:/home/newtonrattapong/jaka_ws/install/jaka_msgs:/home/newtonrattapong/jaka_ws/install/jaka_minicobo_moveit_config:/home/newtonrattapong/jaka_ws/install/jaka_c7_moveit_config:/home/newtonrattapong/jaka_ws/install/jaka_c5_moveit_config:/home/newtonrattapong/jaka_ws/install/jaka_c12_moveit_config:/home/newtonrattapong/jaka_ws/install/jaka_a5_moveit_config:/home/newtonrattapong/jaka_ws/install/jaka_a20_moveit_config:/home/newtonrattapong/jaka_ws/install/jaka_a12_moveit_config:/opt/ros/humble /usr/bin/cmake --build /home/newtonrattapong/jaka_ws/build/jaka_a12_moveit_config -- -j16 -l16
[0.573s] DEBUG:colcon.colcon_core.event_handler.log_command:Invoking command in '/home/newtonrattapong/jaka_ws/build/jaka_a12_moveit_config': CMAKE_PREFIX_PATH=/home/newtonrattapong/jaka_ws/install/jaka_description:/home/newtonrattapong/jaka_ws/install/jaka_zu7_moveit_config:/home/newtonrattapong/jaka_ws/install/jaka_zu5_moveit_config:/home/newtonrattapong/jaka_ws/install/jaka_zu3_moveit_config:/home/newtonrattapong/jaka_ws/install/jaka_zu30_moveit_config:/home/newtonrattapong/jaka_ws/install/jaka_zu20_moveit_config:/home/newtonrattapong/jaka_ws/install/jaka_zu18_moveit_config:/home/newtonrattapong/jaka_ws/install/jaka_zu12_moveit_config:/home/newtonrattapong/jaka_ws/install/jaka_s7_moveit_config:/home/newtonrattapong/jaka_ws/install/jaka_s5_moveit_config:/home/newtonrattapong/jaka_ws/install/jaka_s12_moveit_config:/home/newtonrattapong/jaka_ws/install/jaka_pro7_moveit_config:/home/newtonrattapong/jaka_ws/install/jaka_pro5_moveit_config:/home/newtonrattapong/jaka_ws/install/jaka_pro18_moveit_config:/home/newtonrattapong/jaka_ws/install/jaka_pro16_moveit_config:/home/newtonrattapong/jaka_ws/install/jaka_pro12_moveit_config:/home/newtonrattapong/jaka_ws/install/jaka_planner:/home/newtonrattapong/jaka_ws/install/jaka_driver:/home/newtonrattapong/jaka_ws/install/jaka_msgs:/home/newtonrattapong/jaka_ws/install/jaka_minicobo_moveit_config:/home/newtonrattapong/jaka_ws/install/jaka_c7_moveit_config:/home/newtonrattapong/jaka_ws/install/jaka_c5_moveit_config:/home/newtonrattapong/jaka_ws/install/jaka_c12_moveit_config:/home/newtonrattapong/jaka_ws/install/jaka_a5_moveit_config:/home/newtonrattapong/jaka_ws/install/jaka_a20_moveit_config:/home/newtonrattapong/jaka_ws/install/jaka_a12_moveit_config:/opt/ros/humble /usr/bin/cmake --install /home/newtonrattapong/jaka_ws/build/jaka_a12_moveit_config
[0.613s] Level 1:colcon.colcon_core.environment:create_environment_scripts_only(jaka_a12_moveit_config)
[0.614s] DEBUG:colcon.colcon_core.event_handler.log_command:Invoked command in '/home/newtonrattapong/jaka_ws/build/jaka_a12_moveit_config' returned '0': CMAKE_PREFIX_PATH=/home/newtonrattapong/jaka_ws/install/jaka_description:/home/newtonrattapong/jaka_ws/install/jaka_zu7_moveit_config:/home/newtonrattapong/jaka_ws/install/jaka_zu5_moveit_config:/home/newtonrattapong/jaka_ws/install/jaka_zu3_moveit_config:/home/newtonrattapong/jaka_ws/install/jaka_zu30_moveit_config:/home/newtonrattapong/jaka_ws/install/jaka_zu20_moveit_config:/home/newtonrattapong/jaka_ws/install/jaka_zu18_moveit_config:/home/newtonrattapong/jaka_ws/install/jaka_zu12_moveit_config:/home/newtonrattapong/jaka_ws/install/jaka_s7_moveit_config:/home/newtonrattapong/jaka_ws/install/jaka_s5_moveit_config:/home/newtonrattapong/jaka_ws/install/jaka_s12_moveit_config:/home/newtonrattapong/jaka_ws/install/jaka_pro7_moveit_config:/home/newtonrattapong/jaka_ws/install/jaka_pro5_moveit_config:/home/newtonrattapong/jaka_ws/install/jaka_pro18_moveit_config:/home/newtonrattapong/jaka_ws/install/jaka_pro16_moveit_config:/home/newtonrattapong/jaka_ws/install/jaka_pro12_moveit_config:/home/newtonrattapong/jaka_ws/install/jaka_planner:/home/newtonrattapong/jaka_ws/install/jaka_driver:/home/newtonrattapong/jaka_ws/install/jaka_msgs:/home/newtonrattapong/jaka_ws/install/jaka_minicobo_moveit_config:/home/newtonrattapong/jaka_ws/install/jaka_c7_moveit_config:/home/newtonrattapong/jaka_ws/install/jaka_c5_moveit_config:/home/newtonrattapong/jaka_ws/install/jaka_c12_moveit_config:/home/newtonrattapong/jaka_ws/install/jaka_a5_moveit_config:/home/newtonrattapong/jaka_ws/install/jaka_a20_moveit_config:/home/newtonrattapong/jaka_ws/install/jaka_a12_moveit_config:/opt/ros/humble /usr/bin/cmake --install /home/newtonrattapong/jaka_ws/build/jaka_a12_moveit_config
[0.616s] Level 1:colcon.colcon_core.environment:checking '/home/newtonrattapong/jaka_ws/install/jaka_a12_moveit_config' for CMake module files
[0.616s] Level 1:colcon.colcon_core.environment:checking '/home/newtonrattapong/jaka_ws/install/jaka_a12_moveit_config' for CMake config files
[0.616s] Level 1:colcon.colcon_core.shell:create_environment_hook('jaka_a12_moveit_config', 'cmake_prefix_path')
[0.617s] INFO:colcon.colcon_core.shell:Creating environment hook '/home/newtonrattapong/jaka_ws/install/jaka_a12_moveit_config/share/jaka_a12_moveit_config/hook/cmake_prefix_path.ps1'
[0.617s] INFO:colcon.colcon_core.shell:Creating environment descriptor '/home/newtonrattapong/jaka_ws/install/jaka_a12_moveit_config/share/jaka_a12_moveit_config/hook/cmake_prefix_path.dsv'
[0.617s] INFO:colcon.colcon_core.shell:Creating environment hook '/home/newtonrattapong/jaka_ws/install/jaka_a12_moveit_config/share/jaka_a12_moveit_config/hook/cmake_prefix_path.sh'
[0.618s] Level 1:colcon.colcon_core.environment:checking '/home/newtonrattapong/jaka_ws/install/jaka_a12_moveit_config/bin'
[0.618s] Level 1:colcon.colcon_core.environment:checking '/home/newtonrattapong/jaka_ws/install/jaka_a12_moveit_config/lib/pkgconfig/jaka_a12_moveit_config.pc'
[0.618s] Level 1:colcon.colcon_core.environment:checking '/home/newtonrattapong/jaka_ws/install/jaka_a12_moveit_config/lib/python3.10/site-packages'
[0.619s] Level 1:colcon.colcon_core.environment:checking '/home/newtonrattapong/jaka_ws/install/jaka_a12_moveit_config/bin'
[0.619s] INFO:colcon.colcon_core.shell:Creating package script '/home/newtonrattapong/jaka_ws/install/jaka_a12_moveit_config/share/jaka_a12_moveit_config/package.ps1'
[0.620s] INFO:colcon.colcon_core.shell:Creating package descriptor '/home/newtonrattapong/jaka_ws/install/jaka_a12_moveit_config/share/jaka_a12_moveit_config/package.dsv'
[0.621s] INFO:colcon.colcon_core.shell:Creating package script '/home/newtonrattapong/jaka_ws/install/jaka_a12_moveit_config/share/jaka_a12_moveit_config/package.sh'
[0.621s] INFO:colcon.colcon_core.shell:Creating package script '/home/newtonrattapong/jaka_ws/install/jaka_a12_moveit_config/share/jaka_a12_moveit_config/package.bash'
[0.622s] INFO:colcon.colcon_core.shell:Creating package script '/home/newtonrattapong/jaka_ws/install/jaka_a12_moveit_config/share/jaka_a12_moveit_config/package.zsh'
[0.622s] Level 1:colcon.colcon_core.environment:create_file_with_runtime_dependencies(/home/newtonrattapong/jaka_ws/install/jaka_a12_moveit_config/share/colcon-core/packages/jaka_a12_moveit_config)
[0.623s] Level 1:colcon.colcon_core.environment:create_environment_scripts_only(jaka_a12_moveit_config)
[0.623s] Level 1:colcon.colcon_core.environment:checking '/home/newtonrattapong/jaka_ws/install/jaka_a12_moveit_config' for CMake module files
[0.623s] Level 1:colcon.colcon_core.environment:checking '/home/newtonrattapong/jaka_ws/install/jaka_a12_moveit_config' for CMake config files
[0.624s] Level 1:colcon.colcon_core.shell:create_environment_hook('jaka_a12_moveit_config', 'cmake_prefix_path')
[0.624s] INFO:colcon.colcon_core.shell:Creating environment hook '/home/newtonrattapong/jaka_ws/install/jaka_a12_moveit_config/share/jaka_a12_moveit_config/hook/cmake_prefix_path.ps1'
[0.625s] INFO:colcon.colcon_core.shell:Creating environment descriptor '/home/newtonrattapong/jaka_ws/install/jaka_a12_moveit_config/share/jaka_a12_moveit_config/hook/cmake_prefix_path.dsv'
[0.625s] INFO:colcon.colcon_core.shell:Creating environment hook '/home/newtonrattapong/jaka_ws/install/jaka_a12_moveit_config/share/jaka_a12_moveit_config/hook/cmake_prefix_path.sh'
[0.626s] Level 1:colcon.colcon_core.environment:checking '/home/newtonrattapong/jaka_ws/install/jaka_a12_moveit_config/bin'
[0.626s] Level 1:colcon.colcon_core.environment:checking '/home/newtonrattapong/jaka_ws/install/jaka_a12_moveit_config/lib/pkgconfig/jaka_a12_moveit_config.pc'
[0.626s] Level 1:colcon.colcon_core.environment:checking '/home/newtonrattapong/jaka_ws/install/jaka_a12_moveit_config/lib/python3.10/site-packages'
[0.626s] Level 1:colcon.colcon_core.environment:checking '/home/newtonrattapong/jaka_ws/install/jaka_a12_moveit_config/bin'
[0.626s] INFO:colcon.colcon_core.shell:Creating package script '/home/newtonrattapong/jaka_ws/install/jaka_a12_moveit_config/share/jaka_a12_moveit_config/package.ps1'
[0.627s] INFO:colcon.colcon_core.shell:Creating package descriptor '/home/newtonrattapong/jaka_ws/install/jaka_a12_moveit_config/share/jaka_a12_moveit_config/package.dsv'
[0.627s] INFO:colcon.colcon_core.shell:Creating package script '/home/newtonrattapong/jaka_ws/install/jaka_a12_moveit_config/share/jaka_a12_moveit_config/package.sh'
[0.627s] INFO:colcon.colcon_core.shell:Creating package script '/home/newtonrattapong/jaka_ws/install/jaka_a12_moveit_config/share/jaka_a12_moveit_config/package.bash'
[0.628s] INFO:colcon.colcon_core.shell:Creating package script '/home/newtonrattapong/jaka_ws/install/jaka_a12_moveit_config/share/jaka_a12_moveit_config/package.zsh'
[0.628s] Level 1:colcon.colcon_core.environment:create_file_with_runtime_dependencies(/home/newtonrattapong/jaka_ws/install/jaka_a12_moveit_config/share/colcon-core/packages/jaka_a12_moveit_config)
[0.829s] DEBUG:colcon.colcon_core.event_handler.log_command:Invoking command in '/home/newtonrattapong/jaka_ws/build/jaka_coop_monitor': PYTHONPATH=/home/newtonrattapong/jaka_ws/build/jaka_coop_monitor/prefix_override:/usr/lib/python3/dist-packages/colcon_core/task/python/colcon_distutils_commands:/home/newtonrattapong/jaka_ws/install/jaka_coop_monitor/lib/python3.10/site-packages:${PYTHONPATH} /usr/bin/python3 -W ignore:setup.py install is deprecated -W ignore:easy_install command is deprecated setup.py develop --editable --build-directory /home/newtonrattapong/jaka_ws/build/jaka_coop_monitor/build --no-deps symlink_data
[1.135s] Level 1:colcon.colcon_core.shell:create_environment_hook('jaka_coop_monitor', 'pythonpath_develop')
[1.136s] INFO:colcon.colcon_core.shell:Creating environment hook '/home/newtonrattapong/jaka_ws/build/jaka_coop_monitor/share/jaka_coop_monitor/hook/pythonpath_develop.ps1'
[1.136s] DEBUG:colcon.colcon_core.event_handler.log_command:Invoked command in '/home/newtonrattapong/jaka_ws/build/jaka_coop_monitor' returned '0': PYTHONPATH=/home/newtonrattapong/jaka_ws/build/jaka_coop_monitor/prefix_override:/usr/lib/python3/dist-packages/colcon_core/task/python/colcon_distutils_commands:/home/newtonrattapong/jaka_ws/install/jaka_coop_monitor/lib/python3.10/site-packages:${PYTHONPATH} /usr/bin/python3 -W ignore:setup.py install is deprecated -W ignore:easy_install command is deprecated setup.py develop --editable --build-directory /home/newtonrattapong/jaka_ws/build/jaka_coop_monitor/build --no-deps symlink_data
[1.137s] INFO:colcon.colcon_core.shell:Creating environment descriptor '/home/newtonrattapong/jaka_ws/build/jaka_coop_monitor/share/jaka_coop_monitor/hook/pythonpath_develop.dsv'
[1.137s] INFO:colcon.colcon_core.shell:Creating environment hook '/home/newtonrattapong/jaka_ws/build/jaka_coop_monitor/share/jaka_coop_monitor/hook/pythonpath_develop.sh'
[1.137s] Level 1:colcon.colcon_core.environment:checking '/home/newtonrattapong/jaka_ws/install/jaka_coop_monitor' for CMake module files
[1.137s] Level 1:colcon.colcon_core.environment:checking '/home/newtonrattapong/jaka_ws/install/jaka_coop_monitor' for CMake config files
[1.138s] Level 1:colcon.colcon_core.environment:checking '/home/newtonrattapong/jaka_ws/install/jaka_coop_monitor/lib'
[1.138s] Level 1:colcon.colcon_core.environment:checking '/home/newtonrattapong/jaka_ws/install/jaka_coop_monitor/bin'
[1.138s] Level 1:colcon.colcon_core.environment:checking '/home/newtonrattapong/jaka_ws/install/jaka_coop_monitor/lib/pkgconfig/jaka_coop_monitor.pc'
[1.138s] Level 1:colcon.colcon_core.environment:checking '/home/newtonrattapong/jaka_ws/install/jaka_coop_monitor/lib/python3.10/site-packages'
[1.138s] Level 1:colcon.colcon_core.shell:create_environment_hook('jaka_coop_monitor', 'pythonpath')
[1.138s] INFO:colcon.colcon_core.shell:Creating environment hook '/home/newtonrattapong/jaka_ws/install/jaka_coop_monitor/share/jaka_coop_monitor/hook/pythonpath.ps1'
[1.139s] INFO:colcon.colcon_core.shell:Creating environment descriptor '/home/newtonrattapong/jaka_ws/install/jaka_coop_monitor/share/jaka_coop_monitor/hook/pythonpath.dsv'
[1.139s] INFO:colcon.colcon_core.shell:Creating environment hook '/home/newtonrattapong/jaka_ws/install/jaka_coop_monitor/share/jaka_coop_monitor/hook/pythonpath.sh'
[1.139s] Level 1:colcon.colcon_core.environment:checking '/home/newtonrattapong/jaka_ws/install/jaka_coop_monitor/bin'
[1.139s] Level 1:colcon.colcon_core.environment:create_environment_scripts_only(jaka_coop_monitor)
[1.139s] INFO:colcon.colcon_core.shell:Creating package script '/home/newtonrattapong/jaka_ws/install/jaka_coop_monitor/share/jaka_coop_monitor/package.ps1'
[1.140s] INFO:colcon.colcon_core.shell:Creating package descriptor '/home/newtonrattapong/jaka_ws/install/jaka_coop_monitor/share/jaka_coop_monitor/package.dsv'
[1.140s] INFO:colcon.colcon_core.shell:Creating package script '/home/newtonrattapong/jaka_ws/install/jaka_coop_monitor/share/jaka_coop_monitor/package.sh'
[1.140s] INFO:colcon.colcon_core.shell:Creating package script '/home/newtonrattapong/jaka_ws/install/jaka_coop_monitor/share/jaka_coop_monitor/package.bash'
[1.141s] INFO:colcon.colcon_core.shell:Creating package script '/home/newtonrattapong/jaka_ws/install/jaka_coop_monitor/share/jaka_coop_monitor/package.zsh'
[1.141s] Level 1:colcon.colcon_core.environment:create_file_with_runtime_dependencies(/home/newtonrattapong/jaka_ws/install/jaka_coop_monitor/share/colcon-core/packages/jaka_coop_monitor)
[1.141s] DEBUG:colcon.colcon_parallel_executor.executor.parallel:closing loop
[1.141s] DEBUG:colcon.colcon_parallel_executor.executor.parallel:loop closed
[1.141s] DEBUG:colcon.colcon_parallel_executor.executor.parallel:run_until_complete finished with '0'
[1.141s] DEBUG:colcon.colcon_core.event_reactor:joining thread
[1.146s] INFO:colcon.colcon_core.plugin_system:Skipping extension 'colcon_notification.desktop_notification.terminal_notifier': Not used on non-Darwin systems
[1.146s] INFO:colcon.colcon_core.plugin_system:Skipping extension 'colcon_notification.desktop_notification.win32': Not used on non-Windows systems
[1.146s] INFO:colcon.colcon_notification.desktop_notification:Sending desktop notification using 'notify2'
[1.146s] DEBUG:colcon.colcon_notification.desktop_notification.notify2:Failed to initialize notify2: org.freedesktop.DBus.Error.AccessDenied: Failed to connect to socket /run/user/1000/bus: Operation not permitted
[1.146s] DEBUG:colcon.colcon_core.event_reactor:joined thread
[1.146s] INFO:colcon.colcon_core.shell:Creating prefix script '/home/newtonrattapong/jaka_ws/install/local_setup.ps1'
[1.147s] INFO:colcon.colcon_core.shell:Creating prefix util module '/home/newtonrattapong/jaka_ws/install/_local_setup_util_ps1.py'
[1.148s] INFO:colcon.colcon_core.shell:Creating prefix chain script '/home/newtonrattapong/jaka_ws/install/setup.ps1'
[1.149s] INFO:colcon.colcon_core.shell:Creating prefix script '/home/newtonrattapong/jaka_ws/install/local_setup.sh'
[1.150s] INFO:colcon.colcon_core.shell:Creating prefix util module '/home/newtonrattapong/jaka_ws/install/_local_setup_util_sh.py'
[1.150s] INFO:colcon.colcon_core.shell:Creating prefix chain script '/home/newtonrattapong/jaka_ws/install/setup.sh'
[1.151s] INFO:colcon.colcon_core.shell:Creating prefix script '/home/newtonrattapong/jaka_ws/install/local_setup.bash'
[1.152s] INFO:colcon.colcon_core.shell:Creating prefix chain script '/home/newtonrattapong/jaka_ws/install/setup.bash'
[1.153s] INFO:colcon.colcon_core.shell:Creating prefix script '/home/newtonrattapong/jaka_ws/install/local_setup.zsh'
[1.153s] INFO:colcon.colcon_core.shell:Creating prefix chain script '/home/newtonrattapong/jaka_ws/install/setup.zsh'
