[0.130s] Invoking command in '/home/newtonrattapong/jaka_ws/build/jaka_zu20_moveit_config': AMENT_PREFIX_PATH=/home/newtonrattapong/jaka_ws/install/jaka_description:${AMENT_PREFIX_PATH} CMAKE_PREFIX_PATH=/home/newtonrattapong/jaka_ws/install/jaka_description:/opt/ros/humble /usr/bin/cmake /home/newtonrattapong/jaka_ws/src/jaka_ros2/src/jaka_zu20_moveit_config -DAMENT_CMAKE_SYMLINK_INSTALL=1 -DCMAKE_INSTALL_PREFIX=/home/newtonrattapong/jaka_ws/install/jaka_zu20_moveit_config
[0.185s] -- The C compiler identification is GNU 11.4.0
[0.241s] -- The CXX compiler identification is GNU 11.4.0
[0.248s] -- Detecting C compiler ABI info
[0.307s] -- Detecting C compiler ABI info - done
[0.315s] -- Check for working C compiler: /usr/bin/cc - skipped
[0.316s] -- Detecting C compile features
[0.316s] -- Detecting C compile features - done
[0.319s] -- Detecting CXX compiler ABI info
[0.381s] -- Detecting CXX compiler ABI info - done
[0.390s] -- Check for working CXX compiler: /usr/bin/c++ - skipped
[0.390s] -- Detecting CXX compile features
[0.391s] -- Detecting CXX compile features - done
[0.393s] -- Found ament_cmake: 1.3.14 (/opt/ros/humble/share/ament_cmake/cmake)
[0.624s] -- Found Python3: /usr/bin/python3 (found version "3.10.12") found components: Interpreter 
[0.703s] -- Override CMake install command with custom implementation using symlinks instead of copying resources
[0.828s] -- Configuring done
[0.834s] -- Generating done
[0.835s] -- Build files have been written to: /home/newtonrattapong/jaka_ws/build/jaka_zu20_moveit_config
[0.841s] Invoked command in '/home/newtonrattapong/jaka_ws/build/jaka_zu20_moveit_config' returned '0': AMENT_PREFIX_PATH=/home/newtonrattapong/jaka_ws/install/jaka_description:${AMENT_PREFIX_PATH} CMAKE_PREFIX_PATH=/home/newtonrattapong/jaka_ws/install/jaka_description:/opt/ros/humble /usr/bin/cmake /home/newtonrattapong/jaka_ws/src/jaka_ros2/src/jaka_zu20_moveit_config -DAMENT_CMAKE_SYMLINK_INSTALL=1 -DCMAKE_INSTALL_PREFIX=/home/newtonrattapong/jaka_ws/install/jaka_zu20_moveit_config
[0.852s] Invoking command in '/home/newtonrattapong/jaka_ws/build/jaka_zu20_moveit_config': AMENT_PREFIX_PATH=/home/newtonrattapong/jaka_ws/install/jaka_description:${AMENT_PREFIX_PATH} CMAKE_PREFIX_PATH=/home/newtonrattapong/jaka_ws/install/jaka_description:/opt/ros/humble /usr/bin/cmake --build /home/newtonrattapong/jaka_ws/build/jaka_zu20_moveit_config -- -j16 -l16
[0.899s] Invoked command in '/home/newtonrattapong/jaka_ws/build/jaka_zu20_moveit_config' returned '0': AMENT_PREFIX_PATH=/home/newtonrattapong/jaka_ws/install/jaka_description:${AMENT_PREFIX_PATH} CMAKE_PREFIX_PATH=/home/newtonrattapong/jaka_ws/install/jaka_description:/opt/ros/humble /usr/bin/cmake --build /home/newtonrattapong/jaka_ws/build/jaka_zu20_moveit_config -- -j16 -l16
[0.903s] Invoking command in '/home/newtonrattapong/jaka_ws/build/jaka_zu20_moveit_config': AMENT_PREFIX_PATH=/home/newtonrattapong/jaka_ws/install/jaka_description:${AMENT_PREFIX_PATH} CMAKE_PREFIX_PATH=/home/newtonrattapong/jaka_ws/install/jaka_description:/opt/ros/humble /usr/bin/cmake --install /home/newtonrattapong/jaka_ws/build/jaka_zu20_moveit_config
[0.908s] -- Install configuration: ""
[0.908s] -- Execute custom install script
[0.908s] -- Symlinking: /home/newtonrattapong/jaka_ws/install/jaka_zu20_moveit_config/share/ament_index/resource_index/package_run_dependencies/jaka_zu20_moveit_config
[0.924s] -- Symlinking: /home/newtonrattapong/jaka_ws/install/jaka_zu20_moveit_config/share/ament_index/resource_index/parent_prefix_path/jaka_zu20_moveit_config
[0.924s] -- Symlinking: /home/newtonrattapong/jaka_ws/install/jaka_zu20_moveit_config/share/jaka_zu20_moveit_config/environment/ament_prefix_path.sh
[0.932s] -- Symlinking: /home/newtonrattapong/jaka_ws/install/jaka_zu20_moveit_config/share/jaka_zu20_moveit_config/environment/ament_prefix_path.dsv
[0.944s] -- Symlinking: /home/newtonrattapong/jaka_ws/install/jaka_zu20_moveit_config/share/jaka_zu20_moveit_config/environment/path.sh
[0.948s] -- Symlinking: /home/newtonrattapong/jaka_ws/install/jaka_zu20_moveit_config/share/jaka_zu20_moveit_config/environment/path.dsv
[0.957s] -- Symlinking: /home/newtonrattapong/jaka_ws/install/jaka_zu20_moveit_config/share/jaka_zu20_moveit_config/local_setup.bash
[0.965s] -- Symlinking: /home/newtonrattapong/jaka_ws/install/jaka_zu20_moveit_config/share/jaka_zu20_moveit_config/local_setup.sh
[0.982s] -- Symlinking: /home/newtonrattapong/jaka_ws/install/jaka_zu20_moveit_config/share/jaka_zu20_moveit_config/local_setup.zsh
[0.984s] -- Symlinking: /home/newtonrattapong/jaka_ws/install/jaka_zu20_moveit_config/share/jaka_zu20_moveit_config/local_setup.dsv
[0.998s] -- Symlinking: /home/newtonrattapong/jaka_ws/install/jaka_zu20_moveit_config/share/jaka_zu20_moveit_config/package.dsv
[1.006s] -- Symlinking: /home/newtonrattapong/jaka_ws/install/jaka_zu20_moveit_config/share/ament_index/resource_index/packages/jaka_zu20_moveit_config
[1.020s] -- Symlinking: /home/newtonrattapong/jaka_ws/install/jaka_zu20_moveit_config/share/jaka_zu20_moveit_config/cmake/jaka_zu20_moveit_configConfig.cmake
[1.042s] -- Symlinking: /home/newtonrattapong/jaka_ws/install/jaka_zu20_moveit_config/share/jaka_zu20_moveit_config/cmake/jaka_zu20_moveit_configConfig-version.cmake
[1.054s] -- Symlinking: /home/newtonrattapong/jaka_ws/install/jaka_zu20_moveit_config/share/jaka_zu20_moveit_config/package.xml
[1.067s] -- Symlinking: /home/newtonrattapong/jaka_ws/install/jaka_zu20_moveit_config/share/jaka_zu20_moveit_config/launch/demo.launch.py
[1.085s] -- Symlinking: /home/newtonrattapong/jaka_ws/install/jaka_zu20_moveit_config/share/jaka_zu20_moveit_config/launch/demo_gazebo.launch.py
[1.098s] -- Symlinking: /home/newtonrattapong/jaka_ws/install/jaka_zu20_moveit_config/share/jaka_zu20_moveit_config/launch/gazebo.launch.py
[1.110s] -- Symlinking: /home/newtonrattapong/jaka_ws/install/jaka_zu20_moveit_config/share/jaka_zu20_moveit_config/launch/move_group.launch.py
[1.119s] -- Symlinking: /home/newtonrattapong/jaka_ws/install/jaka_zu20_moveit_config/share/jaka_zu20_moveit_config/launch/moveit_rviz.launch.py
[1.138s] -- Symlinking: /home/newtonrattapong/jaka_ws/install/jaka_zu20_moveit_config/share/jaka_zu20_moveit_config/launch/rsp.launch.py
[1.147s] -- Symlinking: /home/newtonrattapong/jaka_ws/install/jaka_zu20_moveit_config/share/jaka_zu20_moveit_config/launch/setup_assistant.launch.py
[1.156s] -- Symlinking: /home/newtonrattapong/jaka_ws/install/jaka_zu20_moveit_config/share/jaka_zu20_moveit_config/launch/spawn_controllers.launch.py
[1.166s] -- Symlinking: /home/newtonrattapong/jaka_ws/install/jaka_zu20_moveit_config/share/jaka_zu20_moveit_config/launch/static_virtual_joint_tfs.launch.py
[1.183s] -- Symlinking: /home/newtonrattapong/jaka_ws/install/jaka_zu20_moveit_config/share/jaka_zu20_moveit_config/launch/warehouse_db.launch.py
[1.192s] -- Symlinking: /home/newtonrattapong/jaka_ws/install/jaka_zu20_moveit_config/share/jaka_zu20_moveit_config/config/initial_positions.yaml
[1.206s] -- Symlinking: /home/newtonrattapong/jaka_ws/install/jaka_zu20_moveit_config/share/jaka_zu20_moveit_config/config/jaka_zu20.ros2_control.xacro
[1.215s] -- Symlinking: /home/newtonrattapong/jaka_ws/install/jaka_zu20_moveit_config/share/jaka_zu20_moveit_config/config/jaka_zu20.srdf
[1.224s] -- Symlinking: /home/newtonrattapong/jaka_ws/install/jaka_zu20_moveit_config/share/jaka_zu20_moveit_config/config/jaka_zu20.urdf.xacro
[1.233s] -- Symlinking: /home/newtonrattapong/jaka_ws/install/jaka_zu20_moveit_config/share/jaka_zu20_moveit_config/config/joint_limits.yaml
[1.248s] -- Symlinking: /home/newtonrattapong/jaka_ws/install/jaka_zu20_moveit_config/share/jaka_zu20_moveit_config/config/kinematics.yaml
[1.264s] -- Symlinking: /home/newtonrattapong/jaka_ws/install/jaka_zu20_moveit_config/share/jaka_zu20_moveit_config/config/moveit.rviz
[1.276s] -- Symlinking: /home/newtonrattapong/jaka_ws/install/jaka_zu20_moveit_config/share/jaka_zu20_moveit_config/config/moveit_controllers.yaml
[1.297s] -- Symlinking: /home/newtonrattapong/jaka_ws/install/jaka_zu20_moveit_config/share/jaka_zu20_moveit_config/config/pilz_cartesian_limits.yaml
[1.330s] -- Symlinking: /home/newtonrattapong/jaka_ws/install/jaka_zu20_moveit_config/share/jaka_zu20_moveit_config/config/ros2_controllers.yaml
[1.336s] -- Symlinking: /home/newtonrattapong/jaka_ws/install/jaka_zu20_moveit_config/share/jaka_zu20_moveit_config/.setup_assistant
[1.359s] Invoked command in '/home/newtonrattapong/jaka_ws/build/jaka_zu20_moveit_config' returned '0': AMENT_PREFIX_PATH=/home/newtonrattapong/jaka_ws/install/jaka_description:${AMENT_PREFIX_PATH} CMAKE_PREFIX_PATH=/home/newtonrattapong/jaka_ws/install/jaka_description:/opt/ros/humble /usr/bin/cmake --install /home/newtonrattapong/jaka_ws/build/jaka_zu20_moveit_config
