[0.056s] DEBUG:colcon:Command line arguments: ['/usr/bin/colcon', 'list', '--packages-select', 'jaka_a12_moveit_config']
[0.056s] DEBUG:colcon:Parsed command line arguments: Namespace(log_base=None, log_level=None, verb_name='list', build_base='build', ignore_user_meta=False, metas=['./colcon.meta'], base_paths=['.'], packages_ignore=None, packages_ignore_regex=None, paths=None, packages_up_to=None, packages_up_to_regex=None, packages_above=None, packages_above_and_dependencies=None, packages_above_depth=None, packages_select_by_dep=None, packages_skip_by_dep=None, packages_skip_up_to=None, packages_select_build_failed=False, packages_skip_build_finished=False, packages_select_test_failures=False, packages_skip_test_passed=False, packages_select=['jaka_a12_moveit_config'], packages_skip=None, packages_select_regex=None, packages_skip_regex=None, packages_start=None, packages_end=None, allow_overriding=[], topological_order=False, names_only=False, paths_only=False, topological_graph=False, topological_graph_dot=False, topological_graph_density=False, topological_graph_legend=False, topological_graph_dot_cluster=False, topological_graph_dot_include_skipped=False, verb_parser=<colcon_defaults.argument_parser.defaults.DefaultArgumentsDecorator object at 0x7775d7119cc0>, verb_extension=<colcon_package_information.verb.list.ListVerb object at 0x7775d72dea10>, main=<bound method ListVerb.main of <colcon_package_information.verb.list.ListVerb object at 0x7775d72dea10>>)
[0.149s] Level 1:colcon.colcon_core.package_discovery:discover_packages(colcon_meta) check parameters
[0.149s] Level 1:colcon.colcon_core.package_discovery:discover_packages(recursive) check parameters
[0.149s] Level 1:colcon.colcon_core.package_discovery:discover_packages(ignore) check parameters
[0.149s] Level 1:colcon.colcon_core.package_discovery:discover_packages(path) check parameters
[0.149s] Level 1:colcon.colcon_core.package_discovery:discover_packages(colcon_meta) discover
[0.150s] Level 1:colcon.colcon_core.package_discovery:discover_packages(recursive) discover
[0.150s] INFO:colcon.colcon_core.package_discovery:Crawling recursively for packages in '/home/newtonrattapong/jaka_ws'
[0.150s] Level 1:colcon.colcon_core.package_identification:_identify(.) by extensions ['ignore', 'ignore_ament_install']
[0.150s] Level 1:colcon.colcon_core.package_identification:_identify(.) by extension 'ignore'
[0.150s] Level 1:colcon.colcon_core.package_identification:_identify(.) by extension 'ignore_ament_install'
[0.150s] Level 1:colcon.colcon_core.package_identification:_identify(.) by extensions ['colcon_pkg']
[0.150s] Level 1:colcon.colcon_core.package_identification:_identify(.) by extension 'colcon_pkg'
[0.150s] Level 1:colcon.colcon_core.package_identification:_identify(.) by extensions ['colcon_meta']
[0.150s] Level 1:colcon.colcon_core.package_identification:_identify(.) by extension 'colcon_meta'
[0.150s] Level 1:colcon.colcon_core.package_identification:_identify(.) by extensions ['ros']
[0.150s] Level 1:colcon.colcon_core.package_identification:_identify(.) by extension 'ros'
[0.157s] Level 1:colcon.colcon_core.package_identification:_identify(.) by extensions ['cmake', 'python']
[0.157s] Level 1:colcon.colcon_core.package_identification:_identify(.) by extension 'cmake'
[0.157s] Level 1:colcon.colcon_core.package_identification:_identify(.) by extension 'python'
[0.157s] Level 1:colcon.colcon_core.package_identification:_identify(.) by extensions ['python_setup_py']
[0.157s] Level 1:colcon.colcon_core.package_identification:_identify(.) by extension 'python_setup_py'
[0.157s] Level 1:colcon.colcon_core.package_identification:_identify(build) by extensions ['ignore', 'ignore_ament_install']
[0.157s] Level 1:colcon.colcon_core.package_identification:_identify(build) by extension 'ignore'
[0.157s] Level 1:colcon.colcon_core.package_identification:_identify(build) ignored
[0.157s] Level 1:colcon.colcon_core.package_identification:_identify(install) by extensions ['ignore', 'ignore_ament_install']
[0.157s] Level 1:colcon.colcon_core.package_identification:_identify(install) by extension 'ignore'
[0.157s] Level 1:colcon.colcon_core.package_identification:_identify(install) ignored
[0.158s] Level 1:colcon.colcon_core.package_identification:_identify(log) by extensions ['ignore', 'ignore_ament_install']
[0.158s] Level 1:colcon.colcon_core.package_identification:_identify(log) by extension 'ignore'
[0.158s] Level 1:colcon.colcon_core.package_identification:_identify(log) ignored
[0.158s] Level 1:colcon.colcon_core.package_identification:_identify(src) by extensions ['ignore', 'ignore_ament_install']
[0.158s] Level 1:colcon.colcon_core.package_identification:_identify(src) by extension 'ignore'
[0.158s] Level 1:colcon.colcon_core.package_identification:_identify(src) by extension 'ignore_ament_install'
[0.158s] Level 1:colcon.colcon_core.package_identification:_identify(src) by extensions ['colcon_pkg']
[0.158s] Level 1:colcon.colcon_core.package_identification:_identify(src) by extension 'colcon_pkg'
[0.158s] Level 1:colcon.colcon_core.package_identification:_identify(src) by extensions ['colcon_meta']
[0.158s] Level 1:colcon.colcon_core.package_identification:_identify(src) by extension 'colcon_meta'
[0.158s] Level 1:colcon.colcon_core.package_identification:_identify(src) by extensions ['ros']
[0.158s] Level 1:colcon.colcon_core.package_identification:_identify(src) by extension 'ros'
[0.158s] Level 1:colcon.colcon_core.package_identification:_identify(src) by extensions ['cmake', 'python']
[0.158s] Level 1:colcon.colcon_core.package_identification:_identify(src) by extension 'cmake'
[0.158s] Level 1:colcon.colcon_core.package_identification:_identify(src) by extension 'python'
[0.158s] Level 1:colcon.colcon_core.package_identification:_identify(src) by extensions ['python_setup_py']
[0.158s] Level 1:colcon.colcon_core.package_identification:_identify(src) by extension 'python_setup_py'
[0.158s] Level 1:colcon.colcon_core.package_identification:_identify(src/jaka_ros2) by extensions ['ignore', 'ignore_ament_install']
[0.158s] Level 1:colcon.colcon_core.package_identification:_identify(src/jaka_ros2) by extension 'ignore'
[0.158s] Level 1:colcon.colcon_core.package_identification:_identify(src/jaka_ros2) by extension 'ignore_ament_install'
[0.158s] Level 1:colcon.colcon_core.package_identification:_identify(src/jaka_ros2) by extensions ['colcon_pkg']
[0.158s] Level 1:colcon.colcon_core.package_identification:_identify(src/jaka_ros2) by extension 'colcon_pkg'
[0.158s] Level 1:colcon.colcon_core.package_identification:_identify(src/jaka_ros2) by extensions ['colcon_meta']
[0.158s] Level 1:colcon.colcon_core.package_identification:_identify(src/jaka_ros2) by extension 'colcon_meta'
[0.158s] Level 1:colcon.colcon_core.package_identification:_identify(src/jaka_ros2) by extensions ['ros']
[0.158s] Level 1:colcon.colcon_core.package_identification:_identify(src/jaka_ros2) by extension 'ros'
[0.158s] Level 1:colcon.colcon_core.package_identification:_identify(src/jaka_ros2) by extensions ['cmake', 'python']
[0.158s] Level 1:colcon.colcon_core.package_identification:_identify(src/jaka_ros2) by extension 'cmake'
[0.158s] Level 1:colcon.colcon_core.package_identification:_identify(src/jaka_ros2) by extension 'python'
[0.158s] Level 1:colcon.colcon_core.package_identification:_identify(src/jaka_ros2) by extensions ['python_setup_py']
[0.158s] Level 1:colcon.colcon_core.package_identification:_identify(src/jaka_ros2) by extension 'python_setup_py'
[0.158s] Level 1:colcon.colcon_core.package_identification:_identify(src/jaka_ros2/images) by extensions ['ignore', 'ignore_ament_install']
[0.158s] Level 1:colcon.colcon_core.package_identification:_identify(src/jaka_ros2/images) by extension 'ignore'
[0.158s] Level 1:colcon.colcon_core.package_identification:_identify(src/jaka_ros2/images) by extension 'ignore_ament_install'
[0.158s] Level 1:colcon.colcon_core.package_identification:_identify(src/jaka_ros2/images) by extensions ['colcon_pkg']
[0.158s] Level 1:colcon.colcon_core.package_identification:_identify(src/jaka_ros2/images) by extension 'colcon_pkg'
[0.158s] Level 1:colcon.colcon_core.package_identification:_identify(src/jaka_ros2/images) by extensions ['colcon_meta']
[0.158s] Level 1:colcon.colcon_core.package_identification:_identify(src/jaka_ros2/images) by extension 'colcon_meta'
[0.158s] Level 1:colcon.colcon_core.package_identification:_identify(src/jaka_ros2/images) by extensions ['ros']
[0.158s] Level 1:colcon.colcon_core.package_identification:_identify(src/jaka_ros2/images) by extension 'ros'
[0.159s] Level 1:colcon.colcon_core.package_identification:_identify(src/jaka_ros2/images) by extensions ['cmake', 'python']
[0.159s] Level 1:colcon.colcon_core.package_identification:_identify(src/jaka_ros2/images) by extension 'cmake'
[0.159s] Level 1:colcon.colcon_core.package_identification:_identify(src/jaka_ros2/images) by extension 'python'
[0.159s] Level 1:colcon.colcon_core.package_identification:_identify(src/jaka_ros2/images) by extensions ['python_setup_py']
[0.159s] Level 1:colcon.colcon_core.package_identification:_identify(src/jaka_ros2/images) by extension 'python_setup_py'
[0.159s] Level 1:colcon.colcon_core.package_identification:_identify(src/jaka_ros2/src) by extensions ['ignore', 'ignore_ament_install']
[0.159s] Level 1:colcon.colcon_core.package_identification:_identify(src/jaka_ros2/src) by extension 'ignore'
[0.159s] Level 1:colcon.colcon_core.package_identification:_identify(src/jaka_ros2/src) by extension 'ignore_ament_install'
[0.159s] Level 1:colcon.colcon_core.package_identification:_identify(src/jaka_ros2/src) by extensions ['colcon_pkg']
[0.159s] Level 1:colcon.colcon_core.package_identification:_identify(src/jaka_ros2/src) by extension 'colcon_pkg'
[0.159s] Level 1:colcon.colcon_core.package_identification:_identify(src/jaka_ros2/src) by extensions ['colcon_meta']
[0.159s] Level 1:colcon.colcon_core.package_identification:_identify(src/jaka_ros2/src) by extension 'colcon_meta'
[0.159s] Level 1:colcon.colcon_core.package_identification:_identify(src/jaka_ros2/src) by extensions ['ros']
[0.159s] Level 1:colcon.colcon_core.package_identification:_identify(src/jaka_ros2/src) by extension 'ros'
[0.159s] Level 1:colcon.colcon_core.package_identification:_identify(src/jaka_ros2/src) by extensions ['cmake', 'python']
[0.159s] Level 1:colcon.colcon_core.package_identification:_identify(src/jaka_ros2/src) by extension 'cmake'
[0.159s] Level 1:colcon.colcon_core.package_identification:_identify(src/jaka_ros2/src) by extension 'python'
[0.159s] Level 1:colcon.colcon_core.package_identification:_identify(src/jaka_ros2/src) by extensions ['python_setup_py']
[0.159s] Level 1:colcon.colcon_core.package_identification:_identify(src/jaka_ros2/src) by extension 'python_setup_py'
[0.159s] Level 1:colcon.colcon_core.package_identification:_identify(src/jaka_ros2/src/jaka_a12_moveit_config) by extensions ['ignore', 'ignore_ament_install']
[0.159s] Level 1:colcon.colcon_core.package_identification:_identify(src/jaka_ros2/src/jaka_a12_moveit_config) by extension 'ignore'
[0.159s] Level 1:colcon.colcon_core.package_identification:_identify(src/jaka_ros2/src/jaka_a12_moveit_config) by extension 'ignore_ament_install'
[0.159s] Level 1:colcon.colcon_core.package_identification:_identify(src/jaka_ros2/src/jaka_a12_moveit_config) by extensions ['colcon_pkg']
[0.159s] Level 1:colcon.colcon_core.package_identification:_identify(src/jaka_ros2/src/jaka_a12_moveit_config) by extension 'colcon_pkg'
[0.159s] Level 1:colcon.colcon_core.package_identification:_identify(src/jaka_ros2/src/jaka_a12_moveit_config) by extensions ['colcon_meta']
[0.159s] Level 1:colcon.colcon_core.package_identification:_identify(src/jaka_ros2/src/jaka_a12_moveit_config) by extension 'colcon_meta'
[0.159s] Level 1:colcon.colcon_core.package_identification:_identify(src/jaka_ros2/src/jaka_a12_moveit_config) by extensions ['ros']
[0.159s] Level 1:colcon.colcon_core.package_identification:_identify(src/jaka_ros2/src/jaka_a12_moveit_config) by extension 'ros'
[0.161s] DEBUG:colcon.colcon_core.package_identification:Package 'src/jaka_ros2/src/jaka_a12_moveit_config' with type 'ros.ament_cmake' and name 'jaka_a12_moveit_config'
[0.161s] Level 1:colcon.colcon_core.package_identification:_identify(src/jaka_ros2/src/jaka_a20_moveit_config) by extensions ['ignore', 'ignore_ament_install']
[0.161s] Level 1:colcon.colcon_core.package_identification:_identify(src/jaka_ros2/src/jaka_a20_moveit_config) by extension 'ignore'
[0.161s] Level 1:colcon.colcon_core.package_identification:_identify(src/jaka_ros2/src/jaka_a20_moveit_config) by extension 'ignore_ament_install'
[0.161s] Level 1:colcon.colcon_core.package_identification:_identify(src/jaka_ros2/src/jaka_a20_moveit_config) by extensions ['colcon_pkg']
[0.161s] Level 1:colcon.colcon_core.package_identification:_identify(src/jaka_ros2/src/jaka_a20_moveit_config) by extension 'colcon_pkg'
[0.161s] Level 1:colcon.colcon_core.package_identification:_identify(src/jaka_ros2/src/jaka_a20_moveit_config) by extensions ['colcon_meta']
[0.161s] Level 1:colcon.colcon_core.package_identification:_identify(src/jaka_ros2/src/jaka_a20_moveit_config) by extension 'colcon_meta'
[0.161s] Level 1:colcon.colcon_core.package_identification:_identify(src/jaka_ros2/src/jaka_a20_moveit_config) by extensions ['ros']
[0.161s] Level 1:colcon.colcon_core.package_identification:_identify(src/jaka_ros2/src/jaka_a20_moveit_config) by extension 'ros'
[0.162s] DEBUG:colcon.colcon_core.package_identification:Package 'src/jaka_ros2/src/jaka_a20_moveit_config' with type 'ros.ament_cmake' and name 'jaka_a20_moveit_config'
[0.162s] Level 1:colcon.colcon_core.package_identification:_identify(src/jaka_ros2/src/jaka_a5_moveit_config) by extensions ['ignore', 'ignore_ament_install']
[0.162s] Level 1:colcon.colcon_core.package_identification:_identify(src/jaka_ros2/src/jaka_a5_moveit_config) by extension 'ignore'
[0.162s] Level 1:colcon.colcon_core.package_identification:_identify(src/jaka_ros2/src/jaka_a5_moveit_config) by extension 'ignore_ament_install'
[0.162s] Level 1:colcon.colcon_core.package_identification:_identify(src/jaka_ros2/src/jaka_a5_moveit_config) by extensions ['colcon_pkg']
[0.162s] Level 1:colcon.colcon_core.package_identification:_identify(src/jaka_ros2/src/jaka_a5_moveit_config) by extension 'colcon_pkg'
[0.162s] Level 1:colcon.colcon_core.package_identification:_identify(src/jaka_ros2/src/jaka_a5_moveit_config) by extensions ['colcon_meta']
[0.162s] Level 1:colcon.colcon_core.package_identification:_identify(src/jaka_ros2/src/jaka_a5_moveit_config) by extension 'colcon_meta'
[0.162s] Level 1:colcon.colcon_core.package_identification:_identify(src/jaka_ros2/src/jaka_a5_moveit_config) by extensions ['ros']
[0.162s] Level 1:colcon.colcon_core.package_identification:_identify(src/jaka_ros2/src/jaka_a5_moveit_config) by extension 'ros'
[0.162s] DEBUG:colcon.colcon_core.package_identification:Package 'src/jaka_ros2/src/jaka_a5_moveit_config' with type 'ros.ament_cmake' and name 'jaka_a5_moveit_config'
[0.163s] Level 1:colcon.colcon_core.package_identification:_identify(src/jaka_ros2/src/jaka_c12_moveit_config) by extensions ['ignore', 'ignore_ament_install']
[0.163s] Level 1:colcon.colcon_core.package_identification:_identify(src/jaka_ros2/src/jaka_c12_moveit_config) by extension 'ignore'
[0.163s] Level 1:colcon.colcon_core.package_identification:_identify(src/jaka_ros2/src/jaka_c12_moveit_config) by extension 'ignore_ament_install'
[0.163s] Level 1:colcon.colcon_core.package_identification:_identify(src/jaka_ros2/src/jaka_c12_moveit_config) by extensions ['colcon_pkg']
[0.163s] Level 1:colcon.colcon_core.package_identification:_identify(src/jaka_ros2/src/jaka_c12_moveit_config) by extension 'colcon_pkg'
[0.163s] Level 1:colcon.colcon_core.package_identification:_identify(src/jaka_ros2/src/jaka_c12_moveit_config) by extensions ['colcon_meta']
[0.163s] Level 1:colcon.colcon_core.package_identification:_identify(src/jaka_ros2/src/jaka_c12_moveit_config) by extension 'colcon_meta'
[0.163s] Level 1:colcon.colcon_core.package_identification:_identify(src/jaka_ros2/src/jaka_c12_moveit_config) by extensions ['ros']
[0.163s] Level 1:colcon.colcon_core.package_identification:_identify(src/jaka_ros2/src/jaka_c12_moveit_config) by extension 'ros'
[0.163s] DEBUG:colcon.colcon_core.package_identification:Package 'src/jaka_ros2/src/jaka_c12_moveit_config' with type 'ros.ament_cmake' and name 'jaka_c12_moveit_config'
[0.163s] Level 1:colcon.colcon_core.package_identification:_identify(src/jaka_ros2/src/jaka_c5_moveit_config) by extensions ['ignore', 'ignore_ament_install']
[0.163s] Level 1:colcon.colcon_core.package_identification:_identify(src/jaka_ros2/src/jaka_c5_moveit_config) by extension 'ignore'
[0.163s] Level 1:colcon.colcon_core.package_identification:_identify(src/jaka_ros2/src/jaka_c5_moveit_config) by extension 'ignore_ament_install'
[0.163s] Level 1:colcon.colcon_core.package_identification:_identify(src/jaka_ros2/src/jaka_c5_moveit_config) by extensions ['colcon_pkg']
[0.163s] Level 1:colcon.colcon_core.package_identification:_identify(src/jaka_ros2/src/jaka_c5_moveit_config) by extension 'colcon_pkg'
[0.163s] Level 1:colcon.colcon_core.package_identification:_identify(src/jaka_ros2/src/jaka_c5_moveit_config) by extensions ['colcon_meta']
[0.163s] Level 1:colcon.colcon_core.package_identification:_identify(src/jaka_ros2/src/jaka_c5_moveit_config) by extension 'colcon_meta'
[0.164s] Level 1:colcon.colcon_core.package_identification:_identify(src/jaka_ros2/src/jaka_c5_moveit_config) by extensions ['ros']
[0.164s] Level 1:colcon.colcon_core.package_identification:_identify(src/jaka_ros2/src/jaka_c5_moveit_config) by extension 'ros'
[0.164s] DEBUG:colcon.colcon_core.package_identification:Package 'src/jaka_ros2/src/jaka_c5_moveit_config' with type 'ros.ament_cmake' and name 'jaka_c5_moveit_config'
[0.164s] Level 1:colcon.colcon_core.package_identification:_identify(src/jaka_ros2/src/jaka_c7_moveit_config) by extensions ['ignore', 'ignore_ament_install']
[0.164s] Level 1:colcon.colcon_core.package_identification:_identify(src/jaka_ros2/src/jaka_c7_moveit_config) by extension 'ignore'
[0.164s] Level 1:colcon.colcon_core.package_identification:_identify(src/jaka_ros2/src/jaka_c7_moveit_config) by extension 'ignore_ament_install'
[0.164s] Level 1:colcon.colcon_core.package_identification:_identify(src/jaka_ros2/src/jaka_c7_moveit_config) by extensions ['colcon_pkg']
[0.164s] Level 1:colcon.colcon_core.package_identification:_identify(src/jaka_ros2/src/jaka_c7_moveit_config) by extension 'colcon_pkg'
[0.164s] Level 1:colcon.colcon_core.package_identification:_identify(src/jaka_ros2/src/jaka_c7_moveit_config) by extensions ['colcon_meta']
[0.164s] Level 1:colcon.colcon_core.package_identification:_identify(src/jaka_ros2/src/jaka_c7_moveit_config) by extension 'colcon_meta'
[0.164s] Level 1:colcon.colcon_core.package_identification:_identify(src/jaka_ros2/src/jaka_c7_moveit_config) by extensions ['ros']
[0.164s] Level 1:colcon.colcon_core.package_identification:_identify(src/jaka_ros2/src/jaka_c7_moveit_config) by extension 'ros'
[0.165s] DEBUG:colcon.colcon_core.package_identification:Package 'src/jaka_ros2/src/jaka_c7_moveit_config' with type 'ros.ament_cmake' and name 'jaka_c7_moveit_config'
[0.165s] Level 1:colcon.colcon_core.package_identification:_identify(src/jaka_ros2/src/jaka_description) by extensions ['ignore', 'ignore_ament_install']
[0.165s] Level 1:colcon.colcon_core.package_identification:_identify(src/jaka_ros2/src/jaka_description) by extension 'ignore'
[0.165s] Level 1:colcon.colcon_core.package_identification:_identify(src/jaka_ros2/src/jaka_description) by extension 'ignore_ament_install'
[0.165s] Level 1:colcon.colcon_core.package_identification:_identify(src/jaka_ros2/src/jaka_description) by extensions ['colcon_pkg']
[0.165s] Level 1:colcon.colcon_core.package_identification:_identify(src/jaka_ros2/src/jaka_description) by extension 'colcon_pkg'
[0.165s] Level 1:colcon.colcon_core.package_identification:_identify(src/jaka_ros2/src/jaka_description) by extensions ['colcon_meta']
[0.165s] Level 1:colcon.colcon_core.package_identification:_identify(src/jaka_ros2/src/jaka_description) by extension 'colcon_meta'
[0.165s] Level 1:colcon.colcon_core.package_identification:_identify(src/jaka_ros2/src/jaka_description) by extensions ['ros']
[0.165s] Level 1:colcon.colcon_core.package_identification:_identify(src/jaka_ros2/src/jaka_description) by extension 'ros'
[0.165s] DEBUG:colcon.colcon_core.package_identification:Package 'src/jaka_ros2/src/jaka_description' with type 'ros.ament_cmake' and name 'jaka_description'
[0.166s] Level 1:colcon.colcon_core.package_identification:_identify(src/jaka_ros2/src/jaka_driver) by extensions ['ignore', 'ignore_ament_install']
[0.166s] Level 1:colcon.colcon_core.package_identification:_identify(src/jaka_ros2/src/jaka_driver) by extension 'ignore'
[0.166s] Level 1:colcon.colcon_core.package_identification:_identify(src/jaka_ros2/src/jaka_driver) by extension 'ignore_ament_install'
[0.166s] Level 1:colcon.colcon_core.package_identification:_identify(src/jaka_ros2/src/jaka_driver) by extensions ['colcon_pkg']
[0.166s] Level 1:colcon.colcon_core.package_identification:_identify(src/jaka_ros2/src/jaka_driver) by extension 'colcon_pkg'
[0.166s] Level 1:colcon.colcon_core.package_identification:_identify(src/jaka_ros2/src/jaka_driver) by extensions ['colcon_meta']
[0.166s] Level 1:colcon.colcon_core.package_identification:_identify(src/jaka_ros2/src/jaka_driver) by extension 'colcon_meta'
[0.166s] Level 1:colcon.colcon_core.package_identification:_identify(src/jaka_ros2/src/jaka_driver) by extensions ['ros']
[0.166s] Level 1:colcon.colcon_core.package_identification:_identify(src/jaka_ros2/src/jaka_driver) by extension 'ros'
[0.166s] DEBUG:colcon.colcon_core.package_identification:Package 'src/jaka_ros2/src/jaka_driver' with type 'ros.ament_cmake' and name 'jaka_driver'
[0.166s] Level 1:colcon.colcon_core.package_identification:_identify(src/jaka_ros2/src/jaka_minicobo_moveit_config) by extensions ['ignore', 'ignore_ament_install']
[0.166s] Level 1:colcon.colcon_core.package_identification:_identify(src/jaka_ros2/src/jaka_minicobo_moveit_config) by extension 'ignore'
[0.166s] Level 1:colcon.colcon_core.package_identification:_identify(src/jaka_ros2/src/jaka_minicobo_moveit_config) by extension 'ignore_ament_install'
[0.166s] Level 1:colcon.colcon_core.package_identification:_identify(src/jaka_ros2/src/jaka_minicobo_moveit_config) by extensions ['colcon_pkg']
[0.166s] Level 1:colcon.colcon_core.package_identification:_identify(src/jaka_ros2/src/jaka_minicobo_moveit_config) by extension 'colcon_pkg'
[0.166s] Level 1:colcon.colcon_core.package_identification:_identify(src/jaka_ros2/src/jaka_minicobo_moveit_config) by extensions ['colcon_meta']
[0.166s] Level 1:colcon.colcon_core.package_identification:_identify(src/jaka_ros2/src/jaka_minicobo_moveit_config) by extension 'colcon_meta'
[0.166s] Level 1:colcon.colcon_core.package_identification:_identify(src/jaka_ros2/src/jaka_minicobo_moveit_config) by extensions ['ros']
[0.166s] Level 1:colcon.colcon_core.package_identification:_identify(src/jaka_ros2/src/jaka_minicobo_moveit_config) by extension 'ros'
[0.167s] DEBUG:colcon.colcon_core.package_identification:Package 'src/jaka_ros2/src/jaka_minicobo_moveit_config' with type 'ros.ament_cmake' and name 'jaka_minicobo_moveit_config'
[0.167s] Level 1:colcon.colcon_core.package_identification:_identify(src/jaka_ros2/src/jaka_msgs) by extensions ['ignore', 'ignore_ament_install']
[0.167s] Level 1:colcon.colcon_core.package_identification:_identify(src/jaka_ros2/src/jaka_msgs) by extension 'ignore'
[0.167s] Level 1:colcon.colcon_core.package_identification:_identify(src/jaka_ros2/src/jaka_msgs) by extension 'ignore_ament_install'
[0.167s] Level 1:colcon.colcon_core.package_identification:_identify(src/jaka_ros2/src/jaka_msgs) by extensions ['colcon_pkg']
[0.167s] Level 1:colcon.colcon_core.package_identification:_identify(src/jaka_ros2/src/jaka_msgs) by extension 'colcon_pkg'
[0.167s] Level 1:colcon.colcon_core.package_identification:_identify(src/jaka_ros2/src/jaka_msgs) by extensions ['colcon_meta']
[0.167s] Level 1:colcon.colcon_core.package_identification:_identify(src/jaka_ros2/src/jaka_msgs) by extension 'colcon_meta'
[0.167s] Level 1:colcon.colcon_core.package_identification:_identify(src/jaka_ros2/src/jaka_msgs) by extensions ['ros']
[0.167s] Level 1:colcon.colcon_core.package_identification:_identify(src/jaka_ros2/src/jaka_msgs) by extension 'ros'
[0.167s] DEBUG:colcon.colcon_core.package_identification:Package 'src/jaka_ros2/src/jaka_msgs' with type 'ros.ament_cmake' and name 'jaka_msgs'
[0.168s] Level 1:colcon.colcon_core.package_identification:_identify(src/jaka_ros2/src/jaka_planner) by extensions ['ignore', 'ignore_ament_install']
[0.168s] Level 1:colcon.colcon_core.package_identification:_identify(src/jaka_ros2/src/jaka_planner) by extension 'ignore'
[0.168s] Level 1:colcon.colcon_core.package_identification:_identify(src/jaka_ros2/src/jaka_planner) by extension 'ignore_ament_install'
[0.168s] Level 1:colcon.colcon_core.package_identification:_identify(src/jaka_ros2/src/jaka_planner) by extensions ['colcon_pkg']
[0.168s] Level 1:colcon.colcon_core.package_identification:_identify(src/jaka_ros2/src/jaka_planner) by extension 'colcon_pkg'
[0.168s] Level 1:colcon.colcon_core.package_identification:_identify(src/jaka_ros2/src/jaka_planner) by extensions ['colcon_meta']
[0.168s] Level 1:colcon.colcon_core.package_identification:_identify(src/jaka_ros2/src/jaka_planner) by extension 'colcon_meta'
[0.168s] Level 1:colcon.colcon_core.package_identification:_identify(src/jaka_ros2/src/jaka_planner) by extensions ['ros']
[0.168s] Level 1:colcon.colcon_core.package_identification:_identify(src/jaka_ros2/src/jaka_planner) by extension 'ros'
[0.168s] DEBUG:colcon.colcon_core.package_identification:Package 'src/jaka_ros2/src/jaka_planner' with type 'ros.ament_cmake' and name 'jaka_planner'
[0.168s] Level 1:colcon.colcon_core.package_identification:_identify(src/jaka_ros2/src/jaka_pro12_moveit_config) by extensions ['ignore', 'ignore_ament_install']
[0.168s] Level 1:colcon.colcon_core.package_identification:_identify(src/jaka_ros2/src/jaka_pro12_moveit_config) by extension 'ignore'
[0.168s] Level 1:colcon.colcon_core.package_identification:_identify(src/jaka_ros2/src/jaka_pro12_moveit_config) by extension 'ignore_ament_install'
[0.168s] Level 1:colcon.colcon_core.package_identification:_identify(src/jaka_ros2/src/jaka_pro12_moveit_config) by extensions ['colcon_pkg']
[0.168s] Level 1:colcon.colcon_core.package_identification:_identify(src/jaka_ros2/src/jaka_pro12_moveit_config) by extension 'colcon_pkg'
[0.168s] Level 1:colcon.colcon_core.package_identification:_identify(src/jaka_ros2/src/jaka_pro12_moveit_config) by extensions ['colcon_meta']
[0.168s] Level 1:colcon.colcon_core.package_identification:_identify(src/jaka_ros2/src/jaka_pro12_moveit_config) by extension 'colcon_meta'
[0.168s] Level 1:colcon.colcon_core.package_identification:_identify(src/jaka_ros2/src/jaka_pro12_moveit_config) by extensions ['ros']
[0.168s] Level 1:colcon.colcon_core.package_identification:_identify(src/jaka_ros2/src/jaka_pro12_moveit_config) by extension 'ros'
[0.169s] DEBUG:colcon.colcon_core.package_identification:Package 'src/jaka_ros2/src/jaka_pro12_moveit_config' with type 'ros.ament_cmake' and name 'jaka_pro12_moveit_config'
[0.169s] Level 1:colcon.colcon_core.package_identification:_identify(src/jaka_ros2/src/jaka_pro16_moveit_config) by extensions ['ignore', 'ignore_ament_install']
[0.169s] Level 1:colcon.colcon_core.package_identification:_identify(src/jaka_ros2/src/jaka_pro16_moveit_config) by extension 'ignore'
[0.169s] Level 1:colcon.colcon_core.package_identification:_identify(src/jaka_ros2/src/jaka_pro16_moveit_config) by extension 'ignore_ament_install'
[0.169s] Level 1:colcon.colcon_core.package_identification:_identify(src/jaka_ros2/src/jaka_pro16_moveit_config) by extensions ['colcon_pkg']
[0.169s] Level 1:colcon.colcon_core.package_identification:_identify(src/jaka_ros2/src/jaka_pro16_moveit_config) by extension 'colcon_pkg'
[0.169s] Level 1:colcon.colcon_core.package_identification:_identify(src/jaka_ros2/src/jaka_pro16_moveit_config) by extensions ['colcon_meta']
[0.169s] Level 1:colcon.colcon_core.package_identification:_identify(src/jaka_ros2/src/jaka_pro16_moveit_config) by extension 'colcon_meta'
[0.169s] Level 1:colcon.colcon_core.package_identification:_identify(src/jaka_ros2/src/jaka_pro16_moveit_config) by extensions ['ros']
[0.169s] Level 1:colcon.colcon_core.package_identification:_identify(src/jaka_ros2/src/jaka_pro16_moveit_config) by extension 'ros'
[0.169s] DEBUG:colcon.colcon_core.package_identification:Package 'src/jaka_ros2/src/jaka_pro16_moveit_config' with type 'ros.ament_cmake' and name 'jaka_pro16_moveit_config'
[0.170s] Level 1:colcon.colcon_core.package_identification:_identify(src/jaka_ros2/src/jaka_pro18_moveit_config) by extensions ['ignore', 'ignore_ament_install']
[0.170s] Level 1:colcon.colcon_core.package_identification:_identify(src/jaka_ros2/src/jaka_pro18_moveit_config) by extension 'ignore'
[0.170s] Level 1:colcon.colcon_core.package_identification:_identify(src/jaka_ros2/src/jaka_pro18_moveit_config) by extension 'ignore_ament_install'
[0.170s] Level 1:colcon.colcon_core.package_identification:_identify(src/jaka_ros2/src/jaka_pro18_moveit_config) by extensions ['colcon_pkg']
[0.170s] Level 1:colcon.colcon_core.package_identification:_identify(src/jaka_ros2/src/jaka_pro18_moveit_config) by extension 'colcon_pkg'
[0.170s] Level 1:colcon.colcon_core.package_identification:_identify(src/jaka_ros2/src/jaka_pro18_moveit_config) by extensions ['colcon_meta']
[0.170s] Level 1:colcon.colcon_core.package_identification:_identify(src/jaka_ros2/src/jaka_pro18_moveit_config) by extension 'colcon_meta'
[0.170s] Level 1:colcon.colcon_core.package_identification:_identify(src/jaka_ros2/src/jaka_pro18_moveit_config) by extensions ['ros']
[0.170s] Level 1:colcon.colcon_core.package_identification:_identify(src/jaka_ros2/src/jaka_pro18_moveit_config) by extension 'ros'
[0.170s] DEBUG:colcon.colcon_core.package_identification:Package 'src/jaka_ros2/src/jaka_pro18_moveit_config' with type 'ros.ament_cmake' and name 'jaka_pro18_moveit_config'
[0.170s] Level 1:colcon.colcon_core.package_identification:_identify(src/jaka_ros2/src/jaka_pro5_moveit_config) by extensions ['ignore', 'ignore_ament_install']
[0.170s] Level 1:colcon.colcon_core.package_identification:_identify(src/jaka_ros2/src/jaka_pro5_moveit_config) by extension 'ignore'
[0.170s] Level 1:colcon.colcon_core.package_identification:_identify(src/jaka_ros2/src/jaka_pro5_moveit_config) by extension 'ignore_ament_install'
[0.170s] Level 1:colcon.colcon_core.package_identification:_identify(src/jaka_ros2/src/jaka_pro5_moveit_config) by extensions ['colcon_pkg']
[0.170s] Level 1:colcon.colcon_core.package_identification:_identify(src/jaka_ros2/src/jaka_pro5_moveit_config) by extension 'colcon_pkg'
[0.170s] Level 1:colcon.colcon_core.package_identification:_identify(src/jaka_ros2/src/jaka_pro5_moveit_config) by extensions ['colcon_meta']
[0.170s] Level 1:colcon.colcon_core.package_identification:_identify(src/jaka_ros2/src/jaka_pro5_moveit_config) by extension 'colcon_meta'
[0.170s] Level 1:colcon.colcon_core.package_identification:_identify(src/jaka_ros2/src/jaka_pro5_moveit_config) by extensions ['ros']
[0.170s] Level 1:colcon.colcon_core.package_identification:_identify(src/jaka_ros2/src/jaka_pro5_moveit_config) by extension 'ros'
[0.171s] DEBUG:colcon.colcon_core.package_identification:Package 'src/jaka_ros2/src/jaka_pro5_moveit_config' with type 'ros.ament_cmake' and name 'jaka_pro5_moveit_config'
[0.171s] Level 1:colcon.colcon_core.package_identification:_identify(src/jaka_ros2/src/jaka_pro7_moveit_config) by extensions ['ignore', 'ignore_ament_install']
[0.171s] Level 1:colcon.colcon_core.package_identification:_identify(src/jaka_ros2/src/jaka_pro7_moveit_config) by extension 'ignore'
[0.171s] Level 1:colcon.colcon_core.package_identification:_identify(src/jaka_ros2/src/jaka_pro7_moveit_config) by extension 'ignore_ament_install'
[0.171s] Level 1:colcon.colcon_core.package_identification:_identify(src/jaka_ros2/src/jaka_pro7_moveit_config) by extensions ['colcon_pkg']
[0.171s] Level 1:colcon.colcon_core.package_identification:_identify(src/jaka_ros2/src/jaka_pro7_moveit_config) by extension 'colcon_pkg'
[0.171s] Level 1:colcon.colcon_core.package_identification:_identify(src/jaka_ros2/src/jaka_pro7_moveit_config) by extensions ['colcon_meta']
[0.171s] Level 1:colcon.colcon_core.package_identification:_identify(src/jaka_ros2/src/jaka_pro7_moveit_config) by extension 'colcon_meta'
[0.171s] Level 1:colcon.colcon_core.package_identification:_identify(src/jaka_ros2/src/jaka_pro7_moveit_config) by extensions ['ros']
[0.171s] Level 1:colcon.colcon_core.package_identification:_identify(src/jaka_ros2/src/jaka_pro7_moveit_config) by extension 'ros'
[0.172s] DEBUG:colcon.colcon_core.package_identification:Package 'src/jaka_ros2/src/jaka_pro7_moveit_config' with type 'ros.ament_cmake' and name 'jaka_pro7_moveit_config'
[0.172s] Level 1:colcon.colcon_core.package_identification:_identify(src/jaka_ros2/src/jaka_s12_moveit_config) by extensions ['ignore', 'ignore_ament_install']
[0.172s] Level 1:colcon.colcon_core.package_identification:_identify(src/jaka_ros2/src/jaka_s12_moveit_config) by extension 'ignore'
[0.172s] Level 1:colcon.colcon_core.package_identification:_identify(src/jaka_ros2/src/jaka_s12_moveit_config) by extension 'ignore_ament_install'
[0.172s] Level 1:colcon.colcon_core.package_identification:_identify(src/jaka_ros2/src/jaka_s12_moveit_config) by extensions ['colcon_pkg']
[0.172s] Level 1:colcon.colcon_core.package_identification:_identify(src/jaka_ros2/src/jaka_s12_moveit_config) by extension 'colcon_pkg'
[0.173s] Level 1:colcon.colcon_core.package_identification:_identify(src/jaka_ros2/src/jaka_s12_moveit_config) by extensions ['colcon_meta']
[0.173s] Level 1:colcon.colcon_core.package_identification:_identify(src/jaka_ros2/src/jaka_s12_moveit_config) by extension 'colcon_meta'
[0.173s] Level 1:colcon.colcon_core.package_identification:_identify(src/jaka_ros2/src/jaka_s12_moveit_config) by extensions ['ros']
[0.173s] Level 1:colcon.colcon_core.package_identification:_identify(src/jaka_ros2/src/jaka_s12_moveit_config) by extension 'ros'
[0.173s] DEBUG:colcon.colcon_core.package_identification:Package 'src/jaka_ros2/src/jaka_s12_moveit_config' with type 'ros.ament_cmake' and name 'jaka_s12_moveit_config'
[0.173s] Level 1:colcon.colcon_core.package_identification:_identify(src/jaka_ros2/src/jaka_s5_moveit_config) by extensions ['ignore', 'ignore_ament_install']
[0.173s] Level 1:colcon.colcon_core.package_identification:_identify(src/jaka_ros2/src/jaka_s5_moveit_config) by extension 'ignore'
[0.173s] Level 1:colcon.colcon_core.package_identification:_identify(src/jaka_ros2/src/jaka_s5_moveit_config) by extension 'ignore_ament_install'
[0.173s] Level 1:colcon.colcon_core.package_identification:_identify(src/jaka_ros2/src/jaka_s5_moveit_config) by extensions ['colcon_pkg']
[0.173s] Level 1:colcon.colcon_core.package_identification:_identify(src/jaka_ros2/src/jaka_s5_moveit_config) by extension 'colcon_pkg'
[0.173s] Level 1:colcon.colcon_core.package_identification:_identify(src/jaka_ros2/src/jaka_s5_moveit_config) by extensions ['colcon_meta']
[0.173s] Level 1:colcon.colcon_core.package_identification:_identify(src/jaka_ros2/src/jaka_s5_moveit_config) by extension 'colcon_meta'
[0.173s] Level 1:colcon.colcon_core.package_identification:_identify(src/jaka_ros2/src/jaka_s5_moveit_config) by extensions ['ros']
[0.173s] Level 1:colcon.colcon_core.package_identification:_identify(src/jaka_ros2/src/jaka_s5_moveit_config) by extension 'ros'
[0.174s] DEBUG:colcon.colcon_core.package_identification:Package 'src/jaka_ros2/src/jaka_s5_moveit_config' with type 'ros.ament_cmake' and name 'jaka_s5_moveit_config'
[0.174s] Level 1:colcon.colcon_core.package_identification:_identify(src/jaka_ros2/src/jaka_s7_moveit_config) by extensions ['ignore', 'ignore_ament_install']
[0.174s] Level 1:colcon.colcon_core.package_identification:_identify(src/jaka_ros2/src/jaka_s7_moveit_config) by extension 'ignore'
[0.174s] Level 1:colcon.colcon_core.package_identification:_identify(src/jaka_ros2/src/jaka_s7_moveit_config) by extension 'ignore_ament_install'
[0.174s] Level 1:colcon.colcon_core.package_identification:_identify(src/jaka_ros2/src/jaka_s7_moveit_config) by extensions ['colcon_pkg']
[0.174s] Level 1:colcon.colcon_core.package_identification:_identify(src/jaka_ros2/src/jaka_s7_moveit_config) by extension 'colcon_pkg'
[0.174s] Level 1:colcon.colcon_core.package_identification:_identify(src/jaka_ros2/src/jaka_s7_moveit_config) by extensions ['colcon_meta']
[0.174s] Level 1:colcon.colcon_core.package_identification:_identify(src/jaka_ros2/src/jaka_s7_moveit_config) by extension 'colcon_meta'
[0.174s] Level 1:colcon.colcon_core.package_identification:_identify(src/jaka_ros2/src/jaka_s7_moveit_config) by extensions ['ros']
[0.174s] Level 1:colcon.colcon_core.package_identification:_identify(src/jaka_ros2/src/jaka_s7_moveit_config) by extension 'ros'
[0.175s] DEBUG:colcon.colcon_core.package_identification:Package 'src/jaka_ros2/src/jaka_s7_moveit_config' with type 'ros.ament_cmake' and name 'jaka_s7_moveit_config'
[0.175s] Level 1:colcon.colcon_core.package_identification:_identify(src/jaka_ros2/src/jaka_zu12_moveit_config) by extensions ['ignore', 'ignore_ament_install']
[0.181s] Level 1:colcon.colcon_core.package_identification:_identify(src/jaka_ros2/src/jaka_zu12_moveit_config) by extension 'ignore'
[0.181s] Level 1:colcon.colcon_core.package_identification:_identify(src/jaka_ros2/src/jaka_zu12_moveit_config) by extension 'ignore_ament_install'
[0.181s] Level 1:colcon.colcon_core.package_identification:_identify(src/jaka_ros2/src/jaka_zu12_moveit_config) by extensions ['colcon_pkg']
[0.181s] Level 1:colcon.colcon_core.package_identification:_identify(src/jaka_ros2/src/jaka_zu12_moveit_config) by extension 'colcon_pkg'
[0.181s] Level 1:colcon.colcon_core.package_identification:_identify(src/jaka_ros2/src/jaka_zu12_moveit_config) by extensions ['colcon_meta']
[0.181s] Level 1:colcon.colcon_core.package_identification:_identify(src/jaka_ros2/src/jaka_zu12_moveit_config) by extension 'colcon_meta'
[0.181s] Level 1:colcon.colcon_core.package_identification:_identify(src/jaka_ros2/src/jaka_zu12_moveit_config) by extensions ['ros']
[0.181s] Level 1:colcon.colcon_core.package_identification:_identify(src/jaka_ros2/src/jaka_zu12_moveit_config) by extension 'ros'
[0.181s] DEBUG:colcon.colcon_core.package_identification:Package 'src/jaka_ros2/src/jaka_zu12_moveit_config' with type 'ros.ament_cmake' and name 'jaka_zu12_moveit_config'
[0.181s] Level 1:colcon.colcon_core.package_identification:_identify(src/jaka_ros2/src/jaka_zu18_moveit_config) by extensions ['ignore', 'ignore_ament_install']
[0.182s] Level 1:colcon.colcon_core.package_identification:_identify(src/jaka_ros2/src/jaka_zu18_moveit_config) by extension 'ignore'
[0.182s] Level 1:colcon.colcon_core.package_identification:_identify(src/jaka_ros2/src/jaka_zu18_moveit_config) by extension 'ignore_ament_install'
[0.182s] Level 1:colcon.colcon_core.package_identification:_identify(src/jaka_ros2/src/jaka_zu18_moveit_config) by extensions ['colcon_pkg']
[0.182s] Level 1:colcon.colcon_core.package_identification:_identify(src/jaka_ros2/src/jaka_zu18_moveit_config) by extension 'colcon_pkg'
[0.182s] Level 1:colcon.colcon_core.package_identification:_identify(src/jaka_ros2/src/jaka_zu18_moveit_config) by extensions ['colcon_meta']
[0.182s] Level 1:colcon.colcon_core.package_identification:_identify(src/jaka_ros2/src/jaka_zu18_moveit_config) by extension 'colcon_meta'
[0.182s] Level 1:colcon.colcon_core.package_identification:_identify(src/jaka_ros2/src/jaka_zu18_moveit_config) by extensions ['ros']
[0.182s] Level 1:colcon.colcon_core.package_identification:_identify(src/jaka_ros2/src/jaka_zu18_moveit_config) by extension 'ros'
[0.182s] DEBUG:colcon.colcon_core.package_identification:Package 'src/jaka_ros2/src/jaka_zu18_moveit_config' with type 'ros.ament_cmake' and name 'jaka_zu18_moveit_config'
[0.182s] Level 1:colcon.colcon_core.package_identification:_identify(src/jaka_ros2/src/jaka_zu20_moveit_config) by extensions ['ignore', 'ignore_ament_install']
[0.182s] Level 1:colcon.colcon_core.package_identification:_identify(src/jaka_ros2/src/jaka_zu20_moveit_config) by extension 'ignore'
[0.182s] Level 1:colcon.colcon_core.package_identification:_identify(src/jaka_ros2/src/jaka_zu20_moveit_config) by extension 'ignore_ament_install'
[0.182s] Level 1:colcon.colcon_core.package_identification:_identify(src/jaka_ros2/src/jaka_zu20_moveit_config) by extensions ['colcon_pkg']
[0.182s] Level 1:colcon.colcon_core.package_identification:_identify(src/jaka_ros2/src/jaka_zu20_moveit_config) by extension 'colcon_pkg'
[0.182s] Level 1:colcon.colcon_core.package_identification:_identify(src/jaka_ros2/src/jaka_zu20_moveit_config) by extensions ['colcon_meta']
[0.182s] Level 1:colcon.colcon_core.package_identification:_identify(src/jaka_ros2/src/jaka_zu20_moveit_config) by extension 'colcon_meta'
[0.182s] Level 1:colcon.colcon_core.package_identification:_identify(src/jaka_ros2/src/jaka_zu20_moveit_config) by extensions ['ros']
[0.182s] Level 1:colcon.colcon_core.package_identification:_identify(src/jaka_ros2/src/jaka_zu20_moveit_config) by extension 'ros'
[0.183s] DEBUG:colcon.colcon_core.package_identification:Package 'src/jaka_ros2/src/jaka_zu20_moveit_config' with type 'ros.ament_cmake' and name 'jaka_zu20_moveit_config'
[0.183s] Level 1:colcon.colcon_core.package_identification:_identify(src/jaka_ros2/src/jaka_zu30_moveit_config) by extensions ['ignore', 'ignore_ament_install']
[0.183s] Level 1:colcon.colcon_core.package_identification:_identify(src/jaka_ros2/src/jaka_zu30_moveit_config) by extension 'ignore'
[0.183s] Level 1:colcon.colcon_core.package_identification:_identify(src/jaka_ros2/src/jaka_zu30_moveit_config) by extension 'ignore_ament_install'
[0.183s] Level 1:colcon.colcon_core.package_identification:_identify(src/jaka_ros2/src/jaka_zu30_moveit_config) by extensions ['colcon_pkg']
[0.183s] Level 1:colcon.colcon_core.package_identification:_identify(src/jaka_ros2/src/jaka_zu30_moveit_config) by extension 'colcon_pkg'
[0.183s] Level 1:colcon.colcon_core.package_identification:_identify(src/jaka_ros2/src/jaka_zu30_moveit_config) by extensions ['colcon_meta']
[0.183s] Level 1:colcon.colcon_core.package_identification:_identify(src/jaka_ros2/src/jaka_zu30_moveit_config) by extension 'colcon_meta'
[0.183s] Level 1:colcon.colcon_core.package_identification:_identify(src/jaka_ros2/src/jaka_zu30_moveit_config) by extensions ['ros']
[0.183s] Level 1:colcon.colcon_core.package_identification:_identify(src/jaka_ros2/src/jaka_zu30_moveit_config) by extension 'ros'
[0.184s] DEBUG:colcon.colcon_core.package_identification:Package 'src/jaka_ros2/src/jaka_zu30_moveit_config' with type 'ros.ament_cmake' and name 'jaka_zu30_moveit_config'
[0.184s] Level 1:colcon.colcon_core.package_identification:_identify(src/jaka_ros2/src/jaka_zu3_moveit_config) by extensions ['ignore', 'ignore_ament_install']
[0.184s] Level 1:colcon.colcon_core.package_identification:_identify(src/jaka_ros2/src/jaka_zu3_moveit_config) by extension 'ignore'
[0.184s] Level 1:colcon.colcon_core.package_identification:_identify(src/jaka_ros2/src/jaka_zu3_moveit_config) by extension 'ignore_ament_install'
[0.184s] Level 1:colcon.colcon_core.package_identification:_identify(src/jaka_ros2/src/jaka_zu3_moveit_config) by extensions ['colcon_pkg']
[0.184s] Level 1:colcon.colcon_core.package_identification:_identify(src/jaka_ros2/src/jaka_zu3_moveit_config) by extension 'colcon_pkg'
[0.184s] Level 1:colcon.colcon_core.package_identification:_identify(src/jaka_ros2/src/jaka_zu3_moveit_config) by extensions ['colcon_meta']
[0.184s] Level 1:colcon.colcon_core.package_identification:_identify(src/jaka_ros2/src/jaka_zu3_moveit_config) by extension 'colcon_meta'
[0.184s] Level 1:colcon.colcon_core.package_identification:_identify(src/jaka_ros2/src/jaka_zu3_moveit_config) by extensions ['ros']
[0.184s] Level 1:colcon.colcon_core.package_identification:_identify(src/jaka_ros2/src/jaka_zu3_moveit_config) by extension 'ros'
[0.184s] DEBUG:colcon.colcon_core.package_identification:Package 'src/jaka_ros2/src/jaka_zu3_moveit_config' with type 'ros.ament_cmake' and name 'jaka_zu3_moveit_config'
[0.185s] Level 1:colcon.colcon_core.package_identification:_identify(src/jaka_ros2/src/jaka_zu5_moveit_config) by extensions ['ignore', 'ignore_ament_install']
[0.185s] Level 1:colcon.colcon_core.package_identification:_identify(src/jaka_ros2/src/jaka_zu5_moveit_config) by extension 'ignore'
[0.185s] Level 1:colcon.colcon_core.package_identification:_identify(src/jaka_ros2/src/jaka_zu5_moveit_config) by extension 'ignore_ament_install'
[0.185s] Level 1:colcon.colcon_core.package_identification:_identify(src/jaka_ros2/src/jaka_zu5_moveit_config) by extensions ['colcon_pkg']
[0.185s] Level 1:colcon.colcon_core.package_identification:_identify(src/jaka_ros2/src/jaka_zu5_moveit_config) by extension 'colcon_pkg'
[0.185s] Level 1:colcon.colcon_core.package_identification:_identify(src/jaka_ros2/src/jaka_zu5_moveit_config) by extensions ['colcon_meta']
[0.185s] Level 1:colcon.colcon_core.package_identification:_identify(src/jaka_ros2/src/jaka_zu5_moveit_config) by extension 'colcon_meta'
[0.185s] Level 1:colcon.colcon_core.package_identification:_identify(src/jaka_ros2/src/jaka_zu5_moveit_config) by extensions ['ros']
[0.185s] Level 1:colcon.colcon_core.package_identification:_identify(src/jaka_ros2/src/jaka_zu5_moveit_config) by extension 'ros'
[0.185s] DEBUG:colcon.colcon_core.package_identification:Package 'src/jaka_ros2/src/jaka_zu5_moveit_config' with type 'ros.ament_cmake' and name 'jaka_zu5_moveit_config'
[0.185s] Level 1:colcon.colcon_core.package_identification:_identify(src/jaka_ros2/src/jaka_zu7_moveit_config) by extensions ['ignore', 'ignore_ament_install']
[0.186s] Level 1:colcon.colcon_core.package_identification:_identify(src/jaka_ros2/src/jaka_zu7_moveit_config) by extension 'ignore'
[0.186s] Level 1:colcon.colcon_core.package_identification:_identify(src/jaka_ros2/src/jaka_zu7_moveit_config) by extension 'ignore_ament_install'
[0.186s] Level 1:colcon.colcon_core.package_identification:_identify(src/jaka_ros2/src/jaka_zu7_moveit_config) by extensions ['colcon_pkg']
[0.186s] Level 1:colcon.colcon_core.package_identification:_identify(src/jaka_ros2/src/jaka_zu7_moveit_config) by extension 'colcon_pkg'
[0.186s] Level 1:colcon.colcon_core.package_identification:_identify(src/jaka_ros2/src/jaka_zu7_moveit_config) by extensions ['colcon_meta']
[0.186s] Level 1:colcon.colcon_core.package_identification:_identify(src/jaka_ros2/src/jaka_zu7_moveit_config) by extension 'colcon_meta'
[0.186s] Level 1:colcon.colcon_core.package_identification:_identify(src/jaka_ros2/src/jaka_zu7_moveit_config) by extensions ['ros']
[0.186s] Level 1:colcon.colcon_core.package_identification:_identify(src/jaka_ros2/src/jaka_zu7_moveit_config) by extension 'ros'
[0.186s] DEBUG:colcon.colcon_core.package_identification:Package 'src/jaka_ros2/src/jaka_zu7_moveit_config' with type 'ros.ament_cmake' and name 'jaka_zu7_moveit_config'
[0.186s] Level 1:colcon.colcon_core.package_discovery:discover_packages(recursive) using defaults
[0.186s] Level 1:colcon.colcon_core.package_discovery:discover_packages(ignore) discover
[0.186s] Level 1:colcon.colcon_core.package_discovery:discover_packages(ignore) using defaults
[0.186s] Level 1:colcon.colcon_core.package_discovery:discover_packages(path) discover
[0.186s] Level 1:colcon.colcon_core.package_discovery:discover_packages(path) using defaults
[0.202s] INFO:colcon.colcon_core.package_selection:Skipping not selected package 'jaka_description' in 'src/jaka_ros2/src/jaka_description'
[0.202s] INFO:colcon.colcon_core.package_selection:Skipping not selected package 'jaka_msgs' in 'src/jaka_ros2/src/jaka_msgs'
[0.202s] INFO:colcon.colcon_core.package_selection:Skipping not selected package 'jaka_a20_moveit_config' in 'src/jaka_ros2/src/jaka_a20_moveit_config'
[0.202s] INFO:colcon.colcon_core.package_selection:Skipping not selected package 'jaka_a5_moveit_config' in 'src/jaka_ros2/src/jaka_a5_moveit_config'
[0.202s] INFO:colcon.colcon_core.package_selection:Skipping not selected package 'jaka_c12_moveit_config' in 'src/jaka_ros2/src/jaka_c12_moveit_config'
[0.202s] INFO:colcon.colcon_core.package_selection:Skipping not selected package 'jaka_c5_moveit_config' in 'src/jaka_ros2/src/jaka_c5_moveit_config'
[0.202s] INFO:colcon.colcon_core.package_selection:Skipping not selected package 'jaka_c7_moveit_config' in 'src/jaka_ros2/src/jaka_c7_moveit_config'
[0.202s] INFO:colcon.colcon_core.package_selection:Skipping not selected package 'jaka_driver' in 'src/jaka_ros2/src/jaka_driver'
[0.202s] INFO:colcon.colcon_core.package_selection:Skipping not selected package 'jaka_minicobo_moveit_config' in 'src/jaka_ros2/src/jaka_minicobo_moveit_config'
[0.202s] INFO:colcon.colcon_core.package_selection:Skipping not selected package 'jaka_planner' in 'src/jaka_ros2/src/jaka_planner'
[0.202s] INFO:colcon.colcon_core.package_selection:Skipping not selected package 'jaka_pro12_moveit_config' in 'src/jaka_ros2/src/jaka_pro12_moveit_config'
[0.202s] INFO:colcon.colcon_core.package_selection:Skipping not selected package 'jaka_pro16_moveit_config' in 'src/jaka_ros2/src/jaka_pro16_moveit_config'
[0.202s] INFO:colcon.colcon_core.package_selection:Skipping not selected package 'jaka_pro18_moveit_config' in 'src/jaka_ros2/src/jaka_pro18_moveit_config'
[0.202s] INFO:colcon.colcon_core.package_selection:Skipping not selected package 'jaka_pro5_moveit_config' in 'src/jaka_ros2/src/jaka_pro5_moveit_config'
[0.202s] INFO:colcon.colcon_core.package_selection:Skipping not selected package 'jaka_pro7_moveit_config' in 'src/jaka_ros2/src/jaka_pro7_moveit_config'
[0.202s] INFO:colcon.colcon_core.package_selection:Skipping not selected package 'jaka_s12_moveit_config' in 'src/jaka_ros2/src/jaka_s12_moveit_config'
[0.202s] INFO:colcon.colcon_core.package_selection:Skipping not selected package 'jaka_s5_moveit_config' in 'src/jaka_ros2/src/jaka_s5_moveit_config'
[0.202s] INFO:colcon.colcon_core.package_selection:Skipping not selected package 'jaka_s7_moveit_config' in 'src/jaka_ros2/src/jaka_s7_moveit_config'
[0.202s] INFO:colcon.colcon_core.package_selection:Skipping not selected package 'jaka_zu12_moveit_config' in 'src/jaka_ros2/src/jaka_zu12_moveit_config'
[0.202s] INFO:colcon.colcon_core.package_selection:Skipping not selected package 'jaka_zu18_moveit_config' in 'src/jaka_ros2/src/jaka_zu18_moveit_config'
[0.202s] INFO:colcon.colcon_core.package_selection:Skipping not selected package 'jaka_zu20_moveit_config' in 'src/jaka_ros2/src/jaka_zu20_moveit_config'
[0.202s] INFO:colcon.colcon_core.package_selection:Skipping not selected package 'jaka_zu30_moveit_config' in 'src/jaka_ros2/src/jaka_zu30_moveit_config'
[0.202s] INFO:colcon.colcon_core.package_selection:Skipping not selected package 'jaka_zu3_moveit_config' in 'src/jaka_ros2/src/jaka_zu3_moveit_config'
[0.202s] INFO:colcon.colcon_core.package_selection:Skipping not selected package 'jaka_zu5_moveit_config' in 'src/jaka_ros2/src/jaka_zu5_moveit_config'
[0.202s] INFO:colcon.colcon_core.package_selection:Skipping not selected package 'jaka_zu7_moveit_config' in 'src/jaka_ros2/src/jaka_zu7_moveit_config'
