[0.006s] Invoking command in '/home/newtonrattapong/jaka_ws/build/jaka_driver': AMENT_PREFIX_PATH=/home/newtonrattapong/jaka_ws/install/jaka_msgs:${AMENT_PREFIX_PATH} CMAKE_PREFIX_PATH=/home/newtonrattapong/jaka_ws/install/jaka_msgs:/opt/ros/humble LD_LIBRARY_PATH=/home/newtonrattapong/jaka_ws/install/jaka_msgs/lib:${LD_LIBRARY_PATH} PYTHONPATH=/home/newtonrattapong/jaka_ws/install/jaka_msgs/local/lib/python3.10/dist-packages:${PYTHONPATH} /usr/bin/cmake /home/newtonrattapong/jaka_ws/src/jaka_ros2/src/jaka_driver -DAMENT_CMAKE_SYMLINK_INSTALL=1 -DCMAKE_INSTALL_PREFIX=/home/newtonrattapong/jaka_ws/install/jaka_driver
[0.040s] -- The C compiler identification is GNU 11.4.0
[0.074s] -- The CXX compiler identification is GNU 11.4.0
[0.079s] -- Detecting C compiler ABI info
[0.125s] -- Detecting C compiler ABI info - done
[0.129s] -- Check for working C compiler: /usr/bin/cc - skipped
[0.129s] -- Detecting C compile features
[0.130s] -- Detecting C compile features - done
[0.131s] -- Detecting CXX compiler ABI info
[0.187s] -- Detecting CXX compiler ABI info - done
[0.192s] -- Check for working CXX compiler: /usr/bin/c++ - skipped
[0.193s] -- Detecting CXX compile features
[0.193s] -- Detecting CXX compile features - done
[0.194s] -- Found ament_cmake: 1.3.14 (/opt/ros/humble/share/ament_cmake/cmake)
[0.286s] -- Found Python3: /usr/bin/python3 (found version "3.10.12") found components: Interpreter 
[0.323s] -- Override CMake install command with custom implementation using symlinks instead of copying resources
[0.339s] -- Found rclcpp: 16.0.19 (/opt/ros/humble/share/rclcpp/cmake)
[0.363s] -- Found rosidl_generator_c: 3.1.8 (/opt/ros/humble/share/rosidl_generator_c/cmake)
[0.366s] -- Found rosidl_adapter: 3.1.8 (/opt/ros/humble/share/rosidl_adapter/cmake)
[0.371s] -- Found rosidl_generator_cpp: 3.1.8 (/opt/ros/humble/share/rosidl_generator_cpp/cmake)
[0.378s] -- Using all available rosidl_typesupport_c: rosidl_typesupport_fastrtps_c;rosidl_typesupport_introspection_c
[0.387s] -- Using all available rosidl_typesupport_cpp: rosidl_typesupport_fastrtps_cpp;rosidl_typesupport_introspection_cpp
[0.411s] -- Found rmw_implementation_cmake: 6.1.2 (/opt/ros/humble/share/rmw_implementation_cmake/cmake)
[0.413s] -- Found rmw_fastrtps_cpp: 6.2.10 (/opt/ros/humble/share/rmw_fastrtps_cpp/cmake)
[0.467s] -- Found OpenSSL: /usr/lib/x86_64-linux-gnu/libcrypto.so (found version "3.0.2")  
[0.484s] -- Found FastRTPS: /opt/ros/humble/include  
[0.511s] -- Using RMW implementation 'rmw_fastrtps_cpp' as default
[0.517s] -- Looking for pthread.h
[0.569s] -- Looking for pthread.h - found
[0.569s] -- Performing Test CMAKE_HAVE_LIBC_PTHREAD
[0.618s] -- Performing Test CMAKE_HAVE_LIBC_PTHREAD - Success
[0.619s] -- Found Threads: TRUE  
[0.649s] -- Found rclpy: 3.3.21 (/opt/ros/humble/share/rclpy/cmake)
[0.650s] -- Found geometry_msgs: 4.9.1 (/opt/ros/humble/share/geometry_msgs/cmake)
[0.661s] -- Found sensor_msgs: 4.9.1 (/opt/ros/humble/share/sensor_msgs/cmake)
[0.672s] -- Found jaka_msgs: 0.0.0 (/home/newtonrattapong/jaka_ws/install/jaka_msgs/share/jaka_msgs/cmake)
[0.686s] -- Found action_msgs: 1.2.2 (/opt/ros/humble/share/action_msgs/cmake)
[0.706s] -- Found control_msgs: 4.9.0 (/opt/ros/humble/share/control_msgs/cmake)
[0.736s] -- Found rosidl_default_generators: 1.2.1 (/opt/ros/humble/share/rosidl_default_generators/cmake)
[0.785s] -- Configuring done
[0.799s] -- Generating done
[0.804s] -- Build files have been written to: /home/newtonrattapong/jaka_ws/build/jaka_driver
[0.810s] Invoked command in '/home/newtonrattapong/jaka_ws/build/jaka_driver' returned '0': AMENT_PREFIX_PATH=/home/newtonrattapong/jaka_ws/install/jaka_msgs:${AMENT_PREFIX_PATH} CMAKE_PREFIX_PATH=/home/newtonrattapong/jaka_ws/install/jaka_msgs:/opt/ros/humble LD_LIBRARY_PATH=/home/newtonrattapong/jaka_ws/install/jaka_msgs/lib:${LD_LIBRARY_PATH} PYTHONPATH=/home/newtonrattapong/jaka_ws/install/jaka_msgs/local/lib/python3.10/dist-packages:${PYTHONPATH} /usr/bin/cmake /home/newtonrattapong/jaka_ws/src/jaka_ros2/src/jaka_driver -DAMENT_CMAKE_SYMLINK_INSTALL=1 -DCMAKE_INSTALL_PREFIX=/home/newtonrattapong/jaka_ws/install/jaka_driver
[0.812s] Invoking command in '/home/newtonrattapong/jaka_ws/build/jaka_driver': AMENT_PREFIX_PATH=/home/newtonrattapong/jaka_ws/install/jaka_msgs:${AMENT_PREFIX_PATH} CMAKE_PREFIX_PATH=/home/newtonrattapong/jaka_ws/install/jaka_msgs:/opt/ros/humble LD_LIBRARY_PATH=/home/newtonrattapong/jaka_ws/install/jaka_msgs/lib:${LD_LIBRARY_PATH} PYTHONPATH=/home/newtonrattapong/jaka_ws/install/jaka_msgs/local/lib/python3.10/dist-packages:${PYTHONPATH} /usr/bin/cmake --build /home/newtonrattapong/jaka_ws/build/jaka_driver -- -j16 -l16
[0.843s] [ 12%] [32mBuilding CXX object CMakeFiles/servoj_demo.dir/src/servoj_demo.cpp.o[0m
[0.844s] [ 25%] [32mBuilding CXX object CMakeFiles/sdk_test.dir/src/sdk_test.cpp.o[0m
[0.844s] [ 37%] [32mBuilding CXX object CMakeFiles/client.dir/src/client.cpp.o[0m
[0.847s] [ 50%] [32mBuilding CXX object CMakeFiles/jaka_driver.dir/src/jaka_driver.cpp.o[0m
[4.028s] [ 62%] [32m[1mLinking CXX executable sdk_test[0m
[4.400s] [ 62%] Built target sdk_test
[4.660s] [ 75%] [32m[1mLinking CXX executable client[0m
[4.838s] [ 75%] Built target client
[4.928s] [ 87%] [32m[1mLinking CXX executable servoj_demo[0m
[5.289s] [ 87%] Built target servoj_demo
[9.384s] [100%] [32m[1mLinking CXX executable jaka_driver[0m
[10.055s] [100%] Built target jaka_driver
