[0.031s] Invoking command in '/home/newtonrattapong/jaka_ws/build/jaka_a5_moveit_config': AMENT_PREFIX_PATH=/home/newtonrattapong/jaka_ws/install/jaka_description:${AMENT_PREFIX_PATH} CMAKE_PREFIX_PATH=/home/newtonrattapong/jaka_ws/install/jaka_description:/opt/ros/humble /usr/bin/cmake /home/newtonrattapong/jaka_ws/src/jaka_ros2/src/jaka_a5_moveit_config -DAMENT_CMAKE_SYMLINK_INSTALL=1 -DCMAKE_INSTALL_PREFIX=/home/newtonrattapong/jaka_ws/install/jaka_a5_moveit_config
[0.079s] -- The C compiler identification is GNU 11.4.0
[0.134s] -- The CXX compiler identification is GNU 11.4.0
[0.138s] -- Detecting C compiler ABI info
[0.195s] -- Detecting C compiler ABI info - done
[0.202s] -- Check for working C compiler: /usr/bin/cc - skipped
[0.203s] -- Detecting C compile features
[0.204s] -- Detecting C compile features - done
[0.206s] -- Detecting CXX compiler ABI info
[0.273s] -- Detecting CXX compiler ABI info - done
[0.278s] -- Check for working CXX compiler: /usr/bin/c++ - skipped
[0.279s] -- Detecting CXX compile features
[0.279s] -- Detecting CXX compile features - done
[0.281s] -- Found ament_cmake: 1.3.14 (/opt/ros/humble/share/ament_cmake/cmake)
[0.442s] -- Found Python3: /usr/bin/python3 (found version "3.10.12") found components: Interpreter 
[0.554s] -- Override CMake install command with custom implementation using symlinks instead of copying resources
[0.709s] -- Configuring done
[0.711s] -- Generating done
[0.716s] -- Build files have been written to: /home/newtonrattapong/jaka_ws/build/jaka_a5_moveit_config
[0.723s] Invoked command in '/home/newtonrattapong/jaka_ws/build/jaka_a5_moveit_config' returned '0': AMENT_PREFIX_PATH=/home/newtonrattapong/jaka_ws/install/jaka_description:${AMENT_PREFIX_PATH} CMAKE_PREFIX_PATH=/home/newtonrattapong/jaka_ws/install/jaka_description:/opt/ros/humble /usr/bin/cmake /home/newtonrattapong/jaka_ws/src/jaka_ros2/src/jaka_a5_moveit_config -DAMENT_CMAKE_SYMLINK_INSTALL=1 -DCMAKE_INSTALL_PREFIX=/home/newtonrattapong/jaka_ws/install/jaka_a5_moveit_config
[0.723s] Invoking command in '/home/newtonrattapong/jaka_ws/build/jaka_a5_moveit_config': AMENT_PREFIX_PATH=/home/newtonrattapong/jaka_ws/install/jaka_description:${AMENT_PREFIX_PATH} CMAKE_PREFIX_PATH=/home/newtonrattapong/jaka_ws/install/jaka_description:/opt/ros/humble /usr/bin/cmake --build /home/newtonrattapong/jaka_ws/build/jaka_a5_moveit_config -- -j16 -l16
[1.023s] Invoked command in '/home/newtonrattapong/jaka_ws/build/jaka_a5_moveit_config' returned '0': AMENT_PREFIX_PATH=/home/newtonrattapong/jaka_ws/install/jaka_description:${AMENT_PREFIX_PATH} CMAKE_PREFIX_PATH=/home/newtonrattapong/jaka_ws/install/jaka_description:/opt/ros/humble /usr/bin/cmake --build /home/newtonrattapong/jaka_ws/build/jaka_a5_moveit_config -- -j16 -l16
[1.024s] Invoking command in '/home/newtonrattapong/jaka_ws/build/jaka_a5_moveit_config': AMENT_PREFIX_PATH=/home/newtonrattapong/jaka_ws/install/jaka_description:${AMENT_PREFIX_PATH} CMAKE_PREFIX_PATH=/home/newtonrattapong/jaka_ws/install/jaka_description:/opt/ros/humble /usr/bin/cmake --install /home/newtonrattapong/jaka_ws/build/jaka_a5_moveit_config
[1.061s] -- Install configuration: ""
[1.061s] -- Execute custom install script
[1.061s] -- Symlinking: /home/newtonrattapong/jaka_ws/install/jaka_a5_moveit_config/share/ament_index/resource_index/package_run_dependencies/jaka_a5_moveit_config
[1.061s] -- Symlinking: /home/newtonrattapong/jaka_ws/install/jaka_a5_moveit_config/share/ament_index/resource_index/parent_prefix_path/jaka_a5_moveit_config
[1.061s] -- Symlinking: /home/newtonrattapong/jaka_ws/install/jaka_a5_moveit_config/share/jaka_a5_moveit_config/environment/ament_prefix_path.sh
[1.061s] -- Symlinking: /home/newtonrattapong/jaka_ws/install/jaka_a5_moveit_config/share/jaka_a5_moveit_config/environment/ament_prefix_path.dsv
[1.061s] -- Symlinking: /home/newtonrattapong/jaka_ws/install/jaka_a5_moveit_config/share/jaka_a5_moveit_config/environment/path.sh
[1.061s] -- Symlinking: /home/newtonrattapong/jaka_ws/install/jaka_a5_moveit_config/share/jaka_a5_moveit_config/environment/path.dsv
[1.063s] -- Symlinking: /home/newtonrattapong/jaka_ws/install/jaka_a5_moveit_config/share/jaka_a5_moveit_config/local_setup.bash
[1.069s] -- Symlinking: /home/newtonrattapong/jaka_ws/install/jaka_a5_moveit_config/share/jaka_a5_moveit_config/local_setup.sh
[1.074s] -- Symlinking: /home/newtonrattapong/jaka_ws/install/jaka_a5_moveit_config/share/jaka_a5_moveit_config/local_setup.zsh
[1.079s] -- Symlinking: /home/newtonrattapong/jaka_ws/install/jaka_a5_moveit_config/share/jaka_a5_moveit_config/local_setup.dsv
[1.084s] -- Symlinking: /home/newtonrattapong/jaka_ws/install/jaka_a5_moveit_config/share/jaka_a5_moveit_config/package.dsv
[1.089s] -- Symlinking: /home/newtonrattapong/jaka_ws/install/jaka_a5_moveit_config/share/ament_index/resource_index/packages/jaka_a5_moveit_config
[1.097s] -- Symlinking: /home/newtonrattapong/jaka_ws/install/jaka_a5_moveit_config/share/jaka_a5_moveit_config/cmake/jaka_a5_moveit_configConfig.cmake
[1.104s] -- Symlinking: /home/newtonrattapong/jaka_ws/install/jaka_a5_moveit_config/share/jaka_a5_moveit_config/cmake/jaka_a5_moveit_configConfig-version.cmake
[1.111s] -- Symlinking: /home/newtonrattapong/jaka_ws/install/jaka_a5_moveit_config/share/jaka_a5_moveit_config/package.xml
[1.116s] -- Symlinking: /home/newtonrattapong/jaka_ws/install/jaka_a5_moveit_config/share/jaka_a5_moveit_config/launch/demo.launch.py
[1.123s] -- Symlinking: /home/newtonrattapong/jaka_ws/install/jaka_a5_moveit_config/share/jaka_a5_moveit_config/launch/demo_gazebo.launch.py
[1.130s] -- Symlinking: /home/newtonrattapong/jaka_ws/install/jaka_a5_moveit_config/share/jaka_a5_moveit_config/launch/gazebo.launch.py
[1.137s] -- Symlinking: /home/newtonrattapong/jaka_ws/install/jaka_a5_moveit_config/share/jaka_a5_moveit_config/launch/move_group.launch.py
[1.144s] -- Symlinking: /home/newtonrattapong/jaka_ws/install/jaka_a5_moveit_config/share/jaka_a5_moveit_config/launch/moveit_rviz.launch.py
[1.151s] -- Symlinking: /home/newtonrattapong/jaka_ws/install/jaka_a5_moveit_config/share/jaka_a5_moveit_config/launch/rsp.launch.py
[1.159s] -- Symlinking: /home/newtonrattapong/jaka_ws/install/jaka_a5_moveit_config/share/jaka_a5_moveit_config/launch/setup_assistant.launch.py
[1.165s] -- Symlinking: /home/newtonrattapong/jaka_ws/install/jaka_a5_moveit_config/share/jaka_a5_moveit_config/launch/spawn_controllers.launch.py
[1.178s] -- Symlinking: /home/newtonrattapong/jaka_ws/install/jaka_a5_moveit_config/share/jaka_a5_moveit_config/launch/static_virtual_joint_tfs.launch.py
[1.182s] -- Symlinking: /home/newtonrattapong/jaka_ws/install/jaka_a5_moveit_config/share/jaka_a5_moveit_config/launch/warehouse_db.launch.py
[1.190s] -- Symlinking: /home/newtonrattapong/jaka_ws/install/jaka_a5_moveit_config/share/jaka_a5_moveit_config/config/initial_positions.yaml
[1.200s] -- Symlinking: /home/newtonrattapong/jaka_ws/install/jaka_a5_moveit_config/share/jaka_a5_moveit_config/config/jaka_a5.ros2_control.xacro
[1.208s] -- Symlinking: /home/newtonrattapong/jaka_ws/install/jaka_a5_moveit_config/share/jaka_a5_moveit_config/config/jaka_a5.srdf
[1.218s] -- Symlinking: /home/newtonrattapong/jaka_ws/install/jaka_a5_moveit_config/share/jaka_a5_moveit_config/config/jaka_a5.urdf.xacro
[1.225s] -- Symlinking: /home/newtonrattapong/jaka_ws/install/jaka_a5_moveit_config/share/jaka_a5_moveit_config/config/joint_limits.yaml
[1.232s] -- Symlinking: /home/newtonrattapong/jaka_ws/install/jaka_a5_moveit_config/share/jaka_a5_moveit_config/config/kinematics.yaml
[1.240s] -- Symlinking: /home/newtonrattapong/jaka_ws/install/jaka_a5_moveit_config/share/jaka_a5_moveit_config/config/moveit.rviz
[1.246s] -- Symlinking: /home/newtonrattapong/jaka_ws/install/jaka_a5_moveit_config/share/jaka_a5_moveit_config/config/moveit_controllers.yaml
[1.253s] -- Symlinking: /home/newtonrattapong/jaka_ws/install/jaka_a5_moveit_config/share/jaka_a5_moveit_config/config/pilz_cartesian_limits.yaml
[1.261s] -- Symlinking: /home/newtonrattapong/jaka_ws/install/jaka_a5_moveit_config/share/jaka_a5_moveit_config/config/ros2_controllers.yaml
[1.278s] -- Symlinking: /home/newtonrattapong/jaka_ws/install/jaka_a5_moveit_config/share/jaka_a5_moveit_config/.setup_assistant
[1.288s] Invoked command in '/home/newtonrattapong/jaka_ws/build/jaka_a5_moveit_config' returned '0': AMENT_PREFIX_PATH=/home/newtonrattapong/jaka_ws/install/jaka_description:${AMENT_PREFIX_PATH} CMAKE_PREFIX_PATH=/home/newtonrattapong/jaka_ws/install/jaka_description:/opt/ros/humble /usr/bin/cmake --install /home/newtonrattapong/jaka_ws/build/jaka_a5_moveit_config
