[0.029s] Invoking command in '/home/newtonrattapong/jaka_ws/build/jaka_c7_moveit_config': AMENT_PREFIX_PATH=/home/newtonrattapong/jaka_ws/install/jaka_description:${AMENT_PREFIX_PATH} CMAKE_PREFIX_PATH=/home/newtonrattapong/jaka_ws/install/jaka_description:/opt/ros/humble /usr/bin/cmake /home/newtonrattapong/jaka_ws/src/jaka_ros2/src/jaka_c7_moveit_config -DAMENT_CMAKE_SYMLINK_INSTALL=1 -DCMAKE_INSTALL_PREFIX=/home/newtonrattapong/jaka_ws/install/jaka_c7_moveit_config
[0.073s] -- The C compiler identification is GNU 11.4.0
[0.133s] -- The CXX compiler identification is GNU 11.4.0
[0.140s] -- Detecting C compiler ABI info
[0.211s] -- Detecting C compiler ABI info - done
[0.218s] -- Check for working C compiler: /usr/bin/cc - skipped
[0.218s] -- Detecting C compile features
[0.218s] -- Detecting C compile features - done
[0.223s] -- Detecting CXX compiler ABI info
[0.301s] -- Detecting CXX compiler ABI info - done
[0.308s] -- Check for working CXX compiler: /usr/bin/c++ - skipped
[0.308s] -- Detecting CXX compile features
[0.308s] -- Detecting CXX compile features - done
[0.311s] -- Found ament_cmake: 1.3.14 (/opt/ros/humble/share/ament_cmake/cmake)
[0.450s] -- Found Python3: /usr/bin/python3 (found version "3.10.12") found components: Interpreter 
[0.513s] -- Override CMake install command with custom implementation using symlinks instead of copying resources
[0.601s] -- Configuring done
[0.604s] -- Generating done
[0.605s] -- Build files have been written to: /home/newtonrattapong/jaka_ws/build/jaka_c7_moveit_config
[0.612s] Invoked command in '/home/newtonrattapong/jaka_ws/build/jaka_c7_moveit_config' returned '0': AMENT_PREFIX_PATH=/home/newtonrattapong/jaka_ws/install/jaka_description:${AMENT_PREFIX_PATH} CMAKE_PREFIX_PATH=/home/newtonrattapong/jaka_ws/install/jaka_description:/opt/ros/humble /usr/bin/cmake /home/newtonrattapong/jaka_ws/src/jaka_ros2/src/jaka_c7_moveit_config -DAMENT_CMAKE_SYMLINK_INSTALL=1 -DCMAKE_INSTALL_PREFIX=/home/newtonrattapong/jaka_ws/install/jaka_c7_moveit_config
[0.614s] Invoking command in '/home/newtonrattapong/jaka_ws/build/jaka_c7_moveit_config': AMENT_PREFIX_PATH=/home/newtonrattapong/jaka_ws/install/jaka_description:${AMENT_PREFIX_PATH} CMAKE_PREFIX_PATH=/home/newtonrattapong/jaka_ws/install/jaka_description:/opt/ros/humble /usr/bin/cmake --build /home/newtonrattapong/jaka_ws/build/jaka_c7_moveit_config -- -j16 -l16
[0.654s] Invoked command in '/home/newtonrattapong/jaka_ws/build/jaka_c7_moveit_config' returned '0': AMENT_PREFIX_PATH=/home/newtonrattapong/jaka_ws/install/jaka_description:${AMENT_PREFIX_PATH} CMAKE_PREFIX_PATH=/home/newtonrattapong/jaka_ws/install/jaka_description:/opt/ros/humble /usr/bin/cmake --build /home/newtonrattapong/jaka_ws/build/jaka_c7_moveit_config -- -j16 -l16
[0.656s] Invoking command in '/home/newtonrattapong/jaka_ws/build/jaka_c7_moveit_config': AMENT_PREFIX_PATH=/home/newtonrattapong/jaka_ws/install/jaka_description:${AMENT_PREFIX_PATH} CMAKE_PREFIX_PATH=/home/newtonrattapong/jaka_ws/install/jaka_description:/opt/ros/humble /usr/bin/cmake --install /home/newtonrattapong/jaka_ws/build/jaka_c7_moveit_config
[0.666s] -- Install configuration: ""
[0.666s] -- Execute custom install script
[0.666s] -- Symlinking: /home/newtonrattapong/jaka_ws/install/jaka_c7_moveit_config/share/ament_index/resource_index/package_run_dependencies/jaka_c7_moveit_config
[0.669s] -- Symlinking: /home/newtonrattapong/jaka_ws/install/jaka_c7_moveit_config/share/ament_index/resource_index/parent_prefix_path/jaka_c7_moveit_config
[0.678s] -- Symlinking: /home/newtonrattapong/jaka_ws/install/jaka_c7_moveit_config/share/jaka_c7_moveit_config/environment/ament_prefix_path.sh
[0.688s] -- Symlinking: /home/newtonrattapong/jaka_ws/install/jaka_c7_moveit_config/share/jaka_c7_moveit_config/environment/ament_prefix_path.dsv
[0.688s] -- Symlinking: /home/newtonrattapong/jaka_ws/install/jaka_c7_moveit_config/share/jaka_c7_moveit_config/environment/path.sh
[0.705s] -- Symlinking: /home/newtonrattapong/jaka_ws/install/jaka_c7_moveit_config/share/jaka_c7_moveit_config/environment/path.dsv
[0.710s] -- Symlinking: /home/newtonrattapong/jaka_ws/install/jaka_c7_moveit_config/share/jaka_c7_moveit_config/local_setup.bash
[0.718s] -- Symlinking: /home/newtonrattapong/jaka_ws/install/jaka_c7_moveit_config/share/jaka_c7_moveit_config/local_setup.sh
[0.735s] -- Symlinking: /home/newtonrattapong/jaka_ws/install/jaka_c7_moveit_config/share/jaka_c7_moveit_config/local_setup.zsh
[0.737s] -- Symlinking: /home/newtonrattapong/jaka_ws/install/jaka_c7_moveit_config/share/jaka_c7_moveit_config/local_setup.dsv
[0.741s] -- Symlinking: /home/newtonrattapong/jaka_ws/install/jaka_c7_moveit_config/share/jaka_c7_moveit_config/package.dsv
[0.748s] -- Symlinking: /home/newtonrattapong/jaka_ws/install/jaka_c7_moveit_config/share/ament_index/resource_index/packages/jaka_c7_moveit_config
[0.759s] -- Symlinking: /home/newtonrattapong/jaka_ws/install/jaka_c7_moveit_config/share/jaka_c7_moveit_config/cmake/jaka_c7_moveit_configConfig.cmake
[0.764s] -- Symlinking: /home/newtonrattapong/jaka_ws/install/jaka_c7_moveit_config/share/jaka_c7_moveit_config/cmake/jaka_c7_moveit_configConfig-version.cmake
[0.771s] -- Symlinking: /home/newtonrattapong/jaka_ws/install/jaka_c7_moveit_config/share/jaka_c7_moveit_config/package.xml
[0.778s] -- Symlinking: /home/newtonrattapong/jaka_ws/install/jaka_c7_moveit_config/share/jaka_c7_moveit_config/launch/demo.launch.py
[0.789s] -- Symlinking: /home/newtonrattapong/jaka_ws/install/jaka_c7_moveit_config/share/jaka_c7_moveit_config/launch/demo_gazebo.launch.py
[0.796s] -- Symlinking: /home/newtonrattapong/jaka_ws/install/jaka_c7_moveit_config/share/jaka_c7_moveit_config/launch/gazebo.launch.py
[0.803s] -- Symlinking: /home/newtonrattapong/jaka_ws/install/jaka_c7_moveit_config/share/jaka_c7_moveit_config/launch/move_group.launch.py
[0.812s] -- Symlinking: /home/newtonrattapong/jaka_ws/install/jaka_c7_moveit_config/share/jaka_c7_moveit_config/launch/moveit_rviz.launch.py
[0.818s] -- Symlinking: /home/newtonrattapong/jaka_ws/install/jaka_c7_moveit_config/share/jaka_c7_moveit_config/launch/rsp.launch.py
[0.825s] -- Symlinking: /home/newtonrattapong/jaka_ws/install/jaka_c7_moveit_config/share/jaka_c7_moveit_config/launch/setup_assistant.launch.py
[0.834s] -- Symlinking: /home/newtonrattapong/jaka_ws/install/jaka_c7_moveit_config/share/jaka_c7_moveit_config/launch/spawn_controllers.launch.py
[0.840s] -- Symlinking: /home/newtonrattapong/jaka_ws/install/jaka_c7_moveit_config/share/jaka_c7_moveit_config/launch/static_virtual_joint_tfs.launch.py
[0.848s] -- Symlinking: /home/newtonrattapong/jaka_ws/install/jaka_c7_moveit_config/share/jaka_c7_moveit_config/launch/warehouse_db.launch.py
[0.856s] -- Symlinking: /home/newtonrattapong/jaka_ws/install/jaka_c7_moveit_config/share/jaka_c7_moveit_config/config/initial_positions.yaml
[0.864s] -- Symlinking: /home/newtonrattapong/jaka_ws/install/jaka_c7_moveit_config/share/jaka_c7_moveit_config/config/jaka_c7.ros2_control.xacro
[0.872s] -- Symlinking: /home/newtonrattapong/jaka_ws/install/jaka_c7_moveit_config/share/jaka_c7_moveit_config/config/jaka_c7.srdf
[0.886s] -- Symlinking: /home/newtonrattapong/jaka_ws/install/jaka_c7_moveit_config/share/jaka_c7_moveit_config/config/jaka_c7.urdf.xacro
[0.901s] -- Symlinking: /home/newtonrattapong/jaka_ws/install/jaka_c7_moveit_config/share/jaka_c7_moveit_config/config/joint_limits.yaml
[0.931s] -- Symlinking: /home/newtonrattapong/jaka_ws/install/jaka_c7_moveit_config/share/jaka_c7_moveit_config/config/kinematics.yaml
[0.939s] -- Symlinking: /home/newtonrattapong/jaka_ws/install/jaka_c7_moveit_config/share/jaka_c7_moveit_config/config/moveit.rviz
[0.946s] -- Symlinking: /home/newtonrattapong/jaka_ws/install/jaka_c7_moveit_config/share/jaka_c7_moveit_config/config/moveit_controllers.yaml
[0.952s] -- Symlinking: /home/newtonrattapong/jaka_ws/install/jaka_c7_moveit_config/share/jaka_c7_moveit_config/config/pilz_cartesian_limits.yaml
[0.960s] -- Symlinking: /home/newtonrattapong/jaka_ws/install/jaka_c7_moveit_config/share/jaka_c7_moveit_config/config/ros2_controllers.yaml
[0.967s] -- Symlinking: /home/newtonrattapong/jaka_ws/install/jaka_c7_moveit_config/share/jaka_c7_moveit_config/.setup_assistant
[1.019s] Invoked command in '/home/newtonrattapong/jaka_ws/build/jaka_c7_moveit_config' returned '0': AMENT_PREFIX_PATH=/home/newtonrattapong/jaka_ws/install/jaka_description:${AMENT_PREFIX_PATH} CMAKE_PREFIX_PATH=/home/newtonrattapong/jaka_ws/install/jaka_description:/opt/ros/humble /usr/bin/cmake --install /home/newtonrattapong/jaka_ws/build/jaka_c7_moveit_config
