[0.031s] Invoking command in '/home/newtonrattapong/jaka_ws/build/jaka_pro7_moveit_config': AMENT_PREFIX_PATH=/home/newtonrattapong/jaka_ws/install/jaka_description:${AMENT_PREFIX_PATH} CMAKE_PREFIX_PATH=/home/newtonrattapong/jaka_ws/install/jaka_description:/opt/ros/humble /usr/bin/cmake /home/newtonrattapong/jaka_ws/src/jaka_ros2/src/jaka_pro7_moveit_config -DAMENT_CMAKE_SYMLINK_INSTALL=1 -DCMAKE_INSTALL_PREFIX=/home/newtonrattapong/jaka_ws/install/jaka_pro7_moveit_config
[0.604s] -- The C compiler identification is GNU 11.4.0
[0.605s] -- The CXX compiler identification is GNU 11.4.0
[0.605s] -- Detecting C compiler ABI info
[0.605s] -- Detecting C compiler ABI info - done
[0.605s] -- Check for working C compiler: /usr/bin/cc - skipped
[0.605s] -- Detecting C compile features
[0.605s] -- Detecting C compile features - done
[0.605s] -- Detecting CXX compiler ABI info
[0.605s] -- Detecting CXX compiler ABI info - done
[0.605s] -- Check for working CXX compiler: /usr/bin/c++ - skipped
[0.605s] -- Detecting CXX compile features
[0.605s] -- Detecting CXX compile features - done
[0.606s] -- Found ament_cmake: 1.3.14 (/opt/ros/humble/share/ament_cmake/cmake)
[0.606s] -- Found Python3: /usr/bin/python3 (found version "3.10.12") found components: Interpreter 
[0.606s] -- Override CMake install command with custom implementation using symlinks instead of copying resources
[0.617s] -- Configuring done
[0.623s] -- Generating done
[0.623s] -- Build files have been written to: /home/newtonrattapong/jaka_ws/build/jaka_pro7_moveit_config
[0.626s] Invoked command in '/home/newtonrattapong/jaka_ws/build/jaka_pro7_moveit_config' returned '0': AMENT_PREFIX_PATH=/home/newtonrattapong/jaka_ws/install/jaka_description:${AMENT_PREFIX_PATH} CMAKE_PREFIX_PATH=/home/newtonrattapong/jaka_ws/install/jaka_description:/opt/ros/humble /usr/bin/cmake /home/newtonrattapong/jaka_ws/src/jaka_ros2/src/jaka_pro7_moveit_config -DAMENT_CMAKE_SYMLINK_INSTALL=1 -DCMAKE_INSTALL_PREFIX=/home/newtonrattapong/jaka_ws/install/jaka_pro7_moveit_config
[0.627s] Invoking command in '/home/newtonrattapong/jaka_ws/build/jaka_pro7_moveit_config': AMENT_PREFIX_PATH=/home/newtonrattapong/jaka_ws/install/jaka_description:${AMENT_PREFIX_PATH} CMAKE_PREFIX_PATH=/home/newtonrattapong/jaka_ws/install/jaka_description:/opt/ros/humble /usr/bin/cmake --build /home/newtonrattapong/jaka_ws/build/jaka_pro7_moveit_config -- -j16 -l16
[0.667s] Invoked command in '/home/newtonrattapong/jaka_ws/build/jaka_pro7_moveit_config' returned '0': AMENT_PREFIX_PATH=/home/newtonrattapong/jaka_ws/install/jaka_description:${AMENT_PREFIX_PATH} CMAKE_PREFIX_PATH=/home/newtonrattapong/jaka_ws/install/jaka_description:/opt/ros/humble /usr/bin/cmake --build /home/newtonrattapong/jaka_ws/build/jaka_pro7_moveit_config -- -j16 -l16
[0.667s] Invoking command in '/home/newtonrattapong/jaka_ws/build/jaka_pro7_moveit_config': AMENT_PREFIX_PATH=/home/newtonrattapong/jaka_ws/install/jaka_description:${AMENT_PREFIX_PATH} CMAKE_PREFIX_PATH=/home/newtonrattapong/jaka_ws/install/jaka_description:/opt/ros/humble /usr/bin/cmake --install /home/newtonrattapong/jaka_ws/build/jaka_pro7_moveit_config
[0.703s] -- Install configuration: ""
[0.703s] -- Execute custom install script
[0.703s] -- Symlinking: /home/newtonrattapong/jaka_ws/install/jaka_pro7_moveit_config/share/ament_index/resource_index/package_run_dependencies/jaka_pro7_moveit_config
[0.703s] -- Symlinking: /home/newtonrattapong/jaka_ws/install/jaka_pro7_moveit_config/share/ament_index/resource_index/parent_prefix_path/jaka_pro7_moveit_config
[0.703s] -- Symlinking: /home/newtonrattapong/jaka_ws/install/jaka_pro7_moveit_config/share/jaka_pro7_moveit_config/environment/ament_prefix_path.sh
[0.703s] -- Symlinking: /home/newtonrattapong/jaka_ws/install/jaka_pro7_moveit_config/share/jaka_pro7_moveit_config/environment/ament_prefix_path.dsv
[0.706s] -- Symlinking: /home/newtonrattapong/jaka_ws/install/jaka_pro7_moveit_config/share/jaka_pro7_moveit_config/environment/path.sh
[0.711s] -- Symlinking: /home/newtonrattapong/jaka_ws/install/jaka_pro7_moveit_config/share/jaka_pro7_moveit_config/environment/path.dsv
[0.729s] -- Symlinking: /home/newtonrattapong/jaka_ws/install/jaka_pro7_moveit_config/share/jaka_pro7_moveit_config/local_setup.bash
[0.734s] -- Symlinking: /home/newtonrattapong/jaka_ws/install/jaka_pro7_moveit_config/share/jaka_pro7_moveit_config/local_setup.sh
[0.753s] -- Symlinking: /home/newtonrattapong/jaka_ws/install/jaka_pro7_moveit_config/share/jaka_pro7_moveit_config/local_setup.zsh
[0.760s] -- Symlinking: /home/newtonrattapong/jaka_ws/install/jaka_pro7_moveit_config/share/jaka_pro7_moveit_config/local_setup.dsv
[0.766s] -- Symlinking: /home/newtonrattapong/jaka_ws/install/jaka_pro7_moveit_config/share/jaka_pro7_moveit_config/package.dsv
[0.774s] -- Symlinking: /home/newtonrattapong/jaka_ws/install/jaka_pro7_moveit_config/share/ament_index/resource_index/packages/jaka_pro7_moveit_config
[0.787s] -- Symlinking: /home/newtonrattapong/jaka_ws/install/jaka_pro7_moveit_config/share/jaka_pro7_moveit_config/cmake/jaka_pro7_moveit_configConfig.cmake
[0.795s] -- Symlinking: /home/newtonrattapong/jaka_ws/install/jaka_pro7_moveit_config/share/jaka_pro7_moveit_config/cmake/jaka_pro7_moveit_configConfig-version.cmake
[0.798s] -- Symlinking: /home/newtonrattapong/jaka_ws/install/jaka_pro7_moveit_config/share/jaka_pro7_moveit_config/package.xml
[0.805s] -- Symlinking: /home/newtonrattapong/jaka_ws/install/jaka_pro7_moveit_config/share/jaka_pro7_moveit_config/launch/demo.launch.py
[0.817s] -- Symlinking: /home/newtonrattapong/jaka_ws/install/jaka_pro7_moveit_config/share/jaka_pro7_moveit_config/launch/demo_gazebo.launch.py
[0.824s] -- Symlinking: /home/newtonrattapong/jaka_ws/install/jaka_pro7_moveit_config/share/jaka_pro7_moveit_config/launch/gazebo.launch.py
[0.831s] -- Symlinking: /home/newtonrattapong/jaka_ws/install/jaka_pro7_moveit_config/share/jaka_pro7_moveit_config/launch/move_group.launch.py
[0.840s] -- Symlinking: /home/newtonrattapong/jaka_ws/install/jaka_pro7_moveit_config/share/jaka_pro7_moveit_config/launch/moveit_rviz.launch.py
[0.851s] -- Symlinking: /home/newtonrattapong/jaka_ws/install/jaka_pro7_moveit_config/share/jaka_pro7_moveit_config/launch/rsp.launch.py
[0.856s] -- Symlinking: /home/newtonrattapong/jaka_ws/install/jaka_pro7_moveit_config/share/jaka_pro7_moveit_config/launch/setup_assistant.launch.py
[0.868s] -- Symlinking: /home/newtonrattapong/jaka_ws/install/jaka_pro7_moveit_config/share/jaka_pro7_moveit_config/launch/spawn_controllers.launch.py
[0.874s] -- Symlinking: /home/newtonrattapong/jaka_ws/install/jaka_pro7_moveit_config/share/jaka_pro7_moveit_config/launch/static_virtual_joint_tfs.launch.py
[0.881s] -- Symlinking: /home/newtonrattapong/jaka_ws/install/jaka_pro7_moveit_config/share/jaka_pro7_moveit_config/launch/warehouse_db.launch.py
[0.899s] -- Symlinking: /home/newtonrattapong/jaka_ws/install/jaka_pro7_moveit_config/share/jaka_pro7_moveit_config/config/initial_positions.yaml
[0.929s] -- Symlinking: /home/newtonrattapong/jaka_ws/install/jaka_pro7_moveit_config/share/jaka_pro7_moveit_config/config/jaka_pro7.ros2_control.xacro
[0.935s] -- Symlinking: /home/newtonrattapong/jaka_ws/install/jaka_pro7_moveit_config/share/jaka_pro7_moveit_config/config/jaka_pro7.srdf
[0.943s] -- Symlinking: /home/newtonrattapong/jaka_ws/install/jaka_pro7_moveit_config/share/jaka_pro7_moveit_config/config/jaka_pro7.urdf.xacro
[0.949s] -- Symlinking: /home/newtonrattapong/jaka_ws/install/jaka_pro7_moveit_config/share/jaka_pro7_moveit_config/config/joint_limits.yaml
[0.956s] -- Symlinking: /home/newtonrattapong/jaka_ws/install/jaka_pro7_moveit_config/share/jaka_pro7_moveit_config/config/kinematics.yaml
[0.970s] -- Symlinking: /home/newtonrattapong/jaka_ws/install/jaka_pro7_moveit_config/share/jaka_pro7_moveit_config/config/moveit.rviz
[0.971s] -- Symlinking: /home/newtonrattapong/jaka_ws/install/jaka_pro7_moveit_config/share/jaka_pro7_moveit_config/config/moveit_controllers.yaml
[0.976s] -- Symlinking: /home/newtonrattapong/jaka_ws/install/jaka_pro7_moveit_config/share/jaka_pro7_moveit_config/config/pilz_cartesian_limits.yaml
[0.982s] -- Symlinking: /home/newtonrattapong/jaka_ws/install/jaka_pro7_moveit_config/share/jaka_pro7_moveit_config/config/ros2_controllers.yaml
[0.991s] -- Symlinking: /home/newtonrattapong/jaka_ws/install/jaka_pro7_moveit_config/share/jaka_pro7_moveit_config/.setup_assistant
[1.064s] Invoked command in '/home/newtonrattapong/jaka_ws/build/jaka_pro7_moveit_config' returned '0': AMENT_PREFIX_PATH=/home/newtonrattapong/jaka_ws/install/jaka_description:${AMENT_PREFIX_PATH} CMAKE_PREFIX_PATH=/home/newtonrattapong/jaka_ws/install/jaka_description:/opt/ros/humble /usr/bin/cmake --install /home/newtonrattapong/jaka_ws/build/jaka_pro7_moveit_config
