[0.017s] Invoking command in '/home/newtonrattapong/jaka_ws/build/jaka_description': CMAKE_PREFIX_PATH=${CMAKE_PREFIX_PATH}:/opt/ros/humble /usr/bin/cmake --build /home/newtonrattapong/jaka_ws/build/jaka_description -- -j16 -l16
[0.245s] Invoked command in '/home/newtonrattapong/jaka_ws/build/jaka_description' returned '0': CMAKE_PREFIX_PATH=${CMAKE_PREFIX_PATH}:/opt/ros/humble /usr/bin/cmake --build /home/newtonrattapong/jaka_ws/build/jaka_description -- -j16 -l16
[0.252s] Invoking command in '/home/newtonrattapong/jaka_ws/build/jaka_description': CMAKE_PREFIX_PATH=${CMAKE_PREFIX_PATH}:/opt/ros/humble /usr/bin/cmake --install /home/newtonrattapong/jaka_ws/build/jaka_description
[0.258s] -- Install configuration: "Debug"
[0.258s] -- Execute custom install script
[0.258s] -- Up-to-date symlink: /home/newtonrattapong/jaka_ws/install/jaka_description/share/jaka_description/urdf/jaka_a12.urdf
[0.258s] -- Up-to-date symlink: /home/newtonrattapong/jaka_ws/install/jaka_description/share/jaka_description/urdf/jaka_a20.urdf
[0.258s] -- Up-to-date symlink: /home/newtonrattapong/jaka_ws/install/jaka_description/share/jaka_description/urdf/jaka_a5.urdf
[0.258s] -- Up-to-date symlink: /home/newtonrattapong/jaka_ws/install/jaka_description/share/jaka_description/urdf/jaka_c12.urdf
[0.258s] -- Up-to-date symlink: /home/newtonrattapong/jaka_ws/install/jaka_description/share/jaka_description/urdf/jaka_c5.urdf
[0.258s] -- Up-to-date symlink: /home/newtonrattapong/jaka_ws/install/jaka_description/share/jaka_description/urdf/jaka_c7.urdf
[0.259s] -- Up-to-date symlink: /home/newtonrattapong/jaka_ws/install/jaka_description/share/jaka_description/urdf/jaka_minicobo.urdf
[0.259s] -- Up-to-date symlink: /home/newtonrattapong/jaka_ws/install/jaka_description/share/jaka_description/urdf/jaka_pro12.urdf
[0.259s] -- Up-to-date symlink: /home/newtonrattapong/jaka_ws/install/jaka_description/share/jaka_description/urdf/jaka_pro16.urdf
[0.259s] -- Up-to-date symlink: /home/newtonrattapong/jaka_ws/install/jaka_description/share/jaka_description/urdf/jaka_pro18.urdf
[0.259s] -- Up-to-date symlink: /home/newtonrattapong/jaka_ws/install/jaka_description/share/jaka_description/urdf/jaka_pro5.urdf
[0.259s] -- Up-to-date symlink: /home/newtonrattapong/jaka_ws/install/jaka_description/share/jaka_description/urdf/jaka_pro7.urdf
[0.259s] -- Up-to-date symlink: /home/newtonrattapong/jaka_ws/install/jaka_description/share/jaka_description/urdf/jaka_s12.urdf
[0.260s] -- Up-to-date symlink: /home/newtonrattapong/jaka_ws/install/jaka_description/share/jaka_description/urdf/jaka_s5.urdf
[0.260s] -- Up-to-date symlink: /home/newtonrattapong/jaka_ws/install/jaka_description/share/jaka_description/urdf/jaka_s7.urdf
[0.260s] -- Up-to-date symlink: /home/newtonrattapong/jaka_ws/install/jaka_description/share/jaka_description/urdf/jaka_zu12.urdf
[0.260s] -- Up-to-date symlink: /home/newtonrattapong/jaka_ws/install/jaka_description/share/jaka_description/urdf/jaka_zu18.urdf
[0.260s] -- Up-to-date symlink: /home/newtonrattapong/jaka_ws/install/jaka_description/share/jaka_description/urdf/jaka_zu20.urdf
[0.260s] -- Up-to-date symlink: /home/newtonrattapong/jaka_ws/install/jaka_description/share/jaka_description/urdf/jaka_zu3.urdf
[0.260s] -- Up-to-date symlink: /home/newtonrattapong/jaka_ws/install/jaka_description/share/jaka_description/urdf/jaka_zu30.urdf
[0.260s] -- Up-to-date symlink: /home/newtonrattapong/jaka_ws/install/jaka_description/share/jaka_description/urdf/jaka_zu5.urdf
[0.260s] -- Up-to-date symlink: /home/newtonrattapong/jaka_ws/install/jaka_description/share/jaka_description/urdf/jaka_zu7.urdf
[0.261s] -- Up-to-date symlink: /home/newtonrattapong/jaka_ws/install/jaka_description/share/jaka_description/meshes/jaka_a12_meshes/J1.STL
[0.262s] -- Up-to-date symlink: /home/newtonrattapong/jaka_ws/install/jaka_description/share/jaka_description/meshes/jaka_a12_meshes/J2.STL
[0.262s] -- Up-to-date symlink: /home/newtonrattapong/jaka_ws/install/jaka_description/share/jaka_description/meshes/jaka_a12_meshes/J3.STL
[0.262s] -- Up-to-date symlink: /home/newtonrattapong/jaka_ws/install/jaka_description/share/jaka_description/meshes/jaka_a12_meshes/J4.STL
[0.262s] -- Up-to-date symlink: /home/newtonrattapong/jaka_ws/install/jaka_description/share/jaka_description/meshes/jaka_a12_meshes/J5.STL
[0.262s] -- Up-to-date symlink: /home/newtonrattapong/jaka_ws/install/jaka_description/share/jaka_description/meshes/jaka_a12_meshes/J6.STL
[0.262s] -- Up-to-date symlink: /home/newtonrattapong/jaka_ws/install/jaka_description/share/jaka_description/meshes/jaka_a12_meshes/base_link.STL
[0.262s] -- Up-to-date symlink: /home/newtonrattapong/jaka_ws/install/jaka_description/share/jaka_description/meshes/jaka_a20_meshes/Link_01.STL
[0.262s] -- Up-to-date symlink: /home/newtonrattapong/jaka_ws/install/jaka_description/share/jaka_description/meshes/jaka_a20_meshes/Link_02.STL
[0.262s] -- Up-to-date symlink: /home/newtonrattapong/jaka_ws/install/jaka_description/share/jaka_description/meshes/jaka_a20_meshes/Link_03.STL
[0.262s] -- Up-to-date symlink: /home/newtonrattapong/jaka_ws/install/jaka_description/share/jaka_description/meshes/jaka_a20_meshes/Link_04.STL
[0.263s] -- Up-to-date symlink: /home/newtonrattapong/jaka_ws/install/jaka_description/share/jaka_description/meshes/jaka_a20_meshes/Link_05.STL
[0.263s] -- Up-to-date symlink: /home/newtonrattapong/jaka_ws/install/jaka_description/share/jaka_description/meshes/jaka_a20_meshes/Link_06.STL
[0.263s] -- Up-to-date symlink: /home/newtonrattapong/jaka_ws/install/jaka_description/share/jaka_description/meshes/jaka_a20_meshes/base_link.STL
[0.263s] -- Up-to-date symlink: /home/newtonrattapong/jaka_ws/install/jaka_description/share/jaka_description/meshes/jaka_a5_meshes/J1.STL
[0.263s] -- Up-to-date symlink: /home/newtonrattapong/jaka_ws/install/jaka_description/share/jaka_description/meshes/jaka_a5_meshes/J2.STL
[0.263s] -- Up-to-date symlink: /home/newtonrattapong/jaka_ws/install/jaka_description/share/jaka_description/meshes/jaka_a5_meshes/J3.STL
[0.263s] -- Up-to-date symlink: /home/newtonrattapong/jaka_ws/install/jaka_description/share/jaka_description/meshes/jaka_a5_meshes/J4.STL
[0.263s] -- Up-to-date symlink: /home/newtonrattapong/jaka_ws/install/jaka_description/share/jaka_description/meshes/jaka_a5_meshes/J5.STL
[0.263s] -- Up-to-date symlink: /home/newtonrattapong/jaka_ws/install/jaka_description/share/jaka_description/meshes/jaka_a5_meshes/J6.STL
[0.263s] -- Up-to-date symlink: /home/newtonrattapong/jaka_ws/install/jaka_description/share/jaka_description/meshes/jaka_a5_meshes/base_link.STL
[0.263s] -- Up-to-date symlink: /home/newtonrattapong/jaka_ws/install/jaka_description/share/jaka_description/meshes/jaka_c12_meshes/Link_01.STL
[0.263s] -- Up-to-date symlink: /home/newtonrattapong/jaka_ws/install/jaka_description/share/jaka_description/meshes/jaka_c12_meshes/Link_02.STL
[0.263s] -- Up-to-date symlink: /home/newtonrattapong/jaka_ws/install/jaka_description/share/jaka_description/meshes/jaka_c12_meshes/Link_03.STL
[0.263s] -- Up-to-date symlink: /home/newtonrattapong/jaka_ws/install/jaka_description/share/jaka_description/meshes/jaka_c12_meshes/Link_04.STL
[0.263s] -- Up-to-date symlink: /home/newtonrattapong/jaka_ws/install/jaka_description/share/jaka_description/meshes/jaka_c12_meshes/Link_05.STL
[0.263s] -- Up-to-date symlink: /home/newtonrattapong/jaka_ws/install/jaka_description/share/jaka_description/meshes/jaka_c12_meshes/Link_06.STL
[0.264s] -- Up-to-date symlink: /home/newtonrattapong/jaka_ws/install/jaka_description/share/jaka_description/meshes/jaka_c12_meshes/base_link.STL
[0.264s] -- Up-to-date symlink: /home/newtonrattapong/jaka_ws/install/jaka_description/share/jaka_description/meshes/jaka_c5_meshes/Link_00.STL
[0.264s] -- Up-to-date symlink: /home/newtonrattapong/jaka_ws/install/jaka_description/share/jaka_description/meshes/jaka_c5_meshes/Link_01.STL
[0.264s] -- Up-to-date symlink: /home/newtonrattapong/jaka_ws/install/jaka_description/share/jaka_description/meshes/jaka_c5_meshes/Link_02.STL
[0.264s] -- Up-to-date symlink: /home/newtonrattapong/jaka_ws/install/jaka_description/share/jaka_description/meshes/jaka_c5_meshes/Link_03.STL
[0.264s] -- Up-to-date symlink: /home/newtonrattapong/jaka_ws/install/jaka_description/share/jaka_description/meshes/jaka_c5_meshes/Link_04.STL
[0.264s] -- Up-to-date symlink: /home/newtonrattapong/jaka_ws/install/jaka_description/share/jaka_description/meshes/jaka_c5_meshes/Link_05.STL
[0.264s] -- Up-to-date symlink: /home/newtonrattapong/jaka_ws/install/jaka_description/share/jaka_description/meshes/jaka_c5_meshes/Link_06.STL
[0.264s] -- Up-to-date symlink: /home/newtonrattapong/jaka_ws/install/jaka_description/share/jaka_description/meshes/jaka_c7_meshes/Link_00.STL
[0.264s] -- Up-to-date symlink: /home/newtonrattapong/jaka_ws/install/jaka_description/share/jaka_description/meshes/jaka_c7_meshes/Link_01.STL
[0.265s] -- Up-to-date symlink: /home/newtonrattapong/jaka_ws/install/jaka_description/share/jaka_description/meshes/jaka_c7_meshes/Link_02.STL
[0.265s] -- Up-to-date symlink: /home/newtonrattapong/jaka_ws/install/jaka_description/share/jaka_description/meshes/jaka_c7_meshes/Link_03.STL
[0.265s] -- Up-to-date symlink: /home/newtonrattapong/jaka_ws/install/jaka_description/share/jaka_description/meshes/jaka_c7_meshes/Link_04.STL
[0.265s] -- Up-to-date symlink: /home/newtonrattapong/jaka_ws/install/jaka_description/share/jaka_description/meshes/jaka_c7_meshes/Link_05.STL
[0.265s] -- Up-to-date symlink: /home/newtonrattapong/jaka_ws/install/jaka_description/share/jaka_description/meshes/jaka_c7_meshes/Link_06.STL
[0.266s] -- Up-to-date symlink: /home/newtonrattapong/jaka_ws/install/jaka_description/share/jaka_description/meshes/jaka_minicobo_meshes/Link0.STL
[0.266s] -- Up-to-date symlink: /home/newtonrattapong/jaka_ws/install/jaka_description/share/jaka_description/meshes/jaka_minicobo_meshes/Link1.STL
[0.266s] -- Up-to-date symlink: /home/newtonrattapong/jaka_ws/install/jaka_description/share/jaka_description/meshes/jaka_minicobo_meshes/Link2.STL
[0.266s] -- Up-to-date symlink: /home/newtonrattapong/jaka_ws/install/jaka_description/share/jaka_description/meshes/jaka_minicobo_meshes/Link3.STL
[0.266s] -- Up-to-date symlink: /home/newtonrattapong/jaka_ws/install/jaka_description/share/jaka_description/meshes/jaka_minicobo_meshes/Link4.STL
[0.267s] -- Up-to-date symlink: /home/newtonrattapong/jaka_ws/install/jaka_description/share/jaka_description/meshes/jaka_minicobo_meshes/Link5.STL
[0.267s] -- Up-to-date symlink: /home/newtonrattapong/jaka_ws/install/jaka_description/share/jaka_description/meshes/jaka_minicobo_meshes/Link6.STL
[0.267s] -- Up-to-date symlink: /home/newtonrattapong/jaka_ws/install/jaka_description/share/jaka_description/meshes/jaka_pro12_meshes/Link_01.STL
[0.267s] -- Up-to-date symlink: /home/newtonrattapong/jaka_ws/install/jaka_description/share/jaka_description/meshes/jaka_pro12_meshes/Link_02.STL
[0.267s] -- Up-to-date symlink: /home/newtonrattapong/jaka_ws/install/jaka_description/share/jaka_description/meshes/jaka_pro12_meshes/Link_03.STL
[0.267s] -- Up-to-date symlink: /home/newtonrattapong/jaka_ws/install/jaka_description/share/jaka_description/meshes/jaka_pro12_meshes/Link_04.STL
[0.267s] -- Up-to-date symlink: /home/newtonrattapong/jaka_ws/install/jaka_description/share/jaka_description/meshes/jaka_pro12_meshes/Link_05.STL
[0.267s] -- Up-to-date symlink: /home/newtonrattapong/jaka_ws/install/jaka_description/share/jaka_description/meshes/jaka_pro12_meshes/Link_06.STL
[0.267s] -- Up-to-date symlink: /home/newtonrattapong/jaka_ws/install/jaka_description/share/jaka_description/meshes/jaka_pro12_meshes/base_link.STL
[0.267s] -- Up-to-date symlink: /home/newtonrattapong/jaka_ws/install/jaka_description/share/jaka_description/meshes/jaka_pro16_meshes/Link_0.STL
[0.267s] -- Up-to-date symlink: /home/newtonrattapong/jaka_ws/install/jaka_description/share/jaka_description/meshes/jaka_pro16_meshes/Link_1.STL
[0.268s] -- Up-to-date symlink: /home/newtonrattapong/jaka_ws/install/jaka_description/share/jaka_description/meshes/jaka_pro16_meshes/Link_2.STL
[0.268s] -- Up-to-date symlink: /home/newtonrattapong/jaka_ws/install/jaka_description/share/jaka_description/meshes/jaka_pro16_meshes/Link_3.STL
[0.268s] -- Up-to-date symlink: /home/newtonrattapong/jaka_ws/install/jaka_description/share/jaka_description/meshes/jaka_pro16_meshes/Link_4.STL
[0.268s] -- Up-to-date symlink: /home/newtonrattapong/jaka_ws/install/jaka_description/share/jaka_description/meshes/jaka_pro16_meshes/Link_5.STL
[0.268s] -- Up-to-date symlink: /home/newtonrattapong/jaka_ws/install/jaka_description/share/jaka_description/meshes/jaka_pro16_meshes/Link_6.STL
[0.268s] -- Up-to-date symlink: /home/newtonrattapong/jaka_ws/install/jaka_description/share/jaka_description/meshes/jaka_pro18_meshes/Link_01.STL
[0.269s] -- Up-to-date symlink: /home/newtonrattapong/jaka_ws/install/jaka_description/share/jaka_description/meshes/jaka_pro18_meshes/Link_02.STL
[0.269s] -- Up-to-date symlink: /home/newtonrattapong/jaka_ws/install/jaka_description/share/jaka_description/meshes/jaka_pro18_meshes/Link_03.STL
[0.269s] -- Up-to-date symlink: /home/newtonrattapong/jaka_ws/install/jaka_description/share/jaka_description/meshes/jaka_pro18_meshes/Link_04.STL
[0.269s] -- Up-to-date symlink: /home/newtonrattapong/jaka_ws/install/jaka_description/share/jaka_description/meshes/jaka_pro18_meshes/Link_05.STL
[0.269s] -- Up-to-date symlink: /home/newtonrattapong/jaka_ws/install/jaka_description/share/jaka_description/meshes/jaka_pro18_meshes/Link_06.STL
[0.269s] -- Up-to-date symlink: /home/newtonrattapong/jaka_ws/install/jaka_description/share/jaka_description/meshes/jaka_pro18_meshes/base_link.STL
[0.269s] -- Up-to-date symlink: /home/newtonrattapong/jaka_ws/install/jaka_description/share/jaka_description/meshes/jaka_pro5_meshes/Link_00.STL
[0.269s] -- Up-to-date symlink: /home/newtonrattapong/jaka_ws/install/jaka_description/share/jaka_description/meshes/jaka_pro5_meshes/Link_01.STL
[0.269s] -- Up-to-date symlink: /home/newtonrattapong/jaka_ws/install/jaka_description/share/jaka_description/meshes/jaka_pro5_meshes/Link_02.STL
[0.269s] -- Up-to-date symlink: /home/newtonrattapong/jaka_ws/install/jaka_description/share/jaka_description/meshes/jaka_pro5_meshes/Link_03.STL
[0.269s] -- Up-to-date symlink: /home/newtonrattapong/jaka_ws/install/jaka_description/share/jaka_description/meshes/jaka_pro5_meshes/Link_04.STL
[0.269s] -- Up-to-date symlink: /home/newtonrattapong/jaka_ws/install/jaka_description/share/jaka_description/meshes/jaka_pro5_meshes/Link_05.STL
[0.270s] -- Up-to-date symlink: /home/newtonrattapong/jaka_ws/install/jaka_description/share/jaka_description/meshes/jaka_pro5_meshes/Link_06.STL
[0.270s] -- Up-to-date symlink: /home/newtonrattapong/jaka_ws/install/jaka_description/share/jaka_description/meshes/jaka_pro7_meshes/Link_01.STL
[0.270s] -- Up-to-date symlink: /home/newtonrattapong/jaka_ws/install/jaka_description/share/jaka_description/meshes/jaka_pro7_meshes/Link_02.STL
[0.270s] -- Up-to-date symlink: /home/newtonrattapong/jaka_ws/install/jaka_description/share/jaka_description/meshes/jaka_pro7_meshes/Link_03.STL
[0.270s] -- Up-to-date symlink: /home/newtonrattapong/jaka_ws/install/jaka_description/share/jaka_description/meshes/jaka_pro7_meshes/Link_04.STL
[0.270s] -- Up-to-date symlink: /home/newtonrattapong/jaka_ws/install/jaka_description/share/jaka_description/meshes/jaka_pro7_meshes/Link_05.STL
[0.270s] -- Up-to-date symlink: /home/newtonrattapong/jaka_ws/install/jaka_description/share/jaka_description/meshes/jaka_pro7_meshes/Link_06.STL
[0.270s] -- Up-to-date symlink: /home/newtonrattapong/jaka_ws/install/jaka_description/share/jaka_description/meshes/jaka_pro7_meshes/base_link.STL
[0.270s] -- Up-to-date symlink: /home/newtonrattapong/jaka_ws/install/jaka_description/share/jaka_description/meshes/jaka_s12_meshes/Link_01.STL
[0.270s] -- Up-to-date symlink: /home/newtonrattapong/jaka_ws/install/jaka_description/share/jaka_description/meshes/jaka_s12_meshes/Link_02.STL
[0.270s] -- Up-to-date symlink: /home/newtonrattapong/jaka_ws/install/jaka_description/share/jaka_description/meshes/jaka_s12_meshes/Link_03.STL
[0.270s] -- Up-to-date symlink: /home/newtonrattapong/jaka_ws/install/jaka_description/share/jaka_description/meshes/jaka_s12_meshes/Link_04.STL
[0.270s] -- Up-to-date symlink: /home/newtonrattapong/jaka_ws/install/jaka_description/share/jaka_description/meshes/jaka_s12_meshes/Link_05.STL
[0.270s] -- Up-to-date symlink: /home/newtonrattapong/jaka_ws/install/jaka_description/share/jaka_description/meshes/jaka_s12_meshes/Link_06.STL
[0.271s] -- Up-to-date symlink: /home/newtonrattapong/jaka_ws/install/jaka_description/share/jaka_description/meshes/jaka_s12_meshes/base_link.STL
[0.271s] -- Up-to-date symlink: /home/newtonrattapong/jaka_ws/install/jaka_description/share/jaka_description/meshes/jaka_s5_meshes/Link_00.STL
[0.271s] -- Up-to-date symlink: /home/newtonrattapong/jaka_ws/install/jaka_description/share/jaka_description/meshes/jaka_s5_meshes/Link_01.STL
[0.271s] -- Up-to-date symlink: /home/newtonrattapong/jaka_ws/install/jaka_description/share/jaka_description/meshes/jaka_s5_meshes/Link_02.STL
[0.271s] -- Up-to-date symlink: /home/newtonrattapong/jaka_ws/install/jaka_description/share/jaka_description/meshes/jaka_s5_meshes/Link_03.STL
[0.271s] -- Up-to-date symlink: /home/newtonrattapong/jaka_ws/install/jaka_description/share/jaka_description/meshes/jaka_s5_meshes/Link_04.STL
[0.271s] -- Up-to-date symlink: /home/newtonrattapong/jaka_ws/install/jaka_description/share/jaka_description/meshes/jaka_s5_meshes/Link_05.STL
[0.271s] -- Up-to-date symlink: /home/newtonrattapong/jaka_ws/install/jaka_description/share/jaka_description/meshes/jaka_s5_meshes/Link_06.STL
[0.272s] -- Up-to-date symlink: /home/newtonrattapong/jaka_ws/install/jaka_description/share/jaka_description/meshes/jaka_s7_meshes/Link_00.STL
[0.272s] -- Up-to-date symlink: /home/newtonrattapong/jaka_ws/install/jaka_description/share/jaka_description/meshes/jaka_s7_meshes/Link_01.STL
[0.272s] -- Up-to-date symlink: /home/newtonrattapong/jaka_ws/install/jaka_description/share/jaka_description/meshes/jaka_s7_meshes/Link_02.STL
[0.272s] -- Up-to-date symlink: /home/newtonrattapong/jaka_ws/install/jaka_description/share/jaka_description/meshes/jaka_s7_meshes/Link_03.STL
[0.272s] -- Up-to-date symlink: /home/newtonrattapong/jaka_ws/install/jaka_description/share/jaka_description/meshes/jaka_s7_meshes/Link_04.STL
[0.272s] -- Up-to-date symlink: /home/newtonrattapong/jaka_ws/install/jaka_description/share/jaka_description/meshes/jaka_s7_meshes/Link_05.STL
[0.272s] -- Up-to-date symlink: /home/newtonrattapong/jaka_ws/install/jaka_description/share/jaka_description/meshes/jaka_s7_meshes/Link_06.STL
[0.272s] -- Up-to-date symlink: /home/newtonrattapong/jaka_ws/install/jaka_description/share/jaka_description/meshes/jaka_zu12_meshes/1.STL
[0.272s] -- Up-to-date symlink: /home/newtonrattapong/jaka_ws/install/jaka_description/share/jaka_description/meshes/jaka_zu12_meshes/2.STL
[0.272s] -- Up-to-date symlink: /home/newtonrattapong/jaka_ws/install/jaka_description/share/jaka_description/meshes/jaka_zu12_meshes/3.STL
[0.272s] -- Up-to-date symlink: /home/newtonrattapong/jaka_ws/install/jaka_description/share/jaka_description/meshes/jaka_zu12_meshes/4.STL
[0.272s] -- Up-to-date symlink: /home/newtonrattapong/jaka_ws/install/jaka_description/share/jaka_description/meshes/jaka_zu12_meshes/5.STL
[0.272s] -- Up-to-date symlink: /home/newtonrattapong/jaka_ws/install/jaka_description/share/jaka_description/meshes/jaka_zu12_meshes/6.STL
[0.273s] -- Up-to-date symlink: /home/newtonrattapong/jaka_ws/install/jaka_description/share/jaka_description/meshes/jaka_zu12_meshes/base_link.STL
[0.273s] -- Up-to-date symlink: /home/newtonrattapong/jaka_ws/install/jaka_description/share/jaka_description/meshes/jaka_zu18_meshes/Link_01.STL
[0.273s] -- Up-to-date symlink: /home/newtonrattapong/jaka_ws/install/jaka_description/share/jaka_description/meshes/jaka_zu18_meshes/Link_02.STL
[0.273s] -- Up-to-date symlink: /home/newtonrattapong/jaka_ws/install/jaka_description/share/jaka_description/meshes/jaka_zu18_meshes/Link_03.STL
[0.273s] -- Up-to-date symlink: /home/newtonrattapong/jaka_ws/install/jaka_description/share/jaka_description/meshes/jaka_zu18_meshes/Link_04.STL
[0.273s] -- Up-to-date symlink: /home/newtonrattapong/jaka_ws/install/jaka_description/share/jaka_description/meshes/jaka_zu18_meshes/Link_05.STL
[0.273s] -- Up-to-date symlink: /home/newtonrattapong/jaka_ws/install/jaka_description/share/jaka_description/meshes/jaka_zu18_meshes/Link_06.STL
[0.273s] -- Up-to-date symlink: /home/newtonrattapong/jaka_ws/install/jaka_description/share/jaka_description/meshes/jaka_zu18_meshes/base_link.STL
[0.273s] -- Up-to-date symlink: /home/newtonrattapong/jaka_ws/install/jaka_description/share/jaka_description/meshes/jaka_zu20_meshes/Link_01.STL
[0.274s] -- Up-to-date symlink: /home/newtonrattapong/jaka_ws/install/jaka_description/share/jaka_description/meshes/jaka_zu20_meshes/Link_02.STL
[0.274s] -- Up-to-date symlink: /home/newtonrattapong/jaka_ws/install/jaka_description/share/jaka_description/meshes/jaka_zu20_meshes/Link_03.STL
[0.274s] -- Up-to-date symlink: /home/newtonrattapong/jaka_ws/install/jaka_description/share/jaka_description/meshes/jaka_zu20_meshes/Link_04.STL
[0.274s] -- Up-to-date symlink: /home/newtonrattapong/jaka_ws/install/jaka_description/share/jaka_description/meshes/jaka_zu20_meshes/Link_05.STL
[0.274s] -- Up-to-date symlink: /home/newtonrattapong/jaka_ws/install/jaka_description/share/jaka_description/meshes/jaka_zu20_meshes/Link_06.STL
[0.274s] -- Up-to-date symlink: /home/newtonrattapong/jaka_ws/install/jaka_description/share/jaka_description/meshes/jaka_zu20_meshes/base_link.STL
[0.274s] -- Up-to-date symlink: /home/newtonrattapong/jaka_ws/install/jaka_description/share/jaka_description/meshes/jaka_zu30_meshes/Empty_Link0.STL
[0.274s] -- Up-to-date symlink: /home/newtonrattapong/jaka_ws/install/jaka_description/share/jaka_description/meshes/jaka_zu30_meshes/Empty_Link1.STL
[0.274s] -- Up-to-date symlink: /home/newtonrattapong/jaka_ws/install/jaka_description/share/jaka_description/meshes/jaka_zu30_meshes/Empty_Link2.STL
[0.274s] -- Up-to-date symlink: /home/newtonrattapong/jaka_ws/install/jaka_description/share/jaka_description/meshes/jaka_zu30_meshes/Empty_Link3.STL
[0.274s] -- Up-to-date symlink: /home/newtonrattapong/jaka_ws/install/jaka_description/share/jaka_description/meshes/jaka_zu30_meshes/Empty_Link4.STL
[0.274s] -- Up-to-date symlink: /home/newtonrattapong/jaka_ws/install/jaka_description/share/jaka_description/meshes/jaka_zu30_meshes/Empty_Link5.STL
[0.274s] -- Up-to-date symlink: /home/newtonrattapong/jaka_ws/install/jaka_description/share/jaka_description/meshes/jaka_zu30_meshes/Empty_Link6.STL
[0.274s] -- Up-to-date symlink: /home/newtonrattapong/jaka_ws/install/jaka_description/share/jaka_description/meshes/jaka_zu3_meshes/Link_0.STL
[0.274s] -- Up-to-date symlink: /home/newtonrattapong/jaka_ws/install/jaka_description/share/jaka_description/meshes/jaka_zu3_meshes/Link_1.STL
[0.274s] -- Up-to-date symlink: /home/newtonrattapong/jaka_ws/install/jaka_description/share/jaka_description/meshes/jaka_zu3_meshes/Link_2.STL
[0.274s] -- Up-to-date symlink: /home/newtonrattapong/jaka_ws/install/jaka_description/share/jaka_description/meshes/jaka_zu3_meshes/Link_3.STL
[0.274s] -- Up-to-date symlink: /home/newtonrattapong/jaka_ws/install/jaka_description/share/jaka_description/meshes/jaka_zu3_meshes/Link_4.STL
[0.275s] -- Up-to-date symlink: /home/newtonrattapong/jaka_ws/install/jaka_description/share/jaka_description/meshes/jaka_zu3_meshes/Link_5.STL
[0.275s] -- Up-to-date symlink: /home/newtonrattapong/jaka_ws/install/jaka_description/share/jaka_description/meshes/jaka_zu3_meshes/Link_6.STL
[0.275s] -- Up-to-date symlink: /home/newtonrattapong/jaka_ws/install/jaka_description/share/jaka_description/meshes/jaka_zu5_meshes/Link1.STL
[0.275s] -- Up-to-date symlink: /home/newtonrattapong/jaka_ws/install/jaka_description/share/jaka_description/meshes/jaka_zu5_meshes/Link2.STL
[0.275s] -- Up-to-date symlink: /home/newtonrattapong/jaka_ws/install/jaka_description/share/jaka_description/meshes/jaka_zu5_meshes/Link3.STL
[0.275s] -- Up-to-date symlink: /home/newtonrattapong/jaka_ws/install/jaka_description/share/jaka_description/meshes/jaka_zu5_meshes/Link4.STL
[0.275s] -- Up-to-date symlink: /home/newtonrattapong/jaka_ws/install/jaka_description/share/jaka_description/meshes/jaka_zu5_meshes/Link5.STL
[0.275s] -- Up-to-date symlink: /home/newtonrattapong/jaka_ws/install/jaka_description/share/jaka_description/meshes/jaka_zu5_meshes/Link6.STL
[0.275s] -- Up-to-date symlink: /home/newtonrattapong/jaka_ws/install/jaka_description/share/jaka_description/meshes/jaka_zu5_meshes/link0.STL
[0.275s] -- Up-to-date symlink: /home/newtonrattapong/jaka_ws/install/jaka_description/share/jaka_description/meshes/jaka_zu7_meshes/Link_0.STL
[0.275s] -- Up-to-date symlink: /home/newtonrattapong/jaka_ws/install/jaka_description/share/jaka_description/meshes/jaka_zu7_meshes/Link_1.STL
[0.275s] -- Up-to-date symlink: /home/newtonrattapong/jaka_ws/install/jaka_description/share/jaka_description/meshes/jaka_zu7_meshes/Link_2.STL
[0.275s] -- Up-to-date symlink: /home/newtonrattapong/jaka_ws/install/jaka_description/share/jaka_description/meshes/jaka_zu7_meshes/Link_3.STL
[0.275s] -- Up-to-date symlink: /home/newtonrattapong/jaka_ws/install/jaka_description/share/jaka_description/meshes/jaka_zu7_meshes/Link_4.STL
[0.275s] -- Up-to-date symlink: /home/newtonrattapong/jaka_ws/install/jaka_description/share/jaka_description/meshes/jaka_zu7_meshes/Link_5.STL
[0.275s] -- Up-to-date symlink: /home/newtonrattapong/jaka_ws/install/jaka_description/share/jaka_description/meshes/jaka_zu7_meshes/Link_6.STL
[0.275s] -- Up-to-date symlink: /home/newtonrattapong/jaka_ws/install/jaka_description/share/jaka_description/config/jaka_minicobo_urdf.rviz
[0.275s] -- Up-to-date symlink: /home/newtonrattapong/jaka_ws/install/jaka_description/share/jaka_description/config/jaka_zu12_urdf.rviz
[0.275s] -- Up-to-date symlink: /home/newtonrattapong/jaka_ws/install/jaka_description/share/jaka_description/config/jaka_zu18_urdf.rviz
[0.275s] -- Up-to-date symlink: /home/newtonrattapong/jaka_ws/install/jaka_description/share/jaka_description/config/jaka_zu3_urdf.rviz
[0.276s] -- Up-to-date symlink: /home/newtonrattapong/jaka_ws/install/jaka_description/share/jaka_description/config/jaka_zu5_urdf.rviz
[0.276s] -- Up-to-date symlink: /home/newtonrattapong/jaka_ws/install/jaka_description/share/jaka_description/config/jaka_zu7_urdf.rviz
[0.276s] -- Up-to-date symlink: /home/newtonrattapong/jaka_ws/install/jaka_description/share/jaka_description/launch/jaka_minicobo_rviz_control_launch.py
[0.276s] -- Up-to-date symlink: /home/newtonrattapong/jaka_ws/install/jaka_description/share/jaka_description/launch/jaka_pro16_rviz_control_launch.py
[0.276s] -- Up-to-date symlink: /home/newtonrattapong/jaka_ws/install/jaka_description/share/jaka_description/launch/jaka_pro7_rviz_control_launch.py
[0.276s] -- Up-to-date symlink: /home/newtonrattapong/jaka_ws/install/jaka_description/share/jaka_description/launch/jaka_zu12_rviz_control_launch.py
[0.276s] -- Up-to-date symlink: /home/newtonrattapong/jaka_ws/install/jaka_description/share/jaka_description/launch/jaka_zu18_rviz_control_launch.py
[0.276s] -- Up-to-date symlink: /home/newtonrattapong/jaka_ws/install/jaka_description/share/jaka_description/launch/jaka_zu3_rviz_control_launch.py
[0.276s] -- Up-to-date symlink: /home/newtonrattapong/jaka_ws/install/jaka_description/share/jaka_description/launch/jaka_zu5_rviz_control_launch.py
[0.276s] -- Up-to-date symlink: /home/newtonrattapong/jaka_ws/install/jaka_description/share/jaka_description/launch/jaka_zu7_rviz_control_launch.py
[0.276s] -- Up-to-date symlink: /home/newtonrattapong/jaka_ws/install/jaka_description/share/jaka_description/launch/test_launch.py
[0.276s] -- Up-to-date symlink: /home/newtonrattapong/jaka_ws/install/jaka_description/share/ament_index/resource_index/package_run_dependencies/jaka_description
[0.276s] -- Up-to-date symlink: /home/newtonrattapong/jaka_ws/install/jaka_description/share/ament_index/resource_index/parent_prefix_path/jaka_description
[0.276s] -- Up-to-date symlink: /home/newtonrattapong/jaka_ws/install/jaka_description/share/jaka_description/environment/ament_prefix_path.sh
[0.276s] -- Up-to-date symlink: /home/newtonrattapong/jaka_ws/install/jaka_description/share/jaka_description/environment/ament_prefix_path.dsv
[0.276s] -- Up-to-date symlink: /home/newtonrattapong/jaka_ws/install/jaka_description/share/jaka_description/environment/path.sh
[0.276s] -- Up-to-date symlink: /home/newtonrattapong/jaka_ws/install/jaka_description/share/jaka_description/environment/path.dsv
[0.276s] -- Up-to-date symlink: /home/newtonrattapong/jaka_ws/install/jaka_description/share/jaka_description/local_setup.bash
[0.277s] -- Up-to-date symlink: /home/newtonrattapong/jaka_ws/install/jaka_description/share/jaka_description/local_setup.sh
[0.277s] -- Up-to-date symlink: /home/newtonrattapong/jaka_ws/install/jaka_description/share/jaka_description/local_setup.zsh
[0.277s] -- Up-to-date symlink: /home/newtonrattapong/jaka_ws/install/jaka_description/share/jaka_description/local_setup.dsv
[0.277s] -- Symlinking: /home/newtonrattapong/jaka_ws/install/jaka_description/share/jaka_description/package.dsv
[0.285s] -- Up-to-date symlink: /home/newtonrattapong/jaka_ws/install/jaka_description/share/ament_index/resource_index/packages/jaka_description
[0.285s] -- Up-to-date symlink: /home/newtonrattapong/jaka_ws/install/jaka_description/share/jaka_description/cmake/jaka_descriptionConfig.cmake
[0.285s] -- Up-to-date symlink: /home/newtonrattapong/jaka_ws/install/jaka_description/share/jaka_description/cmake/jaka_descriptionConfig-version.cmake
[0.285s] -- Up-to-date symlink: /home/newtonrattapong/jaka_ws/install/jaka_description/share/jaka_description/package.xml
[0.287s] Invoked command in '/home/newtonrattapong/jaka_ws/build/jaka_description' returned '0': CMAKE_PREFIX_PATH=${CMAKE_PREFIX_PATH}:/opt/ros/humble /usr/bin/cmake --install /home/newtonrattapong/jaka_ws/build/jaka_description
