[0.106s] Invoking command in '/home/newtonrattapong/jaka_ws/build/jaka_zu3_moveit_config': AMENT_PREFIX_PATH=/home/newtonrattapong/jaka_ws/install/jaka_description:${AMENT_PREFIX_PATH} CMAKE_PREFIX_PATH=/home/newtonrattapong/jaka_ws/install/jaka_description:/opt/ros/humble /usr/bin/cmake /home/newtonrattapong/jaka_ws/src/jaka_ros2/src/jaka_zu3_moveit_config -DAMENT_CMAKE_SYMLINK_INSTALL=1 -DCMAKE_INSTALL_PREFIX=/home/newtonrattapong/jaka_ws/install/jaka_zu3_moveit_config
[0.159s] -- The C compiler identification is GNU 11.4.0
[0.220s] -- The CXX compiler identification is GNU 11.4.0
[0.231s] -- Detecting C compiler ABI info
[0.295s] -- Detecting C compiler ABI info - done
[0.303s] -- Check for working C compiler: /usr/bin/cc - skipped
[0.303s] -- Detecting C compile features
[0.304s] -- Detecting C compile features - done
[0.307s] -- Detecting CXX compiler ABI info
[0.380s] -- Detecting CXX compiler ABI info - done
[0.387s] -- Check for working CXX compiler: /usr/bin/c++ - skipped
[0.388s] -- Detecting CXX compile features
[0.388s] -- Detecting CXX compile features - done
[0.391s] -- Found ament_cmake: 1.3.14 (/opt/ros/humble/share/ament_cmake/cmake)
[0.584s] -- Found Python3: /usr/bin/python3 (found version "3.10.12") found components: Interpreter 
[0.701s] -- Override CMake install command with custom implementation using symlinks instead of copying resources
[0.871s] -- Configuring done
[0.878s] -- Generating done
[0.879s] -- Build files have been written to: /home/newtonrattapong/jaka_ws/build/jaka_zu3_moveit_config
[0.889s] Invoked command in '/home/newtonrattapong/jaka_ws/build/jaka_zu3_moveit_config' returned '0': AMENT_PREFIX_PATH=/home/newtonrattapong/jaka_ws/install/jaka_description:${AMENT_PREFIX_PATH} CMAKE_PREFIX_PATH=/home/newtonrattapong/jaka_ws/install/jaka_description:/opt/ros/humble /usr/bin/cmake /home/newtonrattapong/jaka_ws/src/jaka_ros2/src/jaka_zu3_moveit_config -DAMENT_CMAKE_SYMLINK_INSTALL=1 -DCMAKE_INSTALL_PREFIX=/home/newtonrattapong/jaka_ws/install/jaka_zu3_moveit_config
[0.896s] Invoking command in '/home/newtonrattapong/jaka_ws/build/jaka_zu3_moveit_config': AMENT_PREFIX_PATH=/home/newtonrattapong/jaka_ws/install/jaka_description:${AMENT_PREFIX_PATH} CMAKE_PREFIX_PATH=/home/newtonrattapong/jaka_ws/install/jaka_description:/opt/ros/humble /usr/bin/cmake --build /home/newtonrattapong/jaka_ws/build/jaka_zu3_moveit_config -- -j16 -l16
[0.955s] Invoked command in '/home/newtonrattapong/jaka_ws/build/jaka_zu3_moveit_config' returned '0': AMENT_PREFIX_PATH=/home/newtonrattapong/jaka_ws/install/jaka_description:${AMENT_PREFIX_PATH} CMAKE_PREFIX_PATH=/home/newtonrattapong/jaka_ws/install/jaka_description:/opt/ros/humble /usr/bin/cmake --build /home/newtonrattapong/jaka_ws/build/jaka_zu3_moveit_config -- -j16 -l16
[0.955s] Invoking command in '/home/newtonrattapong/jaka_ws/build/jaka_zu3_moveit_config': AMENT_PREFIX_PATH=/home/newtonrattapong/jaka_ws/install/jaka_description:${AMENT_PREFIX_PATH} CMAKE_PREFIX_PATH=/home/newtonrattapong/jaka_ws/install/jaka_description:/opt/ros/humble /usr/bin/cmake --install /home/newtonrattapong/jaka_ws/build/jaka_zu3_moveit_config
[0.962s] -- Install configuration: ""
[0.962s] -- Execute custom install script
[0.963s] -- Symlinking: /home/newtonrattapong/jaka_ws/install/jaka_zu3_moveit_config/share/ament_index/resource_index/package_run_dependencies/jaka_zu3_moveit_config
[0.980s] -- Symlinking: /home/newtonrattapong/jaka_ws/install/jaka_zu3_moveit_config/share/ament_index/resource_index/parent_prefix_path/jaka_zu3_moveit_config
[0.994s] -- Symlinking: /home/newtonrattapong/jaka_ws/install/jaka_zu3_moveit_config/share/jaka_zu3_moveit_config/environment/ament_prefix_path.sh
[1.015s] -- Symlinking: /home/newtonrattapong/jaka_ws/install/jaka_zu3_moveit_config/share/jaka_zu3_moveit_config/environment/ament_prefix_path.dsv
[1.027s] -- Symlinking: /home/newtonrattapong/jaka_ws/install/jaka_zu3_moveit_config/share/jaka_zu3_moveit_config/environment/path.sh
[1.041s] -- Symlinking: /home/newtonrattapong/jaka_ws/install/jaka_zu3_moveit_config/share/jaka_zu3_moveit_config/environment/path.dsv
[1.053s] -- Symlinking: /home/newtonrattapong/jaka_ws/install/jaka_zu3_moveit_config/share/jaka_zu3_moveit_config/local_setup.bash
[1.061s] -- Symlinking: /home/newtonrattapong/jaka_ws/install/jaka_zu3_moveit_config/share/jaka_zu3_moveit_config/local_setup.sh
[1.071s] -- Symlinking: /home/newtonrattapong/jaka_ws/install/jaka_zu3_moveit_config/share/jaka_zu3_moveit_config/local_setup.zsh
[1.078s] -- Symlinking: /home/newtonrattapong/jaka_ws/install/jaka_zu3_moveit_config/share/jaka_zu3_moveit_config/local_setup.dsv
[1.092s] -- Symlinking: /home/newtonrattapong/jaka_ws/install/jaka_zu3_moveit_config/share/jaka_zu3_moveit_config/package.dsv
[1.102s] -- Symlinking: /home/newtonrattapong/jaka_ws/install/jaka_zu3_moveit_config/share/ament_index/resource_index/packages/jaka_zu3_moveit_config
[1.127s] -- Symlinking: /home/newtonrattapong/jaka_ws/install/jaka_zu3_moveit_config/share/jaka_zu3_moveit_config/cmake/jaka_zu3_moveit_configConfig.cmake
[1.139s] -- Symlinking: /home/newtonrattapong/jaka_ws/install/jaka_zu3_moveit_config/share/jaka_zu3_moveit_config/cmake/jaka_zu3_moveit_configConfig-version.cmake
[1.155s] -- Symlinking: /home/newtonrattapong/jaka_ws/install/jaka_zu3_moveit_config/share/jaka_zu3_moveit_config/package.xml
[1.168s] -- Symlinking: /home/newtonrattapong/jaka_ws/install/jaka_zu3_moveit_config/share/jaka_zu3_moveit_config/launch/demo.launch.py
[1.176s] -- Symlinking: /home/newtonrattapong/jaka_ws/install/jaka_zu3_moveit_config/share/jaka_zu3_moveit_config/launch/demo_gazebo.launch.py
[1.190s] -- Symlinking: /home/newtonrattapong/jaka_ws/install/jaka_zu3_moveit_config/share/jaka_zu3_moveit_config/launch/gazebo.launch.py
[1.206s] -- Symlinking: /home/newtonrattapong/jaka_ws/install/jaka_zu3_moveit_config/share/jaka_zu3_moveit_config/launch/move_group.launch.py
[1.221s] -- Symlinking: /home/newtonrattapong/jaka_ws/install/jaka_zu3_moveit_config/share/jaka_zu3_moveit_config/launch/moveit_rviz.launch.py
[1.236s] -- Symlinking: /home/newtonrattapong/jaka_ws/install/jaka_zu3_moveit_config/share/jaka_zu3_moveit_config/launch/rsp.launch.py
[1.251s] -- Symlinking: /home/newtonrattapong/jaka_ws/install/jaka_zu3_moveit_config/share/jaka_zu3_moveit_config/launch/setup_assistant.launch.py
[1.269s] -- Symlinking: /home/newtonrattapong/jaka_ws/install/jaka_zu3_moveit_config/share/jaka_zu3_moveit_config/launch/spawn_controllers.launch.py
[1.298s] -- Symlinking: /home/newtonrattapong/jaka_ws/install/jaka_zu3_moveit_config/share/jaka_zu3_moveit_config/launch/static_virtual_joint_tfs.launch.py
[1.308s] -- Symlinking: /home/newtonrattapong/jaka_ws/install/jaka_zu3_moveit_config/share/jaka_zu3_moveit_config/launch/warehouse_db.launch.py
[1.330s] -- Symlinking: /home/newtonrattapong/jaka_ws/install/jaka_zu3_moveit_config/share/jaka_zu3_moveit_config/config/initial_positions.yaml
[1.349s] -- Symlinking: /home/newtonrattapong/jaka_ws/install/jaka_zu3_moveit_config/share/jaka_zu3_moveit_config/config/jaka_zu3.ros2_control.xacro
[1.367s] -- Symlinking: /home/newtonrattapong/jaka_ws/install/jaka_zu3_moveit_config/share/jaka_zu3_moveit_config/config/jaka_zu3.srdf
[1.385s] -- Symlinking: /home/newtonrattapong/jaka_ws/install/jaka_zu3_moveit_config/share/jaka_zu3_moveit_config/config/jaka_zu3.urdf.xacro
[1.408s] -- Symlinking: /home/newtonrattapong/jaka_ws/install/jaka_zu3_moveit_config/share/jaka_zu3_moveit_config/config/joint_limits.yaml
[1.419s] -- Symlinking: /home/newtonrattapong/jaka_ws/install/jaka_zu3_moveit_config/share/jaka_zu3_moveit_config/config/kinematics.yaml
[1.441s] -- Symlinking: /home/newtonrattapong/jaka_ws/install/jaka_zu3_moveit_config/share/jaka_zu3_moveit_config/config/moveit.rviz
[1.443s] -- Symlinking: /home/newtonrattapong/jaka_ws/install/jaka_zu3_moveit_config/share/jaka_zu3_moveit_config/config/moveit_controllers.yaml
[1.452s] -- Symlinking: /home/newtonrattapong/jaka_ws/install/jaka_zu3_moveit_config/share/jaka_zu3_moveit_config/config/pilz_cartesian_limits.yaml
[1.462s] -- Symlinking: /home/newtonrattapong/jaka_ws/install/jaka_zu3_moveit_config/share/jaka_zu3_moveit_config/config/ros2_controllers.yaml
[1.472s] -- Symlinking: /home/newtonrattapong/jaka_ws/install/jaka_zu3_moveit_config/share/jaka_zu3_moveit_config/.setup_assistant
[1.483s] Invoked command in '/home/newtonrattapong/jaka_ws/build/jaka_zu3_moveit_config' returned '0': AMENT_PREFIX_PATH=/home/newtonrattapong/jaka_ws/install/jaka_description:${AMENT_PREFIX_PATH} CMAKE_PREFIX_PATH=/home/newtonrattapong/jaka_ws/install/jaka_description:/opt/ros/humble /usr/bin/cmake --install /home/newtonrattapong/jaka_ws/build/jaka_zu3_moveit_config
