[0.034s] Invoking command in '/home/newtonrattapong/jaka_ws/build/jaka_pro18_moveit_config': AMENT_PREFIX_PATH=/home/newtonrattapong/jaka_ws/install/jaka_description:${AMENT_PREFIX_PATH} CMAKE_PREFIX_PATH=/home/newtonrattapong/jaka_ws/install/jaka_description:/opt/ros/humble /usr/bin/cmake /home/newtonrattapong/jaka_ws/src/jaka_ros2/src/jaka_pro18_moveit_config -DAMENT_CMAKE_SYMLINK_INSTALL=1 -DCMAKE_INSTALL_PREFIX=/home/newtonrattapong/jaka_ws/install/jaka_pro18_moveit_config
[0.570s] -- The C compiler identification is GNU 11.4.0
[0.570s] -- The CXX compiler identification is GNU 11.4.0
[0.570s] -- Detecting C compiler ABI info
[0.570s] -- Detecting C compiler ABI info - done
[0.570s] -- Check for working C compiler: /usr/bin/cc - skipped
[0.570s] -- Detecting C compile features
[0.570s] -- Detecting C compile features - done
[0.570s] -- Detecting CXX compiler ABI info
[0.570s] -- Detecting CXX compiler ABI info - done
[0.570s] -- Check for working CXX compiler: /usr/bin/c++ - skipped
[0.571s] -- Detecting CXX compile features
[0.571s] -- Detecting CXX compile features - done
[0.571s] -- Found ament_cmake: 1.3.14 (/opt/ros/humble/share/ament_cmake/cmake)
[0.571s] -- Found Python3: /usr/bin/python3 (found version "3.10.12") found components: Interpreter 
[0.571s] -- Override CMake install command with custom implementation using symlinks instead of copying resources
[0.597s] -- Configuring done
[0.599s] -- Generating done
[0.600s] -- Build files have been written to: /home/newtonrattapong/jaka_ws/build/jaka_pro18_moveit_config
[0.614s] Invoked command in '/home/newtonrattapong/jaka_ws/build/jaka_pro18_moveit_config' returned '0': AMENT_PREFIX_PATH=/home/newtonrattapong/jaka_ws/install/jaka_description:${AMENT_PREFIX_PATH} CMAKE_PREFIX_PATH=/home/newtonrattapong/jaka_ws/install/jaka_description:/opt/ros/humble /usr/bin/cmake /home/newtonrattapong/jaka_ws/src/jaka_ros2/src/jaka_pro18_moveit_config -DAMENT_CMAKE_SYMLINK_INSTALL=1 -DCMAKE_INSTALL_PREFIX=/home/newtonrattapong/jaka_ws/install/jaka_pro18_moveit_config
[0.614s] Invoking command in '/home/newtonrattapong/jaka_ws/build/jaka_pro18_moveit_config': AMENT_PREFIX_PATH=/home/newtonrattapong/jaka_ws/install/jaka_description:${AMENT_PREFIX_PATH} CMAKE_PREFIX_PATH=/home/newtonrattapong/jaka_ws/install/jaka_description:/opt/ros/humble /usr/bin/cmake --build /home/newtonrattapong/jaka_ws/build/jaka_pro18_moveit_config -- -j16 -l16
[0.651s] Invoked command in '/home/newtonrattapong/jaka_ws/build/jaka_pro18_moveit_config' returned '0': AMENT_PREFIX_PATH=/home/newtonrattapong/jaka_ws/install/jaka_description:${AMENT_PREFIX_PATH} CMAKE_PREFIX_PATH=/home/newtonrattapong/jaka_ws/install/jaka_description:/opt/ros/humble /usr/bin/cmake --build /home/newtonrattapong/jaka_ws/build/jaka_pro18_moveit_config -- -j16 -l16
[0.652s] Invoking command in '/home/newtonrattapong/jaka_ws/build/jaka_pro18_moveit_config': AMENT_PREFIX_PATH=/home/newtonrattapong/jaka_ws/install/jaka_description:${AMENT_PREFIX_PATH} CMAKE_PREFIX_PATH=/home/newtonrattapong/jaka_ws/install/jaka_description:/opt/ros/humble /usr/bin/cmake --install /home/newtonrattapong/jaka_ws/build/jaka_pro18_moveit_config
[0.659s] -- Install configuration: ""
[0.659s] -- Execute custom install script
[0.659s] -- Symlinking: /home/newtonrattapong/jaka_ws/install/jaka_pro18_moveit_config/share/ament_index/resource_index/package_run_dependencies/jaka_pro18_moveit_config
[0.670s] -- Symlinking: /home/newtonrattapong/jaka_ws/install/jaka_pro18_moveit_config/share/ament_index/resource_index/parent_prefix_path/jaka_pro18_moveit_config
[0.680s] -- Symlinking: /home/newtonrattapong/jaka_ws/install/jaka_pro18_moveit_config/share/jaka_pro18_moveit_config/environment/ament_prefix_path.sh
[0.680s] -- Symlinking: /home/newtonrattapong/jaka_ws/install/jaka_pro18_moveit_config/share/jaka_pro18_moveit_config/environment/ament_prefix_path.dsv
[0.695s] -- Symlinking: /home/newtonrattapong/jaka_ws/install/jaka_pro18_moveit_config/share/jaka_pro18_moveit_config/environment/path.sh
[0.699s] -- Symlinking: /home/newtonrattapong/jaka_ws/install/jaka_pro18_moveit_config/share/jaka_pro18_moveit_config/environment/path.dsv
[0.702s] -- Symlinking: /home/newtonrattapong/jaka_ws/install/jaka_pro18_moveit_config/share/jaka_pro18_moveit_config/local_setup.bash
[0.710s] -- Symlinking: /home/newtonrattapong/jaka_ws/install/jaka_pro18_moveit_config/share/jaka_pro18_moveit_config/local_setup.sh
[0.716s] -- Symlinking: /home/newtonrattapong/jaka_ws/install/jaka_pro18_moveit_config/share/jaka_pro18_moveit_config/local_setup.zsh
[0.730s] -- Symlinking: /home/newtonrattapong/jaka_ws/install/jaka_pro18_moveit_config/share/jaka_pro18_moveit_config/local_setup.dsv
[0.740s] -- Symlinking: /home/newtonrattapong/jaka_ws/install/jaka_pro18_moveit_config/share/jaka_pro18_moveit_config/package.dsv
[0.750s] -- Symlinking: /home/newtonrattapong/jaka_ws/install/jaka_pro18_moveit_config/share/ament_index/resource_index/packages/jaka_pro18_moveit_config
[0.765s] -- Symlinking: /home/newtonrattapong/jaka_ws/install/jaka_pro18_moveit_config/share/jaka_pro18_moveit_config/cmake/jaka_pro18_moveit_configConfig.cmake
[0.772s] -- Symlinking: /home/newtonrattapong/jaka_ws/install/jaka_pro18_moveit_config/share/jaka_pro18_moveit_config/cmake/jaka_pro18_moveit_configConfig-version.cmake
[0.780s] -- Symlinking: /home/newtonrattapong/jaka_ws/install/jaka_pro18_moveit_config/share/jaka_pro18_moveit_config/package.xml
[0.787s] -- Symlinking: /home/newtonrattapong/jaka_ws/install/jaka_pro18_moveit_config/share/jaka_pro18_moveit_config/launch/demo.launch.py
[0.795s] -- Symlinking: /home/newtonrattapong/jaka_ws/install/jaka_pro18_moveit_config/share/jaka_pro18_moveit_config/launch/demo_gazebo.launch.py
[0.802s] -- Symlinking: /home/newtonrattapong/jaka_ws/install/jaka_pro18_moveit_config/share/jaka_pro18_moveit_config/launch/gazebo.launch.py
[0.809s] -- Symlinking: /home/newtonrattapong/jaka_ws/install/jaka_pro18_moveit_config/share/jaka_pro18_moveit_config/launch/move_group.launch.py
[0.818s] -- Symlinking: /home/newtonrattapong/jaka_ws/install/jaka_pro18_moveit_config/share/jaka_pro18_moveit_config/launch/moveit_rviz.launch.py
[0.821s] -- Symlinking: /home/newtonrattapong/jaka_ws/install/jaka_pro18_moveit_config/share/jaka_pro18_moveit_config/launch/rsp.launch.py
[0.828s] -- Symlinking: /home/newtonrattapong/jaka_ws/install/jaka_pro18_moveit_config/share/jaka_pro18_moveit_config/launch/setup_assistant.launch.py
[0.834s] -- Symlinking: /home/newtonrattapong/jaka_ws/install/jaka_pro18_moveit_config/share/jaka_pro18_moveit_config/launch/spawn_controllers.launch.py
[0.841s] -- Symlinking: /home/newtonrattapong/jaka_ws/install/jaka_pro18_moveit_config/share/jaka_pro18_moveit_config/launch/static_virtual_joint_tfs.launch.py
[0.847s] -- Symlinking: /home/newtonrattapong/jaka_ws/install/jaka_pro18_moveit_config/share/jaka_pro18_moveit_config/launch/warehouse_db.launch.py
[0.854s] -- Symlinking: /home/newtonrattapong/jaka_ws/install/jaka_pro18_moveit_config/share/jaka_pro18_moveit_config/config/initial_positions.yaml
[0.866s] -- Symlinking: /home/newtonrattapong/jaka_ws/install/jaka_pro18_moveit_config/share/jaka_pro18_moveit_config/config/jaka_pro18.ros2_control.xacro
[0.879s] -- Symlinking: /home/newtonrattapong/jaka_ws/install/jaka_pro18_moveit_config/share/jaka_pro18_moveit_config/config/jaka_pro18.srdf
[0.894s] -- Symlinking: /home/newtonrattapong/jaka_ws/install/jaka_pro18_moveit_config/share/jaka_pro18_moveit_config/config/jaka_pro18.urdf.xacro
[0.903s] -- Symlinking: /home/newtonrattapong/jaka_ws/install/jaka_pro18_moveit_config/share/jaka_pro18_moveit_config/config/joint_limits.yaml
[0.923s] -- Symlinking: /home/newtonrattapong/jaka_ws/install/jaka_pro18_moveit_config/share/jaka_pro18_moveit_config/config/kinematics.yaml
[0.929s] -- Symlinking: /home/newtonrattapong/jaka_ws/install/jaka_pro18_moveit_config/share/jaka_pro18_moveit_config/config/moveit.rviz
[0.938s] -- Symlinking: /home/newtonrattapong/jaka_ws/install/jaka_pro18_moveit_config/share/jaka_pro18_moveit_config/config/moveit_controllers.yaml
[0.941s] -- Symlinking: /home/newtonrattapong/jaka_ws/install/jaka_pro18_moveit_config/share/jaka_pro18_moveit_config/config/pilz_cartesian_limits.yaml
[0.948s] -- Symlinking: /home/newtonrattapong/jaka_ws/install/jaka_pro18_moveit_config/share/jaka_pro18_moveit_config/config/ros2_controllers.yaml
[0.956s] -- Symlinking: /home/newtonrattapong/jaka_ws/install/jaka_pro18_moveit_config/share/jaka_pro18_moveit_config/.setup_assistant
[0.974s] Invoked command in '/home/newtonrattapong/jaka_ws/build/jaka_pro18_moveit_config' returned '0': AMENT_PREFIX_PATH=/home/newtonrattapong/jaka_ws/install/jaka_description:${AMENT_PREFIX_PATH} CMAKE_PREFIX_PATH=/home/newtonrattapong/jaka_ws/install/jaka_description:/opt/ros/humble /usr/bin/cmake --install /home/newtonrattapong/jaka_ws/build/jaka_pro18_moveit_config
