[0.032s] Invoking command in '/home/newtonrattapong/jaka_ws/build/jaka_a12_moveit_config': AMENT_PREFIX_PATH=/home/newtonrattapong/jaka_ws/install/jaka_description:${AMENT_PREFIX_PATH} CMAKE_PREFIX_PATH=/home/newtonrattapong/jaka_ws/install/jaka_description:/opt/ros/humble /usr/bin/cmake /home/newtonrattapong/jaka_ws/src/jaka_ros2/src/jaka_a12_moveit_config -DAMENT_CMAKE_SYMLINK_INSTALL=1 -DCMAKE_INSTALL_PREFIX=/home/newtonrattapong/jaka_ws/install/jaka_a12_moveit_config
[0.081s] -- The C compiler identification is GNU 11.4.0
[0.134s] -- The CXX compiler identification is GNU 11.4.0
[0.152s] -- Detecting C compiler ABI info
[0.225s] -- Detecting C compiler ABI info - done
[0.235s] -- Check for working C compiler: /usr/bin/cc - skipped
[0.236s] -- Detecting C compile features
[0.236s] -- Detecting C compile features - done
[0.239s] -- Detecting CXX compiler ABI info
[0.333s] -- Detecting CXX compiler ABI info - done
[0.338s] -- Check for working CXX compiler: /usr/bin/c++ - skipped
[0.338s] -- Detecting CXX compile features
[0.339s] -- Detecting CXX compile features - done
[0.341s] -- Found ament_cmake: 1.3.14 (/opt/ros/humble/share/ament_cmake/cmake)
[0.510s] -- Found Python3: /usr/bin/python3 (found version "3.10.12") found components: Interpreter 
[0.571s] -- Override CMake install command with custom implementation using symlinks instead of copying resources
[0.652s] -- Configuring done
[0.657s] -- Generating done
[0.657s] -- Build files have been written to: /home/newtonrattapong/jaka_ws/build/jaka_a12_moveit_config
[0.672s] Invoked command in '/home/newtonrattapong/jaka_ws/build/jaka_a12_moveit_config' returned '0': AMENT_PREFIX_PATH=/home/newtonrattapong/jaka_ws/install/jaka_description:${AMENT_PREFIX_PATH} CMAKE_PREFIX_PATH=/home/newtonrattapong/jaka_ws/install/jaka_description:/opt/ros/humble /usr/bin/cmake /home/newtonrattapong/jaka_ws/src/jaka_ros2/src/jaka_a12_moveit_config -DAMENT_CMAKE_SYMLINK_INSTALL=1 -DCMAKE_INSTALL_PREFIX=/home/newtonrattapong/jaka_ws/install/jaka_a12_moveit_config
[0.673s] Invoking command in '/home/newtonrattapong/jaka_ws/build/jaka_a12_moveit_config': AMENT_PREFIX_PATH=/home/newtonrattapong/jaka_ws/install/jaka_description:${AMENT_PREFIX_PATH} CMAKE_PREFIX_PATH=/home/newtonrattapong/jaka_ws/install/jaka_description:/opt/ros/humble /usr/bin/cmake --build /home/newtonrattapong/jaka_ws/build/jaka_a12_moveit_config -- -j16 -l16
[0.715s] Invoked command in '/home/newtonrattapong/jaka_ws/build/jaka_a12_moveit_config' returned '0': AMENT_PREFIX_PATH=/home/newtonrattapong/jaka_ws/install/jaka_description:${AMENT_PREFIX_PATH} CMAKE_PREFIX_PATH=/home/newtonrattapong/jaka_ws/install/jaka_description:/opt/ros/humble /usr/bin/cmake --build /home/newtonrattapong/jaka_ws/build/jaka_a12_moveit_config -- -j16 -l16
[0.715s] Invoking command in '/home/newtonrattapong/jaka_ws/build/jaka_a12_moveit_config': AMENT_PREFIX_PATH=/home/newtonrattapong/jaka_ws/install/jaka_description:${AMENT_PREFIX_PATH} CMAKE_PREFIX_PATH=/home/newtonrattapong/jaka_ws/install/jaka_description:/opt/ros/humble /usr/bin/cmake --install /home/newtonrattapong/jaka_ws/build/jaka_a12_moveit_config
[1.008s] -- Install configuration: ""
[1.009s] -- Execute custom install script
[1.009s] -- Symlinking: /home/newtonrattapong/jaka_ws/install/jaka_a12_moveit_config/share/ament_index/resource_index/package_run_dependencies/jaka_a12_moveit_config
[1.009s] -- Symlinking: /home/newtonrattapong/jaka_ws/install/jaka_a12_moveit_config/share/ament_index/resource_index/parent_prefix_path/jaka_a12_moveit_config
[1.009s] -- Symlinking: /home/newtonrattapong/jaka_ws/install/jaka_a12_moveit_config/share/jaka_a12_moveit_config/environment/ament_prefix_path.sh
[1.009s] -- Symlinking: /home/newtonrattapong/jaka_ws/install/jaka_a12_moveit_config/share/jaka_a12_moveit_config/environment/ament_prefix_path.dsv
[1.009s] -- Symlinking: /home/newtonrattapong/jaka_ws/install/jaka_a12_moveit_config/share/jaka_a12_moveit_config/environment/path.sh
[1.009s] -- Symlinking: /home/newtonrattapong/jaka_ws/install/jaka_a12_moveit_config/share/jaka_a12_moveit_config/environment/path.dsv
[1.009s] -- Symlinking: /home/newtonrattapong/jaka_ws/install/jaka_a12_moveit_config/share/jaka_a12_moveit_config/local_setup.bash
[1.009s] -- Symlinking: /home/newtonrattapong/jaka_ws/install/jaka_a12_moveit_config/share/jaka_a12_moveit_config/local_setup.sh
[1.009s] -- Symlinking: /home/newtonrattapong/jaka_ws/install/jaka_a12_moveit_config/share/jaka_a12_moveit_config/local_setup.zsh
[1.009s] -- Symlinking: /home/newtonrattapong/jaka_ws/install/jaka_a12_moveit_config/share/jaka_a12_moveit_config/local_setup.dsv
[1.010s] -- Symlinking: /home/newtonrattapong/jaka_ws/install/jaka_a12_moveit_config/share/jaka_a12_moveit_config/package.dsv
[1.010s] -- Symlinking: /home/newtonrattapong/jaka_ws/install/jaka_a12_moveit_config/share/ament_index/resource_index/packages/jaka_a12_moveit_config
[1.010s] -- Symlinking: /home/newtonrattapong/jaka_ws/install/jaka_a12_moveit_config/share/jaka_a12_moveit_config/cmake/jaka_a12_moveit_configConfig.cmake
[1.010s] -- Symlinking: /home/newtonrattapong/jaka_ws/install/jaka_a12_moveit_config/share/jaka_a12_moveit_config/cmake/jaka_a12_moveit_configConfig-version.cmake
[1.010s] -- Symlinking: /home/newtonrattapong/jaka_ws/install/jaka_a12_moveit_config/share/jaka_a12_moveit_config/package.xml
[1.010s] -- Symlinking: /home/newtonrattapong/jaka_ws/install/jaka_a12_moveit_config/share/jaka_a12_moveit_config/launch/demo.launch.py
[1.010s] -- Symlinking: /home/newtonrattapong/jaka_ws/install/jaka_a12_moveit_config/share/jaka_a12_moveit_config/launch/demo_gazebo.launch.py
[1.010s] -- Symlinking: /home/newtonrattapong/jaka_ws/install/jaka_a12_moveit_config/share/jaka_a12_moveit_config/launch/gazebo.launch.py
[1.011s] -- Symlinking: /home/newtonrattapong/jaka_ws/install/jaka_a12_moveit_config/share/jaka_a12_moveit_config/launch/move_group.launch.py
[1.011s] -- Symlinking: /home/newtonrattapong/jaka_ws/install/jaka_a12_moveit_config/share/jaka_a12_moveit_config/launch/moveit_rviz.launch.py
[1.011s] -- Symlinking: /home/newtonrattapong/jaka_ws/install/jaka_a12_moveit_config/share/jaka_a12_moveit_config/launch/rsp.launch.py
[1.011s] -- Symlinking: /home/newtonrattapong/jaka_ws/install/jaka_a12_moveit_config/share/jaka_a12_moveit_config/launch/setup_assistant.launch.py
[1.011s] -- Symlinking: /home/newtonrattapong/jaka_ws/install/jaka_a12_moveit_config/share/jaka_a12_moveit_config/launch/spawn_controllers.launch.py
[1.011s] -- Symlinking: /home/newtonrattapong/jaka_ws/install/jaka_a12_moveit_config/share/jaka_a12_moveit_config/launch/static_virtual_joint_tfs.launch.py
[1.011s] -- Symlinking: /home/newtonrattapong/jaka_ws/install/jaka_a12_moveit_config/share/jaka_a12_moveit_config/launch/warehouse_db.launch.py
[1.011s] -- Symlinking: /home/newtonrattapong/jaka_ws/install/jaka_a12_moveit_config/share/jaka_a12_moveit_config/config/initial_positions.yaml
[1.011s] -- Symlinking: /home/newtonrattapong/jaka_ws/install/jaka_a12_moveit_config/share/jaka_a12_moveit_config/config/jaka_a12.ros2_control.xacro
[1.011s] -- Symlinking: /home/newtonrattapong/jaka_ws/install/jaka_a12_moveit_config/share/jaka_a12_moveit_config/config/jaka_a12.srdf
[1.011s] -- Symlinking: /home/newtonrattapong/jaka_ws/install/jaka_a12_moveit_config/share/jaka_a12_moveit_config/config/jaka_a12.urdf.xacro
[1.011s] -- Symlinking: /home/newtonrattapong/jaka_ws/install/jaka_a12_moveit_config/share/jaka_a12_moveit_config/config/joint_limits.yaml
[1.011s] -- Symlinking: /home/newtonrattapong/jaka_ws/install/jaka_a12_moveit_config/share/jaka_a12_moveit_config/config/kinematics.yaml
[1.011s] -- Symlinking: /home/newtonrattapong/jaka_ws/install/jaka_a12_moveit_config/share/jaka_a12_moveit_config/config/moveit.rviz
[1.014s] -- Symlinking: /home/newtonrattapong/jaka_ws/install/jaka_a12_moveit_config/share/jaka_a12_moveit_config/config/moveit_controllers.yaml
[1.017s] -- Symlinking: /home/newtonrattapong/jaka_ws/install/jaka_a12_moveit_config/share/jaka_a12_moveit_config/config/pilz_cartesian_limits.yaml
[1.023s] -- Symlinking: /home/newtonrattapong/jaka_ws/install/jaka_a12_moveit_config/share/jaka_a12_moveit_config/config/ros2_controllers.yaml
[1.030s] -- Symlinking: /home/newtonrattapong/jaka_ws/install/jaka_a12_moveit_config/share/jaka_a12_moveit_config/.setup_assistant
[1.133s] Invoked command in '/home/newtonrattapong/jaka_ws/build/jaka_a12_moveit_config' returned '0': AMENT_PREFIX_PATH=/home/newtonrattapong/jaka_ws/install/jaka_description:${AMENT_PREFIX_PATH} CMAKE_PREFIX_PATH=/home/newtonrattapong/jaka_ws/install/jaka_description:/opt/ros/humble /usr/bin/cmake --install /home/newtonrattapong/jaka_ws/build/jaka_a12_moveit_config
