[0.031s] Invoking command in '/home/newtonrattapong/jaka_ws/build/jaka_zu5_moveit_config': AMENT_PREFIX_PATH=/home/newtonrattapong/jaka_ws/install/jaka_description:${AMENT_PREFIX_PATH} CMAKE_PREFIX_PATH=/home/newtonrattapong/jaka_ws/install/jaka_description:/opt/ros/humble /usr/bin/cmake /home/newtonrattapong/jaka_ws/src/jaka_ros2/src/jaka_zu5_moveit_config -DAMENT_CMAKE_SYMLINK_INSTALL=1 -DCMAKE_INSTALL_PREFIX=/home/newtonrattapong/jaka_ws/install/jaka_zu5_moveit_config
[0.088s] -- The C compiler identification is GNU 11.4.0
[0.177s] -- The CXX compiler identification is GNU 11.4.0
[0.188s] -- Detecting C compiler ABI info
[0.245s] -- Detecting C compiler ABI info - done
[0.256s] -- Check for working C compiler: /usr/bin/cc - skipped
[0.256s] -- Detecting C compile features
[0.256s] -- Detecting C compile features - done
[0.258s] -- Detecting CXX compiler ABI info
[0.338s] -- Detecting CXX compiler ABI info - done
[0.356s] -- Check for working CXX compiler: /usr/bin/c++ - skipped
[0.356s] -- Detecting CXX compile features
[0.357s] -- Detecting CXX compile features - done
[0.362s] -- Found ament_cmake: 1.3.14 (/opt/ros/humble/share/ament_cmake/cmake)
[0.672s] -- Found Python3: /usr/bin/python3 (found version "3.10.12") found components: Interpreter 
[0.783s] -- Override CMake install command with custom implementation using symlinks instead of copying resources
[0.943s] -- Configuring done
[0.944s] -- Generating done
[0.949s] -- Build files have been written to: /home/newtonrattapong/jaka_ws/build/jaka_zu5_moveit_config
[0.959s] Invoked command in '/home/newtonrattapong/jaka_ws/build/jaka_zu5_moveit_config' returned '0': AMENT_PREFIX_PATH=/home/newtonrattapong/jaka_ws/install/jaka_description:${AMENT_PREFIX_PATH} CMAKE_PREFIX_PATH=/home/newtonrattapong/jaka_ws/install/jaka_description:/opt/ros/humble /usr/bin/cmake /home/newtonrattapong/jaka_ws/src/jaka_ros2/src/jaka_zu5_moveit_config -DAMENT_CMAKE_SYMLINK_INSTALL=1 -DCMAKE_INSTALL_PREFIX=/home/newtonrattapong/jaka_ws/install/jaka_zu5_moveit_config
[0.960s] Invoking command in '/home/newtonrattapong/jaka_ws/build/jaka_zu5_moveit_config': AMENT_PREFIX_PATH=/home/newtonrattapong/jaka_ws/install/jaka_description:${AMENT_PREFIX_PATH} CMAKE_PREFIX_PATH=/home/newtonrattapong/jaka_ws/install/jaka_description:/opt/ros/humble /usr/bin/cmake --build /home/newtonrattapong/jaka_ws/build/jaka_zu5_moveit_config -- -j16 -l16
[1.030s] Invoked command in '/home/newtonrattapong/jaka_ws/build/jaka_zu5_moveit_config' returned '0': AMENT_PREFIX_PATH=/home/newtonrattapong/jaka_ws/install/jaka_description:${AMENT_PREFIX_PATH} CMAKE_PREFIX_PATH=/home/newtonrattapong/jaka_ws/install/jaka_description:/opt/ros/humble /usr/bin/cmake --build /home/newtonrattapong/jaka_ws/build/jaka_zu5_moveit_config -- -j16 -l16
[1.036s] Invoking command in '/home/newtonrattapong/jaka_ws/build/jaka_zu5_moveit_config': AMENT_PREFIX_PATH=/home/newtonrattapong/jaka_ws/install/jaka_description:${AMENT_PREFIX_PATH} CMAKE_PREFIX_PATH=/home/newtonrattapong/jaka_ws/install/jaka_description:/opt/ros/humble /usr/bin/cmake --install /home/newtonrattapong/jaka_ws/build/jaka_zu5_moveit_config
[1.043s] -- Install configuration: ""
[1.048s] -- Execute custom install script
[1.049s] -- Symlinking: /home/newtonrattapong/jaka_ws/install/jaka_zu5_moveit_config/share/ament_index/resource_index/package_run_dependencies/jaka_zu5_moveit_config
[1.054s] -- Symlinking: /home/newtonrattapong/jaka_ws/install/jaka_zu5_moveit_config/share/ament_index/resource_index/parent_prefix_path/jaka_zu5_moveit_config
[1.062s] -- Symlinking: /home/newtonrattapong/jaka_ws/install/jaka_zu5_moveit_config/share/jaka_zu5_moveit_config/environment/ament_prefix_path.sh
[1.072s] -- Symlinking: /home/newtonrattapong/jaka_ws/install/jaka_zu5_moveit_config/share/jaka_zu5_moveit_config/environment/ament_prefix_path.dsv
[1.089s] -- Symlinking: /home/newtonrattapong/jaka_ws/install/jaka_zu5_moveit_config/share/jaka_zu5_moveit_config/environment/path.sh
[1.104s] -- Symlinking: /home/newtonrattapong/jaka_ws/install/jaka_zu5_moveit_config/share/jaka_zu5_moveit_config/environment/path.dsv
[1.122s] -- Symlinking: /home/newtonrattapong/jaka_ws/install/jaka_zu5_moveit_config/share/jaka_zu5_moveit_config/local_setup.bash
[1.141s] -- Symlinking: /home/newtonrattapong/jaka_ws/install/jaka_zu5_moveit_config/share/jaka_zu5_moveit_config/local_setup.sh
[1.154s] -- Symlinking: /home/newtonrattapong/jaka_ws/install/jaka_zu5_moveit_config/share/jaka_zu5_moveit_config/local_setup.zsh
[1.171s] -- Symlinking: /home/newtonrattapong/jaka_ws/install/jaka_zu5_moveit_config/share/jaka_zu5_moveit_config/local_setup.dsv
[1.187s] -- Symlinking: /home/newtonrattapong/jaka_ws/install/jaka_zu5_moveit_config/share/jaka_zu5_moveit_config/package.dsv
[1.208s] -- Symlinking: /home/newtonrattapong/jaka_ws/install/jaka_zu5_moveit_config/share/ament_index/resource_index/packages/jaka_zu5_moveit_config
[1.221s] -- Symlinking: /home/newtonrattapong/jaka_ws/install/jaka_zu5_moveit_config/share/jaka_zu5_moveit_config/cmake/jaka_zu5_moveit_configConfig.cmake
[1.239s] -- Symlinking: /home/newtonrattapong/jaka_ws/install/jaka_zu5_moveit_config/share/jaka_zu5_moveit_config/cmake/jaka_zu5_moveit_configConfig-version.cmake
[1.254s] -- Symlinking: /home/newtonrattapong/jaka_ws/install/jaka_zu5_moveit_config/share/jaka_zu5_moveit_config/package.xml
[1.270s] -- Symlinking: /home/newtonrattapong/jaka_ws/install/jaka_zu5_moveit_config/share/jaka_zu5_moveit_config/launch/demo.launch.py
[1.281s] -- Symlinking: /home/newtonrattapong/jaka_ws/install/jaka_zu5_moveit_config/share/jaka_zu5_moveit_config/launch/demo_gazebo.launch.py
[1.289s] -- Symlinking: /home/newtonrattapong/jaka_ws/install/jaka_zu5_moveit_config/share/jaka_zu5_moveit_config/launch/gazebo.launch.py
[1.296s] -- Symlinking: /home/newtonrattapong/jaka_ws/install/jaka_zu5_moveit_config/share/jaka_zu5_moveit_config/launch/move_group.launch.py
[1.311s] -- Symlinking: /home/newtonrattapong/jaka_ws/install/jaka_zu5_moveit_config/share/jaka_zu5_moveit_config/launch/moveit_rviz.launch.py
[1.317s] -- Symlinking: /home/newtonrattapong/jaka_ws/install/jaka_zu5_moveit_config/share/jaka_zu5_moveit_config/launch/rsp.launch.py
[1.330s] -- Symlinking: /home/newtonrattapong/jaka_ws/install/jaka_zu5_moveit_config/share/jaka_zu5_moveit_config/launch/setup_assistant.launch.py
[1.341s] -- Symlinking: /home/newtonrattapong/jaka_ws/install/jaka_zu5_moveit_config/share/jaka_zu5_moveit_config/launch/spawn_controllers.launch.py
[1.364s] -- Symlinking: /home/newtonrattapong/jaka_ws/install/jaka_zu5_moveit_config/share/jaka_zu5_moveit_config/launch/static_virtual_joint_tfs.launch.py
[1.370s] -- Symlinking: /home/newtonrattapong/jaka_ws/install/jaka_zu5_moveit_config/share/jaka_zu5_moveit_config/launch/warehouse_db.launch.py
[1.380s] -- Symlinking: /home/newtonrattapong/jaka_ws/install/jaka_zu5_moveit_config/share/jaka_zu5_moveit_config/config/initial_positions.yaml
[1.389s] -- Symlinking: /home/newtonrattapong/jaka_ws/install/jaka_zu5_moveit_config/share/jaka_zu5_moveit_config/config/jaka_zu5.ros2_control.xacro
[1.398s] -- Symlinking: /home/newtonrattapong/jaka_ws/install/jaka_zu5_moveit_config/share/jaka_zu5_moveit_config/config/jaka_zu5.srdf
[1.407s] -- Symlinking: /home/newtonrattapong/jaka_ws/install/jaka_zu5_moveit_config/share/jaka_zu5_moveit_config/config/jaka_zu5.urdf.xacro
[1.418s] -- Symlinking: /home/newtonrattapong/jaka_ws/install/jaka_zu5_moveit_config/share/jaka_zu5_moveit_config/config/joint_limits.yaml
[1.425s] -- Symlinking: /home/newtonrattapong/jaka_ws/install/jaka_zu5_moveit_config/share/jaka_zu5_moveit_config/config/kinematics.yaml
[1.434s] -- Symlinking: /home/newtonrattapong/jaka_ws/install/jaka_zu5_moveit_config/share/jaka_zu5_moveit_config/config/moveit.rviz
[1.442s] -- Symlinking: /home/newtonrattapong/jaka_ws/install/jaka_zu5_moveit_config/share/jaka_zu5_moveit_config/config/moveit_controllers.yaml
[1.455s] -- Symlinking: /home/newtonrattapong/jaka_ws/install/jaka_zu5_moveit_config/share/jaka_zu5_moveit_config/config/pilz_cartesian_limits.yaml
[1.461s] -- Symlinking: /home/newtonrattapong/jaka_ws/install/jaka_zu5_moveit_config/share/jaka_zu5_moveit_config/config/ros2_controllers.yaml
[1.469s] -- Symlinking: /home/newtonrattapong/jaka_ws/install/jaka_zu5_moveit_config/share/jaka_zu5_moveit_config/.setup_assistant
[1.487s] Invoked command in '/home/newtonrattapong/jaka_ws/build/jaka_zu5_moveit_config' returned '0': AMENT_PREFIX_PATH=/home/newtonrattapong/jaka_ws/install/jaka_description:${AMENT_PREFIX_PATH} CMAKE_PREFIX_PATH=/home/newtonrattapong/jaka_ws/install/jaka_description:/opt/ros/humble /usr/bin/cmake --install /home/newtonrattapong/jaka_ws/build/jaka_zu5_moveit_config
