[0.068s] DEBUG:colcon:Command line arguments: ['/usr/bin/colcon', 'build', '--symlink-install', '--packages-select', 'jaka_a12_moveit_config']
[0.068s] DEBUG:colcon:Parsed command line arguments: Namespace(log_base=None, log_level=None, verb_name='build', build_base='build', install_base='install', merge_install=False, symlink_install=True, test_result_base=None, continue_on_error=False, executor='parallel', parallel_workers=16, event_handlers=None, ignore_user_meta=False, metas=['./colcon.meta'], base_paths=['.'], packages_ignore=None, packages_ignore_regex=None, paths=None, packages_up_to=None, packages_up_to_regex=None, packages_above=None, packages_above_and_dependencies=None, packages_above_depth=None, packages_select_by_dep=None, packages_skip_by_dep=None, packages_skip_up_to=None, packages_select_build_failed=False, packages_skip_build_finished=False, packages_select_test_failures=False, packages_skip_test_passed=False, packages_select=['jaka_a12_moveit_config'], packages_skip=None, packages_select_regex=None, packages_skip_regex=None, packages_start=None, packages_end=None, allow_overriding=[], cmake_args=None, cmake_target=None, cmake_target_skip_unavailable=False, cmake_clean_cache=False, cmake_clean_first=False, cmake_force_configure=False, ament_cmake_args=None, catkin_cmake_args=None, catkin_skip_building_tests=False, verb_parser=<colcon_defaults.argument_parser.defaults.DefaultArgumentsDecorator object at 0x7517eae5e140>, verb_extension=<colcon_core.verb.build.BuildVerb object at 0x7517eafcee30>, main=<bound method BuildVerb.main of <colcon_core.verb.build.BuildVerb object at 0x7517eafcee30>>)
[0.169s] Level 1:colcon.colcon_core.package_discovery:discover_packages(colcon_meta) check parameters
[0.169s] Level 1:colcon.colcon_core.package_discovery:discover_packages(recursive) check parameters
[0.169s] Level 1:colcon.colcon_core.package_discovery:discover_packages(ignore) check parameters
[0.169s] Level 1:colcon.colcon_core.package_discovery:discover_packages(path) check parameters
[0.169s] Level 1:colcon.colcon_core.package_discovery:discover_packages(colcon_meta) discover
[0.169s] Level 1:colcon.colcon_core.package_discovery:discover_packages(recursive) discover
[0.169s] INFO:colcon.colcon_core.package_discovery:Crawling recursively for packages in '/home/newtonrattapong/jaka_ws'
[0.169s] Level 1:colcon.colcon_core.package_identification:_identify(.) by extensions ['ignore', 'ignore_ament_install']
[0.169s] Level 1:colcon.colcon_core.package_identification:_identify(.) by extension 'ignore'
[0.170s] Level 1:colcon.colcon_core.package_identification:_identify(.) by extension 'ignore_ament_install'
[0.170s] Level 1:colcon.colcon_core.package_identification:_identify(.) by extensions ['colcon_pkg']
[0.170s] Level 1:colcon.colcon_core.package_identification:_identify(.) by extension 'colcon_pkg'
[0.170s] Level 1:colcon.colcon_core.package_identification:_identify(.) by extensions ['colcon_meta']
[0.170s] Level 1:colcon.colcon_core.package_identification:_identify(.) by extension 'colcon_meta'
[0.170s] Level 1:colcon.colcon_core.package_identification:_identify(.) by extensions ['ros']
[0.170s] Level 1:colcon.colcon_core.package_identification:_identify(.) by extension 'ros'
[0.177s] Level 1:colcon.colcon_core.package_identification:_identify(.) by extensions ['cmake', 'python']
[0.177s] Level 1:colcon.colcon_core.package_identification:_identify(.) by extension 'cmake'
[0.177s] Level 1:colcon.colcon_core.package_identification:_identify(.) by extension 'python'
[0.178s] Level 1:colcon.colcon_core.package_identification:_identify(.) by extensions ['python_setup_py']
[0.178s] Level 1:colcon.colcon_core.package_identification:_identify(.) by extension 'python_setup_py'
[0.178s] Level 1:colcon.colcon_core.package_identification:_identify(build) by extensions ['ignore', 'ignore_ament_install']
[0.178s] Level 1:colcon.colcon_core.package_identification:_identify(build) by extension 'ignore'
[0.178s] Level 1:colcon.colcon_core.package_identification:_identify(build) ignored
[0.178s] Level 1:colcon.colcon_core.package_identification:_identify(install) by extensions ['ignore', 'ignore_ament_install']
[0.178s] Level 1:colcon.colcon_core.package_identification:_identify(install) by extension 'ignore'
[0.178s] Level 1:colcon.colcon_core.package_identification:_identify(install) ignored
[0.178s] Level 1:colcon.colcon_core.package_identification:_identify(log) by extensions ['ignore', 'ignore_ament_install']
[0.178s] Level 1:colcon.colcon_core.package_identification:_identify(log) by extension 'ignore'
[0.178s] Level 1:colcon.colcon_core.package_identification:_identify(log) ignored
[0.178s] Level 1:colcon.colcon_core.package_identification:_identify(logs) by extensions ['ignore', 'ignore_ament_install']
[0.178s] Level 1:colcon.colcon_core.package_identification:_identify(logs) by extension 'ignore'
[0.178s] Level 1:colcon.colcon_core.package_identification:_identify(logs) by extension 'ignore_ament_install'
[0.178s] Level 1:colcon.colcon_core.package_identification:_identify(logs) by extensions ['colcon_pkg']
[0.178s] Level 1:colcon.colcon_core.package_identification:_identify(logs) by extension 'colcon_pkg'
[0.178s] Level 1:colcon.colcon_core.package_identification:_identify(logs) by extensions ['colcon_meta']
[0.178s] Level 1:colcon.colcon_core.package_identification:_identify(logs) by extension 'colcon_meta'
[0.178s] Level 1:colcon.colcon_core.package_identification:_identify(logs) by extensions ['ros']
[0.178s] Level 1:colcon.colcon_core.package_identification:_identify(logs) by extension 'ros'
[0.178s] Level 1:colcon.colcon_core.package_identification:_identify(logs) by extensions ['cmake', 'python']
[0.178s] Level 1:colcon.colcon_core.package_identification:_identify(logs) by extension 'cmake'
[0.178s] Level 1:colcon.colcon_core.package_identification:_identify(logs) by extension 'python'
[0.178s] Level 1:colcon.colcon_core.package_identification:_identify(logs) by extensions ['python_setup_py']
[0.178s] Level 1:colcon.colcon_core.package_identification:_identify(logs) by extension 'python_setup_py'
[0.178s] Level 1:colcon.colcon_core.package_identification:_identify(src) by extensions ['ignore', 'ignore_ament_install']
[0.179s] Level 1:colcon.colcon_core.package_identification:_identify(src) by extension 'ignore'
[0.179s] Level 1:colcon.colcon_core.package_identification:_identify(src) by extension 'ignore_ament_install'
[0.179s] Level 1:colcon.colcon_core.package_identification:_identify(src) by extensions ['colcon_pkg']
[0.179s] Level 1:colcon.colcon_core.package_identification:_identify(src) by extension 'colcon_pkg'
[0.179s] Level 1:colcon.colcon_core.package_identification:_identify(src) by extensions ['colcon_meta']
[0.179s] Level 1:colcon.colcon_core.package_identification:_identify(src) by extension 'colcon_meta'
[0.179s] Level 1:colcon.colcon_core.package_identification:_identify(src) by extensions ['ros']
[0.179s] Level 1:colcon.colcon_core.package_identification:_identify(src) by extension 'ros'
[0.179s] Level 1:colcon.colcon_core.package_identification:_identify(src) by extensions ['cmake', 'python']
[0.179s] Level 1:colcon.colcon_core.package_identification:_identify(src) by extension 'cmake'
[0.179s] Level 1:colcon.colcon_core.package_identification:_identify(src) by extension 'python'
[0.179s] Level 1:colcon.colcon_core.package_identification:_identify(src) by extensions ['python_setup_py']
[0.179s] Level 1:colcon.colcon_core.package_identification:_identify(src) by extension 'python_setup_py'
[0.179s] Level 1:colcon.colcon_core.package_identification:_identify(src/jaka_coop_monitor) by extensions ['ignore', 'ignore_ament_install']
[0.179s] Level 1:colcon.colcon_core.package_identification:_identify(src/jaka_coop_monitor) by extension 'ignore'
[0.179s] Level 1:colcon.colcon_core.package_identification:_identify(src/jaka_coop_monitor) by extension 'ignore_ament_install'
[0.179s] Level 1:colcon.colcon_core.package_identification:_identify(src/jaka_coop_monitor) by extensions ['colcon_pkg']
[0.179s] Level 1:colcon.colcon_core.package_identification:_identify(src/jaka_coop_monitor) by extension 'colcon_pkg'
[0.179s] Level 1:colcon.colcon_core.package_identification:_identify(src/jaka_coop_monitor) by extensions ['colcon_meta']
[0.179s] Level 1:colcon.colcon_core.package_identification:_identify(src/jaka_coop_monitor) by extension 'colcon_meta'
[0.179s] Level 1:colcon.colcon_core.package_identification:_identify(src/jaka_coop_monitor) by extensions ['ros']
[0.179s] Level 1:colcon.colcon_core.package_identification:_identify(src/jaka_coop_monitor) by extension 'ros'
[0.181s] DEBUG:colcon.colcon_core.package_identification:Package 'src/jaka_coop_monitor' with type 'ros.ament_python' and name 'jaka_coop_monitor'
[0.181s] Level 1:colcon.colcon_core.package_identification:_identify(src/jaka_ros2) by extensions ['ignore', 'ignore_ament_install']
[0.181s] Level 1:colcon.colcon_core.package_identification:_identify(src/jaka_ros2) by extension 'ignore'
[0.181s] Level 1:colcon.colcon_core.package_identification:_identify(src/jaka_ros2) by extension 'ignore_ament_install'
[0.181s] Level 1:colcon.colcon_core.package_identification:_identify(src/jaka_ros2) by extensions ['colcon_pkg']
[0.181s] Level 1:colcon.colcon_core.package_identification:_identify(src/jaka_ros2) by extension 'colcon_pkg'
[0.181s] Level 1:colcon.colcon_core.package_identification:_identify(src/jaka_ros2) by extensions ['colcon_meta']
[0.181s] Level 1:colcon.colcon_core.package_identification:_identify(src/jaka_ros2) by extension 'colcon_meta'
[0.181s] Level 1:colcon.colcon_core.package_identification:_identify(src/jaka_ros2) by extensions ['ros']
[0.181s] Level 1:colcon.colcon_core.package_identification:_identify(src/jaka_ros2) by extension 'ros'
[0.181s] Level 1:colcon.colcon_core.package_identification:_identify(src/jaka_ros2) by extensions ['cmake', 'python']
[0.181s] Level 1:colcon.colcon_core.package_identification:_identify(src/jaka_ros2) by extension 'cmake'
[0.181s] Level 1:colcon.colcon_core.package_identification:_identify(src/jaka_ros2) by extension 'python'
[0.181s] Level 1:colcon.colcon_core.package_identification:_identify(src/jaka_ros2) by extensions ['python_setup_py']
[0.181s] Level 1:colcon.colcon_core.package_identification:_identify(src/jaka_ros2) by extension 'python_setup_py'
[0.182s] Level 1:colcon.colcon_core.package_identification:_identify(src/jaka_ros2/images) by extensions ['ignore', 'ignore_ament_install']
[0.182s] Level 1:colcon.colcon_core.package_identification:_identify(src/jaka_ros2/images) by extension 'ignore'
[0.182s] Level 1:colcon.colcon_core.package_identification:_identify(src/jaka_ros2/images) by extension 'ignore_ament_install'
[0.182s] Level 1:colcon.colcon_core.package_identification:_identify(src/jaka_ros2/images) by extensions ['colcon_pkg']
[0.182s] Level 1:colcon.colcon_core.package_identification:_identify(src/jaka_ros2/images) by extension 'colcon_pkg'
[0.182s] Level 1:colcon.colcon_core.package_identification:_identify(src/jaka_ros2/images) by extensions ['colcon_meta']
[0.182s] Level 1:colcon.colcon_core.package_identification:_identify(src/jaka_ros2/images) by extension 'colcon_meta'
[0.182s] Level 1:colcon.colcon_core.package_identification:_identify(src/jaka_ros2/images) by extensions ['ros']
[0.182s] Level 1:colcon.colcon_core.package_identification:_identify(src/jaka_ros2/images) by extension 'ros'
[0.182s] Level 1:colcon.colcon_core.package_identification:_identify(src/jaka_ros2/images) by extensions ['cmake', 'python']
[0.182s] Level 1:colcon.colcon_core.package_identification:_identify(src/jaka_ros2/images) by extension 'cmake'
[0.182s] Level 1:colcon.colcon_core.package_identification:_identify(src/jaka_ros2/images) by extension 'python'
[0.182s] Level 1:colcon.colcon_core.package_identification:_identify(src/jaka_ros2/images) by extensions ['python_setup_py']
[0.182s] Level 1:colcon.colcon_core.package_identification:_identify(src/jaka_ros2/images) by extension 'python_setup_py'
[0.182s] Level 1:colcon.colcon_core.package_identification:_identify(src/jaka_ros2/src) by extensions ['ignore', 'ignore_ament_install']
[0.182s] Level 1:colcon.colcon_core.package_identification:_identify(src/jaka_ros2/src) by extension 'ignore'
[0.182s] Level 1:colcon.colcon_core.package_identification:_identify(src/jaka_ros2/src) by extension 'ignore_ament_install'
[0.182s] Level 1:colcon.colcon_core.package_identification:_identify(src/jaka_ros2/src) by extensions ['colcon_pkg']
[0.182s] Level 1:colcon.colcon_core.package_identification:_identify(src/jaka_ros2/src) by extension 'colcon_pkg'
[0.182s] Level 1:colcon.colcon_core.package_identification:_identify(src/jaka_ros2/src) by extensions ['colcon_meta']
[0.182s] Level 1:colcon.colcon_core.package_identification:_identify(src/jaka_ros2/src) by extension 'colcon_meta'
[0.182s] Level 1:colcon.colcon_core.package_identification:_identify(src/jaka_ros2/src) by extensions ['ros']
[0.182s] Level 1:colcon.colcon_core.package_identification:_identify(src/jaka_ros2/src) by extension 'ros'
[0.182s] Level 1:colcon.colcon_core.package_identification:_identify(src/jaka_ros2/src) by extensions ['cmake', 'python']
[0.182s] Level 1:colcon.colcon_core.package_identification:_identify(src/jaka_ros2/src) by extension 'cmake'
[0.182s] Level 1:colcon.colcon_core.package_identification:_identify(src/jaka_ros2/src) by extension 'python'
[0.182s] Level 1:colcon.colcon_core.package_identification:_identify(src/jaka_ros2/src) by extensions ['python_setup_py']
[0.182s] Level 1:colcon.colcon_core.package_identification:_identify(src/jaka_ros2/src) by extension 'python_setup_py'
[0.182s] Level 1:colcon.colcon_core.package_identification:_identify(src/jaka_ros2/src/jaka_a12_moveit_config) by extensions ['ignore', 'ignore_ament_install']
[0.182s] Level 1:colcon.colcon_core.package_identification:_identify(src/jaka_ros2/src/jaka_a12_moveit_config) by extension 'ignore'
[0.182s] Level 1:colcon.colcon_core.package_identification:_identify(src/jaka_ros2/src/jaka_a12_moveit_config) by extension 'ignore_ament_install'
[0.182s] Level 1:colcon.colcon_core.package_identification:_identify(src/jaka_ros2/src/jaka_a12_moveit_config) by extensions ['colcon_pkg']
[0.182s] Level 1:colcon.colcon_core.package_identification:_identify(src/jaka_ros2/src/jaka_a12_moveit_config) by extension 'colcon_pkg'
[0.182s] Level 1:colcon.colcon_core.package_identification:_identify(src/jaka_ros2/src/jaka_a12_moveit_config) by extensions ['colcon_meta']
[0.182s] Level 1:colcon.colcon_core.package_identification:_identify(src/jaka_ros2/src/jaka_a12_moveit_config) by extension 'colcon_meta'
[0.183s] Level 1:colcon.colcon_core.package_identification:_identify(src/jaka_ros2/src/jaka_a12_moveit_config) by extensions ['ros']
[0.183s] Level 1:colcon.colcon_core.package_identification:_identify(src/jaka_ros2/src/jaka_a12_moveit_config) by extension 'ros'
[0.183s] DEBUG:colcon.colcon_core.package_identification:Package 'src/jaka_ros2/src/jaka_a12_moveit_config' with type 'ros.ament_cmake' and name 'jaka_a12_moveit_config'
[0.183s] Level 1:colcon.colcon_core.package_identification:_identify(src/jaka_ros2/src/jaka_a20_moveit_config) by extensions ['ignore', 'ignore_ament_install']
[0.183s] Level 1:colcon.colcon_core.package_identification:_identify(src/jaka_ros2/src/jaka_a20_moveit_config) by extension 'ignore'
[0.183s] Level 1:colcon.colcon_core.package_identification:_identify(src/jaka_ros2/src/jaka_a20_moveit_config) by extension 'ignore_ament_install'
[0.183s] Level 1:colcon.colcon_core.package_identification:_identify(src/jaka_ros2/src/jaka_a20_moveit_config) by extensions ['colcon_pkg']
[0.183s] Level 1:colcon.colcon_core.package_identification:_identify(src/jaka_ros2/src/jaka_a20_moveit_config) by extension 'colcon_pkg'
[0.183s] Level 1:colcon.colcon_core.package_identification:_identify(src/jaka_ros2/src/jaka_a20_moveit_config) by extensions ['colcon_meta']
[0.183s] Level 1:colcon.colcon_core.package_identification:_identify(src/jaka_ros2/src/jaka_a20_moveit_config) by extension 'colcon_meta'
[0.183s] Level 1:colcon.colcon_core.package_identification:_identify(src/jaka_ros2/src/jaka_a20_moveit_config) by extensions ['ros']
[0.184s] Level 1:colcon.colcon_core.package_identification:_identify(src/jaka_ros2/src/jaka_a20_moveit_config) by extension 'ros'
[0.184s] DEBUG:colcon.colcon_core.package_identification:Package 'src/jaka_ros2/src/jaka_a20_moveit_config' with type 'ros.ament_cmake' and name 'jaka_a20_moveit_config'
[0.184s] Level 1:colcon.colcon_core.package_identification:_identify(src/jaka_ros2/src/jaka_a5_moveit_config) by extensions ['ignore', 'ignore_ament_install']
[0.184s] Level 1:colcon.colcon_core.package_identification:_identify(src/jaka_ros2/src/jaka_a5_moveit_config) by extension 'ignore'
[0.184s] Level 1:colcon.colcon_core.package_identification:_identify(src/jaka_ros2/src/jaka_a5_moveit_config) by extension 'ignore_ament_install'
[0.184s] Level 1:colcon.colcon_core.package_identification:_identify(src/jaka_ros2/src/jaka_a5_moveit_config) by extensions ['colcon_pkg']
[0.184s] Level 1:colcon.colcon_core.package_identification:_identify(src/jaka_ros2/src/jaka_a5_moveit_config) by extension 'colcon_pkg'
[0.184s] Level 1:colcon.colcon_core.package_identification:_identify(src/jaka_ros2/src/jaka_a5_moveit_config) by extensions ['colcon_meta']
[0.184s] Level 1:colcon.colcon_core.package_identification:_identify(src/jaka_ros2/src/jaka_a5_moveit_config) by extension 'colcon_meta'
[0.184s] Level 1:colcon.colcon_core.package_identification:_identify(src/jaka_ros2/src/jaka_a5_moveit_config) by extensions ['ros']
[0.184s] Level 1:colcon.colcon_core.package_identification:_identify(src/jaka_ros2/src/jaka_a5_moveit_config) by extension 'ros'
[0.185s] DEBUG:colcon.colcon_core.package_identification:Package 'src/jaka_ros2/src/jaka_a5_moveit_config' with type 'ros.ament_cmake' and name 'jaka_a5_moveit_config'
[0.185s] Level 1:colcon.colcon_core.package_identification:_identify(src/jaka_ros2/src/jaka_c12_moveit_config) by extensions ['ignore', 'ignore_ament_install']
[0.185s] Level 1:colcon.colcon_core.package_identification:_identify(src/jaka_ros2/src/jaka_c12_moveit_config) by extension 'ignore'
[0.185s] Level 1:colcon.colcon_core.package_identification:_identify(src/jaka_ros2/src/jaka_c12_moveit_config) by extension 'ignore_ament_install'
[0.185s] Level 1:colcon.colcon_core.package_identification:_identify(src/jaka_ros2/src/jaka_c12_moveit_config) by extensions ['colcon_pkg']
[0.185s] Level 1:colcon.colcon_core.package_identification:_identify(src/jaka_ros2/src/jaka_c12_moveit_config) by extension 'colcon_pkg'
[0.185s] Level 1:colcon.colcon_core.package_identification:_identify(src/jaka_ros2/src/jaka_c12_moveit_config) by extensions ['colcon_meta']
[0.185s] Level 1:colcon.colcon_core.package_identification:_identify(src/jaka_ros2/src/jaka_c12_moveit_config) by extension 'colcon_meta'
[0.185s] Level 1:colcon.colcon_core.package_identification:_identify(src/jaka_ros2/src/jaka_c12_moveit_config) by extensions ['ros']
[0.185s] Level 1:colcon.colcon_core.package_identification:_identify(src/jaka_ros2/src/jaka_c12_moveit_config) by extension 'ros'
[0.186s] DEBUG:colcon.colcon_core.package_identification:Package 'src/jaka_ros2/src/jaka_c12_moveit_config' with type 'ros.ament_cmake' and name 'jaka_c12_moveit_config'
[0.186s] Level 1:colcon.colcon_core.package_identification:_identify(src/jaka_ros2/src/jaka_c5_moveit_config) by extensions ['ignore', 'ignore_ament_install']
[0.186s] Level 1:colcon.colcon_core.package_identification:_identify(src/jaka_ros2/src/jaka_c5_moveit_config) by extension 'ignore'
[0.186s] Level 1:colcon.colcon_core.package_identification:_identify(src/jaka_ros2/src/jaka_c5_moveit_config) by extension 'ignore_ament_install'
[0.186s] Level 1:colcon.colcon_core.package_identification:_identify(src/jaka_ros2/src/jaka_c5_moveit_config) by extensions ['colcon_pkg']
[0.186s] Level 1:colcon.colcon_core.package_identification:_identify(src/jaka_ros2/src/jaka_c5_moveit_config) by extension 'colcon_pkg'
[0.186s] Level 1:colcon.colcon_core.package_identification:_identify(src/jaka_ros2/src/jaka_c5_moveit_config) by extensions ['colcon_meta']
[0.186s] Level 1:colcon.colcon_core.package_identification:_identify(src/jaka_ros2/src/jaka_c5_moveit_config) by extension 'colcon_meta'
[0.186s] Level 1:colcon.colcon_core.package_identification:_identify(src/jaka_ros2/src/jaka_c5_moveit_config) by extensions ['ros']
[0.186s] Level 1:colcon.colcon_core.package_identification:_identify(src/jaka_ros2/src/jaka_c5_moveit_config) by extension 'ros'
[0.187s] DEBUG:colcon.colcon_core.package_identification:Package 'src/jaka_ros2/src/jaka_c5_moveit_config' with type 'ros.ament_cmake' and name 'jaka_c5_moveit_config'
[0.187s] Level 1:colcon.colcon_core.package_identification:_identify(src/jaka_ros2/src/jaka_c7_moveit_config) by extensions ['ignore', 'ignore_ament_install']
[0.187s] Level 1:colcon.colcon_core.package_identification:_identify(src/jaka_ros2/src/jaka_c7_moveit_config) by extension 'ignore'
[0.187s] Level 1:colcon.colcon_core.package_identification:_identify(src/jaka_ros2/src/jaka_c7_moveit_config) by extension 'ignore_ament_install'
[0.187s] Level 1:colcon.colcon_core.package_identification:_identify(src/jaka_ros2/src/jaka_c7_moveit_config) by extensions ['colcon_pkg']
[0.187s] Level 1:colcon.colcon_core.package_identification:_identify(src/jaka_ros2/src/jaka_c7_moveit_config) by extension 'colcon_pkg'
[0.187s] Level 1:colcon.colcon_core.package_identification:_identify(src/jaka_ros2/src/jaka_c7_moveit_config) by extensions ['colcon_meta']
[0.187s] Level 1:colcon.colcon_core.package_identification:_identify(src/jaka_ros2/src/jaka_c7_moveit_config) by extension 'colcon_meta'
[0.187s] Level 1:colcon.colcon_core.package_identification:_identify(src/jaka_ros2/src/jaka_c7_moveit_config) by extensions ['ros']
[0.187s] Level 1:colcon.colcon_core.package_identification:_identify(src/jaka_ros2/src/jaka_c7_moveit_config) by extension 'ros'
[0.187s] DEBUG:colcon.colcon_core.package_identification:Package 'src/jaka_ros2/src/jaka_c7_moveit_config' with type 'ros.ament_cmake' and name 'jaka_c7_moveit_config'
[0.187s] Level 1:colcon.colcon_core.package_identification:_identify(src/jaka_ros2/src/jaka_description) by extensions ['ignore', 'ignore_ament_install']
[0.188s] Level 1:colcon.colcon_core.package_identification:_identify(src/jaka_ros2/src/jaka_description) by extension 'ignore'
[0.188s] Level 1:colcon.colcon_core.package_identification:_identify(src/jaka_ros2/src/jaka_description) by extension 'ignore_ament_install'
[0.188s] Level 1:colcon.colcon_core.package_identification:_identify(src/jaka_ros2/src/jaka_description) by extensions ['colcon_pkg']
[0.188s] Level 1:colcon.colcon_core.package_identification:_identify(src/jaka_ros2/src/jaka_description) by extension 'colcon_pkg'
[0.188s] Level 1:colcon.colcon_core.package_identification:_identify(src/jaka_ros2/src/jaka_description) by extensions ['colcon_meta']
[0.188s] Level 1:colcon.colcon_core.package_identification:_identify(src/jaka_ros2/src/jaka_description) by extension 'colcon_meta'
[0.188s] Level 1:colcon.colcon_core.package_identification:_identify(src/jaka_ros2/src/jaka_description) by extensions ['ros']
[0.188s] Level 1:colcon.colcon_core.package_identification:_identify(src/jaka_ros2/src/jaka_description) by extension 'ros'
[0.188s] DEBUG:colcon.colcon_core.package_identification:Package 'src/jaka_ros2/src/jaka_description' with type 'ros.ament_cmake' and name 'jaka_description'
[0.188s] Level 1:colcon.colcon_core.package_identification:_identify(src/jaka_ros2/src/jaka_driver) by extensions ['ignore', 'ignore_ament_install']
[0.188s] Level 1:colcon.colcon_core.package_identification:_identify(src/jaka_ros2/src/jaka_driver) by extension 'ignore'
[0.188s] Level 1:colcon.colcon_core.package_identification:_identify(src/jaka_ros2/src/jaka_driver) by extension 'ignore_ament_install'
[0.188s] Level 1:colcon.colcon_core.package_identification:_identify(src/jaka_ros2/src/jaka_driver) by extensions ['colcon_pkg']
[0.188s] Level 1:colcon.colcon_core.package_identification:_identify(src/jaka_ros2/src/jaka_driver) by extension 'colcon_pkg'
[0.188s] Level 1:colcon.colcon_core.package_identification:_identify(src/jaka_ros2/src/jaka_driver) by extensions ['colcon_meta']
[0.188s] Level 1:colcon.colcon_core.package_identification:_identify(src/jaka_ros2/src/jaka_driver) by extension 'colcon_meta'
[0.188s] Level 1:colcon.colcon_core.package_identification:_identify(src/jaka_ros2/src/jaka_driver) by extensions ['ros']
[0.188s] Level 1:colcon.colcon_core.package_identification:_identify(src/jaka_ros2/src/jaka_driver) by extension 'ros'
[0.190s] DEBUG:colcon.colcon_core.package_identification:Package 'src/jaka_ros2/src/jaka_driver' with type 'ros.ament_cmake' and name 'jaka_driver'
[0.190s] Level 1:colcon.colcon_core.package_identification:_identify(src/jaka_ros2/src/jaka_minicobo_moveit_config) by extensions ['ignore', 'ignore_ament_install']
[0.190s] Level 1:colcon.colcon_core.package_identification:_identify(src/jaka_ros2/src/jaka_minicobo_moveit_config) by extension 'ignore'
[0.190s] Level 1:colcon.colcon_core.package_identification:_identify(src/jaka_ros2/src/jaka_minicobo_moveit_config) by extension 'ignore_ament_install'
[0.190s] Level 1:colcon.colcon_core.package_identification:_identify(src/jaka_ros2/src/jaka_minicobo_moveit_config) by extensions ['colcon_pkg']
[0.190s] Level 1:colcon.colcon_core.package_identification:_identify(src/jaka_ros2/src/jaka_minicobo_moveit_config) by extension 'colcon_pkg'
[0.190s] Level 1:colcon.colcon_core.package_identification:_identify(src/jaka_ros2/src/jaka_minicobo_moveit_config) by extensions ['colcon_meta']
[0.190s] Level 1:colcon.colcon_core.package_identification:_identify(src/jaka_ros2/src/jaka_minicobo_moveit_config) by extension 'colcon_meta'
[0.190s] Level 1:colcon.colcon_core.package_identification:_identify(src/jaka_ros2/src/jaka_minicobo_moveit_config) by extensions ['ros']
[0.190s] Level 1:colcon.colcon_core.package_identification:_identify(src/jaka_ros2/src/jaka_minicobo_moveit_config) by extension 'ros'
[0.191s] DEBUG:colcon.colcon_core.package_identification:Package 'src/jaka_ros2/src/jaka_minicobo_moveit_config' with type 'ros.ament_cmake' and name 'jaka_minicobo_moveit_config'
[0.191s] Level 1:colcon.colcon_core.package_identification:_identify(src/jaka_ros2/src/jaka_msgs) by extensions ['ignore', 'ignore_ament_install']
[0.191s] Level 1:colcon.colcon_core.package_identification:_identify(src/jaka_ros2/src/jaka_msgs) by extension 'ignore'
[0.191s] Level 1:colcon.colcon_core.package_identification:_identify(src/jaka_ros2/src/jaka_msgs) by extension 'ignore_ament_install'
[0.191s] Level 1:colcon.colcon_core.package_identification:_identify(src/jaka_ros2/src/jaka_msgs) by extensions ['colcon_pkg']
[0.191s] Level 1:colcon.colcon_core.package_identification:_identify(src/jaka_ros2/src/jaka_msgs) by extension 'colcon_pkg'
[0.191s] Level 1:colcon.colcon_core.package_identification:_identify(src/jaka_ros2/src/jaka_msgs) by extensions ['colcon_meta']
[0.191s] Level 1:colcon.colcon_core.package_identification:_identify(src/jaka_ros2/src/jaka_msgs) by extension 'colcon_meta'
[0.191s] Level 1:colcon.colcon_core.package_identification:_identify(src/jaka_ros2/src/jaka_msgs) by extensions ['ros']
[0.191s] Level 1:colcon.colcon_core.package_identification:_identify(src/jaka_ros2/src/jaka_msgs) by extension 'ros'
[0.191s] DEBUG:colcon.colcon_core.package_identification:Package 'src/jaka_ros2/src/jaka_msgs' with type 'ros.ament_cmake' and name 'jaka_msgs'
[0.191s] Level 1:colcon.colcon_core.package_identification:_identify(src/jaka_ros2/src/jaka_planner) by extensions ['ignore', 'ignore_ament_install']
[0.191s] Level 1:colcon.colcon_core.package_identification:_identify(src/jaka_ros2/src/jaka_planner) by extension 'ignore'
[0.191s] Level 1:colcon.colcon_core.package_identification:_identify(src/jaka_ros2/src/jaka_planner) by extension 'ignore_ament_install'
[0.191s] Level 1:colcon.colcon_core.package_identification:_identify(src/jaka_ros2/src/jaka_planner) by extensions ['colcon_pkg']
[0.191s] Level 1:colcon.colcon_core.package_identification:_identify(src/jaka_ros2/src/jaka_planner) by extension 'colcon_pkg'
[0.191s] Level 1:colcon.colcon_core.package_identification:_identify(src/jaka_ros2/src/jaka_planner) by extensions ['colcon_meta']
[0.191s] Level 1:colcon.colcon_core.package_identification:_identify(src/jaka_ros2/src/jaka_planner) by extension 'colcon_meta'
[0.192s] Level 1:colcon.colcon_core.package_identification:_identify(src/jaka_ros2/src/jaka_planner) by extensions ['ros']
[0.192s] Level 1:colcon.colcon_core.package_identification:_identify(src/jaka_ros2/src/jaka_planner) by extension 'ros'
[0.192s] DEBUG:colcon.colcon_core.package_identification:Package 'src/jaka_ros2/src/jaka_planner' with type 'ros.ament_cmake' and name 'jaka_planner'
[0.192s] Level 1:colcon.colcon_core.package_identification:_identify(src/jaka_ros2/src/jaka_pro12_moveit_config) by extensions ['ignore', 'ignore_ament_install']
[0.192s] Level 1:colcon.colcon_core.package_identification:_identify(src/jaka_ros2/src/jaka_pro12_moveit_config) by extension 'ignore'
[0.192s] Level 1:colcon.colcon_core.package_identification:_identify(src/jaka_ros2/src/jaka_pro12_moveit_config) by extension 'ignore_ament_install'
[0.192s] Level 1:colcon.colcon_core.package_identification:_identify(src/jaka_ros2/src/jaka_pro12_moveit_config) by extensions ['colcon_pkg']
[0.192s] Level 1:colcon.colcon_core.package_identification:_identify(src/jaka_ros2/src/jaka_pro12_moveit_config) by extension 'colcon_pkg'
[0.192s] Level 1:colcon.colcon_core.package_identification:_identify(src/jaka_ros2/src/jaka_pro12_moveit_config) by extensions ['colcon_meta']
[0.192s] Level 1:colcon.colcon_core.package_identification:_identify(src/jaka_ros2/src/jaka_pro12_moveit_config) by extension 'colcon_meta'
[0.192s] Level 1:colcon.colcon_core.package_identification:_identify(src/jaka_ros2/src/jaka_pro12_moveit_config) by extensions ['ros']
[0.192s] Level 1:colcon.colcon_core.package_identification:_identify(src/jaka_ros2/src/jaka_pro12_moveit_config) by extension 'ros'
[0.199s] DEBUG:colcon.colcon_core.package_identification:Package 'src/jaka_ros2/src/jaka_pro12_moveit_config' with type 'ros.ament_cmake' and name 'jaka_pro12_moveit_config'
[0.199s] Level 1:colcon.colcon_core.package_identification:_identify(src/jaka_ros2/src/jaka_pro16_moveit_config) by extensions ['ignore', 'ignore_ament_install']
[0.199s] Level 1:colcon.colcon_core.package_identification:_identify(src/jaka_ros2/src/jaka_pro16_moveit_config) by extension 'ignore'
[0.199s] Level 1:colcon.colcon_core.package_identification:_identify(src/jaka_ros2/src/jaka_pro16_moveit_config) by extension 'ignore_ament_install'
[0.199s] Level 1:colcon.colcon_core.package_identification:_identify(src/jaka_ros2/src/jaka_pro16_moveit_config) by extensions ['colcon_pkg']
[0.200s] Level 1:colcon.colcon_core.package_identification:_identify(src/jaka_ros2/src/jaka_pro16_moveit_config) by extension 'colcon_pkg'
[0.200s] Level 1:colcon.colcon_core.package_identification:_identify(src/jaka_ros2/src/jaka_pro16_moveit_config) by extensions ['colcon_meta']
[0.200s] Level 1:colcon.colcon_core.package_identification:_identify(src/jaka_ros2/src/jaka_pro16_moveit_config) by extension 'colcon_meta'
[0.200s] Level 1:colcon.colcon_core.package_identification:_identify(src/jaka_ros2/src/jaka_pro16_moveit_config) by extensions ['ros']
[0.200s] Level 1:colcon.colcon_core.package_identification:_identify(src/jaka_ros2/src/jaka_pro16_moveit_config) by extension 'ros'
[0.200s] DEBUG:colcon.colcon_core.package_identification:Package 'src/jaka_ros2/src/jaka_pro16_moveit_config' with type 'ros.ament_cmake' and name 'jaka_pro16_moveit_config'
[0.200s] Level 1:colcon.colcon_core.package_identification:_identify(src/jaka_ros2/src/jaka_pro18_moveit_config) by extensions ['ignore', 'ignore_ament_install']
[0.200s] Level 1:colcon.colcon_core.package_identification:_identify(src/jaka_ros2/src/jaka_pro18_moveit_config) by extension 'ignore'
[0.200s] Level 1:colcon.colcon_core.package_identification:_identify(src/jaka_ros2/src/jaka_pro18_moveit_config) by extension 'ignore_ament_install'
[0.200s] Level 1:colcon.colcon_core.package_identification:_identify(src/jaka_ros2/src/jaka_pro18_moveit_config) by extensions ['colcon_pkg']
[0.200s] Level 1:colcon.colcon_core.package_identification:_identify(src/jaka_ros2/src/jaka_pro18_moveit_config) by extension 'colcon_pkg'
[0.200s] Level 1:colcon.colcon_core.package_identification:_identify(src/jaka_ros2/src/jaka_pro18_moveit_config) by extensions ['colcon_meta']
[0.200s] Level 1:colcon.colcon_core.package_identification:_identify(src/jaka_ros2/src/jaka_pro18_moveit_config) by extension 'colcon_meta'
[0.200s] Level 1:colcon.colcon_core.package_identification:_identify(src/jaka_ros2/src/jaka_pro18_moveit_config) by extensions ['ros']
[0.200s] Level 1:colcon.colcon_core.package_identification:_identify(src/jaka_ros2/src/jaka_pro18_moveit_config) by extension 'ros'
[0.201s] DEBUG:colcon.colcon_core.package_identification:Package 'src/jaka_ros2/src/jaka_pro18_moveit_config' with type 'ros.ament_cmake' and name 'jaka_pro18_moveit_config'
[0.201s] Level 1:colcon.colcon_core.package_identification:_identify(src/jaka_ros2/src/jaka_pro5_moveit_config) by extensions ['ignore', 'ignore_ament_install']
[0.201s] Level 1:colcon.colcon_core.package_identification:_identify(src/jaka_ros2/src/jaka_pro5_moveit_config) by extension 'ignore'
[0.201s] Level 1:colcon.colcon_core.package_identification:_identify(src/jaka_ros2/src/jaka_pro5_moveit_config) by extension 'ignore_ament_install'
[0.201s] Level 1:colcon.colcon_core.package_identification:_identify(src/jaka_ros2/src/jaka_pro5_moveit_config) by extensions ['colcon_pkg']
[0.201s] Level 1:colcon.colcon_core.package_identification:_identify(src/jaka_ros2/src/jaka_pro5_moveit_config) by extension 'colcon_pkg'
[0.201s] Level 1:colcon.colcon_core.package_identification:_identify(src/jaka_ros2/src/jaka_pro5_moveit_config) by extensions ['colcon_meta']
[0.201s] Level 1:colcon.colcon_core.package_identification:_identify(src/jaka_ros2/src/jaka_pro5_moveit_config) by extension 'colcon_meta'
[0.201s] Level 1:colcon.colcon_core.package_identification:_identify(src/jaka_ros2/src/jaka_pro5_moveit_config) by extensions ['ros']
[0.201s] Level 1:colcon.colcon_core.package_identification:_identify(src/jaka_ros2/src/jaka_pro5_moveit_config) by extension 'ros'
[0.202s] DEBUG:colcon.colcon_core.package_identification:Package 'src/jaka_ros2/src/jaka_pro5_moveit_config' with type 'ros.ament_cmake' and name 'jaka_pro5_moveit_config'
[0.202s] Level 1:colcon.colcon_core.package_identification:_identify(src/jaka_ros2/src/jaka_pro7_moveit_config) by extensions ['ignore', 'ignore_ament_install']
[0.202s] Level 1:colcon.colcon_core.package_identification:_identify(src/jaka_ros2/src/jaka_pro7_moveit_config) by extension 'ignore'
[0.202s] Level 1:colcon.colcon_core.package_identification:_identify(src/jaka_ros2/src/jaka_pro7_moveit_config) by extension 'ignore_ament_install'
[0.202s] Level 1:colcon.colcon_core.package_identification:_identify(src/jaka_ros2/src/jaka_pro7_moveit_config) by extensions ['colcon_pkg']
[0.202s] Level 1:colcon.colcon_core.package_identification:_identify(src/jaka_ros2/src/jaka_pro7_moveit_config) by extension 'colcon_pkg'
[0.202s] Level 1:colcon.colcon_core.package_identification:_identify(src/jaka_ros2/src/jaka_pro7_moveit_config) by extensions ['colcon_meta']
[0.202s] Level 1:colcon.colcon_core.package_identification:_identify(src/jaka_ros2/src/jaka_pro7_moveit_config) by extension 'colcon_meta'
[0.202s] Level 1:colcon.colcon_core.package_identification:_identify(src/jaka_ros2/src/jaka_pro7_moveit_config) by extensions ['ros']
[0.202s] Level 1:colcon.colcon_core.package_identification:_identify(src/jaka_ros2/src/jaka_pro7_moveit_config) by extension 'ros'
[0.203s] DEBUG:colcon.colcon_core.package_identification:Package 'src/jaka_ros2/src/jaka_pro7_moveit_config' with type 'ros.ament_cmake' and name 'jaka_pro7_moveit_config'
[0.203s] Level 1:colcon.colcon_core.package_identification:_identify(src/jaka_ros2/src/jaka_s12_moveit_config) by extensions ['ignore', 'ignore_ament_install']
[0.203s] Level 1:colcon.colcon_core.package_identification:_identify(src/jaka_ros2/src/jaka_s12_moveit_config) by extension 'ignore'
[0.203s] Level 1:colcon.colcon_core.package_identification:_identify(src/jaka_ros2/src/jaka_s12_moveit_config) by extension 'ignore_ament_install'
[0.203s] Level 1:colcon.colcon_core.package_identification:_identify(src/jaka_ros2/src/jaka_s12_moveit_config) by extensions ['colcon_pkg']
[0.203s] Level 1:colcon.colcon_core.package_identification:_identify(src/jaka_ros2/src/jaka_s12_moveit_config) by extension 'colcon_pkg'
[0.203s] Level 1:colcon.colcon_core.package_identification:_identify(src/jaka_ros2/src/jaka_s12_moveit_config) by extensions ['colcon_meta']
[0.203s] Level 1:colcon.colcon_core.package_identification:_identify(src/jaka_ros2/src/jaka_s12_moveit_config) by extension 'colcon_meta'
[0.203s] Level 1:colcon.colcon_core.package_identification:_identify(src/jaka_ros2/src/jaka_s12_moveit_config) by extensions ['ros']
[0.203s] Level 1:colcon.colcon_core.package_identification:_identify(src/jaka_ros2/src/jaka_s12_moveit_config) by extension 'ros'
[0.204s] DEBUG:colcon.colcon_core.package_identification:Package 'src/jaka_ros2/src/jaka_s12_moveit_config' with type 'ros.ament_cmake' and name 'jaka_s12_moveit_config'
[0.204s] Level 1:colcon.colcon_core.package_identification:_identify(src/jaka_ros2/src/jaka_s5_moveit_config) by extensions ['ignore', 'ignore_ament_install']
[0.204s] Level 1:colcon.colcon_core.package_identification:_identify(src/jaka_ros2/src/jaka_s5_moveit_config) by extension 'ignore'
[0.204s] Level 1:colcon.colcon_core.package_identification:_identify(src/jaka_ros2/src/jaka_s5_moveit_config) by extension 'ignore_ament_install'
[0.204s] Level 1:colcon.colcon_core.package_identification:_identify(src/jaka_ros2/src/jaka_s5_moveit_config) by extensions ['colcon_pkg']
[0.204s] Level 1:colcon.colcon_core.package_identification:_identify(src/jaka_ros2/src/jaka_s5_moveit_config) by extension 'colcon_pkg'
[0.204s] Level 1:colcon.colcon_core.package_identification:_identify(src/jaka_ros2/src/jaka_s5_moveit_config) by extensions ['colcon_meta']
[0.204s] Level 1:colcon.colcon_core.package_identification:_identify(src/jaka_ros2/src/jaka_s5_moveit_config) by extension 'colcon_meta'
[0.204s] Level 1:colcon.colcon_core.package_identification:_identify(src/jaka_ros2/src/jaka_s5_moveit_config) by extensions ['ros']
[0.204s] Level 1:colcon.colcon_core.package_identification:_identify(src/jaka_ros2/src/jaka_s5_moveit_config) by extension 'ros'
[0.205s] DEBUG:colcon.colcon_core.package_identification:Package 'src/jaka_ros2/src/jaka_s5_moveit_config' with type 'ros.ament_cmake' and name 'jaka_s5_moveit_config'
[0.205s] Level 1:colcon.colcon_core.package_identification:_identify(src/jaka_ros2/src/jaka_s7_moveit_config) by extensions ['ignore', 'ignore_ament_install']
[0.205s] Level 1:colcon.colcon_core.package_identification:_identify(src/jaka_ros2/src/jaka_s7_moveit_config) by extension 'ignore'
[0.205s] Level 1:colcon.colcon_core.package_identification:_identify(src/jaka_ros2/src/jaka_s7_moveit_config) by extension 'ignore_ament_install'
[0.205s] Level 1:colcon.colcon_core.package_identification:_identify(src/jaka_ros2/src/jaka_s7_moveit_config) by extensions ['colcon_pkg']
[0.205s] Level 1:colcon.colcon_core.package_identification:_identify(src/jaka_ros2/src/jaka_s7_moveit_config) by extension 'colcon_pkg'
[0.205s] Level 1:colcon.colcon_core.package_identification:_identify(src/jaka_ros2/src/jaka_s7_moveit_config) by extensions ['colcon_meta']
[0.205s] Level 1:colcon.colcon_core.package_identification:_identify(src/jaka_ros2/src/jaka_s7_moveit_config) by extension 'colcon_meta'
[0.205s] Level 1:colcon.colcon_core.package_identification:_identify(src/jaka_ros2/src/jaka_s7_moveit_config) by extensions ['ros']
[0.205s] Level 1:colcon.colcon_core.package_identification:_identify(src/jaka_ros2/src/jaka_s7_moveit_config) by extension 'ros'
[0.205s] DEBUG:colcon.colcon_core.package_identification:Package 'src/jaka_ros2/src/jaka_s7_moveit_config' with type 'ros.ament_cmake' and name 'jaka_s7_moveit_config'
[0.205s] Level 1:colcon.colcon_core.package_identification:_identify(src/jaka_ros2/src/jaka_zu12_moveit_config) by extensions ['ignore', 'ignore_ament_install']
[0.206s] Level 1:colcon.colcon_core.package_identification:_identify(src/jaka_ros2/src/jaka_zu12_moveit_config) by extension 'ignore'
[0.206s] Level 1:colcon.colcon_core.package_identification:_identify(src/jaka_ros2/src/jaka_zu12_moveit_config) by extension 'ignore_ament_install'
[0.206s] Level 1:colcon.colcon_core.package_identification:_identify(src/jaka_ros2/src/jaka_zu12_moveit_config) by extensions ['colcon_pkg']
[0.206s] Level 1:colcon.colcon_core.package_identification:_identify(src/jaka_ros2/src/jaka_zu12_moveit_config) by extension 'colcon_pkg'
[0.206s] Level 1:colcon.colcon_core.package_identification:_identify(src/jaka_ros2/src/jaka_zu12_moveit_config) by extensions ['colcon_meta']
[0.206s] Level 1:colcon.colcon_core.package_identification:_identify(src/jaka_ros2/src/jaka_zu12_moveit_config) by extension 'colcon_meta'
[0.206s] Level 1:colcon.colcon_core.package_identification:_identify(src/jaka_ros2/src/jaka_zu12_moveit_config) by extensions ['ros']
[0.206s] Level 1:colcon.colcon_core.package_identification:_identify(src/jaka_ros2/src/jaka_zu12_moveit_config) by extension 'ros'
[0.206s] DEBUG:colcon.colcon_core.package_identification:Package 'src/jaka_ros2/src/jaka_zu12_moveit_config' with type 'ros.ament_cmake' and name 'jaka_zu12_moveit_config'
[0.206s] Level 1:colcon.colcon_core.package_identification:_identify(src/jaka_ros2/src/jaka_zu18_moveit_config) by extensions ['ignore', 'ignore_ament_install']
[0.206s] Level 1:colcon.colcon_core.package_identification:_identify(src/jaka_ros2/src/jaka_zu18_moveit_config) by extension 'ignore'
[0.206s] Level 1:colcon.colcon_core.package_identification:_identify(src/jaka_ros2/src/jaka_zu18_moveit_config) by extension 'ignore_ament_install'
[0.206s] Level 1:colcon.colcon_core.package_identification:_identify(src/jaka_ros2/src/jaka_zu18_moveit_config) by extensions ['colcon_pkg']
[0.206s] Level 1:colcon.colcon_core.package_identification:_identify(src/jaka_ros2/src/jaka_zu18_moveit_config) by extension 'colcon_pkg'
[0.206s] Level 1:colcon.colcon_core.package_identification:_identify(src/jaka_ros2/src/jaka_zu18_moveit_config) by extensions ['colcon_meta']
[0.207s] Level 1:colcon.colcon_core.package_identification:_identify(src/jaka_ros2/src/jaka_zu18_moveit_config) by extension 'colcon_meta'
[0.207s] Level 1:colcon.colcon_core.package_identification:_identify(src/jaka_ros2/src/jaka_zu18_moveit_config) by extensions ['ros']
[0.207s] Level 1:colcon.colcon_core.package_identification:_identify(src/jaka_ros2/src/jaka_zu18_moveit_config) by extension 'ros'
[0.207s] DEBUG:colcon.colcon_core.package_identification:Package 'src/jaka_ros2/src/jaka_zu18_moveit_config' with type 'ros.ament_cmake' and name 'jaka_zu18_moveit_config'
[0.207s] Level 1:colcon.colcon_core.package_identification:_identify(src/jaka_ros2/src/jaka_zu20_moveit_config) by extensions ['ignore', 'ignore_ament_install']
[0.207s] Level 1:colcon.colcon_core.package_identification:_identify(src/jaka_ros2/src/jaka_zu20_moveit_config) by extension 'ignore'
[0.207s] Level 1:colcon.colcon_core.package_identification:_identify(src/jaka_ros2/src/jaka_zu20_moveit_config) by extension 'ignore_ament_install'
[0.207s] Level 1:colcon.colcon_core.package_identification:_identify(src/jaka_ros2/src/jaka_zu20_moveit_config) by extensions ['colcon_pkg']
[0.207s] Level 1:colcon.colcon_core.package_identification:_identify(src/jaka_ros2/src/jaka_zu20_moveit_config) by extension 'colcon_pkg'
[0.207s] Level 1:colcon.colcon_core.package_identification:_identify(src/jaka_ros2/src/jaka_zu20_moveit_config) by extensions ['colcon_meta']
[0.207s] Level 1:colcon.colcon_core.package_identification:_identify(src/jaka_ros2/src/jaka_zu20_moveit_config) by extension 'colcon_meta'
[0.207s] Level 1:colcon.colcon_core.package_identification:_identify(src/jaka_ros2/src/jaka_zu20_moveit_config) by extensions ['ros']
[0.208s] Level 1:colcon.colcon_core.package_identification:_identify(src/jaka_ros2/src/jaka_zu20_moveit_config) by extension 'ros'
[0.208s] DEBUG:colcon.colcon_core.package_identification:Package 'src/jaka_ros2/src/jaka_zu20_moveit_config' with type 'ros.ament_cmake' and name 'jaka_zu20_moveit_config'
[0.208s] Level 1:colcon.colcon_core.package_identification:_identify(src/jaka_ros2/src/jaka_zu30_moveit_config) by extensions ['ignore', 'ignore_ament_install']
[0.208s] Level 1:colcon.colcon_core.package_identification:_identify(src/jaka_ros2/src/jaka_zu30_moveit_config) by extension 'ignore'
[0.208s] Level 1:colcon.colcon_core.package_identification:_identify(src/jaka_ros2/src/jaka_zu30_moveit_config) by extension 'ignore_ament_install'
[0.208s] Level 1:colcon.colcon_core.package_identification:_identify(src/jaka_ros2/src/jaka_zu30_moveit_config) by extensions ['colcon_pkg']
[0.208s] Level 1:colcon.colcon_core.package_identification:_identify(src/jaka_ros2/src/jaka_zu30_moveit_config) by extension 'colcon_pkg'
[0.208s] Level 1:colcon.colcon_core.package_identification:_identify(src/jaka_ros2/src/jaka_zu30_moveit_config) by extensions ['colcon_meta']
[0.208s] Level 1:colcon.colcon_core.package_identification:_identify(src/jaka_ros2/src/jaka_zu30_moveit_config) by extension 'colcon_meta'
[0.208s] Level 1:colcon.colcon_core.package_identification:_identify(src/jaka_ros2/src/jaka_zu30_moveit_config) by extensions ['ros']
[0.208s] Level 1:colcon.colcon_core.package_identification:_identify(src/jaka_ros2/src/jaka_zu30_moveit_config) by extension 'ros'
[0.209s] DEBUG:colcon.colcon_core.package_identification:Package 'src/jaka_ros2/src/jaka_zu30_moveit_config' with type 'ros.ament_cmake' and name 'jaka_zu30_moveit_config'
[0.209s] Level 1:colcon.colcon_core.package_identification:_identify(src/jaka_ros2/src/jaka_zu3_moveit_config) by extensions ['ignore', 'ignore_ament_install']
[0.209s] Level 1:colcon.colcon_core.package_identification:_identify(src/jaka_ros2/src/jaka_zu3_moveit_config) by extension 'ignore'
[0.209s] Level 1:colcon.colcon_core.package_identification:_identify(src/jaka_ros2/src/jaka_zu3_moveit_config) by extension 'ignore_ament_install'
[0.209s] Level 1:colcon.colcon_core.package_identification:_identify(src/jaka_ros2/src/jaka_zu3_moveit_config) by extensions ['colcon_pkg']
[0.209s] Level 1:colcon.colcon_core.package_identification:_identify(src/jaka_ros2/src/jaka_zu3_moveit_config) by extension 'colcon_pkg'
[0.209s] Level 1:colcon.colcon_core.package_identification:_identify(src/jaka_ros2/src/jaka_zu3_moveit_config) by extensions ['colcon_meta']
[0.209s] Level 1:colcon.colcon_core.package_identification:_identify(src/jaka_ros2/src/jaka_zu3_moveit_config) by extension 'colcon_meta'
[0.209s] Level 1:colcon.colcon_core.package_identification:_identify(src/jaka_ros2/src/jaka_zu3_moveit_config) by extensions ['ros']
[0.209s] Level 1:colcon.colcon_core.package_identification:_identify(src/jaka_ros2/src/jaka_zu3_moveit_config) by extension 'ros'
[0.210s] DEBUG:colcon.colcon_core.package_identification:Package 'src/jaka_ros2/src/jaka_zu3_moveit_config' with type 'ros.ament_cmake' and name 'jaka_zu3_moveit_config'
[0.210s] Level 1:colcon.colcon_core.package_identification:_identify(src/jaka_ros2/src/jaka_zu5_moveit_config) by extensions ['ignore', 'ignore_ament_install']
[0.210s] Level 1:colcon.colcon_core.package_identification:_identify(src/jaka_ros2/src/jaka_zu5_moveit_config) by extension 'ignore'
[0.210s] Level 1:colcon.colcon_core.package_identification:_identify(src/jaka_ros2/src/jaka_zu5_moveit_config) by extension 'ignore_ament_install'
[0.210s] Level 1:colcon.colcon_core.package_identification:_identify(src/jaka_ros2/src/jaka_zu5_moveit_config) by extensions ['colcon_pkg']
[0.210s] Level 1:colcon.colcon_core.package_identification:_identify(src/jaka_ros2/src/jaka_zu5_moveit_config) by extension 'colcon_pkg'
[0.210s] Level 1:colcon.colcon_core.package_identification:_identify(src/jaka_ros2/src/jaka_zu5_moveit_config) by extensions ['colcon_meta']
[0.210s] Level 1:colcon.colcon_core.package_identification:_identify(src/jaka_ros2/src/jaka_zu5_moveit_config) by extension 'colcon_meta'
[0.210s] Level 1:colcon.colcon_core.package_identification:_identify(src/jaka_ros2/src/jaka_zu5_moveit_config) by extensions ['ros']
[0.210s] Level 1:colcon.colcon_core.package_identification:_identify(src/jaka_ros2/src/jaka_zu5_moveit_config) by extension 'ros'
[0.211s] DEBUG:colcon.colcon_core.package_identification:Package 'src/jaka_ros2/src/jaka_zu5_moveit_config' with type 'ros.ament_cmake' and name 'jaka_zu5_moveit_config'
[0.211s] Level 1:colcon.colcon_core.package_identification:_identify(src/jaka_ros2/src/jaka_zu7_moveit_config) by extensions ['ignore', 'ignore_ament_install']
[0.211s] Level 1:colcon.colcon_core.package_identification:_identify(src/jaka_ros2/src/jaka_zu7_moveit_config) by extension 'ignore'
[0.211s] Level 1:colcon.colcon_core.package_identification:_identify(src/jaka_ros2/src/jaka_zu7_moveit_config) by extension 'ignore_ament_install'
[0.211s] Level 1:colcon.colcon_core.package_identification:_identify(src/jaka_ros2/src/jaka_zu7_moveit_config) by extensions ['colcon_pkg']
[0.211s] Level 1:colcon.colcon_core.package_identification:_identify(src/jaka_ros2/src/jaka_zu7_moveit_config) by extension 'colcon_pkg'
[0.211s] Level 1:colcon.colcon_core.package_identification:_identify(src/jaka_ros2/src/jaka_zu7_moveit_config) by extensions ['colcon_meta']
[0.211s] Level 1:colcon.colcon_core.package_identification:_identify(src/jaka_ros2/src/jaka_zu7_moveit_config) by extension 'colcon_meta'
[0.211s] Level 1:colcon.colcon_core.package_identification:_identify(src/jaka_ros2/src/jaka_zu7_moveit_config) by extensions ['ros']
[0.211s] Level 1:colcon.colcon_core.package_identification:_identify(src/jaka_ros2/src/jaka_zu7_moveit_config) by extension 'ros'
[0.212s] DEBUG:colcon.colcon_core.package_identification:Package 'src/jaka_ros2/src/jaka_zu7_moveit_config' with type 'ros.ament_cmake' and name 'jaka_zu7_moveit_config'
[0.212s] Level 1:colcon.colcon_core.package_discovery:discover_packages(recursive) using defaults
[0.212s] Level 1:colcon.colcon_core.package_discovery:discover_packages(ignore) discover
[0.212s] Level 1:colcon.colcon_core.package_discovery:discover_packages(ignore) using defaults
[0.212s] Level 1:colcon.colcon_core.package_discovery:discover_packages(path) discover
[0.212s] Level 1:colcon.colcon_core.package_discovery:discover_packages(path) using defaults
[0.231s] INFO:colcon.colcon_core.package_selection:Skipping not selected package 'jaka_coop_monitor' in 'src/jaka_coop_monitor'
[0.231s] INFO:colcon.colcon_core.package_selection:Skipping not selected package 'jaka_description' in 'src/jaka_ros2/src/jaka_description'
[0.231s] INFO:colcon.colcon_core.package_selection:Skipping not selected package 'jaka_msgs' in 'src/jaka_ros2/src/jaka_msgs'
[0.231s] INFO:colcon.colcon_core.package_selection:Skipping not selected package 'jaka_a20_moveit_config' in 'src/jaka_ros2/src/jaka_a20_moveit_config'
[0.231s] INFO:colcon.colcon_core.package_selection:Skipping not selected package 'jaka_a5_moveit_config' in 'src/jaka_ros2/src/jaka_a5_moveit_config'
[0.231s] INFO:colcon.colcon_core.package_selection:Skipping not selected package 'jaka_c12_moveit_config' in 'src/jaka_ros2/src/jaka_c12_moveit_config'
[0.231s] INFO:colcon.colcon_core.package_selection:Skipping not selected package 'jaka_c5_moveit_config' in 'src/jaka_ros2/src/jaka_c5_moveit_config'
[0.231s] INFO:colcon.colcon_core.package_selection:Skipping not selected package 'jaka_c7_moveit_config' in 'src/jaka_ros2/src/jaka_c7_moveit_config'
[0.231s] INFO:colcon.colcon_core.package_selection:Skipping not selected package 'jaka_driver' in 'src/jaka_ros2/src/jaka_driver'
[0.231s] INFO:colcon.colcon_core.package_selection:Skipping not selected package 'jaka_minicobo_moveit_config' in 'src/jaka_ros2/src/jaka_minicobo_moveit_config'
[0.231s] INFO:colcon.colcon_core.package_selection:Skipping not selected package 'jaka_planner' in 'src/jaka_ros2/src/jaka_planner'
[0.231s] INFO:colcon.colcon_core.package_selection:Skipping not selected package 'jaka_pro12_moveit_config' in 'src/jaka_ros2/src/jaka_pro12_moveit_config'
[0.231s] INFO:colcon.colcon_core.package_selection:Skipping not selected package 'jaka_pro16_moveit_config' in 'src/jaka_ros2/src/jaka_pro16_moveit_config'
[0.231s] INFO:colcon.colcon_core.package_selection:Skipping not selected package 'jaka_pro18_moveit_config' in 'src/jaka_ros2/src/jaka_pro18_moveit_config'
[0.231s] INFO:colcon.colcon_core.package_selection:Skipping not selected package 'jaka_pro5_moveit_config' in 'src/jaka_ros2/src/jaka_pro5_moveit_config'
[0.231s] INFO:colcon.colcon_core.package_selection:Skipping not selected package 'jaka_pro7_moveit_config' in 'src/jaka_ros2/src/jaka_pro7_moveit_config'
[0.231s] INFO:colcon.colcon_core.package_selection:Skipping not selected package 'jaka_s12_moveit_config' in 'src/jaka_ros2/src/jaka_s12_moveit_config'
[0.231s] INFO:colcon.colcon_core.package_selection:Skipping not selected package 'jaka_s5_moveit_config' in 'src/jaka_ros2/src/jaka_s5_moveit_config'
[0.231s] INFO:colcon.colcon_core.package_selection:Skipping not selected package 'jaka_s7_moveit_config' in 'src/jaka_ros2/src/jaka_s7_moveit_config'
[0.231s] INFO:colcon.colcon_core.package_selection:Skipping not selected package 'jaka_zu12_moveit_config' in 'src/jaka_ros2/src/jaka_zu12_moveit_config'
[0.231s] INFO:colcon.colcon_core.package_selection:Skipping not selected package 'jaka_zu18_moveit_config' in 'src/jaka_ros2/src/jaka_zu18_moveit_config'
[0.231s] INFO:colcon.colcon_core.package_selection:Skipping not selected package 'jaka_zu20_moveit_config' in 'src/jaka_ros2/src/jaka_zu20_moveit_config'
[0.231s] INFO:colcon.colcon_core.package_selection:Skipping not selected package 'jaka_zu30_moveit_config' in 'src/jaka_ros2/src/jaka_zu30_moveit_config'
[0.231s] INFO:colcon.colcon_core.package_selection:Skipping not selected package 'jaka_zu3_moveit_config' in 'src/jaka_ros2/src/jaka_zu3_moveit_config'
[0.231s] INFO:colcon.colcon_core.package_selection:Skipping not selected package 'jaka_zu5_moveit_config' in 'src/jaka_ros2/src/jaka_zu5_moveit_config'
[0.231s] INFO:colcon.colcon_core.package_selection:Skipping not selected package 'jaka_zu7_moveit_config' in 'src/jaka_ros2/src/jaka_zu7_moveit_config'
[0.231s] Level 1:colcon.colcon_core.package_discovery:discover_packages(prefix_path) check parameters
[0.231s] Level 1:colcon.colcon_core.package_discovery:discover_packages(prefix_path) discover
[0.233s] DEBUG:colcon.colcon_installed_package_information.package_discovery:Found 27 installed packages in /home/newtonrattapong/jaka_ws/install
[0.234s] DEBUG:colcon.colcon_installed_package_information.package_discovery:Found 0 installed packages in /home/newtonrattapong/ros2_ws/install
[0.235s] DEBUG:colcon.colcon_installed_package_information.package_discovery:Found 402 installed packages in /opt/ros/humble
[0.236s] Level 1:colcon.colcon_core.package_discovery:discover_packages(prefix_path) using defaults
[0.266s] Level 5:colcon.colcon_core.verb:set package 'jaka_a12_moveit_config' build argument 'cmake_args' from command line to 'None'
[0.266s] Level 5:colcon.colcon_core.verb:set package 'jaka_a12_moveit_config' build argument 'cmake_target' from command line to 'None'
[0.267s] Level 5:colcon.colcon_core.verb:set package 'jaka_a12_moveit_config' build argument 'cmake_target_skip_unavailable' from command line to 'False'
[0.267s] Level 5:colcon.colcon_core.verb:set package 'jaka_a12_moveit_config' build argument 'cmake_clean_cache' from command line to 'False'
[0.267s] Level 5:colcon.colcon_core.verb:set package 'jaka_a12_moveit_config' build argument 'cmake_clean_first' from command line to 'False'
[0.267s] Level 5:colcon.colcon_core.verb:set package 'jaka_a12_moveit_config' build argument 'cmake_force_configure' from command line to 'False'
[0.267s] Level 5:colcon.colcon_core.verb:set package 'jaka_a12_moveit_config' build argument 'ament_cmake_args' from command line to 'None'
[0.267s] Level 5:colcon.colcon_core.verb:set package 'jaka_a12_moveit_config' build argument 'catkin_cmake_args' from command line to 'None'
[0.267s] Level 5:colcon.colcon_core.verb:set package 'jaka_a12_moveit_config' build argument 'catkin_skip_building_tests' from command line to 'False'
[0.267s] DEBUG:colcon.colcon_core.verb:Building package 'jaka_a12_moveit_config' with the following arguments: {'ament_cmake_args': None, 'build_base': '/home/newtonrattapong/jaka_ws/build/jaka_a12_moveit_config', 'catkin_cmake_args': None, 'catkin_skip_building_tests': False, 'cmake_args': None, 'cmake_clean_cache': False, 'cmake_clean_first': False, 'cmake_force_configure': False, 'cmake_target': None, 'cmake_target_skip_unavailable': False, 'install_base': '/home/newtonrattapong/jaka_ws/install/jaka_a12_moveit_config', 'merge_install': False, 'path': '/home/newtonrattapong/jaka_ws/src/jaka_ros2/src/jaka_a12_moveit_config', 'symlink_install': True, 'test_result_base': None}
[0.267s] INFO:colcon.colcon_core.executor:Executing jobs using 'parallel' executor
[0.268s] DEBUG:colcon.colcon_parallel_executor.executor.parallel:run_until_complete
[0.268s] INFO:colcon.colcon_ros.task.ament_cmake.build:Building ROS package in '/home/newtonrattapong/jaka_ws/src/jaka_ros2/src/jaka_a12_moveit_config' with build type 'ament_cmake'
[0.268s] INFO:colcon.colcon_cmake.task.cmake.build:Building CMake package in '/home/newtonrattapong/jaka_ws/src/jaka_ros2/src/jaka_a12_moveit_config'
[0.270s] INFO:colcon.colcon_core.plugin_system:Skipping extension 'colcon_core.shell.bat': Not used on non-Windows systems
[0.270s] INFO:colcon.colcon_core.shell:Skip shell extension 'powershell' for command environment: Not usable outside of PowerShell
[0.270s] DEBUG:colcon.colcon_core.shell:Skip shell extension 'dsv' for command environment
[0.279s] DEBUG:colcon.colcon_core.event_handler.log_command:Invoking command in '/home/newtonrattapong/jaka_ws/build/jaka_a12_moveit_config': CMAKE_PREFIX_PATH=/home/newtonrattapong/jaka_ws/install/jaka_description:/home/newtonrattapong/jaka_ws/install/jaka_zu7_moveit_config:/home/newtonrattapong/jaka_ws/install/jaka_zu5_moveit_config:/home/newtonrattapong/jaka_ws/install/jaka_zu3_moveit_config:/home/newtonrattapong/jaka_ws/install/jaka_zu30_moveit_config:/home/newtonrattapong/jaka_ws/install/jaka_zu20_moveit_config:/home/newtonrattapong/jaka_ws/install/jaka_zu18_moveit_config:/home/newtonrattapong/jaka_ws/install/jaka_zu12_moveit_config:/home/newtonrattapong/jaka_ws/install/jaka_s7_moveit_config:/home/newtonrattapong/jaka_ws/install/jaka_s5_moveit_config:/home/newtonrattapong/jaka_ws/install/jaka_s12_moveit_config:/home/newtonrattapong/jaka_ws/install/jaka_pro7_moveit_config:/home/newtonrattapong/jaka_ws/install/jaka_pro5_moveit_config:/home/newtonrattapong/jaka_ws/install/jaka_pro18_moveit_config:/home/newtonrattapong/jaka_ws/install/jaka_pro16_moveit_config:/home/newtonrattapong/jaka_ws/install/jaka_pro12_moveit_config:/home/newtonrattapong/jaka_ws/install/jaka_planner:/home/newtonrattapong/jaka_ws/install/jaka_driver:/home/newtonrattapong/jaka_ws/install/jaka_msgs:/home/newtonrattapong/jaka_ws/install/jaka_minicobo_moveit_config:/home/newtonrattapong/jaka_ws/install/jaka_c7_moveit_config:/home/newtonrattapong/jaka_ws/install/jaka_c5_moveit_config:/home/newtonrattapong/jaka_ws/install/jaka_c12_moveit_config:/home/newtonrattapong/jaka_ws/install/jaka_a5_moveit_config:/home/newtonrattapong/jaka_ws/install/jaka_a20_moveit_config:/home/newtonrattapong/jaka_ws/install/jaka_a12_moveit_config:/home/newtonrattapong/jaka_ws/install/jaka_coop_monitor:/opt/ros/humble /usr/bin/cmake --build /home/newtonrattapong/jaka_ws/build/jaka_a12_moveit_config -- -j16 -l16
[0.310s] DEBUG:colcon.colcon_core.event_handler.log_command:Invoked command in '/home/newtonrattapong/jaka_ws/build/jaka_a12_moveit_config' returned '0': CMAKE_PREFIX_PATH=/home/newtonrattapong/jaka_ws/install/jaka_description:/home/newtonrattapong/jaka_ws/install/jaka_zu7_moveit_config:/home/newtonrattapong/jaka_ws/install/jaka_zu5_moveit_config:/home/newtonrattapong/jaka_ws/install/jaka_zu3_moveit_config:/home/newtonrattapong/jaka_ws/install/jaka_zu30_moveit_config:/home/newtonrattapong/jaka_ws/install/jaka_zu20_moveit_config:/home/newtonrattapong/jaka_ws/install/jaka_zu18_moveit_config:/home/newtonrattapong/jaka_ws/install/jaka_zu12_moveit_config:/home/newtonrattapong/jaka_ws/install/jaka_s7_moveit_config:/home/newtonrattapong/jaka_ws/install/jaka_s5_moveit_config:/home/newtonrattapong/jaka_ws/install/jaka_s12_moveit_config:/home/newtonrattapong/jaka_ws/install/jaka_pro7_moveit_config:/home/newtonrattapong/jaka_ws/install/jaka_pro5_moveit_config:/home/newtonrattapong/jaka_ws/install/jaka_pro18_moveit_config:/home/newtonrattapong/jaka_ws/install/jaka_pro16_moveit_config:/home/newtonrattapong/jaka_ws/install/jaka_pro12_moveit_config:/home/newtonrattapong/jaka_ws/install/jaka_planner:/home/newtonrattapong/jaka_ws/install/jaka_driver:/home/newtonrattapong/jaka_ws/install/jaka_msgs:/home/newtonrattapong/jaka_ws/install/jaka_minicobo_moveit_config:/home/newtonrattapong/jaka_ws/install/jaka_c7_moveit_config:/home/newtonrattapong/jaka_ws/install/jaka_c5_moveit_config:/home/newtonrattapong/jaka_ws/install/jaka_c12_moveit_config:/home/newtonrattapong/jaka_ws/install/jaka_a5_moveit_config:/home/newtonrattapong/jaka_ws/install/jaka_a20_moveit_config:/home/newtonrattapong/jaka_ws/install/jaka_a12_moveit_config:/home/newtonrattapong/jaka_ws/install/jaka_coop_monitor:/opt/ros/humble /usr/bin/cmake --build /home/newtonrattapong/jaka_ws/build/jaka_a12_moveit_config -- -j16 -l16
[0.318s] DEBUG:colcon.colcon_core.event_handler.log_command:Invoking command in '/home/newtonrattapong/jaka_ws/build/jaka_a12_moveit_config': CMAKE_PREFIX_PATH=/home/newtonrattapong/jaka_ws/install/jaka_description:/home/newtonrattapong/jaka_ws/install/jaka_zu7_moveit_config:/home/newtonrattapong/jaka_ws/install/jaka_zu5_moveit_config:/home/newtonrattapong/jaka_ws/install/jaka_zu3_moveit_config:/home/newtonrattapong/jaka_ws/install/jaka_zu30_moveit_config:/home/newtonrattapong/jaka_ws/install/jaka_zu20_moveit_config:/home/newtonrattapong/jaka_ws/install/jaka_zu18_moveit_config:/home/newtonrattapong/jaka_ws/install/jaka_zu12_moveit_config:/home/newtonrattapong/jaka_ws/install/jaka_s7_moveit_config:/home/newtonrattapong/jaka_ws/install/jaka_s5_moveit_config:/home/newtonrattapong/jaka_ws/install/jaka_s12_moveit_config:/home/newtonrattapong/jaka_ws/install/jaka_pro7_moveit_config:/home/newtonrattapong/jaka_ws/install/jaka_pro5_moveit_config:/home/newtonrattapong/jaka_ws/install/jaka_pro18_moveit_config:/home/newtonrattapong/jaka_ws/install/jaka_pro16_moveit_config:/home/newtonrattapong/jaka_ws/install/jaka_pro12_moveit_config:/home/newtonrattapong/jaka_ws/install/jaka_planner:/home/newtonrattapong/jaka_ws/install/jaka_driver:/home/newtonrattapong/jaka_ws/install/jaka_msgs:/home/newtonrattapong/jaka_ws/install/jaka_minicobo_moveit_config:/home/newtonrattapong/jaka_ws/install/jaka_c7_moveit_config:/home/newtonrattapong/jaka_ws/install/jaka_c5_moveit_config:/home/newtonrattapong/jaka_ws/install/jaka_c12_moveit_config:/home/newtonrattapong/jaka_ws/install/jaka_a5_moveit_config:/home/newtonrattapong/jaka_ws/install/jaka_a20_moveit_config:/home/newtonrattapong/jaka_ws/install/jaka_a12_moveit_config:/home/newtonrattapong/jaka_ws/install/jaka_coop_monitor:/opt/ros/humble /usr/bin/cmake --install /home/newtonrattapong/jaka_ws/build/jaka_a12_moveit_config
[0.363s] Level 1:colcon.colcon_core.environment:create_environment_scripts_only(jaka_a12_moveit_config)
[0.363s] DEBUG:colcon.colcon_core.event_handler.log_command:Invoked command in '/home/newtonrattapong/jaka_ws/build/jaka_a12_moveit_config' returned '0': CMAKE_PREFIX_PATH=/home/newtonrattapong/jaka_ws/install/jaka_description:/home/newtonrattapong/jaka_ws/install/jaka_zu7_moveit_config:/home/newtonrattapong/jaka_ws/install/jaka_zu5_moveit_config:/home/newtonrattapong/jaka_ws/install/jaka_zu3_moveit_config:/home/newtonrattapong/jaka_ws/install/jaka_zu30_moveit_config:/home/newtonrattapong/jaka_ws/install/jaka_zu20_moveit_config:/home/newtonrattapong/jaka_ws/install/jaka_zu18_moveit_config:/home/newtonrattapong/jaka_ws/install/jaka_zu12_moveit_config:/home/newtonrattapong/jaka_ws/install/jaka_s7_moveit_config:/home/newtonrattapong/jaka_ws/install/jaka_s5_moveit_config:/home/newtonrattapong/jaka_ws/install/jaka_s12_moveit_config:/home/newtonrattapong/jaka_ws/install/jaka_pro7_moveit_config:/home/newtonrattapong/jaka_ws/install/jaka_pro5_moveit_config:/home/newtonrattapong/jaka_ws/install/jaka_pro18_moveit_config:/home/newtonrattapong/jaka_ws/install/jaka_pro16_moveit_config:/home/newtonrattapong/jaka_ws/install/jaka_pro12_moveit_config:/home/newtonrattapong/jaka_ws/install/jaka_planner:/home/newtonrattapong/jaka_ws/install/jaka_driver:/home/newtonrattapong/jaka_ws/install/jaka_msgs:/home/newtonrattapong/jaka_ws/install/jaka_minicobo_moveit_config:/home/newtonrattapong/jaka_ws/install/jaka_c7_moveit_config:/home/newtonrattapong/jaka_ws/install/jaka_c5_moveit_config:/home/newtonrattapong/jaka_ws/install/jaka_c12_moveit_config:/home/newtonrattapong/jaka_ws/install/jaka_a5_moveit_config:/home/newtonrattapong/jaka_ws/install/jaka_a20_moveit_config:/home/newtonrattapong/jaka_ws/install/jaka_a12_moveit_config:/home/newtonrattapong/jaka_ws/install/jaka_coop_monitor:/opt/ros/humble /usr/bin/cmake --install /home/newtonrattapong/jaka_ws/build/jaka_a12_moveit_config
[0.365s] Level 1:colcon.colcon_core.environment:checking '/home/newtonrattapong/jaka_ws/install/jaka_a12_moveit_config' for CMake module files
[0.365s] Level 1:colcon.colcon_core.environment:checking '/home/newtonrattapong/jaka_ws/install/jaka_a12_moveit_config' for CMake config files
[0.365s] Level 1:colcon.colcon_core.shell:create_environment_hook('jaka_a12_moveit_config', 'cmake_prefix_path')
[0.366s] INFO:colcon.colcon_core.shell:Creating environment hook '/home/newtonrattapong/jaka_ws/install/jaka_a12_moveit_config/share/jaka_a12_moveit_config/hook/cmake_prefix_path.ps1'
[0.366s] INFO:colcon.colcon_core.shell:Creating environment descriptor '/home/newtonrattapong/jaka_ws/install/jaka_a12_moveit_config/share/jaka_a12_moveit_config/hook/cmake_prefix_path.dsv'
[0.366s] INFO:colcon.colcon_core.shell:Creating environment hook '/home/newtonrattapong/jaka_ws/install/jaka_a12_moveit_config/share/jaka_a12_moveit_config/hook/cmake_prefix_path.sh'
[0.367s] Level 1:colcon.colcon_core.environment:checking '/home/newtonrattapong/jaka_ws/install/jaka_a12_moveit_config/bin'
[0.367s] Level 1:colcon.colcon_core.environment:checking '/home/newtonrattapong/jaka_ws/install/jaka_a12_moveit_config/lib/pkgconfig/jaka_a12_moveit_config.pc'
[0.367s] Level 1:colcon.colcon_core.environment:checking '/home/newtonrattapong/jaka_ws/install/jaka_a12_moveit_config/lib/python3.10/site-packages'
[0.367s] Level 1:colcon.colcon_core.environment:checking '/home/newtonrattapong/jaka_ws/install/jaka_a12_moveit_config/bin'
[0.368s] INFO:colcon.colcon_core.shell:Creating package script '/home/newtonrattapong/jaka_ws/install/jaka_a12_moveit_config/share/jaka_a12_moveit_config/package.ps1'
[0.368s] INFO:colcon.colcon_core.shell:Creating package descriptor '/home/newtonrattapong/jaka_ws/install/jaka_a12_moveit_config/share/jaka_a12_moveit_config/package.dsv'
[0.369s] INFO:colcon.colcon_core.shell:Creating package script '/home/newtonrattapong/jaka_ws/install/jaka_a12_moveit_config/share/jaka_a12_moveit_config/package.sh'
[0.369s] INFO:colcon.colcon_core.shell:Creating package script '/home/newtonrattapong/jaka_ws/install/jaka_a12_moveit_config/share/jaka_a12_moveit_config/package.bash'
[0.370s] INFO:colcon.colcon_core.shell:Creating package script '/home/newtonrattapong/jaka_ws/install/jaka_a12_moveit_config/share/jaka_a12_moveit_config/package.zsh'
[0.370s] Level 1:colcon.colcon_core.environment:create_file_with_runtime_dependencies(/home/newtonrattapong/jaka_ws/install/jaka_a12_moveit_config/share/colcon-core/packages/jaka_a12_moveit_config)
[0.370s] Level 1:colcon.colcon_core.environment:create_environment_scripts_only(jaka_a12_moveit_config)
[0.370s] Level 1:colcon.colcon_core.environment:checking '/home/newtonrattapong/jaka_ws/install/jaka_a12_moveit_config' for CMake module files
[0.371s] Level 1:colcon.colcon_core.environment:checking '/home/newtonrattapong/jaka_ws/install/jaka_a12_moveit_config' for CMake config files
[0.371s] Level 1:colcon.colcon_core.shell:create_environment_hook('jaka_a12_moveit_config', 'cmake_prefix_path')
[0.371s] INFO:colcon.colcon_core.shell:Creating environment hook '/home/newtonrattapong/jaka_ws/install/jaka_a12_moveit_config/share/jaka_a12_moveit_config/hook/cmake_prefix_path.ps1'
[0.371s] INFO:colcon.colcon_core.shell:Creating environment descriptor '/home/newtonrattapong/jaka_ws/install/jaka_a12_moveit_config/share/jaka_a12_moveit_config/hook/cmake_prefix_path.dsv'
[0.371s] INFO:colcon.colcon_core.shell:Creating environment hook '/home/newtonrattapong/jaka_ws/install/jaka_a12_moveit_config/share/jaka_a12_moveit_config/hook/cmake_prefix_path.sh'
[0.372s] Level 1:colcon.colcon_core.environment:checking '/home/newtonrattapong/jaka_ws/install/jaka_a12_moveit_config/bin'
[0.372s] Level 1:colcon.colcon_core.environment:checking '/home/newtonrattapong/jaka_ws/install/jaka_a12_moveit_config/lib/pkgconfig/jaka_a12_moveit_config.pc'
[0.372s] Level 1:colcon.colcon_core.environment:checking '/home/newtonrattapong/jaka_ws/install/jaka_a12_moveit_config/lib/python3.10/site-packages'
[0.372s] Level 1:colcon.colcon_core.environment:checking '/home/newtonrattapong/jaka_ws/install/jaka_a12_moveit_config/bin'
[0.372s] INFO:colcon.colcon_core.shell:Creating package script '/home/newtonrattapong/jaka_ws/install/jaka_a12_moveit_config/share/jaka_a12_moveit_config/package.ps1'
[0.373s] INFO:colcon.colcon_core.shell:Creating package descriptor '/home/newtonrattapong/jaka_ws/install/jaka_a12_moveit_config/share/jaka_a12_moveit_config/package.dsv'
[0.373s] INFO:colcon.colcon_core.shell:Creating package script '/home/newtonrattapong/jaka_ws/install/jaka_a12_moveit_config/share/jaka_a12_moveit_config/package.sh'
[0.373s] INFO:colcon.colcon_core.shell:Creating package script '/home/newtonrattapong/jaka_ws/install/jaka_a12_moveit_config/share/jaka_a12_moveit_config/package.bash'
[0.373s] INFO:colcon.colcon_core.shell:Creating package script '/home/newtonrattapong/jaka_ws/install/jaka_a12_moveit_config/share/jaka_a12_moveit_config/package.zsh'
[0.373s] Level 1:colcon.colcon_core.environment:create_file_with_runtime_dependencies(/home/newtonrattapong/jaka_ws/install/jaka_a12_moveit_config/share/colcon-core/packages/jaka_a12_moveit_config)
[0.374s] DEBUG:colcon.colcon_parallel_executor.executor.parallel:closing loop
[0.374s] DEBUG:colcon.colcon_parallel_executor.executor.parallel:loop closed
[0.374s] DEBUG:colcon.colcon_parallel_executor.executor.parallel:run_until_complete finished with '0'
[0.374s] DEBUG:colcon.colcon_core.event_reactor:joining thread
[0.377s] INFO:colcon.colcon_core.plugin_system:Skipping extension 'colcon_notification.desktop_notification.terminal_notifier': Not used on non-Darwin systems
[0.377s] INFO:colcon.colcon_core.plugin_system:Skipping extension 'colcon_notification.desktop_notification.win32': Not used on non-Windows systems
[0.377s] INFO:colcon.colcon_notification.desktop_notification:Sending desktop notification using 'notify2'
[0.378s] DEBUG:colcon.colcon_notification.desktop_notification.notify2:Failed to initialize notify2: org.freedesktop.DBus.Error.AccessDenied: Failed to connect to socket /run/user/1000/bus: Operation not permitted
[0.378s] DEBUG:colcon.colcon_core.event_reactor:joined thread
[0.378s] INFO:colcon.colcon_core.shell:Creating prefix script '/home/newtonrattapong/jaka_ws/install/local_setup.ps1'
[0.378s] INFO:colcon.colcon_core.shell:Creating prefix util module '/home/newtonrattapong/jaka_ws/install/_local_setup_util_ps1.py'
[0.379s] INFO:colcon.colcon_core.shell:Creating prefix chain script '/home/newtonrattapong/jaka_ws/install/setup.ps1'
[0.380s] INFO:colcon.colcon_core.shell:Creating prefix script '/home/newtonrattapong/jaka_ws/install/local_setup.sh'
[0.380s] INFO:colcon.colcon_core.shell:Creating prefix util module '/home/newtonrattapong/jaka_ws/install/_local_setup_util_sh.py'
[0.381s] INFO:colcon.colcon_core.shell:Creating prefix chain script '/home/newtonrattapong/jaka_ws/install/setup.sh'
[0.383s] INFO:colcon.colcon_core.shell:Creating prefix script '/home/newtonrattapong/jaka_ws/install/local_setup.bash'
[0.383s] INFO:colcon.colcon_core.shell:Creating prefix chain script '/home/newtonrattapong/jaka_ws/install/setup.bash'
[0.384s] INFO:colcon.colcon_core.shell:Creating prefix script '/home/newtonrattapong/jaka_ws/install/local_setup.zsh'
[0.384s] INFO:colcon.colcon_core.shell:Creating prefix chain script '/home/newtonrattapong/jaka_ws/install/setup.zsh'
