[0.412s] Invoking command in '/home/newtonrattapong/jaka_ws/build/jaka_coop_monitor': PYTHONPATH=/home/newtonrattapong/jaka_ws/build/jaka_coop_monitor/prefix_override:/usr/lib/python3/dist-packages/colcon_core/task/python/colcon_distutils_commands:/home/newtonrattapong/jaka_ws/install/jaka_coop_monitor/lib/python3.10/site-packages:${PYTHONPATH} /usr/bin/python3 -W ignore:setup.py install is deprecated -W ignore:easy_install command is deprecated setup.py develop --editable --build-directory /home/newtonrattapong/jaka_ws/build/jaka_coop_monitor/build --no-deps symlink_data
[0.580s] running develop
[0.677s] running egg_info
[0.677s] writing jaka_coop_monitor.egg-info/PKG-INFO
[0.677s] writing dependency_links to jaka_coop_monitor.egg-info/dependency_links.txt
[0.677s] writing entry points to jaka_coop_monitor.egg-info/entry_points.txt
[0.677s] writing requirements to jaka_coop_monitor.egg-info/requires.txt
[0.677s] writing top-level names to jaka_coop_monitor.egg-info/top_level.txt
[0.678s] reading manifest file 'jaka_coop_monitor.egg-info/SOURCES.txt'
[0.679s] writing manifest file 'jaka_coop_monitor.egg-info/SOURCES.txt'
[0.679s] running build_ext
[0.679s] Creating /home/newtonrattapong/jaka_ws/install/jaka_coop_monitor/lib/python3.10/site-packages/jaka-coop-monitor.egg-link (link to .)
[0.680s] Installing dual_relative_pose_logger script to /home/newtonrattapong/jaka_ws/install/jaka_coop_monitor/lib/jaka_coop_monitor
[0.680s] Installing dual_relative_pose_monitor script to /home/newtonrattapong/jaka_ws/install/jaka_coop_monitor/lib/jaka_coop_monitor
[0.680s] Installing ee_pose_monitor script to /home/newtonrattapong/jaka_ws/install/jaka_coop_monitor/lib/jaka_coop_monitor
[0.680s] Installing pose_error_logger script to /home/newtonrattapong/jaka_ws/install/jaka_coop_monitor/lib/jaka_coop_monitor
[0.680s] Installing pose_error_monitor script to /home/newtonrattapong/jaka_ws/install/jaka_coop_monitor/lib/jaka_coop_monitor
[0.680s] 
[0.680s] Installed /home/newtonrattapong/jaka_ws/build/jaka_coop_monitor
[0.680s] running symlink_data
[0.700s] Invoked command in '/home/newtonrattapong/jaka_ws/build/jaka_coop_monitor' returned '0': PYTHONPATH=/home/newtonrattapong/jaka_ws/build/jaka_coop_monitor/prefix_override:/usr/lib/python3/dist-packages/colcon_core/task/python/colcon_distutils_commands:/home/newtonrattapong/jaka_ws/install/jaka_coop_monitor/lib/python3.10/site-packages:${PYTHONPATH} /usr/bin/python3 -W ignore:setup.py install is deprecated -W ignore:easy_install command is deprecated setup.py develop --editable --build-directory /home/newtonrattapong/jaka_ws/build/jaka_coop_monitor/build --no-deps symlink_data
