[0.030s] Invoking command in '/home/newtonrattapong/jaka_ws/build/jaka_c12_moveit_config': AMENT_PREFIX_PATH=/home/newtonrattapong/jaka_ws/install/jaka_description:${AMENT_PREFIX_PATH} CMAKE_PREFIX_PATH=/home/newtonrattapong/jaka_ws/install/jaka_description:/opt/ros/humble /usr/bin/cmake /home/newtonrattapong/jaka_ws/src/jaka_ros2/src/jaka_c12_moveit_config -DAMENT_CMAKE_SYMLINK_INSTALL=1 -DCMAKE_INSTALL_PREFIX=/home/newtonrattapong/jaka_ws/install/jaka_c12_moveit_config
[0.082s] -- The C compiler identification is GNU 11.4.0
[0.136s] -- The CXX compiler identification is GNU 11.4.0
[0.141s] -- Detecting C compiler ABI info
[0.196s] -- Detecting C compiler ABI info - done
[0.202s] -- Check for working C compiler: /usr/bin/cc - skipped
[0.202s] -- Detecting C compile features
[0.204s] -- Detecting C compile features - done
[0.205s] -- Detecting CXX compiler ABI info
[0.272s] -- Detecting CXX compiler ABI info - done
[0.279s] -- Check for working CXX compiler: /usr/bin/c++ - skipped
[0.279s] -- Detecting CXX compile features
[0.280s] -- Detecting CXX compile features - done
[0.282s] -- Found ament_cmake: 1.3.14 (/opt/ros/humble/share/ament_cmake/cmake)
[0.423s] -- Found Python3: /usr/bin/python3 (found version "3.10.12") found components: Interpreter 
[0.486s] -- Override CMake install command with custom implementation using symlinks instead of copying resources
[0.575s] -- Configuring done
[0.577s] -- Generating done
[0.578s] -- Build files have been written to: /home/newtonrattapong/jaka_ws/build/jaka_c12_moveit_config
[0.587s] Invoked command in '/home/newtonrattapong/jaka_ws/build/jaka_c12_moveit_config' returned '0': AMENT_PREFIX_PATH=/home/newtonrattapong/jaka_ws/install/jaka_description:${AMENT_PREFIX_PATH} CMAKE_PREFIX_PATH=/home/newtonrattapong/jaka_ws/install/jaka_description:/opt/ros/humble /usr/bin/cmake /home/newtonrattapong/jaka_ws/src/jaka_ros2/src/jaka_c12_moveit_config -DAMENT_CMAKE_SYMLINK_INSTALL=1 -DCMAKE_INSTALL_PREFIX=/home/newtonrattapong/jaka_ws/install/jaka_c12_moveit_config
[0.587s] Invoking command in '/home/newtonrattapong/jaka_ws/build/jaka_c12_moveit_config': AMENT_PREFIX_PATH=/home/newtonrattapong/jaka_ws/install/jaka_description:${AMENT_PREFIX_PATH} CMAKE_PREFIX_PATH=/home/newtonrattapong/jaka_ws/install/jaka_description:/opt/ros/humble /usr/bin/cmake --build /home/newtonrattapong/jaka_ws/build/jaka_c12_moveit_config -- -j16 -l16
[0.644s] Invoked command in '/home/newtonrattapong/jaka_ws/build/jaka_c12_moveit_config' returned '0': AMENT_PREFIX_PATH=/home/newtonrattapong/jaka_ws/install/jaka_description:${AMENT_PREFIX_PATH} CMAKE_PREFIX_PATH=/home/newtonrattapong/jaka_ws/install/jaka_description:/opt/ros/humble /usr/bin/cmake --build /home/newtonrattapong/jaka_ws/build/jaka_c12_moveit_config -- -j16 -l16
[0.645s] Invoking command in '/home/newtonrattapong/jaka_ws/build/jaka_c12_moveit_config': AMENT_PREFIX_PATH=/home/newtonrattapong/jaka_ws/install/jaka_description:${AMENT_PREFIX_PATH} CMAKE_PREFIX_PATH=/home/newtonrattapong/jaka_ws/install/jaka_description:/opt/ros/humble /usr/bin/cmake --install /home/newtonrattapong/jaka_ws/build/jaka_c12_moveit_config
[0.659s] -- Install configuration: ""
[0.659s] -- Execute custom install script
[0.659s] -- Symlinking: /home/newtonrattapong/jaka_ws/install/jaka_c12_moveit_config/share/ament_index/resource_index/package_run_dependencies/jaka_c12_moveit_config
[0.659s] -- Symlinking: /home/newtonrattapong/jaka_ws/install/jaka_c12_moveit_config/share/ament_index/resource_index/parent_prefix_path/jaka_c12_moveit_config
[0.667s] -- Symlinking: /home/newtonrattapong/jaka_ws/install/jaka_c12_moveit_config/share/jaka_c12_moveit_config/environment/ament_prefix_path.sh
[0.672s] -- Symlinking: /home/newtonrattapong/jaka_ws/install/jaka_c12_moveit_config/share/jaka_c12_moveit_config/environment/ament_prefix_path.dsv
[0.683s] -- Symlinking: /home/newtonrattapong/jaka_ws/install/jaka_c12_moveit_config/share/jaka_c12_moveit_config/environment/path.sh
[0.691s] -- Symlinking: /home/newtonrattapong/jaka_ws/install/jaka_c12_moveit_config/share/jaka_c12_moveit_config/environment/path.dsv
[0.699s] -- Symlinking: /home/newtonrattapong/jaka_ws/install/jaka_c12_moveit_config/share/jaka_c12_moveit_config/local_setup.bash
[0.710s] -- Symlinking: /home/newtonrattapong/jaka_ws/install/jaka_c12_moveit_config/share/jaka_c12_moveit_config/local_setup.sh
[0.714s] -- Symlinking: /home/newtonrattapong/jaka_ws/install/jaka_c12_moveit_config/share/jaka_c12_moveit_config/local_setup.zsh
[0.719s] -- Symlinking: /home/newtonrattapong/jaka_ws/install/jaka_c12_moveit_config/share/jaka_c12_moveit_config/local_setup.dsv
[0.742s] -- Symlinking: /home/newtonrattapong/jaka_ws/install/jaka_c12_moveit_config/share/jaka_c12_moveit_config/package.dsv
[0.745s] -- Symlinking: /home/newtonrattapong/jaka_ws/install/jaka_c12_moveit_config/share/ament_index/resource_index/packages/jaka_c12_moveit_config
[0.761s] -- Symlinking: /home/newtonrattapong/jaka_ws/install/jaka_c12_moveit_config/share/jaka_c12_moveit_config/cmake/jaka_c12_moveit_configConfig.cmake
[0.778s] -- Symlinking: /home/newtonrattapong/jaka_ws/install/jaka_c12_moveit_config/share/jaka_c12_moveit_config/cmake/jaka_c12_moveit_configConfig-version.cmake
[0.790s] -- Symlinking: /home/newtonrattapong/jaka_ws/install/jaka_c12_moveit_config/share/jaka_c12_moveit_config/package.xml
[0.796s] -- Symlinking: /home/newtonrattapong/jaka_ws/install/jaka_c12_moveit_config/share/jaka_c12_moveit_config/launch/demo.launch.py
[0.807s] -- Symlinking: /home/newtonrattapong/jaka_ws/install/jaka_c12_moveit_config/share/jaka_c12_moveit_config/launch/demo_gazebo.launch.py
[0.816s] -- Symlinking: /home/newtonrattapong/jaka_ws/install/jaka_c12_moveit_config/share/jaka_c12_moveit_config/launch/gazebo.launch.py
[0.825s] -- Symlinking: /home/newtonrattapong/jaka_ws/install/jaka_c12_moveit_config/share/jaka_c12_moveit_config/launch/move_group.launch.py
[0.834s] -- Symlinking: /home/newtonrattapong/jaka_ws/install/jaka_c12_moveit_config/share/jaka_c12_moveit_config/launch/moveit_rviz.launch.py
[0.844s] -- Symlinking: /home/newtonrattapong/jaka_ws/install/jaka_c12_moveit_config/share/jaka_c12_moveit_config/launch/rsp.launch.py
[0.850s] -- Symlinking: /home/newtonrattapong/jaka_ws/install/jaka_c12_moveit_config/share/jaka_c12_moveit_config/launch/setup_assistant.launch.py
[0.856s] -- Symlinking: /home/newtonrattapong/jaka_ws/install/jaka_c12_moveit_config/share/jaka_c12_moveit_config/launch/spawn_controllers.launch.py
[0.866s] -- Symlinking: /home/newtonrattapong/jaka_ws/install/jaka_c12_moveit_config/share/jaka_c12_moveit_config/launch/static_virtual_joint_tfs.launch.py
[0.875s] -- Symlinking: /home/newtonrattapong/jaka_ws/install/jaka_c12_moveit_config/share/jaka_c12_moveit_config/launch/warehouse_db.launch.py
[0.890s] -- Symlinking: /home/newtonrattapong/jaka_ws/install/jaka_c12_moveit_config/share/jaka_c12_moveit_config/config/initial_positions.yaml
[0.903s] -- Symlinking: /home/newtonrattapong/jaka_ws/install/jaka_c12_moveit_config/share/jaka_c12_moveit_config/config/jaka_c12.ros2_control.xacro
[0.916s] -- Symlinking: /home/newtonrattapong/jaka_ws/install/jaka_c12_moveit_config/share/jaka_c12_moveit_config/config/jaka_c12.srdf
[0.935s] -- Symlinking: /home/newtonrattapong/jaka_ws/install/jaka_c12_moveit_config/share/jaka_c12_moveit_config/config/jaka_c12.urdf.xacro
[0.941s] -- Symlinking: /home/newtonrattapong/jaka_ws/install/jaka_c12_moveit_config/share/jaka_c12_moveit_config/config/joint_limits.yaml
[0.950s] -- Symlinking: /home/newtonrattapong/jaka_ws/install/jaka_c12_moveit_config/share/jaka_c12_moveit_config/config/kinematics.yaml
[0.953s] -- Symlinking: /home/newtonrattapong/jaka_ws/install/jaka_c12_moveit_config/share/jaka_c12_moveit_config/config/moveit.rviz
[0.960s] -- Symlinking: /home/newtonrattapong/jaka_ws/install/jaka_c12_moveit_config/share/jaka_c12_moveit_config/config/moveit_controllers.yaml
[0.968s] -- Symlinking: /home/newtonrattapong/jaka_ws/install/jaka_c12_moveit_config/share/jaka_c12_moveit_config/config/pilz_cartesian_limits.yaml
[0.973s] -- Symlinking: /home/newtonrattapong/jaka_ws/install/jaka_c12_moveit_config/share/jaka_c12_moveit_config/config/ros2_controllers.yaml
[0.985s] -- Symlinking: /home/newtonrattapong/jaka_ws/install/jaka_c12_moveit_config/share/jaka_c12_moveit_config/.setup_assistant
[1.008s] Invoked command in '/home/newtonrattapong/jaka_ws/build/jaka_c12_moveit_config' returned '0': AMENT_PREFIX_PATH=/home/newtonrattapong/jaka_ws/install/jaka_description:${AMENT_PREFIX_PATH} CMAKE_PREFIX_PATH=/home/newtonrattapong/jaka_ws/install/jaka_description:/opt/ros/humble /usr/bin/cmake --install /home/newtonrattapong/jaka_ws/build/jaka_c12_moveit_config
