[0.064s] DEBUG:colcon:Command line arguments: ['/usr/bin/colcon', 'build', '--symlink-install', '--packages-select', 'jaka_coop_monitor']
[0.064s] DEBUG:colcon:Parsed command line arguments: Namespace(log_base=None, log_level=None, verb_name='build', build_base='build', install_base='install', merge_install=False, symlink_install=True, test_result_base=None, continue_on_error=False, executor='parallel', parallel_workers=16, event_handlers=None, ignore_user_meta=False, metas=['./colcon.meta'], base_paths=['.'], packages_ignore=None, packages_ignore_regex=None, paths=None, packages_up_to=None, packages_up_to_regex=None, packages_above=None, packages_above_and_dependencies=None, packages_above_depth=None, packages_select_by_dep=None, packages_skip_by_dep=None, packages_skip_up_to=None, packages_select_build_failed=False, packages_skip_build_finished=False, packages_select_test_failures=False, packages_skip_test_passed=False, packages_select=['jaka_coop_monitor'], packages_skip=None, packages_select_regex=None, packages_skip_regex=None, packages_start=None, packages_end=None, allow_overriding=[], cmake_args=None, cmake_target=None, cmake_target_skip_unavailable=False, cmake_clean_cache=False, cmake_clean_first=False, cmake_force_configure=False, ament_cmake_args=None, catkin_cmake_args=None, catkin_skip_building_tests=False, verb_parser=<colcon_defaults.argument_parser.defaults.DefaultArgumentsDecorator object at 0x78d0b3b19660>, verb_extension=<colcon_core.verb.build.BuildVerb object at 0x78d0b3cc6350>, main=<bound method BuildVerb.main of <colcon_core.verb.build.BuildVerb object at 0x78d0b3cc6350>>)
[0.161s] Level 1:colcon.colcon_core.package_discovery:discover_packages(colcon_meta) check parameters
[0.161s] Level 1:colcon.colcon_core.package_discovery:discover_packages(recursive) check parameters
[0.161s] Level 1:colcon.colcon_core.package_discovery:discover_packages(ignore) check parameters
[0.161s] Level 1:colcon.colcon_core.package_discovery:discover_packages(path) check parameters
[0.161s] Level 1:colcon.colcon_core.package_discovery:discover_packages(colcon_meta) discover
[0.162s] Level 1:colcon.colcon_core.package_discovery:discover_packages(recursive) discover
[0.162s] INFO:colcon.colcon_core.package_discovery:Crawling recursively for packages in '/home/newtonrattapong/jaka_ws'
[0.162s] Level 1:colcon.colcon_core.package_identification:_identify(.) by extensions ['ignore', 'ignore_ament_install']
[0.162s] Level 1:colcon.colcon_core.package_identification:_identify(.) by extension 'ignore'
[0.162s] Level 1:colcon.colcon_core.package_identification:_identify(.) by extension 'ignore_ament_install'
[0.162s] Level 1:colcon.colcon_core.package_identification:_identify(.) by extensions ['colcon_pkg']
[0.162s] Level 1:colcon.colcon_core.package_identification:_identify(.) by extension 'colcon_pkg'
[0.162s] Level 1:colcon.colcon_core.package_identification:_identify(.) by extensions ['colcon_meta']
[0.162s] Level 1:colcon.colcon_core.package_identification:_identify(.) by extension 'colcon_meta'
[0.162s] Level 1:colcon.colcon_core.package_identification:_identify(.) by extensions ['ros']
[0.162s] Level 1:colcon.colcon_core.package_identification:_identify(.) by extension 'ros'
[0.169s] Level 1:colcon.colcon_core.package_identification:_identify(.) by extensions ['cmake', 'python']
[0.169s] Level 1:colcon.colcon_core.package_identification:_identify(.) by extension 'cmake'
[0.169s] Level 1:colcon.colcon_core.package_identification:_identify(.) by extension 'python'
[0.169s] Level 1:colcon.colcon_core.package_identification:_identify(.) by extensions ['python_setup_py']
[0.169s] Level 1:colcon.colcon_core.package_identification:_identify(.) by extension 'python_setup_py'
[0.169s] Level 1:colcon.colcon_core.package_identification:_identify(build) by extensions ['ignore', 'ignore_ament_install']
[0.169s] Level 1:colcon.colcon_core.package_identification:_identify(build) by extension 'ignore'
[0.169s] Level 1:colcon.colcon_core.package_identification:_identify(build) ignored
[0.169s] Level 1:colcon.colcon_core.package_identification:_identify(install) by extensions ['ignore', 'ignore_ament_install']
[0.169s] Level 1:colcon.colcon_core.package_identification:_identify(install) by extension 'ignore'
[0.169s] Level 1:colcon.colcon_core.package_identification:_identify(install) ignored
[0.169s] Level 1:colcon.colcon_core.package_identification:_identify(log) by extensions ['ignore', 'ignore_ament_install']
[0.169s] Level 1:colcon.colcon_core.package_identification:_identify(log) by extension 'ignore'
[0.169s] Level 1:colcon.colcon_core.package_identification:_identify(log) ignored
[0.169s] Level 1:colcon.colcon_core.package_identification:_identify(logs) by extensions ['ignore', 'ignore_ament_install']
[0.169s] Level 1:colcon.colcon_core.package_identification:_identify(logs) by extension 'ignore'
[0.170s] Level 1:colcon.colcon_core.package_identification:_identify(logs) by extension 'ignore_ament_install'
[0.170s] Level 1:colcon.colcon_core.package_identification:_identify(logs) by extensions ['colcon_pkg']
[0.170s] Level 1:colcon.colcon_core.package_identification:_identify(logs) by extension 'colcon_pkg'
[0.170s] Level 1:colcon.colcon_core.package_identification:_identify(logs) by extensions ['colcon_meta']
[0.170s] Level 1:colcon.colcon_core.package_identification:_identify(logs) by extension 'colcon_meta'
[0.170s] Level 1:colcon.colcon_core.package_identification:_identify(logs) by extensions ['ros']
[0.170s] Level 1:colcon.colcon_core.package_identification:_identify(logs) by extension 'ros'
[0.170s] Level 1:colcon.colcon_core.package_identification:_identify(logs) by extensions ['cmake', 'python']
[0.170s] Level 1:colcon.colcon_core.package_identification:_identify(logs) by extension 'cmake'
[0.170s] Level 1:colcon.colcon_core.package_identification:_identify(logs) by extension 'python'
[0.170s] Level 1:colcon.colcon_core.package_identification:_identify(logs) by extensions ['python_setup_py']
[0.170s] Level 1:colcon.colcon_core.package_identification:_identify(logs) by extension 'python_setup_py'
[0.170s] Level 1:colcon.colcon_core.package_identification:_identify(src) by extensions ['ignore', 'ignore_ament_install']
[0.170s] Level 1:colcon.colcon_core.package_identification:_identify(src) by extension 'ignore'
[0.170s] Level 1:colcon.colcon_core.package_identification:_identify(src) by extension 'ignore_ament_install'
[0.170s] Level 1:colcon.colcon_core.package_identification:_identify(src) by extensions ['colcon_pkg']
[0.170s] Level 1:colcon.colcon_core.package_identification:_identify(src) by extension 'colcon_pkg'
[0.170s] Level 1:colcon.colcon_core.package_identification:_identify(src) by extensions ['colcon_meta']
[0.170s] Level 1:colcon.colcon_core.package_identification:_identify(src) by extension 'colcon_meta'
[0.170s] Level 1:colcon.colcon_core.package_identification:_identify(src) by extensions ['ros']
[0.170s] Level 1:colcon.colcon_core.package_identification:_identify(src) by extension 'ros'
[0.170s] Level 1:colcon.colcon_core.package_identification:_identify(src) by extensions ['cmake', 'python']
[0.170s] Level 1:colcon.colcon_core.package_identification:_identify(src) by extension 'cmake'
[0.170s] Level 1:colcon.colcon_core.package_identification:_identify(src) by extension 'python'
[0.170s] Level 1:colcon.colcon_core.package_identification:_identify(src) by extensions ['python_setup_py']
[0.170s] Level 1:colcon.colcon_core.package_identification:_identify(src) by extension 'python_setup_py'
[0.170s] Level 1:colcon.colcon_core.package_identification:_identify(src/jaka_coop_monitor) by extensions ['ignore', 'ignore_ament_install']
[0.170s] Level 1:colcon.colcon_core.package_identification:_identify(src/jaka_coop_monitor) by extension 'ignore'
[0.170s] Level 1:colcon.colcon_core.package_identification:_identify(src/jaka_coop_monitor) by extension 'ignore_ament_install'
[0.170s] Level 1:colcon.colcon_core.package_identification:_identify(src/jaka_coop_monitor) by extensions ['colcon_pkg']
[0.170s] Level 1:colcon.colcon_core.package_identification:_identify(src/jaka_coop_monitor) by extension 'colcon_pkg'
[0.170s] Level 1:colcon.colcon_core.package_identification:_identify(src/jaka_coop_monitor) by extensions ['colcon_meta']
[0.170s] Level 1:colcon.colcon_core.package_identification:_identify(src/jaka_coop_monitor) by extension 'colcon_meta'
[0.170s] Level 1:colcon.colcon_core.package_identification:_identify(src/jaka_coop_monitor) by extensions ['ros']
[0.170s] Level 1:colcon.colcon_core.package_identification:_identify(src/jaka_coop_monitor) by extension 'ros'
[0.172s] DEBUG:colcon.colcon_core.package_identification:Package 'src/jaka_coop_monitor' with type 'ros.ament_python' and name 'jaka_coop_monitor'
[0.172s] Level 1:colcon.colcon_core.package_identification:_identify(src/jaka_ros2) by extensions ['ignore', 'ignore_ament_install']
[0.172s] Level 1:colcon.colcon_core.package_identification:_identify(src/jaka_ros2) by extension 'ignore'
[0.172s] Level 1:colcon.colcon_core.package_identification:_identify(src/jaka_ros2) by extension 'ignore_ament_install'
[0.172s] Level 1:colcon.colcon_core.package_identification:_identify(src/jaka_ros2) by extensions ['colcon_pkg']
[0.172s] Level 1:colcon.colcon_core.package_identification:_identify(src/jaka_ros2) by extension 'colcon_pkg'
[0.172s] Level 1:colcon.colcon_core.package_identification:_identify(src/jaka_ros2) by extensions ['colcon_meta']
[0.172s] Level 1:colcon.colcon_core.package_identification:_identify(src/jaka_ros2) by extension 'colcon_meta'
[0.172s] Level 1:colcon.colcon_core.package_identification:_identify(src/jaka_ros2) by extensions ['ros']
[0.172s] Level 1:colcon.colcon_core.package_identification:_identify(src/jaka_ros2) by extension 'ros'
[0.172s] Level 1:colcon.colcon_core.package_identification:_identify(src/jaka_ros2) by extensions ['cmake', 'python']
[0.172s] Level 1:colcon.colcon_core.package_identification:_identify(src/jaka_ros2) by extension 'cmake'
[0.172s] Level 1:colcon.colcon_core.package_identification:_identify(src/jaka_ros2) by extension 'python'
[0.172s] Level 1:colcon.colcon_core.package_identification:_identify(src/jaka_ros2) by extensions ['python_setup_py']
[0.173s] Level 1:colcon.colcon_core.package_identification:_identify(src/jaka_ros2) by extension 'python_setup_py'
[0.173s] Level 1:colcon.colcon_core.package_identification:_identify(src/jaka_ros2/images) by extensions ['ignore', 'ignore_ament_install']
[0.173s] Level 1:colcon.colcon_core.package_identification:_identify(src/jaka_ros2/images) by extension 'ignore'
[0.173s] Level 1:colcon.colcon_core.package_identification:_identify(src/jaka_ros2/images) by extension 'ignore_ament_install'
[0.173s] Level 1:colcon.colcon_core.package_identification:_identify(src/jaka_ros2/images) by extensions ['colcon_pkg']
[0.173s] Level 1:colcon.colcon_core.package_identification:_identify(src/jaka_ros2/images) by extension 'colcon_pkg'
[0.173s] Level 1:colcon.colcon_core.package_identification:_identify(src/jaka_ros2/images) by extensions ['colcon_meta']
[0.173s] Level 1:colcon.colcon_core.package_identification:_identify(src/jaka_ros2/images) by extension 'colcon_meta'
[0.173s] Level 1:colcon.colcon_core.package_identification:_identify(src/jaka_ros2/images) by extensions ['ros']
[0.173s] Level 1:colcon.colcon_core.package_identification:_identify(src/jaka_ros2/images) by extension 'ros'
[0.173s] Level 1:colcon.colcon_core.package_identification:_identify(src/jaka_ros2/images) by extensions ['cmake', 'python']
[0.173s] Level 1:colcon.colcon_core.package_identification:_identify(src/jaka_ros2/images) by extension 'cmake'
[0.173s] Level 1:colcon.colcon_core.package_identification:_identify(src/jaka_ros2/images) by extension 'python'
[0.173s] Level 1:colcon.colcon_core.package_identification:_identify(src/jaka_ros2/images) by extensions ['python_setup_py']
[0.173s] Level 1:colcon.colcon_core.package_identification:_identify(src/jaka_ros2/images) by extension 'python_setup_py'
[0.173s] Level 1:colcon.colcon_core.package_identification:_identify(src/jaka_ros2/src) by extensions ['ignore', 'ignore_ament_install']
[0.173s] Level 1:colcon.colcon_core.package_identification:_identify(src/jaka_ros2/src) by extension 'ignore'
[0.173s] Level 1:colcon.colcon_core.package_identification:_identify(src/jaka_ros2/src) by extension 'ignore_ament_install'
[0.173s] Level 1:colcon.colcon_core.package_identification:_identify(src/jaka_ros2/src) by extensions ['colcon_pkg']
[0.173s] Level 1:colcon.colcon_core.package_identification:_identify(src/jaka_ros2/src) by extension 'colcon_pkg'
[0.173s] Level 1:colcon.colcon_core.package_identification:_identify(src/jaka_ros2/src) by extensions ['colcon_meta']
[0.173s] Level 1:colcon.colcon_core.package_identification:_identify(src/jaka_ros2/src) by extension 'colcon_meta'
[0.173s] Level 1:colcon.colcon_core.package_identification:_identify(src/jaka_ros2/src) by extensions ['ros']
[0.173s] Level 1:colcon.colcon_core.package_identification:_identify(src/jaka_ros2/src) by extension 'ros'
[0.173s] Level 1:colcon.colcon_core.package_identification:_identify(src/jaka_ros2/src) by extensions ['cmake', 'python']
[0.173s] Level 1:colcon.colcon_core.package_identification:_identify(src/jaka_ros2/src) by extension 'cmake'
[0.173s] Level 1:colcon.colcon_core.package_identification:_identify(src/jaka_ros2/src) by extension 'python'
[0.173s] Level 1:colcon.colcon_core.package_identification:_identify(src/jaka_ros2/src) by extensions ['python_setup_py']
[0.173s] Level 1:colcon.colcon_core.package_identification:_identify(src/jaka_ros2/src) by extension 'python_setup_py'
[0.173s] Level 1:colcon.colcon_core.package_identification:_identify(src/jaka_ros2/src/jaka_a12_moveit_config) by extensions ['ignore', 'ignore_ament_install']
[0.173s] Level 1:colcon.colcon_core.package_identification:_identify(src/jaka_ros2/src/jaka_a12_moveit_config) by extension 'ignore'
[0.173s] Level 1:colcon.colcon_core.package_identification:_identify(src/jaka_ros2/src/jaka_a12_moveit_config) by extension 'ignore_ament_install'
[0.173s] Level 1:colcon.colcon_core.package_identification:_identify(src/jaka_ros2/src/jaka_a12_moveit_config) by extensions ['colcon_pkg']
[0.173s] Level 1:colcon.colcon_core.package_identification:_identify(src/jaka_ros2/src/jaka_a12_moveit_config) by extension 'colcon_pkg'
[0.173s] Level 1:colcon.colcon_core.package_identification:_identify(src/jaka_ros2/src/jaka_a12_moveit_config) by extensions ['colcon_meta']
[0.173s] Level 1:colcon.colcon_core.package_identification:_identify(src/jaka_ros2/src/jaka_a12_moveit_config) by extension 'colcon_meta'
[0.173s] Level 1:colcon.colcon_core.package_identification:_identify(src/jaka_ros2/src/jaka_a12_moveit_config) by extensions ['ros']
[0.173s] Level 1:colcon.colcon_core.package_identification:_identify(src/jaka_ros2/src/jaka_a12_moveit_config) by extension 'ros'
[0.174s] DEBUG:colcon.colcon_core.package_identification:Package 'src/jaka_ros2/src/jaka_a12_moveit_config' with type 'ros.ament_cmake' and name 'jaka_a12_moveit_config'
[0.174s] Level 1:colcon.colcon_core.package_identification:_identify(src/jaka_ros2/src/jaka_a20_moveit_config) by extensions ['ignore', 'ignore_ament_install']
[0.174s] Level 1:colcon.colcon_core.package_identification:_identify(src/jaka_ros2/src/jaka_a20_moveit_config) by extension 'ignore'
[0.174s] Level 1:colcon.colcon_core.package_identification:_identify(src/jaka_ros2/src/jaka_a20_moveit_config) by extension 'ignore_ament_install'
[0.174s] Level 1:colcon.colcon_core.package_identification:_identify(src/jaka_ros2/src/jaka_a20_moveit_config) by extensions ['colcon_pkg']
[0.174s] Level 1:colcon.colcon_core.package_identification:_identify(src/jaka_ros2/src/jaka_a20_moveit_config) by extension 'colcon_pkg'
[0.174s] Level 1:colcon.colcon_core.package_identification:_identify(src/jaka_ros2/src/jaka_a20_moveit_config) by extensions ['colcon_meta']
[0.174s] Level 1:colcon.colcon_core.package_identification:_identify(src/jaka_ros2/src/jaka_a20_moveit_config) by extension 'colcon_meta'
[0.174s] Level 1:colcon.colcon_core.package_identification:_identify(src/jaka_ros2/src/jaka_a20_moveit_config) by extensions ['ros']
[0.174s] Level 1:colcon.colcon_core.package_identification:_identify(src/jaka_ros2/src/jaka_a20_moveit_config) by extension 'ros'
[0.175s] DEBUG:colcon.colcon_core.package_identification:Package 'src/jaka_ros2/src/jaka_a20_moveit_config' with type 'ros.ament_cmake' and name 'jaka_a20_moveit_config'
[0.175s] Level 1:colcon.colcon_core.package_identification:_identify(src/jaka_ros2/src/jaka_a5_moveit_config) by extensions ['ignore', 'ignore_ament_install']
[0.175s] Level 1:colcon.colcon_core.package_identification:_identify(src/jaka_ros2/src/jaka_a5_moveit_config) by extension 'ignore'
[0.175s] Level 1:colcon.colcon_core.package_identification:_identify(src/jaka_ros2/src/jaka_a5_moveit_config) by extension 'ignore_ament_install'
[0.175s] Level 1:colcon.colcon_core.package_identification:_identify(src/jaka_ros2/src/jaka_a5_moveit_config) by extensions ['colcon_pkg']
[0.175s] Level 1:colcon.colcon_core.package_identification:_identify(src/jaka_ros2/src/jaka_a5_moveit_config) by extension 'colcon_pkg'
[0.175s] Level 1:colcon.colcon_core.package_identification:_identify(src/jaka_ros2/src/jaka_a5_moveit_config) by extensions ['colcon_meta']
[0.175s] Level 1:colcon.colcon_core.package_identification:_identify(src/jaka_ros2/src/jaka_a5_moveit_config) by extension 'colcon_meta'
[0.175s] Level 1:colcon.colcon_core.package_identification:_identify(src/jaka_ros2/src/jaka_a5_moveit_config) by extensions ['ros']
[0.175s] Level 1:colcon.colcon_core.package_identification:_identify(src/jaka_ros2/src/jaka_a5_moveit_config) by extension 'ros'
[0.175s] DEBUG:colcon.colcon_core.package_identification:Package 'src/jaka_ros2/src/jaka_a5_moveit_config' with type 'ros.ament_cmake' and name 'jaka_a5_moveit_config'
[0.175s] Level 1:colcon.colcon_core.package_identification:_identify(src/jaka_ros2/src/jaka_c12_moveit_config) by extensions ['ignore', 'ignore_ament_install']
[0.176s] Level 1:colcon.colcon_core.package_identification:_identify(src/jaka_ros2/src/jaka_c12_moveit_config) by extension 'ignore'
[0.176s] Level 1:colcon.colcon_core.package_identification:_identify(src/jaka_ros2/src/jaka_c12_moveit_config) by extension 'ignore_ament_install'
[0.176s] Level 1:colcon.colcon_core.package_identification:_identify(src/jaka_ros2/src/jaka_c12_moveit_config) by extensions ['colcon_pkg']
[0.176s] Level 1:colcon.colcon_core.package_identification:_identify(src/jaka_ros2/src/jaka_c12_moveit_config) by extension 'colcon_pkg'
[0.176s] Level 1:colcon.colcon_core.package_identification:_identify(src/jaka_ros2/src/jaka_c12_moveit_config) by extensions ['colcon_meta']
[0.176s] Level 1:colcon.colcon_core.package_identification:_identify(src/jaka_ros2/src/jaka_c12_moveit_config) by extension 'colcon_meta'
[0.176s] Level 1:colcon.colcon_core.package_identification:_identify(src/jaka_ros2/src/jaka_c12_moveit_config) by extensions ['ros']
[0.176s] Level 1:colcon.colcon_core.package_identification:_identify(src/jaka_ros2/src/jaka_c12_moveit_config) by extension 'ros'
[0.176s] DEBUG:colcon.colcon_core.package_identification:Package 'src/jaka_ros2/src/jaka_c12_moveit_config' with type 'ros.ament_cmake' and name 'jaka_c12_moveit_config'
[0.176s] Level 1:colcon.colcon_core.package_identification:_identify(src/jaka_ros2/src/jaka_c5_moveit_config) by extensions ['ignore', 'ignore_ament_install']
[0.176s] Level 1:colcon.colcon_core.package_identification:_identify(src/jaka_ros2/src/jaka_c5_moveit_config) by extension 'ignore'
[0.176s] Level 1:colcon.colcon_core.package_identification:_identify(src/jaka_ros2/src/jaka_c5_moveit_config) by extension 'ignore_ament_install'
[0.176s] Level 1:colcon.colcon_core.package_identification:_identify(src/jaka_ros2/src/jaka_c5_moveit_config) by extensions ['colcon_pkg']
[0.176s] Level 1:colcon.colcon_core.package_identification:_identify(src/jaka_ros2/src/jaka_c5_moveit_config) by extension 'colcon_pkg'
[0.176s] Level 1:colcon.colcon_core.package_identification:_identify(src/jaka_ros2/src/jaka_c5_moveit_config) by extensions ['colcon_meta']
[0.176s] Level 1:colcon.colcon_core.package_identification:_identify(src/jaka_ros2/src/jaka_c5_moveit_config) by extension 'colcon_meta'
[0.176s] Level 1:colcon.colcon_core.package_identification:_identify(src/jaka_ros2/src/jaka_c5_moveit_config) by extensions ['ros']
[0.176s] Level 1:colcon.colcon_core.package_identification:_identify(src/jaka_ros2/src/jaka_c5_moveit_config) by extension 'ros'
[0.177s] DEBUG:colcon.colcon_core.package_identification:Package 'src/jaka_ros2/src/jaka_c5_moveit_config' with type 'ros.ament_cmake' and name 'jaka_c5_moveit_config'
[0.177s] Level 1:colcon.colcon_core.package_identification:_identify(src/jaka_ros2/src/jaka_c7_moveit_config) by extensions ['ignore', 'ignore_ament_install']
[0.177s] Level 1:colcon.colcon_core.package_identification:_identify(src/jaka_ros2/src/jaka_c7_moveit_config) by extension 'ignore'
[0.177s] Level 1:colcon.colcon_core.package_identification:_identify(src/jaka_ros2/src/jaka_c7_moveit_config) by extension 'ignore_ament_install'
[0.177s] Level 1:colcon.colcon_core.package_identification:_identify(src/jaka_ros2/src/jaka_c7_moveit_config) by extensions ['colcon_pkg']
[0.177s] Level 1:colcon.colcon_core.package_identification:_identify(src/jaka_ros2/src/jaka_c7_moveit_config) by extension 'colcon_pkg'
[0.177s] Level 1:colcon.colcon_core.package_identification:_identify(src/jaka_ros2/src/jaka_c7_moveit_config) by extensions ['colcon_meta']
[0.177s] Level 1:colcon.colcon_core.package_identification:_identify(src/jaka_ros2/src/jaka_c7_moveit_config) by extension 'colcon_meta'
[0.177s] Level 1:colcon.colcon_core.package_identification:_identify(src/jaka_ros2/src/jaka_c7_moveit_config) by extensions ['ros']
[0.177s] Level 1:colcon.colcon_core.package_identification:_identify(src/jaka_ros2/src/jaka_c7_moveit_config) by extension 'ros'
[0.178s] DEBUG:colcon.colcon_core.package_identification:Package 'src/jaka_ros2/src/jaka_c7_moveit_config' with type 'ros.ament_cmake' and name 'jaka_c7_moveit_config'
[0.178s] Level 1:colcon.colcon_core.package_identification:_identify(src/jaka_ros2/src/jaka_description) by extensions ['ignore', 'ignore_ament_install']
[0.178s] Level 1:colcon.colcon_core.package_identification:_identify(src/jaka_ros2/src/jaka_description) by extension 'ignore'
[0.178s] Level 1:colcon.colcon_core.package_identification:_identify(src/jaka_ros2/src/jaka_description) by extension 'ignore_ament_install'
[0.178s] Level 1:colcon.colcon_core.package_identification:_identify(src/jaka_ros2/src/jaka_description) by extensions ['colcon_pkg']
[0.178s] Level 1:colcon.colcon_core.package_identification:_identify(src/jaka_ros2/src/jaka_description) by extension 'colcon_pkg'
[0.178s] Level 1:colcon.colcon_core.package_identification:_identify(src/jaka_ros2/src/jaka_description) by extensions ['colcon_meta']
[0.178s] Level 1:colcon.colcon_core.package_identification:_identify(src/jaka_ros2/src/jaka_description) by extension 'colcon_meta'
[0.178s] Level 1:colcon.colcon_core.package_identification:_identify(src/jaka_ros2/src/jaka_description) by extensions ['ros']
[0.178s] Level 1:colcon.colcon_core.package_identification:_identify(src/jaka_ros2/src/jaka_description) by extension 'ros'
[0.178s] DEBUG:colcon.colcon_core.package_identification:Package 'src/jaka_ros2/src/jaka_description' with type 'ros.ament_cmake' and name 'jaka_description'
[0.178s] Level 1:colcon.colcon_core.package_identification:_identify(src/jaka_ros2/src/jaka_driver) by extensions ['ignore', 'ignore_ament_install']
[0.178s] Level 1:colcon.colcon_core.package_identification:_identify(src/jaka_ros2/src/jaka_driver) by extension 'ignore'
[0.178s] Level 1:colcon.colcon_core.package_identification:_identify(src/jaka_ros2/src/jaka_driver) by extension 'ignore_ament_install'
[0.178s] Level 1:colcon.colcon_core.package_identification:_identify(src/jaka_ros2/src/jaka_driver) by extensions ['colcon_pkg']
[0.178s] Level 1:colcon.colcon_core.package_identification:_identify(src/jaka_ros2/src/jaka_driver) by extension 'colcon_pkg'
[0.178s] Level 1:colcon.colcon_core.package_identification:_identify(src/jaka_ros2/src/jaka_driver) by extensions ['colcon_meta']
[0.178s] Level 1:colcon.colcon_core.package_identification:_identify(src/jaka_ros2/src/jaka_driver) by extension 'colcon_meta'
[0.179s] Level 1:colcon.colcon_core.package_identification:_identify(src/jaka_ros2/src/jaka_driver) by extensions ['ros']
[0.179s] Level 1:colcon.colcon_core.package_identification:_identify(src/jaka_ros2/src/jaka_driver) by extension 'ros'
[0.180s] DEBUG:colcon.colcon_core.package_identification:Package 'src/jaka_ros2/src/jaka_driver' with type 'ros.ament_cmake' and name 'jaka_driver'
[0.180s] Level 1:colcon.colcon_core.package_identification:_identify(src/jaka_ros2/src/jaka_minicobo_moveit_config) by extensions ['ignore', 'ignore_ament_install']
[0.180s] Level 1:colcon.colcon_core.package_identification:_identify(src/jaka_ros2/src/jaka_minicobo_moveit_config) by extension 'ignore'
[0.180s] Level 1:colcon.colcon_core.package_identification:_identify(src/jaka_ros2/src/jaka_minicobo_moveit_config) by extension 'ignore_ament_install'
[0.180s] Level 1:colcon.colcon_core.package_identification:_identify(src/jaka_ros2/src/jaka_minicobo_moveit_config) by extensions ['colcon_pkg']
[0.180s] Level 1:colcon.colcon_core.package_identification:_identify(src/jaka_ros2/src/jaka_minicobo_moveit_config) by extension 'colcon_pkg'
[0.180s] Level 1:colcon.colcon_core.package_identification:_identify(src/jaka_ros2/src/jaka_minicobo_moveit_config) by extensions ['colcon_meta']
[0.180s] Level 1:colcon.colcon_core.package_identification:_identify(src/jaka_ros2/src/jaka_minicobo_moveit_config) by extension 'colcon_meta'
[0.180s] Level 1:colcon.colcon_core.package_identification:_identify(src/jaka_ros2/src/jaka_minicobo_moveit_config) by extensions ['ros']
[0.180s] Level 1:colcon.colcon_core.package_identification:_identify(src/jaka_ros2/src/jaka_minicobo_moveit_config) by extension 'ros'
[0.180s] DEBUG:colcon.colcon_core.package_identification:Package 'src/jaka_ros2/src/jaka_minicobo_moveit_config' with type 'ros.ament_cmake' and name 'jaka_minicobo_moveit_config'
[0.181s] Level 1:colcon.colcon_core.package_identification:_identify(src/jaka_ros2/src/jaka_msgs) by extensions ['ignore', 'ignore_ament_install']
[0.181s] Level 1:colcon.colcon_core.package_identification:_identify(src/jaka_ros2/src/jaka_msgs) by extension 'ignore'
[0.181s] Level 1:colcon.colcon_core.package_identification:_identify(src/jaka_ros2/src/jaka_msgs) by extension 'ignore_ament_install'
[0.181s] Level 1:colcon.colcon_core.package_identification:_identify(src/jaka_ros2/src/jaka_msgs) by extensions ['colcon_pkg']
[0.181s] Level 1:colcon.colcon_core.package_identification:_identify(src/jaka_ros2/src/jaka_msgs) by extension 'colcon_pkg'
[0.181s] Level 1:colcon.colcon_core.package_identification:_identify(src/jaka_ros2/src/jaka_msgs) by extensions ['colcon_meta']
[0.181s] Level 1:colcon.colcon_core.package_identification:_identify(src/jaka_ros2/src/jaka_msgs) by extension 'colcon_meta'
[0.181s] Level 1:colcon.colcon_core.package_identification:_identify(src/jaka_ros2/src/jaka_msgs) by extensions ['ros']
[0.181s] Level 1:colcon.colcon_core.package_identification:_identify(src/jaka_ros2/src/jaka_msgs) by extension 'ros'
[0.181s] DEBUG:colcon.colcon_core.package_identification:Package 'src/jaka_ros2/src/jaka_msgs' with type 'ros.ament_cmake' and name 'jaka_msgs'
[0.181s] Level 1:colcon.colcon_core.package_identification:_identify(src/jaka_ros2/src/jaka_planner) by extensions ['ignore', 'ignore_ament_install']
[0.181s] Level 1:colcon.colcon_core.package_identification:_identify(src/jaka_ros2/src/jaka_planner) by extension 'ignore'
[0.181s] Level 1:colcon.colcon_core.package_identification:_identify(src/jaka_ros2/src/jaka_planner) by extension 'ignore_ament_install'
[0.181s] Level 1:colcon.colcon_core.package_identification:_identify(src/jaka_ros2/src/jaka_planner) by extensions ['colcon_pkg']
[0.181s] Level 1:colcon.colcon_core.package_identification:_identify(src/jaka_ros2/src/jaka_planner) by extension 'colcon_pkg'
[0.181s] Level 1:colcon.colcon_core.package_identification:_identify(src/jaka_ros2/src/jaka_planner) by extensions ['colcon_meta']
[0.181s] Level 1:colcon.colcon_core.package_identification:_identify(src/jaka_ros2/src/jaka_planner) by extension 'colcon_meta'
[0.181s] Level 1:colcon.colcon_core.package_identification:_identify(src/jaka_ros2/src/jaka_planner) by extensions ['ros']
[0.181s] Level 1:colcon.colcon_core.package_identification:_identify(src/jaka_ros2/src/jaka_planner) by extension 'ros'
[0.182s] DEBUG:colcon.colcon_core.package_identification:Package 'src/jaka_ros2/src/jaka_planner' with type 'ros.ament_cmake' and name 'jaka_planner'
[0.182s] Level 1:colcon.colcon_core.package_identification:_identify(src/jaka_ros2/src/jaka_pro12_moveit_config) by extensions ['ignore', 'ignore_ament_install']
[0.182s] Level 1:colcon.colcon_core.package_identification:_identify(src/jaka_ros2/src/jaka_pro12_moveit_config) by extension 'ignore'
[0.182s] Level 1:colcon.colcon_core.package_identification:_identify(src/jaka_ros2/src/jaka_pro12_moveit_config) by extension 'ignore_ament_install'
[0.182s] Level 1:colcon.colcon_core.package_identification:_identify(src/jaka_ros2/src/jaka_pro12_moveit_config) by extensions ['colcon_pkg']
[0.182s] Level 1:colcon.colcon_core.package_identification:_identify(src/jaka_ros2/src/jaka_pro12_moveit_config) by extension 'colcon_pkg'
[0.182s] Level 1:colcon.colcon_core.package_identification:_identify(src/jaka_ros2/src/jaka_pro12_moveit_config) by extensions ['colcon_meta']
[0.182s] Level 1:colcon.colcon_core.package_identification:_identify(src/jaka_ros2/src/jaka_pro12_moveit_config) by extension 'colcon_meta'
[0.182s] Level 1:colcon.colcon_core.package_identification:_identify(src/jaka_ros2/src/jaka_pro12_moveit_config) by extensions ['ros']
[0.182s] Level 1:colcon.colcon_core.package_identification:_identify(src/jaka_ros2/src/jaka_pro12_moveit_config) by extension 'ros'
[0.188s] DEBUG:colcon.colcon_core.package_identification:Package 'src/jaka_ros2/src/jaka_pro12_moveit_config' with type 'ros.ament_cmake' and name 'jaka_pro12_moveit_config'
[0.188s] Level 1:colcon.colcon_core.package_identification:_identify(src/jaka_ros2/src/jaka_pro16_moveit_config) by extensions ['ignore', 'ignore_ament_install']
[0.188s] Level 1:colcon.colcon_core.package_identification:_identify(src/jaka_ros2/src/jaka_pro16_moveit_config) by extension 'ignore'
[0.188s] Level 1:colcon.colcon_core.package_identification:_identify(src/jaka_ros2/src/jaka_pro16_moveit_config) by extension 'ignore_ament_install'
[0.188s] Level 1:colcon.colcon_core.package_identification:_identify(src/jaka_ros2/src/jaka_pro16_moveit_config) by extensions ['colcon_pkg']
[0.188s] Level 1:colcon.colcon_core.package_identification:_identify(src/jaka_ros2/src/jaka_pro16_moveit_config) by extension 'colcon_pkg'
[0.188s] Level 1:colcon.colcon_core.package_identification:_identify(src/jaka_ros2/src/jaka_pro16_moveit_config) by extensions ['colcon_meta']
[0.189s] Level 1:colcon.colcon_core.package_identification:_identify(src/jaka_ros2/src/jaka_pro16_moveit_config) by extension 'colcon_meta'
[0.189s] Level 1:colcon.colcon_core.package_identification:_identify(src/jaka_ros2/src/jaka_pro16_moveit_config) by extensions ['ros']
[0.189s] Level 1:colcon.colcon_core.package_identification:_identify(src/jaka_ros2/src/jaka_pro16_moveit_config) by extension 'ros'
[0.189s] DEBUG:colcon.colcon_core.package_identification:Package 'src/jaka_ros2/src/jaka_pro16_moveit_config' with type 'ros.ament_cmake' and name 'jaka_pro16_moveit_config'
[0.189s] Level 1:colcon.colcon_core.package_identification:_identify(src/jaka_ros2/src/jaka_pro18_moveit_config) by extensions ['ignore', 'ignore_ament_install']
[0.189s] Level 1:colcon.colcon_core.package_identification:_identify(src/jaka_ros2/src/jaka_pro18_moveit_config) by extension 'ignore'
[0.189s] Level 1:colcon.colcon_core.package_identification:_identify(src/jaka_ros2/src/jaka_pro18_moveit_config) by extension 'ignore_ament_install'
[0.189s] Level 1:colcon.colcon_core.package_identification:_identify(src/jaka_ros2/src/jaka_pro18_moveit_config) by extensions ['colcon_pkg']
[0.189s] Level 1:colcon.colcon_core.package_identification:_identify(src/jaka_ros2/src/jaka_pro18_moveit_config) by extension 'colcon_pkg'
[0.189s] Level 1:colcon.colcon_core.package_identification:_identify(src/jaka_ros2/src/jaka_pro18_moveit_config) by extensions ['colcon_meta']
[0.189s] Level 1:colcon.colcon_core.package_identification:_identify(src/jaka_ros2/src/jaka_pro18_moveit_config) by extension 'colcon_meta'
[0.189s] Level 1:colcon.colcon_core.package_identification:_identify(src/jaka_ros2/src/jaka_pro18_moveit_config) by extensions ['ros']
[0.189s] Level 1:colcon.colcon_core.package_identification:_identify(src/jaka_ros2/src/jaka_pro18_moveit_config) by extension 'ros'
[0.190s] DEBUG:colcon.colcon_core.package_identification:Package 'src/jaka_ros2/src/jaka_pro18_moveit_config' with type 'ros.ament_cmake' and name 'jaka_pro18_moveit_config'
[0.190s] Level 1:colcon.colcon_core.package_identification:_identify(src/jaka_ros2/src/jaka_pro5_moveit_config) by extensions ['ignore', 'ignore_ament_install']
[0.190s] Level 1:colcon.colcon_core.package_identification:_identify(src/jaka_ros2/src/jaka_pro5_moveit_config) by extension 'ignore'
[0.190s] Level 1:colcon.colcon_core.package_identification:_identify(src/jaka_ros2/src/jaka_pro5_moveit_config) by extension 'ignore_ament_install'
[0.190s] Level 1:colcon.colcon_core.package_identification:_identify(src/jaka_ros2/src/jaka_pro5_moveit_config) by extensions ['colcon_pkg']
[0.190s] Level 1:colcon.colcon_core.package_identification:_identify(src/jaka_ros2/src/jaka_pro5_moveit_config) by extension 'colcon_pkg'
[0.190s] Level 1:colcon.colcon_core.package_identification:_identify(src/jaka_ros2/src/jaka_pro5_moveit_config) by extensions ['colcon_meta']
[0.190s] Level 1:colcon.colcon_core.package_identification:_identify(src/jaka_ros2/src/jaka_pro5_moveit_config) by extension 'colcon_meta'
[0.190s] Level 1:colcon.colcon_core.package_identification:_identify(src/jaka_ros2/src/jaka_pro5_moveit_config) by extensions ['ros']
[0.190s] Level 1:colcon.colcon_core.package_identification:_identify(src/jaka_ros2/src/jaka_pro5_moveit_config) by extension 'ros'
[0.191s] DEBUG:colcon.colcon_core.package_identification:Package 'src/jaka_ros2/src/jaka_pro5_moveit_config' with type 'ros.ament_cmake' and name 'jaka_pro5_moveit_config'
[0.191s] Level 1:colcon.colcon_core.package_identification:_identify(src/jaka_ros2/src/jaka_pro7_moveit_config) by extensions ['ignore', 'ignore_ament_install']
[0.191s] Level 1:colcon.colcon_core.package_identification:_identify(src/jaka_ros2/src/jaka_pro7_moveit_config) by extension 'ignore'
[0.191s] Level 1:colcon.colcon_core.package_identification:_identify(src/jaka_ros2/src/jaka_pro7_moveit_config) by extension 'ignore_ament_install'
[0.191s] Level 1:colcon.colcon_core.package_identification:_identify(src/jaka_ros2/src/jaka_pro7_moveit_config) by extensions ['colcon_pkg']
[0.191s] Level 1:colcon.colcon_core.package_identification:_identify(src/jaka_ros2/src/jaka_pro7_moveit_config) by extension 'colcon_pkg'
[0.191s] Level 1:colcon.colcon_core.package_identification:_identify(src/jaka_ros2/src/jaka_pro7_moveit_config) by extensions ['colcon_meta']
[0.191s] Level 1:colcon.colcon_core.package_identification:_identify(src/jaka_ros2/src/jaka_pro7_moveit_config) by extension 'colcon_meta'
[0.191s] Level 1:colcon.colcon_core.package_identification:_identify(src/jaka_ros2/src/jaka_pro7_moveit_config) by extensions ['ros']
[0.191s] Level 1:colcon.colcon_core.package_identification:_identify(src/jaka_ros2/src/jaka_pro7_moveit_config) by extension 'ros'
[0.191s] DEBUG:colcon.colcon_core.package_identification:Package 'src/jaka_ros2/src/jaka_pro7_moveit_config' with type 'ros.ament_cmake' and name 'jaka_pro7_moveit_config'
[0.191s] Level 1:colcon.colcon_core.package_identification:_identify(src/jaka_ros2/src/jaka_s12_moveit_config) by extensions ['ignore', 'ignore_ament_install']
[0.191s] Level 1:colcon.colcon_core.package_identification:_identify(src/jaka_ros2/src/jaka_s12_moveit_config) by extension 'ignore'
[0.191s] Level 1:colcon.colcon_core.package_identification:_identify(src/jaka_ros2/src/jaka_s12_moveit_config) by extension 'ignore_ament_install'
[0.191s] Level 1:colcon.colcon_core.package_identification:_identify(src/jaka_ros2/src/jaka_s12_moveit_config) by extensions ['colcon_pkg']
[0.192s] Level 1:colcon.colcon_core.package_identification:_identify(src/jaka_ros2/src/jaka_s12_moveit_config) by extension 'colcon_pkg'
[0.192s] Level 1:colcon.colcon_core.package_identification:_identify(src/jaka_ros2/src/jaka_s12_moveit_config) by extensions ['colcon_meta']
[0.192s] Level 1:colcon.colcon_core.package_identification:_identify(src/jaka_ros2/src/jaka_s12_moveit_config) by extension 'colcon_meta'
[0.192s] Level 1:colcon.colcon_core.package_identification:_identify(src/jaka_ros2/src/jaka_s12_moveit_config) by extensions ['ros']
[0.192s] Level 1:colcon.colcon_core.package_identification:_identify(src/jaka_ros2/src/jaka_s12_moveit_config) by extension 'ros'
[0.192s] DEBUG:colcon.colcon_core.package_identification:Package 'src/jaka_ros2/src/jaka_s12_moveit_config' with type 'ros.ament_cmake' and name 'jaka_s12_moveit_config'
[0.192s] Level 1:colcon.colcon_core.package_identification:_identify(src/jaka_ros2/src/jaka_s5_moveit_config) by extensions ['ignore', 'ignore_ament_install']
[0.192s] Level 1:colcon.colcon_core.package_identification:_identify(src/jaka_ros2/src/jaka_s5_moveit_config) by extension 'ignore'
[0.192s] Level 1:colcon.colcon_core.package_identification:_identify(src/jaka_ros2/src/jaka_s5_moveit_config) by extension 'ignore_ament_install'
[0.192s] Level 1:colcon.colcon_core.package_identification:_identify(src/jaka_ros2/src/jaka_s5_moveit_config) by extensions ['colcon_pkg']
[0.192s] Level 1:colcon.colcon_core.package_identification:_identify(src/jaka_ros2/src/jaka_s5_moveit_config) by extension 'colcon_pkg'
[0.192s] Level 1:colcon.colcon_core.package_identification:_identify(src/jaka_ros2/src/jaka_s5_moveit_config) by extensions ['colcon_meta']
[0.192s] Level 1:colcon.colcon_core.package_identification:_identify(src/jaka_ros2/src/jaka_s5_moveit_config) by extension 'colcon_meta'
[0.192s] Level 1:colcon.colcon_core.package_identification:_identify(src/jaka_ros2/src/jaka_s5_moveit_config) by extensions ['ros']
[0.192s] Level 1:colcon.colcon_core.package_identification:_identify(src/jaka_ros2/src/jaka_s5_moveit_config) by extension 'ros'
[0.193s] DEBUG:colcon.colcon_core.package_identification:Package 'src/jaka_ros2/src/jaka_s5_moveit_config' with type 'ros.ament_cmake' and name 'jaka_s5_moveit_config'
[0.193s] Level 1:colcon.colcon_core.package_identification:_identify(src/jaka_ros2/src/jaka_s7_moveit_config) by extensions ['ignore', 'ignore_ament_install']
[0.193s] Level 1:colcon.colcon_core.package_identification:_identify(src/jaka_ros2/src/jaka_s7_moveit_config) by extension 'ignore'
[0.193s] Level 1:colcon.colcon_core.package_identification:_identify(src/jaka_ros2/src/jaka_s7_moveit_config) by extension 'ignore_ament_install'
[0.193s] Level 1:colcon.colcon_core.package_identification:_identify(src/jaka_ros2/src/jaka_s7_moveit_config) by extensions ['colcon_pkg']
[0.193s] Level 1:colcon.colcon_core.package_identification:_identify(src/jaka_ros2/src/jaka_s7_moveit_config) by extension 'colcon_pkg'
[0.193s] Level 1:colcon.colcon_core.package_identification:_identify(src/jaka_ros2/src/jaka_s7_moveit_config) by extensions ['colcon_meta']
[0.193s] Level 1:colcon.colcon_core.package_identification:_identify(src/jaka_ros2/src/jaka_s7_moveit_config) by extension 'colcon_meta'
[0.193s] Level 1:colcon.colcon_core.package_identification:_identify(src/jaka_ros2/src/jaka_s7_moveit_config) by extensions ['ros']
[0.193s] Level 1:colcon.colcon_core.package_identification:_identify(src/jaka_ros2/src/jaka_s7_moveit_config) by extension 'ros'
[0.194s] DEBUG:colcon.colcon_core.package_identification:Package 'src/jaka_ros2/src/jaka_s7_moveit_config' with type 'ros.ament_cmake' and name 'jaka_s7_moveit_config'
[0.194s] Level 1:colcon.colcon_core.package_identification:_identify(src/jaka_ros2/src/jaka_zu12_moveit_config) by extensions ['ignore', 'ignore_ament_install']
[0.194s] Level 1:colcon.colcon_core.package_identification:_identify(src/jaka_ros2/src/jaka_zu12_moveit_config) by extension 'ignore'
[0.194s] Level 1:colcon.colcon_core.package_identification:_identify(src/jaka_ros2/src/jaka_zu12_moveit_config) by extension 'ignore_ament_install'
[0.194s] Level 1:colcon.colcon_core.package_identification:_identify(src/jaka_ros2/src/jaka_zu12_moveit_config) by extensions ['colcon_pkg']
[0.194s] Level 1:colcon.colcon_core.package_identification:_identify(src/jaka_ros2/src/jaka_zu12_moveit_config) by extension 'colcon_pkg'
[0.194s] Level 1:colcon.colcon_core.package_identification:_identify(src/jaka_ros2/src/jaka_zu12_moveit_config) by extensions ['colcon_meta']
[0.194s] Level 1:colcon.colcon_core.package_identification:_identify(src/jaka_ros2/src/jaka_zu12_moveit_config) by extension 'colcon_meta'
[0.194s] Level 1:colcon.colcon_core.package_identification:_identify(src/jaka_ros2/src/jaka_zu12_moveit_config) by extensions ['ros']
[0.194s] Level 1:colcon.colcon_core.package_identification:_identify(src/jaka_ros2/src/jaka_zu12_moveit_config) by extension 'ros'
[0.194s] DEBUG:colcon.colcon_core.package_identification:Package 'src/jaka_ros2/src/jaka_zu12_moveit_config' with type 'ros.ament_cmake' and name 'jaka_zu12_moveit_config'
[0.194s] Level 1:colcon.colcon_core.package_identification:_identify(src/jaka_ros2/src/jaka_zu18_moveit_config) by extensions ['ignore', 'ignore_ament_install']
[0.194s] Level 1:colcon.colcon_core.package_identification:_identify(src/jaka_ros2/src/jaka_zu18_moveit_config) by extension 'ignore'
[0.194s] Level 1:colcon.colcon_core.package_identification:_identify(src/jaka_ros2/src/jaka_zu18_moveit_config) by extension 'ignore_ament_install'
[0.194s] Level 1:colcon.colcon_core.package_identification:_identify(src/jaka_ros2/src/jaka_zu18_moveit_config) by extensions ['colcon_pkg']
[0.194s] Level 1:colcon.colcon_core.package_identification:_identify(src/jaka_ros2/src/jaka_zu18_moveit_config) by extension 'colcon_pkg'
[0.194s] Level 1:colcon.colcon_core.package_identification:_identify(src/jaka_ros2/src/jaka_zu18_moveit_config) by extensions ['colcon_meta']
[0.195s] Level 1:colcon.colcon_core.package_identification:_identify(src/jaka_ros2/src/jaka_zu18_moveit_config) by extension 'colcon_meta'
[0.195s] Level 1:colcon.colcon_core.package_identification:_identify(src/jaka_ros2/src/jaka_zu18_moveit_config) by extensions ['ros']
[0.195s] Level 1:colcon.colcon_core.package_identification:_identify(src/jaka_ros2/src/jaka_zu18_moveit_config) by extension 'ros'
[0.195s] DEBUG:colcon.colcon_core.package_identification:Package 'src/jaka_ros2/src/jaka_zu18_moveit_config' with type 'ros.ament_cmake' and name 'jaka_zu18_moveit_config'
[0.195s] Level 1:colcon.colcon_core.package_identification:_identify(src/jaka_ros2/src/jaka_zu20_moveit_config) by extensions ['ignore', 'ignore_ament_install']
[0.195s] Level 1:colcon.colcon_core.package_identification:_identify(src/jaka_ros2/src/jaka_zu20_moveit_config) by extension 'ignore'
[0.195s] Level 1:colcon.colcon_core.package_identification:_identify(src/jaka_ros2/src/jaka_zu20_moveit_config) by extension 'ignore_ament_install'
[0.195s] Level 1:colcon.colcon_core.package_identification:_identify(src/jaka_ros2/src/jaka_zu20_moveit_config) by extensions ['colcon_pkg']
[0.195s] Level 1:colcon.colcon_core.package_identification:_identify(src/jaka_ros2/src/jaka_zu20_moveit_config) by extension 'colcon_pkg'
[0.195s] Level 1:colcon.colcon_core.package_identification:_identify(src/jaka_ros2/src/jaka_zu20_moveit_config) by extensions ['colcon_meta']
[0.195s] Level 1:colcon.colcon_core.package_identification:_identify(src/jaka_ros2/src/jaka_zu20_moveit_config) by extension 'colcon_meta'
[0.195s] Level 1:colcon.colcon_core.package_identification:_identify(src/jaka_ros2/src/jaka_zu20_moveit_config) by extensions ['ros']
[0.195s] Level 1:colcon.colcon_core.package_identification:_identify(src/jaka_ros2/src/jaka_zu20_moveit_config) by extension 'ros'
[0.196s] DEBUG:colcon.colcon_core.package_identification:Package 'src/jaka_ros2/src/jaka_zu20_moveit_config' with type 'ros.ament_cmake' and name 'jaka_zu20_moveit_config'
[0.196s] Level 1:colcon.colcon_core.package_identification:_identify(src/jaka_ros2/src/jaka_zu30_moveit_config) by extensions ['ignore', 'ignore_ament_install']
[0.196s] Level 1:colcon.colcon_core.package_identification:_identify(src/jaka_ros2/src/jaka_zu30_moveit_config) by extension 'ignore'
[0.196s] Level 1:colcon.colcon_core.package_identification:_identify(src/jaka_ros2/src/jaka_zu30_moveit_config) by extension 'ignore_ament_install'
[0.196s] Level 1:colcon.colcon_core.package_identification:_identify(src/jaka_ros2/src/jaka_zu30_moveit_config) by extensions ['colcon_pkg']
[0.196s] Level 1:colcon.colcon_core.package_identification:_identify(src/jaka_ros2/src/jaka_zu30_moveit_config) by extension 'colcon_pkg'
[0.196s] Level 1:colcon.colcon_core.package_identification:_identify(src/jaka_ros2/src/jaka_zu30_moveit_config) by extensions ['colcon_meta']
[0.196s] Level 1:colcon.colcon_core.package_identification:_identify(src/jaka_ros2/src/jaka_zu30_moveit_config) by extension 'colcon_meta'
[0.196s] Level 1:colcon.colcon_core.package_identification:_identify(src/jaka_ros2/src/jaka_zu30_moveit_config) by extensions ['ros']
[0.196s] Level 1:colcon.colcon_core.package_identification:_identify(src/jaka_ros2/src/jaka_zu30_moveit_config) by extension 'ros'
[0.197s] DEBUG:colcon.colcon_core.package_identification:Package 'src/jaka_ros2/src/jaka_zu30_moveit_config' with type 'ros.ament_cmake' and name 'jaka_zu30_moveit_config'
[0.197s] Level 1:colcon.colcon_core.package_identification:_identify(src/jaka_ros2/src/jaka_zu3_moveit_config) by extensions ['ignore', 'ignore_ament_install']
[0.197s] Level 1:colcon.colcon_core.package_identification:_identify(src/jaka_ros2/src/jaka_zu3_moveit_config) by extension 'ignore'
[0.197s] Level 1:colcon.colcon_core.package_identification:_identify(src/jaka_ros2/src/jaka_zu3_moveit_config) by extension 'ignore_ament_install'
[0.197s] Level 1:colcon.colcon_core.package_identification:_identify(src/jaka_ros2/src/jaka_zu3_moveit_config) by extensions ['colcon_pkg']
[0.197s] Level 1:colcon.colcon_core.package_identification:_identify(src/jaka_ros2/src/jaka_zu3_moveit_config) by extension 'colcon_pkg'
[0.197s] Level 1:colcon.colcon_core.package_identification:_identify(src/jaka_ros2/src/jaka_zu3_moveit_config) by extensions ['colcon_meta']
[0.197s] Level 1:colcon.colcon_core.package_identification:_identify(src/jaka_ros2/src/jaka_zu3_moveit_config) by extension 'colcon_meta'
[0.197s] Level 1:colcon.colcon_core.package_identification:_identify(src/jaka_ros2/src/jaka_zu3_moveit_config) by extensions ['ros']
[0.197s] Level 1:colcon.colcon_core.package_identification:_identify(src/jaka_ros2/src/jaka_zu3_moveit_config) by extension 'ros'
[0.197s] DEBUG:colcon.colcon_core.package_identification:Package 'src/jaka_ros2/src/jaka_zu3_moveit_config' with type 'ros.ament_cmake' and name 'jaka_zu3_moveit_config'
[0.197s] Level 1:colcon.colcon_core.package_identification:_identify(src/jaka_ros2/src/jaka_zu5_moveit_config) by extensions ['ignore', 'ignore_ament_install']
[0.198s] Level 1:colcon.colcon_core.package_identification:_identify(src/jaka_ros2/src/jaka_zu5_moveit_config) by extension 'ignore'
[0.198s] Level 1:colcon.colcon_core.package_identification:_identify(src/jaka_ros2/src/jaka_zu5_moveit_config) by extension 'ignore_ament_install'
[0.198s] Level 1:colcon.colcon_core.package_identification:_identify(src/jaka_ros2/src/jaka_zu5_moveit_config) by extensions ['colcon_pkg']
[0.198s] Level 1:colcon.colcon_core.package_identification:_identify(src/jaka_ros2/src/jaka_zu5_moveit_config) by extension 'colcon_pkg'
[0.198s] Level 1:colcon.colcon_core.package_identification:_identify(src/jaka_ros2/src/jaka_zu5_moveit_config) by extensions ['colcon_meta']
[0.198s] Level 1:colcon.colcon_core.package_identification:_identify(src/jaka_ros2/src/jaka_zu5_moveit_config) by extension 'colcon_meta'
[0.198s] Level 1:colcon.colcon_core.package_identification:_identify(src/jaka_ros2/src/jaka_zu5_moveit_config) by extensions ['ros']
[0.198s] Level 1:colcon.colcon_core.package_identification:_identify(src/jaka_ros2/src/jaka_zu5_moveit_config) by extension 'ros'
[0.198s] DEBUG:colcon.colcon_core.package_identification:Package 'src/jaka_ros2/src/jaka_zu5_moveit_config' with type 'ros.ament_cmake' and name 'jaka_zu5_moveit_config'
[0.198s] Level 1:colcon.colcon_core.package_identification:_identify(src/jaka_ros2/src/jaka_zu7_moveit_config) by extensions ['ignore', 'ignore_ament_install']
[0.198s] Level 1:colcon.colcon_core.package_identification:_identify(src/jaka_ros2/src/jaka_zu7_moveit_config) by extension 'ignore'
[0.198s] Level 1:colcon.colcon_core.package_identification:_identify(src/jaka_ros2/src/jaka_zu7_moveit_config) by extension 'ignore_ament_install'
[0.198s] Level 1:colcon.colcon_core.package_identification:_identify(src/jaka_ros2/src/jaka_zu7_moveit_config) by extensions ['colcon_pkg']
[0.198s] Level 1:colcon.colcon_core.package_identification:_identify(src/jaka_ros2/src/jaka_zu7_moveit_config) by extension 'colcon_pkg'
[0.198s] Level 1:colcon.colcon_core.package_identification:_identify(src/jaka_ros2/src/jaka_zu7_moveit_config) by extensions ['colcon_meta']
[0.198s] Level 1:colcon.colcon_core.package_identification:_identify(src/jaka_ros2/src/jaka_zu7_moveit_config) by extension 'colcon_meta'
[0.199s] Level 1:colcon.colcon_core.package_identification:_identify(src/jaka_ros2/src/jaka_zu7_moveit_config) by extensions ['ros']
[0.199s] Level 1:colcon.colcon_core.package_identification:_identify(src/jaka_ros2/src/jaka_zu7_moveit_config) by extension 'ros'
[0.199s] DEBUG:colcon.colcon_core.package_identification:Package 'src/jaka_ros2/src/jaka_zu7_moveit_config' with type 'ros.ament_cmake' and name 'jaka_zu7_moveit_config'
[0.199s] Level 1:colcon.colcon_core.package_discovery:discover_packages(recursive) using defaults
[0.199s] Level 1:colcon.colcon_core.package_discovery:discover_packages(ignore) discover
[0.199s] Level 1:colcon.colcon_core.package_discovery:discover_packages(ignore) using defaults
[0.199s] Level 1:colcon.colcon_core.package_discovery:discover_packages(path) discover
[0.199s] Level 1:colcon.colcon_core.package_discovery:discover_packages(path) using defaults
[0.217s] INFO:colcon.colcon_core.package_selection:Skipping not selected package 'jaka_description' in 'src/jaka_ros2/src/jaka_description'
[0.217s] INFO:colcon.colcon_core.package_selection:Skipping not selected package 'jaka_msgs' in 'src/jaka_ros2/src/jaka_msgs'
[0.217s] INFO:colcon.colcon_core.package_selection:Skipping not selected package 'jaka_a12_moveit_config' in 'src/jaka_ros2/src/jaka_a12_moveit_config'
[0.217s] INFO:colcon.colcon_core.package_selection:Skipping not selected package 'jaka_a20_moveit_config' in 'src/jaka_ros2/src/jaka_a20_moveit_config'
[0.217s] INFO:colcon.colcon_core.package_selection:Skipping not selected package 'jaka_a5_moveit_config' in 'src/jaka_ros2/src/jaka_a5_moveit_config'
[0.217s] INFO:colcon.colcon_core.package_selection:Skipping not selected package 'jaka_c12_moveit_config' in 'src/jaka_ros2/src/jaka_c12_moveit_config'
[0.217s] INFO:colcon.colcon_core.package_selection:Skipping not selected package 'jaka_c5_moveit_config' in 'src/jaka_ros2/src/jaka_c5_moveit_config'
[0.217s] INFO:colcon.colcon_core.package_selection:Skipping not selected package 'jaka_c7_moveit_config' in 'src/jaka_ros2/src/jaka_c7_moveit_config'
[0.217s] INFO:colcon.colcon_core.package_selection:Skipping not selected package 'jaka_driver' in 'src/jaka_ros2/src/jaka_driver'
[0.217s] INFO:colcon.colcon_core.package_selection:Skipping not selected package 'jaka_minicobo_moveit_config' in 'src/jaka_ros2/src/jaka_minicobo_moveit_config'
[0.217s] INFO:colcon.colcon_core.package_selection:Skipping not selected package 'jaka_planner' in 'src/jaka_ros2/src/jaka_planner'
[0.217s] INFO:colcon.colcon_core.package_selection:Skipping not selected package 'jaka_pro12_moveit_config' in 'src/jaka_ros2/src/jaka_pro12_moveit_config'
[0.217s] INFO:colcon.colcon_core.package_selection:Skipping not selected package 'jaka_pro16_moveit_config' in 'src/jaka_ros2/src/jaka_pro16_moveit_config'
[0.217s] INFO:colcon.colcon_core.package_selection:Skipping not selected package 'jaka_pro18_moveit_config' in 'src/jaka_ros2/src/jaka_pro18_moveit_config'
[0.217s] INFO:colcon.colcon_core.package_selection:Skipping not selected package 'jaka_pro5_moveit_config' in 'src/jaka_ros2/src/jaka_pro5_moveit_config'
[0.217s] INFO:colcon.colcon_core.package_selection:Skipping not selected package 'jaka_pro7_moveit_config' in 'src/jaka_ros2/src/jaka_pro7_moveit_config'
[0.217s] INFO:colcon.colcon_core.package_selection:Skipping not selected package 'jaka_s12_moveit_config' in 'src/jaka_ros2/src/jaka_s12_moveit_config'
[0.217s] INFO:colcon.colcon_core.package_selection:Skipping not selected package 'jaka_s5_moveit_config' in 'src/jaka_ros2/src/jaka_s5_moveit_config'
[0.217s] INFO:colcon.colcon_core.package_selection:Skipping not selected package 'jaka_s7_moveit_config' in 'src/jaka_ros2/src/jaka_s7_moveit_config'
[0.217s] INFO:colcon.colcon_core.package_selection:Skipping not selected package 'jaka_zu12_moveit_config' in 'src/jaka_ros2/src/jaka_zu12_moveit_config'
[0.217s] INFO:colcon.colcon_core.package_selection:Skipping not selected package 'jaka_zu18_moveit_config' in 'src/jaka_ros2/src/jaka_zu18_moveit_config'
[0.217s] INFO:colcon.colcon_core.package_selection:Skipping not selected package 'jaka_zu20_moveit_config' in 'src/jaka_ros2/src/jaka_zu20_moveit_config'
[0.217s] INFO:colcon.colcon_core.package_selection:Skipping not selected package 'jaka_zu30_moveit_config' in 'src/jaka_ros2/src/jaka_zu30_moveit_config'
[0.217s] INFO:colcon.colcon_core.package_selection:Skipping not selected package 'jaka_zu3_moveit_config' in 'src/jaka_ros2/src/jaka_zu3_moveit_config'
[0.217s] INFO:colcon.colcon_core.package_selection:Skipping not selected package 'jaka_zu5_moveit_config' in 'src/jaka_ros2/src/jaka_zu5_moveit_config'
[0.217s] INFO:colcon.colcon_core.package_selection:Skipping not selected package 'jaka_zu7_moveit_config' in 'src/jaka_ros2/src/jaka_zu7_moveit_config'
[0.218s] Level 1:colcon.colcon_core.package_discovery:discover_packages(prefix_path) check parameters
[0.218s] Level 1:colcon.colcon_core.package_discovery:discover_packages(prefix_path) discover
[0.219s] DEBUG:colcon.colcon_installed_package_information.package_discovery:Found 27 installed packages in /home/newtonrattapong/jaka_ws/install
[0.220s] DEBUG:colcon.colcon_installed_package_information.package_discovery:Found 0 installed packages in /home/newtonrattapong/ros2_ws/install
[0.221s] DEBUG:colcon.colcon_installed_package_information.package_discovery:Found 402 installed packages in /opt/ros/humble
[0.222s] Level 1:colcon.colcon_core.package_discovery:discover_packages(prefix_path) using defaults
[0.252s] Level 5:colcon.colcon_core.verb:set package 'jaka_coop_monitor' build argument 'cmake_args' from command line to 'None'
[0.252s] Level 5:colcon.colcon_core.verb:set package 'jaka_coop_monitor' build argument 'cmake_target' from command line to 'None'
[0.252s] Level 5:colcon.colcon_core.verb:set package 'jaka_coop_monitor' build argument 'cmake_target_skip_unavailable' from command line to 'False'
[0.252s] Level 5:colcon.colcon_core.verb:set package 'jaka_coop_monitor' build argument 'cmake_clean_cache' from command line to 'False'
[0.252s] Level 5:colcon.colcon_core.verb:set package 'jaka_coop_monitor' build argument 'cmake_clean_first' from command line to 'False'
[0.252s] Level 5:colcon.colcon_core.verb:set package 'jaka_coop_monitor' build argument 'cmake_force_configure' from command line to 'False'
[0.252s] Level 5:colcon.colcon_core.verb:set package 'jaka_coop_monitor' build argument 'ament_cmake_args' from command line to 'None'
[0.252s] Level 5:colcon.colcon_core.verb:set package 'jaka_coop_monitor' build argument 'catkin_cmake_args' from command line to 'None'
[0.252s] Level 5:colcon.colcon_core.verb:set package 'jaka_coop_monitor' build argument 'catkin_skip_building_tests' from command line to 'False'
[0.253s] DEBUG:colcon.colcon_core.verb:Building package 'jaka_coop_monitor' with the following arguments: {'ament_cmake_args': None, 'build_base': '/home/newtonrattapong/jaka_ws/build/jaka_coop_monitor', 'catkin_cmake_args': None, 'catkin_skip_building_tests': False, 'cmake_args': None, 'cmake_clean_cache': False, 'cmake_clean_first': False, 'cmake_force_configure': False, 'cmake_target': None, 'cmake_target_skip_unavailable': False, 'install_base': '/home/newtonrattapong/jaka_ws/install/jaka_coop_monitor', 'merge_install': False, 'path': '/home/newtonrattapong/jaka_ws/src/jaka_coop_monitor', 'symlink_install': True, 'test_result_base': None}
[0.253s] INFO:colcon.colcon_core.executor:Executing jobs using 'parallel' executor
[0.254s] DEBUG:colcon.colcon_parallel_executor.executor.parallel:run_until_complete
[0.254s] INFO:colcon.colcon_ros.task.ament_python.build:Building ROS package in '/home/newtonrattapong/jaka_ws/src/jaka_coop_monitor' with build type 'ament_python'
[0.254s] Level 1:colcon.colcon_core.shell:create_environment_hook('jaka_coop_monitor', 'ament_prefix_path')
[0.255s] INFO:colcon.colcon_core.plugin_system:Skipping extension 'colcon_core.shell.bat': Not used on non-Windows systems
[0.255s] INFO:colcon.colcon_core.shell:Creating environment hook '/home/newtonrattapong/jaka_ws/install/jaka_coop_monitor/share/jaka_coop_monitor/hook/ament_prefix_path.ps1'
[0.256s] INFO:colcon.colcon_core.shell:Creating environment descriptor '/home/newtonrattapong/jaka_ws/install/jaka_coop_monitor/share/jaka_coop_monitor/hook/ament_prefix_path.dsv'
[0.256s] INFO:colcon.colcon_core.shell:Creating environment hook '/home/newtonrattapong/jaka_ws/install/jaka_coop_monitor/share/jaka_coop_monitor/hook/ament_prefix_path.sh'
[0.257s] INFO:colcon.colcon_core.shell:Skip shell extension 'powershell' for command environment: Not usable outside of PowerShell
[0.257s] DEBUG:colcon.colcon_core.shell:Skip shell extension 'dsv' for command environment
[0.411s] INFO:colcon.colcon_core.task.python.build:Building Python package in '/home/newtonrattapong/jaka_ws/src/jaka_coop_monitor'
[0.411s] INFO:colcon.colcon_core.shell:Skip shell extension 'powershell' for command environment: Not usable outside of PowerShell
[0.411s] DEBUG:colcon.colcon_core.shell:Skip shell extension 'dsv' for command environment
[0.629s] DEBUG:colcon.colcon_core.event_handler.log_command:Invoking command in '/home/newtonrattapong/jaka_ws/build/jaka_coop_monitor': PYTHONPATH=/home/newtonrattapong/jaka_ws/build/jaka_coop_monitor/prefix_override:/usr/lib/python3/dist-packages/colcon_core/task/python/colcon_distutils_commands:/home/newtonrattapong/jaka_ws/install/jaka_coop_monitor/lib/python3.10/site-packages:${PYTHONPATH} /usr/bin/python3 -W ignore:setup.py install is deprecated -W ignore:easy_install command is deprecated setup.py develop --editable --build-directory /home/newtonrattapong/jaka_ws/build/jaka_coop_monitor/build --no-deps symlink_data
[0.918s] Level 1:colcon.colcon_core.shell:create_environment_hook('jaka_coop_monitor', 'pythonpath_develop')
[0.919s] INFO:colcon.colcon_core.shell:Creating environment hook '/home/newtonrattapong/jaka_ws/build/jaka_coop_monitor/share/jaka_coop_monitor/hook/pythonpath_develop.ps1'
[0.919s] DEBUG:colcon.colcon_core.event_handler.log_command:Invoked command in '/home/newtonrattapong/jaka_ws/build/jaka_coop_monitor' returned '0': PYTHONPATH=/home/newtonrattapong/jaka_ws/build/jaka_coop_monitor/prefix_override:/usr/lib/python3/dist-packages/colcon_core/task/python/colcon_distutils_commands:/home/newtonrattapong/jaka_ws/install/jaka_coop_monitor/lib/python3.10/site-packages:${PYTHONPATH} /usr/bin/python3 -W ignore:setup.py install is deprecated -W ignore:easy_install command is deprecated setup.py develop --editable --build-directory /home/newtonrattapong/jaka_ws/build/jaka_coop_monitor/build --no-deps symlink_data
[0.919s] INFO:colcon.colcon_core.shell:Creating environment descriptor '/home/newtonrattapong/jaka_ws/build/jaka_coop_monitor/share/jaka_coop_monitor/hook/pythonpath_develop.dsv'
[0.920s] INFO:colcon.colcon_core.shell:Creating environment hook '/home/newtonrattapong/jaka_ws/build/jaka_coop_monitor/share/jaka_coop_monitor/hook/pythonpath_develop.sh'
[0.921s] Level 1:colcon.colcon_core.environment:checking '/home/newtonrattapong/jaka_ws/install/jaka_coop_monitor' for CMake module files
[0.921s] Level 1:colcon.colcon_core.environment:checking '/home/newtonrattapong/jaka_ws/install/jaka_coop_monitor' for CMake config files
[0.921s] Level 1:colcon.colcon_core.environment:checking '/home/newtonrattapong/jaka_ws/install/jaka_coop_monitor/lib'
[0.922s] Level 1:colcon.colcon_core.environment:checking '/home/newtonrattapong/jaka_ws/install/jaka_coop_monitor/bin'
[0.922s] Level 1:colcon.colcon_core.environment:checking '/home/newtonrattapong/jaka_ws/install/jaka_coop_monitor/lib/pkgconfig/jaka_coop_monitor.pc'
[0.922s] Level 1:colcon.colcon_core.environment:checking '/home/newtonrattapong/jaka_ws/install/jaka_coop_monitor/lib/python3.10/site-packages'
[0.922s] Level 1:colcon.colcon_core.shell:create_environment_hook('jaka_coop_monitor', 'pythonpath')
[0.922s] INFO:colcon.colcon_core.shell:Creating environment hook '/home/newtonrattapong/jaka_ws/install/jaka_coop_monitor/share/jaka_coop_monitor/hook/pythonpath.ps1'
[0.922s] INFO:colcon.colcon_core.shell:Creating environment descriptor '/home/newtonrattapong/jaka_ws/install/jaka_coop_monitor/share/jaka_coop_monitor/hook/pythonpath.dsv'
[0.922s] INFO:colcon.colcon_core.shell:Creating environment hook '/home/newtonrattapong/jaka_ws/install/jaka_coop_monitor/share/jaka_coop_monitor/hook/pythonpath.sh'
[0.923s] Level 1:colcon.colcon_core.environment:checking '/home/newtonrattapong/jaka_ws/install/jaka_coop_monitor/bin'
[0.923s] Level 1:colcon.colcon_core.environment:create_environment_scripts_only(jaka_coop_monitor)
[0.923s] INFO:colcon.colcon_core.shell:Creating package script '/home/newtonrattapong/jaka_ws/install/jaka_coop_monitor/share/jaka_coop_monitor/package.ps1'
[0.924s] INFO:colcon.colcon_core.shell:Creating package descriptor '/home/newtonrattapong/jaka_ws/install/jaka_coop_monitor/share/jaka_coop_monitor/package.dsv'
[0.924s] INFO:colcon.colcon_core.shell:Creating package script '/home/newtonrattapong/jaka_ws/install/jaka_coop_monitor/share/jaka_coop_monitor/package.sh'
[0.924s] INFO:colcon.colcon_core.shell:Creating package script '/home/newtonrattapong/jaka_ws/install/jaka_coop_monitor/share/jaka_coop_monitor/package.bash'
[0.925s] INFO:colcon.colcon_core.shell:Creating package script '/home/newtonrattapong/jaka_ws/install/jaka_coop_monitor/share/jaka_coop_monitor/package.zsh'
[0.925s] Level 1:colcon.colcon_core.environment:create_file_with_runtime_dependencies(/home/newtonrattapong/jaka_ws/install/jaka_coop_monitor/share/colcon-core/packages/jaka_coop_monitor)
[0.926s] DEBUG:colcon.colcon_parallel_executor.executor.parallel:closing loop
[0.926s] DEBUG:colcon.colcon_parallel_executor.executor.parallel:loop closed
[0.926s] DEBUG:colcon.colcon_parallel_executor.executor.parallel:run_until_complete finished with '0'
[0.926s] DEBUG:colcon.colcon_core.event_reactor:joining thread
[0.929s] INFO:colcon.colcon_core.plugin_system:Skipping extension 'colcon_notification.desktop_notification.terminal_notifier': Not used on non-Darwin systems
[0.929s] INFO:colcon.colcon_core.plugin_system:Skipping extension 'colcon_notification.desktop_notification.win32': Not used on non-Windows systems
[0.929s] INFO:colcon.colcon_notification.desktop_notification:Sending desktop notification using 'notify2'
[0.939s] DEBUG:colcon.colcon_core.event_reactor:joined thread
[0.939s] INFO:colcon.colcon_core.shell:Creating prefix script '/home/newtonrattapong/jaka_ws/install/local_setup.ps1'
[0.940s] INFO:colcon.colcon_core.shell:Creating prefix util module '/home/newtonrattapong/jaka_ws/install/_local_setup_util_ps1.py'
[0.941s] INFO:colcon.colcon_core.shell:Creating prefix chain script '/home/newtonrattapong/jaka_ws/install/setup.ps1'
[0.942s] INFO:colcon.colcon_core.shell:Creating prefix script '/home/newtonrattapong/jaka_ws/install/local_setup.sh'
[0.942s] INFO:colcon.colcon_core.shell:Creating prefix util module '/home/newtonrattapong/jaka_ws/install/_local_setup_util_sh.py'
[0.942s] INFO:colcon.colcon_core.shell:Creating prefix chain script '/home/newtonrattapong/jaka_ws/install/setup.sh'
[0.943s] INFO:colcon.colcon_core.shell:Creating prefix script '/home/newtonrattapong/jaka_ws/install/local_setup.bash'
[0.944s] INFO:colcon.colcon_core.shell:Creating prefix chain script '/home/newtonrattapong/jaka_ws/install/setup.bash'
[0.945s] INFO:colcon.colcon_core.shell:Creating prefix script '/home/newtonrattapong/jaka_ws/install/local_setup.zsh'
[0.945s] INFO:colcon.colcon_core.shell:Creating prefix chain script '/home/newtonrattapong/jaka_ws/install/setup.zsh'
