[0.032s] Invoking command in '/home/newtonrattapong/jaka_ws/build/jaka_a20_moveit_config': AMENT_PREFIX_PATH=/home/newtonrattapong/jaka_ws/install/jaka_description:${AMENT_PREFIX_PATH} CMAKE_PREFIX_PATH=/home/newtonrattapong/jaka_ws/install/jaka_description:/opt/ros/humble /usr/bin/cmake /home/newtonrattapong/jaka_ws/src/jaka_ros2/src/jaka_a20_moveit_config -DAMENT_CMAKE_SYMLINK_INSTALL=1 -DCMAKE_INSTALL_PREFIX=/home/newtonrattapong/jaka_ws/install/jaka_a20_moveit_config
[0.080s] -- The C compiler identification is GNU 11.4.0
[0.131s] -- The CXX compiler identification is GNU 11.4.0
[0.137s] -- Detecting C compiler ABI info
[0.197s] -- Detecting C compiler ABI info - done
[0.202s] -- Check for working C compiler: /usr/bin/cc - skipped
[0.203s] -- Detecting C compile features
[0.203s] -- Detecting C compile features - done
[0.206s] -- Detecting CXX compiler ABI info
[0.286s] -- Detecting CXX compiler ABI info - done
[0.294s] -- Check for working CXX compiler: /usr/bin/c++ - skipped
[0.294s] -- Detecting CXX compile features
[0.298s] -- Detecting CXX compile features - done
[0.302s] -- Found ament_cmake: 1.3.14 (/opt/ros/humble/share/ament_cmake/cmake)
[0.482s] -- Found Python3: /usr/bin/python3 (found version "3.10.12") found components: Interpreter 
[0.613s] -- Override CMake install command with custom implementation using symlinks instead of copying resources
[0.748s] -- Configuring done
[0.749s] -- Generating done
[0.750s] -- Build files have been written to: /home/newtonrattapong/jaka_ws/build/jaka_a20_moveit_config
[0.755s] Invoked command in '/home/newtonrattapong/jaka_ws/build/jaka_a20_moveit_config' returned '0': AMENT_PREFIX_PATH=/home/newtonrattapong/jaka_ws/install/jaka_description:${AMENT_PREFIX_PATH} CMAKE_PREFIX_PATH=/home/newtonrattapong/jaka_ws/install/jaka_description:/opt/ros/humble /usr/bin/cmake /home/newtonrattapong/jaka_ws/src/jaka_ros2/src/jaka_a20_moveit_config -DAMENT_CMAKE_SYMLINK_INSTALL=1 -DCMAKE_INSTALL_PREFIX=/home/newtonrattapong/jaka_ws/install/jaka_a20_moveit_config
[0.756s] Invoking command in '/home/newtonrattapong/jaka_ws/build/jaka_a20_moveit_config': AMENT_PREFIX_PATH=/home/newtonrattapong/jaka_ws/install/jaka_description:${AMENT_PREFIX_PATH} CMAKE_PREFIX_PATH=/home/newtonrattapong/jaka_ws/install/jaka_description:/opt/ros/humble /usr/bin/cmake --build /home/newtonrattapong/jaka_ws/build/jaka_a20_moveit_config -- -j16 -l16
[1.061s] Invoked command in '/home/newtonrattapong/jaka_ws/build/jaka_a20_moveit_config' returned '0': AMENT_PREFIX_PATH=/home/newtonrattapong/jaka_ws/install/jaka_description:${AMENT_PREFIX_PATH} CMAKE_PREFIX_PATH=/home/newtonrattapong/jaka_ws/install/jaka_description:/opt/ros/humble /usr/bin/cmake --build /home/newtonrattapong/jaka_ws/build/jaka_a20_moveit_config -- -j16 -l16
[1.062s] Invoking command in '/home/newtonrattapong/jaka_ws/build/jaka_a20_moveit_config': AMENT_PREFIX_PATH=/home/newtonrattapong/jaka_ws/install/jaka_description:${AMENT_PREFIX_PATH} CMAKE_PREFIX_PATH=/home/newtonrattapong/jaka_ws/install/jaka_description:/opt/ros/humble /usr/bin/cmake --install /home/newtonrattapong/jaka_ws/build/jaka_a20_moveit_config
[1.071s] -- Install configuration: ""
[1.071s] -- Execute custom install script
[1.071s] -- Symlinking: /home/newtonrattapong/jaka_ws/install/jaka_a20_moveit_config/share/ament_index/resource_index/package_run_dependencies/jaka_a20_moveit_config
[1.071s] -- Symlinking: /home/newtonrattapong/jaka_ws/install/jaka_a20_moveit_config/share/ament_index/resource_index/parent_prefix_path/jaka_a20_moveit_config
[1.077s] -- Symlinking: /home/newtonrattapong/jaka_ws/install/jaka_a20_moveit_config/share/jaka_a20_moveit_config/environment/ament_prefix_path.sh
[1.084s] -- Symlinking: /home/newtonrattapong/jaka_ws/install/jaka_a20_moveit_config/share/jaka_a20_moveit_config/environment/ament_prefix_path.dsv
[1.088s] -- Symlinking: /home/newtonrattapong/jaka_ws/install/jaka_a20_moveit_config/share/jaka_a20_moveit_config/environment/path.sh
[1.094s] -- Symlinking: /home/newtonrattapong/jaka_ws/install/jaka_a20_moveit_config/share/jaka_a20_moveit_config/environment/path.dsv
[1.099s] -- Symlinking: /home/newtonrattapong/jaka_ws/install/jaka_a20_moveit_config/share/jaka_a20_moveit_config/local_setup.bash
[1.106s] -- Symlinking: /home/newtonrattapong/jaka_ws/install/jaka_a20_moveit_config/share/jaka_a20_moveit_config/local_setup.sh
[1.111s] -- Symlinking: /home/newtonrattapong/jaka_ws/install/jaka_a20_moveit_config/share/jaka_a20_moveit_config/local_setup.zsh
[1.118s] -- Symlinking: /home/newtonrattapong/jaka_ws/install/jaka_a20_moveit_config/share/jaka_a20_moveit_config/local_setup.dsv
[1.122s] -- Symlinking: /home/newtonrattapong/jaka_ws/install/jaka_a20_moveit_config/share/jaka_a20_moveit_config/package.dsv
[1.130s] -- Symlinking: /home/newtonrattapong/jaka_ws/install/jaka_a20_moveit_config/share/ament_index/resource_index/packages/jaka_a20_moveit_config
[1.137s] -- Symlinking: /home/newtonrattapong/jaka_ws/install/jaka_a20_moveit_config/share/jaka_a20_moveit_config/cmake/jaka_a20_moveit_configConfig.cmake
[1.142s] -- Symlinking: /home/newtonrattapong/jaka_ws/install/jaka_a20_moveit_config/share/jaka_a20_moveit_config/cmake/jaka_a20_moveit_configConfig-version.cmake
[1.148s] -- Symlinking: /home/newtonrattapong/jaka_ws/install/jaka_a20_moveit_config/share/jaka_a20_moveit_config/package.xml
[1.154s] -- Symlinking: /home/newtonrattapong/jaka_ws/install/jaka_a20_moveit_config/share/jaka_a20_moveit_config/launch/demo.launch.py
[1.161s] -- Symlinking: /home/newtonrattapong/jaka_ws/install/jaka_a20_moveit_config/share/jaka_a20_moveit_config/launch/demo_gazebo.launch.py
[1.165s] -- Symlinking: /home/newtonrattapong/jaka_ws/install/jaka_a20_moveit_config/share/jaka_a20_moveit_config/launch/gazebo.launch.py
[1.173s] -- Symlinking: /home/newtonrattapong/jaka_ws/install/jaka_a20_moveit_config/share/jaka_a20_moveit_config/launch/move_group.launch.py
[1.184s] -- Symlinking: /home/newtonrattapong/jaka_ws/install/jaka_a20_moveit_config/share/jaka_a20_moveit_config/launch/moveit_rviz.launch.py
[1.187s] -- Symlinking: /home/newtonrattapong/jaka_ws/install/jaka_a20_moveit_config/share/jaka_a20_moveit_config/launch/rsp.launch.py
[1.196s] -- Symlinking: /home/newtonrattapong/jaka_ws/install/jaka_a20_moveit_config/share/jaka_a20_moveit_config/launch/setup_assistant.launch.py
[1.203s] -- Symlinking: /home/newtonrattapong/jaka_ws/install/jaka_a20_moveit_config/share/jaka_a20_moveit_config/launch/spawn_controllers.launch.py
[1.209s] -- Symlinking: /home/newtonrattapong/jaka_ws/install/jaka_a20_moveit_config/share/jaka_a20_moveit_config/launch/static_virtual_joint_tfs.launch.py
[1.216s] -- Symlinking: /home/newtonrattapong/jaka_ws/install/jaka_a20_moveit_config/share/jaka_a20_moveit_config/launch/warehouse_db.launch.py
[1.226s] -- Symlinking: /home/newtonrattapong/jaka_ws/install/jaka_a20_moveit_config/share/jaka_a20_moveit_config/config/initial_positions.yaml
[1.233s] -- Symlinking: /home/newtonrattapong/jaka_ws/install/jaka_a20_moveit_config/share/jaka_a20_moveit_config/config/jaka_a20.ros2_control.xacro
[1.242s] -- Symlinking: /home/newtonrattapong/jaka_ws/install/jaka_a20_moveit_config/share/jaka_a20_moveit_config/config/jaka_a20.srdf
[1.250s] -- Symlinking: /home/newtonrattapong/jaka_ws/install/jaka_a20_moveit_config/share/jaka_a20_moveit_config/config/jaka_a20.urdf.xacro
[1.260s] -- Symlinking: /home/newtonrattapong/jaka_ws/install/jaka_a20_moveit_config/share/jaka_a20_moveit_config/config/joint_limits.yaml
[1.267s] -- Symlinking: /home/newtonrattapong/jaka_ws/install/jaka_a20_moveit_config/share/jaka_a20_moveit_config/config/kinematics.yaml
[1.277s] -- Symlinking: /home/newtonrattapong/jaka_ws/install/jaka_a20_moveit_config/share/jaka_a20_moveit_config/config/moveit.rviz
[1.283s] -- Symlinking: /home/newtonrattapong/jaka_ws/install/jaka_a20_moveit_config/share/jaka_a20_moveit_config/config/moveit_controllers.yaml
[1.290s] -- Symlinking: /home/newtonrattapong/jaka_ws/install/jaka_a20_moveit_config/share/jaka_a20_moveit_config/config/pilz_cartesian_limits.yaml
[1.296s] -- Symlinking: /home/newtonrattapong/jaka_ws/install/jaka_a20_moveit_config/share/jaka_a20_moveit_config/config/ros2_controllers.yaml
[1.303s] -- Symlinking: /home/newtonrattapong/jaka_ws/install/jaka_a20_moveit_config/share/jaka_a20_moveit_config/.setup_assistant
[1.316s] Invoked command in '/home/newtonrattapong/jaka_ws/build/jaka_a20_moveit_config' returned '0': AMENT_PREFIX_PATH=/home/newtonrattapong/jaka_ws/install/jaka_description:${AMENT_PREFIX_PATH} CMAKE_PREFIX_PATH=/home/newtonrattapong/jaka_ws/install/jaka_description:/opt/ros/humble /usr/bin/cmake --install /home/newtonrattapong/jaka_ws/build/jaka_a20_moveit_config
