[0.049s] Invoking command in '/home/newtonrattapong/jaka_ws/build/jaka_s7_moveit_config': AMENT_PREFIX_PATH=/home/newtonrattapong/jaka_ws/install/jaka_description:${AMENT_PREFIX_PATH} CMAKE_PREFIX_PATH=/home/newtonrattapong/jaka_ws/install/jaka_description:/opt/ros/humble /usr/bin/cmake /home/newtonrattapong/jaka_ws/src/jaka_ros2/src/jaka_s7_moveit_config -DAMENT_CMAKE_SYMLINK_INSTALL=1 -DCMAKE_INSTALL_PREFIX=/home/newtonrattapong/jaka_ws/install/jaka_s7_moveit_config
[0.612s] -- The C compiler identification is GNU 11.4.0
[0.612s] -- The CXX compiler identification is GNU 11.4.0
[0.612s] -- Detecting C compiler ABI info
[0.616s] -- Detecting C compiler ABI info - done
[0.616s] -- Check for working C compiler: /usr/bin/cc - skipped
[0.616s] -- Detecting C compile features
[0.616s] -- Detecting C compile features - done
[0.616s] -- Detecting CXX compiler ABI info
[0.616s] -- Detecting CXX compiler ABI info - done
[0.617s] -- Check for working CXX compiler: /usr/bin/c++ - skipped
[0.617s] -- Detecting CXX compile features
[0.617s] -- Detecting CXX compile features - done
[0.617s] -- Found ament_cmake: 1.3.14 (/opt/ros/humble/share/ament_cmake/cmake)
[0.617s] -- Found Python3: /usr/bin/python3 (found version "3.10.12") found components: Interpreter 
[0.617s] -- Override CMake install command with custom implementation using symlinks instead of copying resources
[0.696s] -- Configuring done
[0.698s] -- Generating done
[0.700s] -- Build files have been written to: /home/newtonrattapong/jaka_ws/build/jaka_s7_moveit_config
[0.714s] Invoked command in '/home/newtonrattapong/jaka_ws/build/jaka_s7_moveit_config' returned '0': AMENT_PREFIX_PATH=/home/newtonrattapong/jaka_ws/install/jaka_description:${AMENT_PREFIX_PATH} CMAKE_PREFIX_PATH=/home/newtonrattapong/jaka_ws/install/jaka_description:/opt/ros/humble /usr/bin/cmake /home/newtonrattapong/jaka_ws/src/jaka_ros2/src/jaka_s7_moveit_config -DAMENT_CMAKE_SYMLINK_INSTALL=1 -DCMAKE_INSTALL_PREFIX=/home/newtonrattapong/jaka_ws/install/jaka_s7_moveit_config
[0.717s] Invoking command in '/home/newtonrattapong/jaka_ws/build/jaka_s7_moveit_config': AMENT_PREFIX_PATH=/home/newtonrattapong/jaka_ws/install/jaka_description:${AMENT_PREFIX_PATH} CMAKE_PREFIX_PATH=/home/newtonrattapong/jaka_ws/install/jaka_description:/opt/ros/humble /usr/bin/cmake --build /home/newtonrattapong/jaka_ws/build/jaka_s7_moveit_config -- -j16 -l16
[1.035s] Invoked command in '/home/newtonrattapong/jaka_ws/build/jaka_s7_moveit_config' returned '0': AMENT_PREFIX_PATH=/home/newtonrattapong/jaka_ws/install/jaka_description:${AMENT_PREFIX_PATH} CMAKE_PREFIX_PATH=/home/newtonrattapong/jaka_ws/install/jaka_description:/opt/ros/humble /usr/bin/cmake --build /home/newtonrattapong/jaka_ws/build/jaka_s7_moveit_config -- -j16 -l16
[1.035s] Invoking command in '/home/newtonrattapong/jaka_ws/build/jaka_s7_moveit_config': AMENT_PREFIX_PATH=/home/newtonrattapong/jaka_ws/install/jaka_description:${AMENT_PREFIX_PATH} CMAKE_PREFIX_PATH=/home/newtonrattapong/jaka_ws/install/jaka_description:/opt/ros/humble /usr/bin/cmake --install /home/newtonrattapong/jaka_ws/build/jaka_s7_moveit_config
[1.044s] -- Install configuration: ""
[1.045s] -- Execute custom install script
[1.045s] -- Symlinking: /home/newtonrattapong/jaka_ws/install/jaka_s7_moveit_config/share/ament_index/resource_index/package_run_dependencies/jaka_s7_moveit_config
[1.046s] -- Symlinking: /home/newtonrattapong/jaka_ws/install/jaka_s7_moveit_config/share/ament_index/resource_index/parent_prefix_path/jaka_s7_moveit_config
[1.052s] -- Symlinking: /home/newtonrattapong/jaka_ws/install/jaka_s7_moveit_config/share/jaka_s7_moveit_config/environment/ament_prefix_path.sh
[1.058s] -- Symlinking: /home/newtonrattapong/jaka_ws/install/jaka_s7_moveit_config/share/jaka_s7_moveit_config/environment/ament_prefix_path.dsv
[1.062s] -- Symlinking: /home/newtonrattapong/jaka_ws/install/jaka_s7_moveit_config/share/jaka_s7_moveit_config/environment/path.sh
[1.067s] -- Symlinking: /home/newtonrattapong/jaka_ws/install/jaka_s7_moveit_config/share/jaka_s7_moveit_config/environment/path.dsv
[1.073s] -- Symlinking: /home/newtonrattapong/jaka_ws/install/jaka_s7_moveit_config/share/jaka_s7_moveit_config/local_setup.bash
[1.080s] -- Symlinking: /home/newtonrattapong/jaka_ws/install/jaka_s7_moveit_config/share/jaka_s7_moveit_config/local_setup.sh
[1.086s] -- Symlinking: /home/newtonrattapong/jaka_ws/install/jaka_s7_moveit_config/share/jaka_s7_moveit_config/local_setup.zsh
[1.093s] -- Symlinking: /home/newtonrattapong/jaka_ws/install/jaka_s7_moveit_config/share/jaka_s7_moveit_config/local_setup.dsv
[1.097s] -- Symlinking: /home/newtonrattapong/jaka_ws/install/jaka_s7_moveit_config/share/jaka_s7_moveit_config/package.dsv
[1.103s] -- Symlinking: /home/newtonrattapong/jaka_ws/install/jaka_s7_moveit_config/share/ament_index/resource_index/packages/jaka_s7_moveit_config
[1.108s] -- Symlinking: /home/newtonrattapong/jaka_ws/install/jaka_s7_moveit_config/share/jaka_s7_moveit_config/cmake/jaka_s7_moveit_configConfig.cmake
[1.113s] -- Symlinking: /home/newtonrattapong/jaka_ws/install/jaka_s7_moveit_config/share/jaka_s7_moveit_config/cmake/jaka_s7_moveit_configConfig-version.cmake
[1.120s] -- Symlinking: /home/newtonrattapong/jaka_ws/install/jaka_s7_moveit_config/share/jaka_s7_moveit_config/package.xml
[1.128s] -- Symlinking: /home/newtonrattapong/jaka_ws/install/jaka_s7_moveit_config/share/jaka_s7_moveit_config/launch/demo.launch.py
[1.135s] -- Symlinking: /home/newtonrattapong/jaka_ws/install/jaka_s7_moveit_config/share/jaka_s7_moveit_config/launch/demo_gazebo.launch.py
[1.142s] -- Symlinking: /home/newtonrattapong/jaka_ws/install/jaka_s7_moveit_config/share/jaka_s7_moveit_config/launch/gazebo.launch.py
[1.157s] -- Symlinking: /home/newtonrattapong/jaka_ws/install/jaka_s7_moveit_config/share/jaka_s7_moveit_config/launch/move_group.launch.py
[1.158s] -- Symlinking: /home/newtonrattapong/jaka_ws/install/jaka_s7_moveit_config/share/jaka_s7_moveit_config/launch/moveit_rviz.launch.py
[1.163s] -- Symlinking: /home/newtonrattapong/jaka_ws/install/jaka_s7_moveit_config/share/jaka_s7_moveit_config/launch/rsp.launch.py
[1.170s] -- Symlinking: /home/newtonrattapong/jaka_ws/install/jaka_s7_moveit_config/share/jaka_s7_moveit_config/launch/setup_assistant.launch.py
[1.177s] -- Symlinking: /home/newtonrattapong/jaka_ws/install/jaka_s7_moveit_config/share/jaka_s7_moveit_config/launch/spawn_controllers.launch.py
[1.187s] -- Symlinking: /home/newtonrattapong/jaka_ws/install/jaka_s7_moveit_config/share/jaka_s7_moveit_config/launch/static_virtual_joint_tfs.launch.py
[1.195s] -- Symlinking: /home/newtonrattapong/jaka_ws/install/jaka_s7_moveit_config/share/jaka_s7_moveit_config/launch/warehouse_db.launch.py
[1.205s] -- Symlinking: /home/newtonrattapong/jaka_ws/install/jaka_s7_moveit_config/share/jaka_s7_moveit_config/config/initial_positions.yaml
[1.215s] -- Symlinking: /home/newtonrattapong/jaka_ws/install/jaka_s7_moveit_config/share/jaka_s7_moveit_config/config/jaka_s7.ros2_control.xacro
[1.220s] -- Symlinking: /home/newtonrattapong/jaka_ws/install/jaka_s7_moveit_config/share/jaka_s7_moveit_config/config/jaka_s7.srdf
[1.228s] -- Symlinking: /home/newtonrattapong/jaka_ws/install/jaka_s7_moveit_config/share/jaka_s7_moveit_config/config/jaka_s7.urdf.xacro
[1.237s] -- Symlinking: /home/newtonrattapong/jaka_ws/install/jaka_s7_moveit_config/share/jaka_s7_moveit_config/config/joint_limits.yaml
[1.246s] -- Symlinking: /home/newtonrattapong/jaka_ws/install/jaka_s7_moveit_config/share/jaka_s7_moveit_config/config/kinematics.yaml
[1.254s] -- Symlinking: /home/newtonrattapong/jaka_ws/install/jaka_s7_moveit_config/share/jaka_s7_moveit_config/config/moveit.rviz
[1.261s] -- Symlinking: /home/newtonrattapong/jaka_ws/install/jaka_s7_moveit_config/share/jaka_s7_moveit_config/config/moveit_controllers.yaml
[1.265s] -- Symlinking: /home/newtonrattapong/jaka_ws/install/jaka_s7_moveit_config/share/jaka_s7_moveit_config/config/pilz_cartesian_limits.yaml
[1.271s] -- Symlinking: /home/newtonrattapong/jaka_ws/install/jaka_s7_moveit_config/share/jaka_s7_moveit_config/config/ros2_controllers.yaml
[1.278s] -- Symlinking: /home/newtonrattapong/jaka_ws/install/jaka_s7_moveit_config/share/jaka_s7_moveit_config/.setup_assistant
[1.299s] Invoked command in '/home/newtonrattapong/jaka_ws/build/jaka_s7_moveit_config' returned '0': AMENT_PREFIX_PATH=/home/newtonrattapong/jaka_ws/install/jaka_description:${AMENT_PREFIX_PATH} CMAKE_PREFIX_PATH=/home/newtonrattapong/jaka_ws/install/jaka_description:/opt/ros/humble /usr/bin/cmake --install /home/newtonrattapong/jaka_ws/build/jaka_s7_moveit_config
