[0.034s] Invoking command in '/home/newtonrattapong/jaka_ws/build/jaka_pro16_moveit_config': AMENT_PREFIX_PATH=/home/newtonrattapong/jaka_ws/install/jaka_description:${AMENT_PREFIX_PATH} CMAKE_PREFIX_PATH=/home/newtonrattapong/jaka_ws/install/jaka_description:/opt/ros/humble /usr/bin/cmake /home/newtonrattapong/jaka_ws/src/jaka_ros2/src/jaka_pro16_moveit_config -DAMENT_CMAKE_SYMLINK_INSTALL=1 -DCMAKE_INSTALL_PREFIX=/home/newtonrattapong/jaka_ws/install/jaka_pro16_moveit_config
[0.078s] -- The C compiler identification is GNU 11.4.0
[0.130s] -- The CXX compiler identification is GNU 11.4.0
[0.151s] -- Detecting C compiler ABI info
[0.224s] -- Detecting C compiler ABI info - done
[0.232s] -- Check for working C compiler: /usr/bin/cc - skipped
[0.232s] -- Detecting C compile features
[0.233s] -- Detecting C compile features - done
[0.234s] -- Detecting CXX compiler ABI info
[0.309s] -- Detecting CXX compiler ABI info - done
[0.322s] -- Check for working CXX compiler: /usr/bin/c++ - skipped
[0.322s] -- Detecting CXX compile features
[0.322s] -- Detecting CXX compile features - done
[0.322s] -- Found ament_cmake: 1.3.14 (/opt/ros/humble/share/ament_cmake/cmake)
[0.459s] -- Found Python3: /usr/bin/python3 (found version "3.10.12") found components: Interpreter 
[0.521s] -- Override CMake install command with custom implementation using symlinks instead of copying resources
[0.615s] -- Configuring done
[0.616s] -- Generating done
[0.617s] -- Build files have been written to: /home/newtonrattapong/jaka_ws/build/jaka_pro16_moveit_config
[0.624s] Invoked command in '/home/newtonrattapong/jaka_ws/build/jaka_pro16_moveit_config' returned '0': AMENT_PREFIX_PATH=/home/newtonrattapong/jaka_ws/install/jaka_description:${AMENT_PREFIX_PATH} CMAKE_PREFIX_PATH=/home/newtonrattapong/jaka_ws/install/jaka_description:/opt/ros/humble /usr/bin/cmake /home/newtonrattapong/jaka_ws/src/jaka_ros2/src/jaka_pro16_moveit_config -DAMENT_CMAKE_SYMLINK_INSTALL=1 -DCMAKE_INSTALL_PREFIX=/home/newtonrattapong/jaka_ws/install/jaka_pro16_moveit_config
[0.629s] Invoking command in '/home/newtonrattapong/jaka_ws/build/jaka_pro16_moveit_config': AMENT_PREFIX_PATH=/home/newtonrattapong/jaka_ws/install/jaka_description:${AMENT_PREFIX_PATH} CMAKE_PREFIX_PATH=/home/newtonrattapong/jaka_ws/install/jaka_description:/opt/ros/humble /usr/bin/cmake --build /home/newtonrattapong/jaka_ws/build/jaka_pro16_moveit_config -- -j16 -l16
[0.664s] Invoked command in '/home/newtonrattapong/jaka_ws/build/jaka_pro16_moveit_config' returned '0': AMENT_PREFIX_PATH=/home/newtonrattapong/jaka_ws/install/jaka_description:${AMENT_PREFIX_PATH} CMAKE_PREFIX_PATH=/home/newtonrattapong/jaka_ws/install/jaka_description:/opt/ros/humble /usr/bin/cmake --build /home/newtonrattapong/jaka_ws/build/jaka_pro16_moveit_config -- -j16 -l16
[0.666s] Invoking command in '/home/newtonrattapong/jaka_ws/build/jaka_pro16_moveit_config': AMENT_PREFIX_PATH=/home/newtonrattapong/jaka_ws/install/jaka_description:${AMENT_PREFIX_PATH} CMAKE_PREFIX_PATH=/home/newtonrattapong/jaka_ws/install/jaka_description:/opt/ros/humble /usr/bin/cmake --install /home/newtonrattapong/jaka_ws/build/jaka_pro16_moveit_config
[0.700s] -- Install configuration: ""
[0.700s] -- Execute custom install script
[0.700s] -- Symlinking: /home/newtonrattapong/jaka_ws/install/jaka_pro16_moveit_config/share/ament_index/resource_index/package_run_dependencies/jaka_pro16_moveit_config
[0.700s] -- Symlinking: /home/newtonrattapong/jaka_ws/install/jaka_pro16_moveit_config/share/ament_index/resource_index/parent_prefix_path/jaka_pro16_moveit_config
[0.700s] -- Symlinking: /home/newtonrattapong/jaka_ws/install/jaka_pro16_moveit_config/share/jaka_pro16_moveit_config/environment/ament_prefix_path.sh
[0.701s] -- Symlinking: /home/newtonrattapong/jaka_ws/install/jaka_pro16_moveit_config/share/jaka_pro16_moveit_config/environment/ament_prefix_path.dsv
[0.712s] -- Symlinking: /home/newtonrattapong/jaka_ws/install/jaka_pro16_moveit_config/share/jaka_pro16_moveit_config/environment/path.sh
[0.732s] -- Symlinking: /home/newtonrattapong/jaka_ws/install/jaka_pro16_moveit_config/share/jaka_pro16_moveit_config/environment/path.dsv
[0.738s] -- Symlinking: /home/newtonrattapong/jaka_ws/install/jaka_pro16_moveit_config/share/jaka_pro16_moveit_config/local_setup.bash
[0.745s] -- Symlinking: /home/newtonrattapong/jaka_ws/install/jaka_pro16_moveit_config/share/jaka_pro16_moveit_config/local_setup.sh
[0.759s] -- Symlinking: /home/newtonrattapong/jaka_ws/install/jaka_pro16_moveit_config/share/jaka_pro16_moveit_config/local_setup.zsh
[0.766s] -- Symlinking: /home/newtonrattapong/jaka_ws/install/jaka_pro16_moveit_config/share/jaka_pro16_moveit_config/local_setup.dsv
[0.780s] -- Symlinking: /home/newtonrattapong/jaka_ws/install/jaka_pro16_moveit_config/share/jaka_pro16_moveit_config/package.dsv
[0.790s] -- Symlinking: /home/newtonrattapong/jaka_ws/install/jaka_pro16_moveit_config/share/ament_index/resource_index/packages/jaka_pro16_moveit_config
[0.802s] -- Symlinking: /home/newtonrattapong/jaka_ws/install/jaka_pro16_moveit_config/share/jaka_pro16_moveit_config/cmake/jaka_pro16_moveit_configConfig.cmake
[0.809s] -- Symlinking: /home/newtonrattapong/jaka_ws/install/jaka_pro16_moveit_config/share/jaka_pro16_moveit_config/cmake/jaka_pro16_moveit_configConfig-version.cmake
[0.816s] -- Symlinking: /home/newtonrattapong/jaka_ws/install/jaka_pro16_moveit_config/share/jaka_pro16_moveit_config/package.xml
[0.823s] -- Symlinking: /home/newtonrattapong/jaka_ws/install/jaka_pro16_moveit_config/share/jaka_pro16_moveit_config/launch/demo.launch.py
[0.830s] -- Symlinking: /home/newtonrattapong/jaka_ws/install/jaka_pro16_moveit_config/share/jaka_pro16_moveit_config/launch/demo_gazebo.launch.py
[0.836s] -- Symlinking: /home/newtonrattapong/jaka_ws/install/jaka_pro16_moveit_config/share/jaka_pro16_moveit_config/launch/gazebo.launch.py
[0.842s] -- Symlinking: /home/newtonrattapong/jaka_ws/install/jaka_pro16_moveit_config/share/jaka_pro16_moveit_config/launch/move_group.launch.py
[0.849s] -- Symlinking: /home/newtonrattapong/jaka_ws/install/jaka_pro16_moveit_config/share/jaka_pro16_moveit_config/launch/moveit_rviz.launch.py
[0.862s] -- Symlinking: /home/newtonrattapong/jaka_ws/install/jaka_pro16_moveit_config/share/jaka_pro16_moveit_config/launch/rsp.launch.py
[0.873s] -- Symlinking: /home/newtonrattapong/jaka_ws/install/jaka_pro16_moveit_config/share/jaka_pro16_moveit_config/launch/setup_assistant.launch.py
[0.887s] -- Symlinking: /home/newtonrattapong/jaka_ws/install/jaka_pro16_moveit_config/share/jaka_pro16_moveit_config/launch/spawn_controllers.launch.py
[0.903s] -- Symlinking: /home/newtonrattapong/jaka_ws/install/jaka_pro16_moveit_config/share/jaka_pro16_moveit_config/launch/static_virtual_joint_tfs.launch.py
[0.912s] -- Symlinking: /home/newtonrattapong/jaka_ws/install/jaka_pro16_moveit_config/share/jaka_pro16_moveit_config/launch/warehouse_db.launch.py
[0.920s] -- Symlinking: /home/newtonrattapong/jaka_ws/install/jaka_pro16_moveit_config/share/jaka_pro16_moveit_config/config/initial_positions.yaml
[0.926s] -- Symlinking: /home/newtonrattapong/jaka_ws/install/jaka_pro16_moveit_config/share/jaka_pro16_moveit_config/config/jaka_pro16.ros2_control.xacro
[0.933s] -- Symlinking: /home/newtonrattapong/jaka_ws/install/jaka_pro16_moveit_config/share/jaka_pro16_moveit_config/config/jaka_pro16.srdf
[0.940s] -- Symlinking: /home/newtonrattapong/jaka_ws/install/jaka_pro16_moveit_config/share/jaka_pro16_moveit_config/config/jaka_pro16.urdf.xacro
[0.947s] -- Symlinking: /home/newtonrattapong/jaka_ws/install/jaka_pro16_moveit_config/share/jaka_pro16_moveit_config/config/joint_limits.yaml
[0.955s] -- Symlinking: /home/newtonrattapong/jaka_ws/install/jaka_pro16_moveit_config/share/jaka_pro16_moveit_config/config/kinematics.yaml
[0.962s] -- Symlinking: /home/newtonrattapong/jaka_ws/install/jaka_pro16_moveit_config/share/jaka_pro16_moveit_config/config/moveit.rviz
[0.976s] -- Symlinking: /home/newtonrattapong/jaka_ws/install/jaka_pro16_moveit_config/share/jaka_pro16_moveit_config/config/moveit_controllers.yaml
[0.976s] -- Symlinking: /home/newtonrattapong/jaka_ws/install/jaka_pro16_moveit_config/share/jaka_pro16_moveit_config/config/pilz_cartesian_limits.yaml
[0.982s] -- Symlinking: /home/newtonrattapong/jaka_ws/install/jaka_pro16_moveit_config/share/jaka_pro16_moveit_config/config/ros2_controllers.yaml
[0.989s] -- Symlinking: /home/newtonrattapong/jaka_ws/install/jaka_pro16_moveit_config/share/jaka_pro16_moveit_config/.setup_assistant
[1.057s] Invoked command in '/home/newtonrattapong/jaka_ws/build/jaka_pro16_moveit_config' returned '0': AMENT_PREFIX_PATH=/home/newtonrattapong/jaka_ws/install/jaka_description:${AMENT_PREFIX_PATH} CMAKE_PREFIX_PATH=/home/newtonrattapong/jaka_ws/install/jaka_description:/opt/ros/humble /usr/bin/cmake --install /home/newtonrattapong/jaka_ws/build/jaka_pro16_moveit_config
